



NNP NN NNS VBD TO NN RP TO DT NN TO VB DT JJ NN NNS IN VBG JJ NN IN NN , NNS VB .
JJ NN IN NNP CC NNP POS JJ NN NNS IN NNP NNP NNP NNS JJ .

DT NN VBZ RB JJ .
`` DT NN NN VBD JJ .

NNP NNP NNP , NN IN NNS IN NNP NNP : `` PRP VBZ VBG TO VB DT NN VBZ RB VBG PRP$ NN .
WRB DT NN VBZ IN DT NN , RB CD NNS MD RB VB PRP .

JJ NN NNS CC DT NNS VBD RB VBD PRP$ NN JJ NNP NN IN DT JJ NN NN : IN DT NN NN VBD RB JJ .

CD NN CD TO CD CD NNS , DT NN IN DT NNP NNP .
IN DT NN IN DT NN , RB CD NNS VBD VBN .
DT NNP NNP NNS VBD IN NN .
DT NNP POS NN VBD JJ IN NN NNS RB TO DT NNP NNP NNP NN IN NNP NNP CD , CD .

DT NNP VBD CD NN IN NNP NNP .



IN DT NN NN , `` RB RB IN NNP VBD NN , PRP VBD IN DT NN , '' VBD CD JJ NN NN .

IN NNS , DT NN VBD VBN JJ IN CD , IN NNP NNP POS NN NN VBD NN IN DT NNS IN NN RB VBN NN .

IN DT NN , DT NNP VBD RB RB CD NNS .
DT NN NN .

IN NN , PRP$ NN VBD VBG NNS TO VB VBD IN NNP NNP , WDT VBD RB CD CD TO CD CD , NNP NNP NNP , WDT VBD CD CD TO CD CD , CC NNP NNP , WDT VBD CD TO CD CD .
DT NNS VBG VBN .

WRB NN VBD VBN IN NNP NNP , DT NN VBD NN IN CD , RB CD CD , IN NNP VBD CD CD RBR IN NN .

NNS IN DT NN NN NN VBD IN NNP NNP NNS , VBG JJ NN NNS .


IN DT NN VBD IN DT NNP NNP CC DT NNP NNP NNP , NN VBD RB VBN IN NNP .

IN DT NN , DT NN IN DT NNS CC NN NNS VBD RB .

DT NNS NN VBD RB VBN IN NNP NNP NN NNS .
`` PRP VBD NNS IN , '' VBD CD JJ NN .




CC NNS VBD VBG .
DT NNP NNS VBD RB CD NNS IN CD NN IN DT JJ NN .

RB , IN DT DT NNP NN NN , NNP NNS NN NNS VBD RB RB , IN NNS IN NNP NNP VBD VBG RB .
NNP NNP NNP NNP NNP NNP VBD RB DT NN NNS `` VBD RB JJ .


PRP VBD RP IN DT JJ NN NN IN DT NN IN DT NNP NNP , WRB PRP MD VB VBN IN NNS CC JJ NN NNS .

NNS VBD RP TO DT NNS JJ .
CC DT NN IN NNP NNS NN NNS VBN IN DT NN , CC DT NN IN NNS VBD TO VB RB .

NNP NNS VBP DT NNP VBD VBN IN DT NNP MD VB RB RB IN CD NNS .
VBG DT NN , JJ NNS VBD VBG PRP$ NNS , VBN IN DT NN VBD JJ .



PRP MD VB PRP$ NN TO CD NNS RB TO VB , TO VB IN DT NN TO VB , '' NNP NNP VBD DT NNS .



CC PRP VBP DT NN IN NNS MD VB IN NN NN .


JJ NN IN NN NN NNP NNP NNP VBD CD NNP NNS VBD IN NN IN DT NN , DT NN IN $ CD CD IN NN .
CC EX VBD DT NNS .






CC DT NN MD `` VB IN DT NN IN DT NNS IN DT NNS .






NNP VBD PRP MD VB TO VB .
NNP .
NNP IN NNP NNP VBD NNS TO VB PRP$ JJ CD NNS TO NNS WDT VBD RB VBN .

DT NN VBD DT NN IN DT $ CD CD NN IN DT NNS MD VB VBN TO VB PRP$ NN NN CC JJ NNS VBG IN DT RB VBN JJ NNS .

DT NN IN JJ NNS VBG IN NNP NNP NNP VBD PRP VBZ VBN DT $ CD CD NN NN IN JJS IN NNP NNP NNP POS NN CC NN NNS .

DT NN VBZ VBN IN NNP NNP , JJ JJ NN IN NNP NNP NNP IN CD , CC NNP NNP NNP , JJ NN IN DT NNP NNP NNP NNP .
NNP NNP POS NN NN IN JJ NN NN CC NN TO VB $ CD CD IN NNS : NNP NNP VBZ DT NN CC DT JJ JJ NN IN JJ NNS .

NNP POS NN VBD TO NN CC NN .

NNP NNP , VBN IN NNP , VBZ VBG IN NNS IN PRP$ NNS IN CD CD IN DT NNP NNP NNP .
PRP$ NN NN , NNP NNP IN NNP , NNP , VBZ RB VBG NN IN DT JJ NN NN .

DT $ CD CD NN VBZ VBN IN NNP NNP IN NNP CD NN IN DT NN IN DT JJ NN NNS IN DT NNP .
RB VBD IN DT NN VBP NNP NNP CC NNP NNP CC NNP , NNP NNP POS JJ NNS .
DT NN IN DT JJ CD NN CD NNS VBN IN NNP , DT NNP NNP NNP NNP NNP IN NNP , NNP , CC DT NNP NNP NNP NNP NNP NNP IN NNP , NNP .
DT JJ NN VBN NNP CD IN DT NN POS NN IN PRP$ NN : DT NNP NNP VBZ VBN TO VB NNP CD .


`` PRP VBP RB VB DT NNS IN VBG DT NN IN DT NN , '' VBD NNP NNP , DT NN IN NNS CC NNS IN JJ NNS , IN DT NN .
NNP NNP VBZ VBG IN DT NN POS NN NNS .


DT NN VBD JJ IN CD , WRB DT NN NN IN NNP NNP VBD VBN IN NNP NNP NNP NNP , RB NN POS NN .

NNP NNP NNP CC NNP NNP VBD DT VBG RP IN DT NN IN DT NN , CC NNP NNP VBD PRP VBD IN CD .
IN RB , NNP NNP VBZ VBN PRP$ NN IN DT JJ NN RB TO NNP POS NN CC VBZ RB VBN TO VB DT NNP NNP CC NNP NN .
IN NN , NNP NNP , JJ NN IN DT JJ NN , VBZ VBG NNS TO VB RP DT JJ NN IN PRP$ NN .

NNP IN NNP , NNP NNP VBD IN PRP VBZ DT JJ NN NN MD VB VBN IN JJ NN .


JJ NN NN VBD RB CD NNS IN DT NN VBN NNP CD , RB CD NN IN DT JJ NN POS NN IN JJ NNS , NNP NNP , DT JJ NN , VBD .
DT NN POS NN VBD RB CD NN IN CD NNS DT NN RB .
DT NNP NN VBD JJ NNS , RB CD NN IN CD NNS DT NN RB .
DT NNP VBZ TO VB $ CD CD IN JJ NN NNP IN VBG RB $ CD CD IN JJ NNS CC VBN $ CD CD IN JJ NNS .

PRP MD VB JJ IN CD CD IN $ CD .
NNP MD VB VBD IN CD NN NNP NNP IN DT NNP CC IN NNP NNP NNS CC NNS .

VBG DT NN IN NNP NNP , DT NNS VBD RB VBN IN JJ JJ NN .

IN NNP NNP , DT NN POS JJS NN NN , NN NN VBD RP RB , CC PRP VBD RB IN RB NN DT NN IN DT NN IN NNP NNP IN CD .
DT NNP NN VBD JJ NNS VBD VBG IN JJR IN PDT DT NN CD NNS RB .
RB IN NN NN , DT NN VBD JJR IN CD NN IN DT JJ NN NN IN RB $ CD CD IN NNP POS NN NNS .

`` DT NN RBR IN DT JJ NN .

DT NN MD VB RB .
NNP POS NN NN NN VBD RB RB IN JJ NNS TO VB .
DT NNS VBP VBN RP IN NN IN DT NN NNS VBN IN NNP POS NN MD VB NN IN NN POS VBG NNS .
NNP NN NN IN DT CD NN VBD RB VB TO VB IN IN DT NN VBD IN NNP NNP .
CC NN NNS VBP PRP VBP JJ .
RB VBP VBN NN NNS , WDT VBD IN DT NN IN JJ NN NNS .
NNP NNP , IN NN , VBZ NN NNS RB IN CD NN IN JJ IN PRP$ NNS .


CD NN VBZ IN IN CD NNS IN JJ JJ NNS , DT NN VBD JJ NN IN NN IN NNS IN NNP CC NNP .

RB DT NNS VBP VBN NN NNS , IN NN .

DT VBD JJ RBR IN DT JJ NN CC JJ NN NNS IN NNP CC NNP IN CD .

CC DT JJ NN IN NN NN VBZ RB JJR IN DT NN RB , NN NNS VBD .
DT JJ NN VBZ IN NNS RB VBP RB IN NN PRP$ NNS IN NN NNS IN NNP NNP .

`` EX VBZ RB RB IN JJ NNS , '' VBD NNP NNP , NN IN NNP NNP NNP , DT JJ NNP NNP , NNP , NN NN .
JJ NN NNS , WDT RB VBZ DT NN TO VB .
NNP NNP , NN IN DT $ CD CD NNP NNP , VBD TO PRP$ NNS IN NNP NNP , NNP CC NNP CC NNP NNP .
CC RB PRP MD VB VBG TO VB JJ NNS IN NNP NNP , NNP CC NNP NNP , WP$ CD NNS VBP VBN RB IN NN NNS .

IN DT NN VBD JJ NN , PRP VBD PRP MD VB NN JJ NNS JJ IN JJ CC JJ .

NNP NNP NNS VBD NN NNS VBD VBN IN VBG DT JJ NN NN NN .
CC JJS NNS VBD VBG NN NNS CC JJ NN .
NN NN VBD RB VBN JJR IN JJ .
RB , NN NNS VBP RB VBG DT NN .
PRP VBP TO VB DT JJ NN NNS CC JJ NN WDT VBZ DT NN NNS IN NNP CD .

DT NNS RB VBP VBN IN DT NN .
IN NN , NNP NNP NNS MD VB IN NNP NNP DT NN , RB IN DT JJ NN .
NNP NNP NNP NNP NNP VBD PRP$ NN IN NN NNS TO VB NN NNS .
DT NNP NN VBD IN DT NNS VBD NN IN NN NNS TO JJ NNS .
CC JJS NNS VBD TO VB `` IN DT NN VBD RB IN IN DT NN NN , '' VBD NNP NNP , DT NN NN .
CC NNS , IN JJ NNS , VBD PRP VBD RB JJR NN NNS NN TO VB NNS VB IN .
IN DT JJ NN , JJ NNS VBD TO VB NNS IN NNS IN PRP$ JJ NN NNS .

DT NNP NNP VBD DT JJ NN IN NNS .

DT JJ NN VBZ JJ TO VB IN NNS CC NN NNS WP VBP TO VB IN DT NN POS JJ NNS .
NNP NNS VBP VBG DT JJ NN IN CD NN IN NNP , VBG TO VB NNP NNP NNP .

CC PRP VBZ NNS TO VB RB CC VBZ JJ NNS PRP VBZ DT NN NN MD RB VB JJ IN CD NN TO CD NN IN JJ NNS .
`` DT VBZ RB DT JJ NN , '' PRP VBD .
NNP , NNP NNP VBD PRP VBD VBN IN NN NNS IN DT NN IN JJ NNS .


DT NN TO NNP POS NN VBD RB JJ IN DT IN DT NNP CD NN , NN NNS NN .



NNP NNP VBD PRP VBZ TO VB JJ NNS IN IN CD NNS CC CD NNS DT NN , VBN IN NNS POS NNS IN CD NNS TO CD NNS .
DT NN IN JJ NNS CC NN NNS VBD NNS VBD IN NNS IN JJ NNS .
DT NN VBD IN NNS IN DT JJ NN MD RB VB DT JJ NN POS NN , WRB NNS VBD JJ NN IN $ CD CD , CC CD NNS DT NN , IN $ CD CD IN NNS .



RB , DT NNS VBP RB VBN TO VB IN NN .



NNP , DT NN POS NN IN DT JJ NN IN DT JJ NN JJ IN NNP MD VB IN JJ NNS IN DT NN .
PRP RB VBZ VBG TO VB DT NNS VBP VBN NN IN DT NN .
`` PRP RB VBP RB VB IN DT NN MD VB NNS CC MD VB DT JJ NN , '' NNP NNP , NN IN NNP POS NNP NNP , VBD IN DT NN NN .



RB , DT NNP NNP NNP VBD RB VBN TO VB IN DT NN VBD VBG RB IN DT NN IN JJ NN NNS .

`` PRP VBZ RB JJ TO NNP , NNP NNP VBD PRP RB MD RB VB DT NN , '' VBD DT JJ NN .
DT NN IN NNP NNP VBD NNP VBZ NN JJ NNP PRP MD VB DT NN IN NN RB DT NN .
NNP VBZ VBN TO VB NN IN DT NN IN JJ NNP CC CD JJ JJ NN CC VBZ RB VBG DT NNS IN DT NN .



DT NN VBZ RB VBN VBN TO VB RB TO DT JJ NN .

DT NN NN , IN CD , VBZ VBN VBG DT JJ NN .
IN NNP POS NN NN VBD VBN IN IN DT NN IN DT NN NNP , PRP VBZ VBZ VBG IN DT JJ CD NNS IN DT NN IN JJ NNS .







PRP VBD IN DT NN IN DT NN POS NN CC DT NNS POS NNS IN VBG VBN TO VB JJ NNS JJ .



: NNP NNP NNP NNP NNP , WDT VBZ CD NNS IN NNP POS JJ NN IN NNP NNP , NNP , VBD PRP VBD TO VB PRP$ NN IN DT JJ NN , IN DT JJ NN TO VB , IN PRP VBZ JJ .
DT NN NN NN .

DT NN , JJ NN NN IN DT JJ NN , MD VB VBN IN NNP CC NNP NNP NNP .
NNP CC NNP VBZ DT NN IN NNP NNP NNP .
NNP NNP VBZ VBN IN NNP .

NNP NNP VBD TO DT NN .


`` DT NNS VBP JJ .
PRP MD VB RB CD CD JJ , '' NNP NNP VBD .



NNP NNP MD RB VB NNS VBG NNP POS VBD JJ NNS , CC PRP VBD PRP MD VB IN NNS IN CD JJ JJ NN NN NNS WDT MD VB VBN IN DT NN POS NN TO VB PRP$ JJ NN CC NN NNS .


IN NNS IN DT NN , JJ NN MD VB JJ TO VB IN CD NN IN NNS IN CD , CC IN DT CD NN IN JJ CC JJ .
JJ NNS VBD CD NN IN CD NN CD , RB IN PRP$ JJ NN CC JJ JJ NNS IN NNP , WRB DT NN VBD RB CD NNS .

`` DT VBZ DT JJ NN IN PRP$ JJ NN , '' PRP VBD , VBD DT JJ NN VBZ RB CD NNS IN JJ NNS , IN PRP MD VB JJ .
JJ NN VBZ RB RB IN CD NN CD NNS IN NNP , IN NN IN DT JJ NN .
`` PRP VBP VBN VBG IN DT NN VBD NNS IN JJ , '' VBD NNP NNP , NN NN , JJ NN CC JJ VBG , IN NNP NNP , NNP , DT JJ JJ NN NN CC JJ NN .
NNP NNP VBD NNP VBZ VBG NN IN NN NNS IN DT JJ NN IN VBG RB CD NN IN NN IN DT NN IN RB $ CD CD TO $ CD CD .
NNP NNP VBD PRP VBZ TO VB JJ NNS IN $ CD CD TO $ CD CD , CC CD NNS TO CD NNS DT NN .
IN DT JJ NN , DT NN CC NN IN JJ CC JJ JJ NN NNS VBD JJ NN IN $ CD , CC CD NNS DT NN , IN NN IN RB $ CD CD .



NNP NNP NNP NNP VBD PRP VBD VBN NN NN NN .
DT RB VBN IN DT NN IN NNP CD JJ NNS IN NN DT NN IN DT CD NN NN IN NNS IN JJ CC JJ NNS .



DT NN , NNP CC NNP NNP NNP NNP NNP NNP , VBZ DT JJ NN NN IN DT NN VBN IN JJ NNS IN NNP NNP NNP , DT NN IN NNP NNP NNP , DT JJ NN NN , NN CC JJ NN IN NN IN NNP CC NNP NNP , NNP .
NNP CC NNP , DT NN NN NN , VBD TO VB DT JJ NNS .
DT NN TO VB VBN IN DT JJ NN VBZ RB RB VBD JJ CC JJ JJ NNS IN CD , CC NN IN NNP CC NNP POS NN MD VB TO VB JJ NNS .
DT NN VBZ DT NN IN PRP MD RB VB DT NN IN CD , CC IN NN , PRP MD VB VBN IN VBG RB IN JJ NNS , WDT MD VB IN JJ NNS , VBD NNP NNP , NN CC JJ JJ NN IN JJ CC JJ .



IN VBG RP DT NNP NNP , NNP CC NNP MD VB DT RBR JJ NN IN VBG JJ NN , IN VBG DT JJ NN TO PRP$ JJ NN NN , NNP NNP VBD .


WRB DT NN IN NNS VBD RP IN CD , NNP NNP NNP VBD IN IN DT NN .
DT NN IN NNP POS JJ NN NN , NNP NNP NNP , VBD TO VB NN RBR IN CD , IN PRP VBD RB VBN NNS POS NN IN NN .
DT NN VBD RB IN DT JJ NN IN JJ NN VBD JJ IN CD NNS .




TO DT NN , NNP VBZ DT JJ NNS WDT VBP VBN IN NNS IN DT JJ NN NN IN JJ JJ NN .
NNP RB VBD RB CD IN DT RBS JJ NNS IN PRP$ NN , DT VBZ RB VB PRP$ NNS VB .

CC DT JJ NN IN DT JJ NN RB IN NNS IN DT JJ NN WDT VBZ RB IN PRP .
`` PRP VBD DT JJ JJ JJ NN , '' VBZ DT NN IN CD IN NNP POS NNS .

IN NNP , WDT VBZ VBN IN NNP NNP , DT NN VBZ VBN IN DT NN POS JJ NN IN NN .
NNP NNP IN NNP NNP CC NNP NNP , DT NN IN DT JJ CC JJ NN CC NNS JJ IN PRP$ NNS IN NNS IN NNP NNP VBD DT JJ NN POS NN IN CD .
NNP NNP , CD NNS JJ , VBD TO VB VBN IN DT NN , CC PRP VBZ RB VB IN IN DT JJ NN : IN DT DT NNS CC DT NN IN DT JJ NN : NNS MD VB IN PRP$ JJ NN .
NNP POS NN VBZ VBN VBN TO VB NN , VBN TO VB NNP NNP , NNP NNP , NNP , NNP CC NNP NNP , IN JJ NNS .
IN DT NNP NNP NN , NNP VBZ VBN DT JJS NN , RB CD NN .


IN JJ NNS DT NN IN CD , RB RBR IN IN IN JJ JJ NN , VBZ VBN DT NN .

RB , DT NN IN NNP , DT JJ NN NN IN NNP , VBZ RB VBN RB RB JJ .



NNS IN JJ NNS MD RB VB VBN RP DT NN , JJ NNS RB VBN IN NNS VBD VBG CC RB VBD TO VB IN NNS RB IN NN JJ NN .
NNP NNP , NN IN NNP POS JJ NN , VBZ NNP VBD VBN TO VB WRB JJ NNS VBD VBN IN DT JJ NN IN NNS VBG RP .


PRP RB VBD NNS IN DT JJ NNS DT NN TO VB NN IN DT JJ JJ NNS .






DT JJ NN VBZ JJ TO VB IN PRP$ NN NNS VBP JJ .



DT NNS VBD DT NN IN DT NN RB TO VB NN NN .
VBG DT NN NN MD VB NN DT NN TO VB PRP$ JJ NN , VBD CD NN TO CD NNS DT NN RB DT NN RB , VBZ VBN DT NN IN JJ NN IN NNP NNP IN NNP NNP NNP NNP NNP IN DT NNP CD NN IN NNS .

CC NNS VBD RB NN PRP VBD VBN VBG JJR IN PRP$ JJ NN NN .
IN DT NN , IN DT NN IN DT NN , NNP POS NNS VBD $ CD TO $ CD IN NNP NNP NN .
IN NN IN NN RB , NNP VBD DT NN IN PRP$ NN IN NNP , NNP .

RB DT JJ NN NN .

DT NNP NNP VBZ DT JJS NNS VBD RB TO DT JJ NN IN NNP POS NN .
IN DT NN , DT NN VBD VBN RB VBG PRP$ JJ NN CC VB RP JJ NN NN .
DT JJ NN NN IN DT NN MD VB DT NN IN NNP POS JJ NN .
WRB DT NN VBZ RB VBN VBG RB RB TO VB NN , NNP VBD NN CC NN NNS IN JJ NN VBZ JJ .

`` PRP VBP PRP MD VB VBN JJ NN IN DT NN CC NN NNS IN DT , '' VBD NNP NNP , DT NN IN NNP NNP NNP WP VBD IN DT NN IN PRP$ JJ NN IN DT JJ NN .

NNP VBZ DT NNP NN , WRB NNP NN VBD IN NN JJ NN , MD VB JJ NN IN NN POS NN .

RB NN VBD VBN IN NNP .
DT NN NN MD VB DT NN POS NN IN DT JJ NN , WRB NN NN VBZ RB VBN IN JJ NN .
IN NNP NNP NN , DT NN MD RB VB DT NN POS JJ NN NNS .
NNP VBZ RB VBG PRP$ NN IN PRP$ NN JJ NN IN NNS , JJ NN .

NNP VBZ DT JJ NN NN IN DT NNP .

RB , NNP VBZ DT NN TO VB JJ NN RB .
DT NNS VBG DT JJ NN MD RB VB DT NN .
DT NN NN IN NN VBZ NNP NNP NNP , WDT VBZ VBG TO VB PRP$ JJ NN IN DT NNP .
NNS IN DT NN IN NNP , DT JJ NN VBZ , `` PRP RB RB VB DT NN IN RB JJ IN CD , CC PRP VBP IN NNS IN DT NN .
NNP NNP NNP VBZ VBG PRP$ NN JJ IN VBG JJ NN NN , RB DT NN IN VBG CD IN DT NN POS CD NNS TO NNP NNP IN NNP .



DT JJ NN TO DT NN VBD PRP VBZ NN IN $ CD CD IN JJ NN NN DT NN , RB IN RB $ CD CD JJ NN .
DT NN VBD DT JJ NN MD VB CD NN CD , CC DT NN MD RB VB NNP POS NN , NN CC JJ NN NNS .
DT NNP NN VBD VBN VBN IN NNP NNP IN DT NN RB , WRB NN VBZ JJ NN VBD PRP TO VB , DT NN POS NN IN DT NN .

PRP VBD DT NN VBD CD JJ NNS IN DT NN IN DT JJ CD NNS , VBG PRP IN NN IN NN NNS .
DT NNP NN VBD DT NN VBD DT CD NNS TO NNP NNP JJ NN IN DT NN VBD RB VBN IN DT NN IN JJ NN NN IN DT NN POS JJ NN .

DT NN POS NN , NNP NNP , VBD RB IN PRP$ NN NNP NN TO VB .
DT NNP , WDT VBZ VBN PRP$ NN NN , VBZ VBG DT JJR NN IN PRP$ JJ NN TO NN CC RB CD NNS WDT VBP RB VBN JJ NN .

JJ , JJ TO NNP CC NNP NNP , VBZ VBN TO VB DT JJ NN NN IN DT NNP NN IN PRP VBD IN DT JJ NNP NNP NNP , WDT VBZ NNP CD .
NNP CC NNP VBP DT JJ CD NNS WDT VBP RB VBN JJ NNS IN DT NNP IN DT NN VBG NNP CD , CD .
IN JJ NNS , NNP NNS VBP VBN RB CD NN IN DT CD CD NNS IN NNS VBN RB IN DT NN .



DT NNP NN RB DT NN VBD PRP MD VB JJ NNS , VBN IN JJ JJ NNS , IN NNP CD , CD .


NNP , WDT VBD CD IN DT JJ NNS TO VB PRP$ JJ NNS IN DT NNP , NNP VBD PRP$ NN TO VB NN IN DT NNP NN NN IN JJ NN IN DT JJ NN .
NNP NNP , WDT VBD CD NN IN DT JJ NN , VBZ VBN TO VB DT JJ NN TO RB CD NN .



DT NNP NNP NN , WDT VBZ VBN VBG IN JJ JJ NN , VBZ VBN VBG RB CD NN IN DT NNP NN VBN IN JJ NN IN RB CD NN .
NNP VBZ VBN JJ NN TO VB RB JJ NN IN DT NNP NN VBN IN DT NN IN JJ NN .
IN DT JJ NNS , DT NNP VBD PRP$ NN VBD RB CD NNS , TO CD NN IN DT NNP NN IN JJ NN IN CD .
CC PRP$ NN VBZ VBN RB JJ IN CD NN IN CD .
NNP , RB , VBZ VBN TO VB PRP$ NN TO RB CD NN IN JJ NN RB .
NNP , DT NNP , NNP , NNP CC NNP MD VB RB CD NN IN DT JJ NN TO DT NNP IN DT JJ NN .
DT NN VBZ VBN IN DT NN IN JJR NN , JJ IN NNP CC NNP .

DT VBD VBN VBN RP IN DT CD NN NN IN DT JJ NN NN CC CD NN IN NNP NNP POS NN .
NNS IN DT NNP NNP NN NN MD VB DT JJ NNS JJ NN WRB PRP MD VB DT CD NN IN DT NNP NN NN TO VB .
DT JJ NN VBZ TO DT JJ NN NN VBP VBN IN DT NNP NN POS JJ NN TO VB PRP$ JJ NN IN JJ NNS VBG TO VB TO VB PRP TO VB NNS CC NNS IN PRP$ JJ NN NN .

NNP , DT NNS NN , VBD JJ NN IN $ CD , CC CD NNS DT NN , IN PRP$ JJ JJ NN , VBN NNP CD .
NN VBD $ CD CD .
NNP NNP , NN CC JJ JJ NN , VBD IN DT NN IN NNS IN DT RBS JJ NN MD VB RB CD NNS DT NN IN NN IN RB IN $ CD CD .


NNS IN DT VBZ DT NN POS NN IN DT JJ NN NN , NNP NNP VBD .
IN DT JJ NN , NNP VBZ TO VB CD JJ NNS , VBN IN NNS IN NNP , IN JJ , JJ NN , JJ CC JJ JJ NN IN DT NN .
NNP MD VB DT JJ NN IN DT NN TO NNP , NN CC RB CD NN .
NNP NNP VBD PRP MD VB DT NN IN $ CD IN CD JJ NNS IN DT NN DT NN .
NNP VBZ RB VBN DT JJ NN NNS WDT MD VB JJ NN IN DT NN POS NN IN JJ CC JJ JJ NNS CC NN NNS .
JJ NN NNS MD VB DT NN IN VBG DT NN , NNP NNP VBD , RB RB CD NN IN NN .
DT NN MD RB VB VBG DT JJ NN IN NNP NNP , WDT VBP RB VB NN , IN NN IN JJ NNS , NN NNS , VBG JJ CC JJ NNS .
NNP VBZ VBN IN DT NNS CC NN NNS MD VB RB $ CD IN CD JJ NNS IN DT NN DT NN .
NNP POS JJ NN NN VBD CD NN IN NNP IN NNP CC VBD RB CD NN IN DT NN , DT NNP NNP NNP VBD .

DT NN VBD DT NN VBD RB VBN IN NN TO DT JJ NNS IN NNP , DT NN CC NN IN JJ NNS .

NNP NNP MD RB VB VBN IN NNS IN DT JJ NN .
NNP CC NNP NNP VBZ TO VB NN JJ NN DT JJ NN WDT MD VB RB DT JJ NN IN NN .



`` PRP VBP RB VBP TO VB VBN RB , '' VBZ NN NN NN .

DT NNP NNP VBD DT NN TO VB VBN JJ JJ NN .
PRP VBD DT NN MD VB NNS IN DT NN IN VBG TO NNS .
NNS VBP RB RB JJ IN NNP .
DT NN VBD DT JJ NN NN IN NNP IN VBG DT NN IN NN .
WRB NN VBD DT NN IN CD , NNP POS NN IN DT JJ NN VBD TO RB CD NN IN JJR IN CD NN .
IN DT NN IN NNP NNP , NNP POS NN VBZ RB VBN TO VB CD NN .
IN DT NNP VBP VBN DT JJ NN CC NN IN VBN NNS , DT JJ NN IN NN MD VB RP DT $ CD CD NNP NN NN , WRB NN VBZ JJ CC NNS VBP VBN VBG RB JJ .



CC DT NN , WDT VBD RB RB VBN IN DT JJ NN , VBN IN DT NN NN IN NNP CC VBD VBN .
NNS CC NNS RB VBP VBG RB TO VB NNS IN NN CC JJ JJ NNS IN CD , CC PRP VBP RB VBN RB , IN DT NN .

CC NNS VBP VBN TO VB DT NN , IN NN IN PRP MD VB RB RBR JJ NN .
`` WRB NNP NN VBD JJ , JJ VBD JJR , '' VBZ NNP NNP , DT NN IN NNP NNP .

IN DT JJ NN VBZ RB , DT NN IN JJR NN VBZ JJ TO VB IN NNS VBN IN PRP$ JJ NN .

NNP VBZ VBN TO VB NNS IN CD NNS DT NN IN NNS IN DT NNP .
TO VB NN , NNP MD RB VB DT JJ NN VBG NNP NN NN RB IN DT JJ NN , WDT VBZ RB CD NN IN DT NN .

PRP RB VBZ DT JJ NN IN NNP .
DT VBP VBN NNP NN IN DT JJ NN VBZ IN DT NN IN DT JJ .

IN JJ NNS IN DT NNP CC NNP NNP , JJ JJ VBD PRP$ JJ NN POS NN IN NNP NNP NNP NNP NNP .
PRP VBD DT JJ NN IN NN IN NNP VBP RB RB TO VB PRP$ NN NN IN DT NNP .
RB , PRP VBD DT NN IN DT NN IN DT NNP CC NNP TO VB RB CC IN DT NN IN DT JJ NN .
NNP NNP POS JJ NN TO NNP IN NNP POS JJ NN NNS VBD DT JJ JJ NNS IN JJ NN POS NN IN NNP NNP NNP NNP NNP .
NNP NNP VBD IN JJ NNS IN JJ NN IN NNS IN JJ JJ NN NNS WDT VBP RB JJ NN .



JJ JJ NN NN IN NN MD RB VB JJ IN NNS .
NNP CC JJ NNS VBN JJ NN IN DT NN IN NN NNP NNP NNP CC NNP NNP .


NNP VBD DT NNP NN MD VB DT NN IN DT NNS VBZ VBG RP IN NNP .



`` PRP VBP PRP$ NN VBZ VBN RB JJ , '' NNP NNP VBD IN DT NN NN NNP NN .
`` PRP VBP VBG JJR IN CD , RB IN PRP VBP DT CD NN IN NNS TO VB .
PRP VBP RB VB RB JJ .


WRB PRP VBD DT JJ NN IN DT JJ NN IN NNP , NNP NNP NNP VBD DT NN IN NNS IN JJ NNS TO VB IN JJ NNS , NNS CC NNS , CD NNS VBN IN DT JJ NN NN IN DT CD NN NN .
PRP RB VBP NN NNS IN DT NNP NN VBZ JJ .
CC PRP$ JJ NNS VBD TO VB DT NN IN JJ JJ NN CC JJ NN .
PRP VBD DT NN NN VBD RB JJ TO JJ NNS CC MD RB VB VBN IN NNP NNP NNP .
IN PRP$ NN NN IN JJ NNS , CD NNS NN VBD RP DT JJ NN IN NN .
`` WRB PRP VBD WDT PRP MD VB DT JJ JJ NNS , '' PRP VBD , VBD DT JJ JJ NNS IN PRP$ NNS .


DT NNP NN IN DT JJ NN VBZ VBN VBG RB CD NN IN NNS .


CC PRP VBZ , `` PRP VBP IN JJ NN .
PRP MD RB VB IN DT NN IN NN TO DT NN IN DT NN .
NNP NNP NNP VBD PRP VBZ TO VB DT JJ NN IN DT JJ NN WDT VBD NNP CD CC VBZ VBG JJ NN .


IN DT NN VBN NNP CD , CD , RB VBD JJ NN IN $ CD CD , CC $ CD DT NN .
DT NN VBD RB VBG RP PRP$ JJ NNS .


PRP VBD DT NN VBD IN NNS IN VBG PRP$ NN IN DT NN IN DT NNP NNP NNP .
IN DT NN VBN IN JJ NN IN NNP TO VB VBN VBN TO DT JJ NNS NNS , NNP VBD PRP MD VB DT $ CD CD NN TO VB JJ TO JJ NNS .
NNP NNP NNP VBD PRP VBD VBN IN DT NN IN PRP$ VBN NN NN , VBN IN DT NN VBD TO VB VBN IN DT NN .
DT NN IN NNP NNP VBD DT NN IN CD NNS IN NNP NNP NNP NNP NNP IN DT NN VBZ IN $ CD CD NN NN CC NN IN DT NN VBD VBN IN DT NNP NNS TO VB NNP IN CD NN TO VB VBN .

NNS VBD NNP NNP VBZ VBN IN NNP , NNP .


NNS VBD RB VBN .
IN NNP POS `` NN NN IN NNS VBG NNS , DT JJ NN WDT VBZ NNP NNP VBD DT JJ NN , '' VBD NNP NNP , NN IN DT NN , IN DT NN .
DT NN VBD CD NNS DT NN IN CD NNS IN DT NNP CC JJ .
NNP VBD CD NN NN NNS IN DT NNP .
DT NN NN POS JJ NNS MD VB IN DT NN IN DT NN .
JJ NN NNS IN DT JJ JJ NNS VBP VBN TO VB RB RBR JJ NNS IN PRP VBD IN DT JJ NN DT NN RB , RB VBG JJ JJ NNS CC NN NNS .



PRP VBD RB NN NN POS NNS .

RB , RB , JJ NNS NNP , NN IN NNP , NNP NNP CC NNP NNP .



DT JJ NN IN DT JJ NN NN VBZ JJ .
NNS IN NN , NNS VBD VBN IN DT VBG NNP NN CC DT JJ NN VBD NN .
NNP VBD NN NN .


`` NN NNS VBD RB JJ IN DT JJ NN IN JJ NN CC RB RB RB NN DT NN , '' VBD NNP NNP , DT NNS NN IN NNP NNP NNP .

DT JJ NN VBN IN NNS RB IN DT NN .
IN NN , JJ NN NNS VBD RP DT IN DT NN RB , JJ JJ NN .
NNS VBP NNS RB RB IN NNP , CC JJ NN NNS VBP JJ NNS MD VB DT NN , IN RB RB TO DT NN IN CD NNP JJ NN .
VBG DT CD JJ NN , JJ NNS VBD NN NN CC NN NNS .



`` PRP MD VB JJR NN VBZ DT NN , '' VBD NNP NNP , DT NN IN NNP NNP .
DT MD VB IN RB JJR NN NNS , RB VBN IN JJ NN WRB NN NNS RB VBD TO RB $ CD DT NN IN DT JJ NN .

IN DT JJ NN , PRP VBD RB CD NN JJR IN PRP VBD IN CD .
DT JJ NN VBZ NN .
JJ NNS VBD VBN IN DT JJ NN CC NN IN VBN NNS TO VB JJR JJ NN TO VB VBN JJ NN IN NN NNS NN .
DT NN , IN DT JJ NN , VBD CD NN IN JJ .
`` PRP VBP VBN RB JJ IN DT NN IN JJ NN NNS , '' VBD NNP NNP , NNP POS NN .

NNS IN DT JJ NN , JJ NN NNS VBP VBN IN CD NN TO CD NN RBR IN DT NN RB .
IN NN , JJ NN RB VBN IN DT NNP NNP VBZ VBG IN DT NN NN IN RB $ CD DT NN NN NN , RB CD NN IN $ CD DT NN VBZ VBN DT NN RB .
DT NNP NN , VBG TO VB VBG NNS IN NNP NNP IN DT NN IN VBZ IN NNS TO DT JJ NN , VBZ VBN IN NNP POS NN . NNP NNP CC NNP NNP NNP JJ NN TO DT NN .


CC DT NNP NN VBZ PRP VBD TO VB VBN IN DT JJ NNS VBP VBN RB IN CD JJ NNS IN PRP MD VB RBR JJ .


NNP RB VBD VB DT NN IN CD .
DT NNP NNP NN NN IN DT NNP VBZ VBN DT NN IN DT JJ NN CC NN , CC VBD TO VB DT NNS .
NNP NNP NNP NNP VBD DT JJ NN IN IN CD VBD CD NNS .
NNP NNP VBD PRP$ NN TO DT NN IN DT JJ NN VBZ VBN RB JJ NN .
NNP VBZ VBG IN PRP VBD JJ NNS , IN WDT DT VBD NN VBD CD NN IN DT JJ NN .
IN DT NN IN DT NNS VBZ RB DT JJ NN , DT NNP MD RB VB RBR JJ TO VB DT NN IN JJ NNS IN DT NNP CC DT JJ NN .
`` PRP VBZ TO PRP IN DT NN IN DT NN RB IN DT JJ NN NN , '' VBD DT NNP NN IN DT NN IN NNP NN NNS .
DT NNP NN VBZ VBN VBN JJ IN PRP$ JJ NN , VBG JJ NNS IN JJ JJ NNS .
JJ NN , NNP NNP VBD DT NN IN DT NN IN CD NNS WRB PRP VBD DT NNP NNP NNP NNP NN IN PRP MD VB DT NN TO DT JJ NN IN JJ NNS .

RB , DT NNS RB VBP IN DT NNP MD VB JJ IN DT JJ NN .


DT NN RB VBD DT JJ NN IN NNP IN NNS IN NNS IN NNP CC NNP NNP NNP .



IN DT NN , DT NNS MD VB TO VB IN JJ NN IN NNS TO NNP POS NN TO VB RP PRP$ NNS .
IN NNP NNP NNS VBP IN DT NN VBN NNS IN PRP$ JJ NNS , NNP POS NNS VBP DT JJ RB TO VB VBN IN DT JJ NN .

NNS VBD NNS IN NNP NNP NNS VBP VBG IN PRP VB JJ NNS , VBN IN NN IN DT NN POS NN NN , DT NN TO VB NNS IN VBG RB IN DT NN .




NNP NNP VBD VBN IN NNP NNP , WP RB VBZ VBG DT NN NN IN NNS JJ .
NNP IN NNP VBD PRP VBD RB VBN DT NN CC NNS MD RB VB .
IN NN TO $ CD CD JJ NNS , DT NN VBD $ CD CD IN JJ NNS .
RB VBN IN DT NN VBZ NNP NNP NNP NNP CC NNP NNP , DT JJ NN TO VB VBN .
JJ NNS MD RB VB VBN .

RB IN DT NN , NNP NNP CC NNP NNP VBD VBN IN NNP NNP NNS CC VBD VBN DT NN IN NN TO VB DT CD NN NN IN DT NN .
RB , DT NN VBD VBN IN NNP CD .

NNP NNP NNP NNP VBD PRP$ NN VBD DT NN IN NNP NNP IN NNP NNP NNP NNP TO VB PRP$ JJ JJ NN NNS IN NNS IN DT NN WDT MD VB NNP POS JJ NNS IN CD NN IN DT VBN NN .

CC NNP POS JJ NN MD VB NNP NNP POS JJ NNS IN CD NN IN DT VBN NN .
NNP POS NN VBD DT NN , IN PRP VBD PRP VBD DT NN NN .
IN DT NN , NNP MD VB JJ NN IN DT VBN NN .
NNP POS JJ NNS MD VB RB JJ NN IN DT VBN NN .
DT NN VBZ JJ TO DT JJ NN CC NN IN JJ NNS .
NNP VBD PRP VBZ TO VB DT NN RB JJ NN .
IN NN CC NN NNS VBP VBN RB IN PRP$ JJ NN IN CD , JJ NNS VBP RB JJ .
CC PRP VBP JJ TO VB DT NN IN NNS TO VB , NNS VB .
IN CD NN , RB IN JJ NNS VBP JJR VBN NNS DT NN IN JJ , JJ JJ NNS VBP JJ TO NN NNS RB IN CD , DT NNS VBP .
CC IN PRP VBZ RB VB RB IN JJ IN DT JJ NN POS JJ NN , NNS IN DT NNS RB VBG NN MD VB VBN , JJ JJ NNS .
RB WRB NNS VBP NNS IN DT NNP NNP MD VB JJ NN NNS IN DT JJ JJ NNS .

DT MD VB DT JJS NN IN DT JJ NN .
NNS VBD RB CD NN IN NNP CD IN DT NN .

DT NN NNS IN DT JJ NN MD VB NN JJ NN IN RB CD CD NN .


IN RB , JJS NNS VBP JJ TO VB NNS IN DT $ JJ NN , NNS VB .
IN DT NNP NNP IN NNP NNP , NN IN NNP NN VBD IN $ CD DT NN , NNP .
IN NN IN JJS , NN VBZ JJ NN MD VB DT JJ NNS NN VBD TO DT JJ NN , VBD NNP NNP , DT NNS NN IN NNP NNP IN NNP .



NNP VBZ VBD PRP VBD VBG TO VB DT NN NNS NN .
NNS JJ , JJ NN IN JJ NNS IN DT JJ NN CC IN JJ NN IN NNP CC NNP VBZ VBN TO VB DT NN IN DT NN POS JJ NN NN , VBD NNP NNP , DT NNS NN CC NN IN NNP NNP IN NNP .
IN NN , IN DT JJ NN , CD NN CC JJR IN DT NN VBZ RB IN NN .
DT NN VBD TO RB CD NN IN NNP NNP IN NNP , PRP VBD .
DT NNP NNP VBZ RB VBG DT JJ NN IN PRP$ JJ NN NNS , CC JJ NNS VBP VBN TO VB JJ NNS IN NNP NNP IN DT JJ JJ NNS , JJ JJ NNS .




PRP VBD IN DT JJ NN IN NNS , IN CD CD JJ NNS , VBN IN NNP CD JJ JJ NN .


PRP VBD IN DT NN IN JJ NNS IN $ CD DT NN .
NNP NNP , IN DT NN VBN IN NNS IN DT NN IN PRP$ JJ NN , VBZ VBG TO VB IN DT NNP IN JJ NNS .
NNP NNP TO VB NN IN PRP$ NN , WDT VBZ VBG TO VB IN JJ NN .




.
IN DT NNS VBP IN NNS IN DT NN IN NNP POS NN IN JJ NN NNS , JJ NN POS NN VBZ RB VBN TO VB DT NN .


IN DT NNP NNP NNP NNP , NNP NNP NNP NN IN NNP NN NN IN $ CD DT NN , RB CD NNS IN DT NN .
IN JJ NNS , NNP , NN NNS IN NNP NNP NNP VBD RB CD TO CD NNS DT NN .
`` DT NN RB VBD TO VB JJR , '' VBD NNP NNP , DT JJ NN NN IN NNP NNP NNP NNP .
PRP VBD IN DT NNP NN MD VB $ CD DT NN CC JJR IN DT NNP NNP NNP NNP .
RB VBZ VBN JJ NN TO VB IN JJ NNS IN DT NN NNS .
NNP RB VBD DT NN IN CD NNS RB RB IN NNS IN DT JJ NN IN NNS IN DT JJ CC JJ .

JJ NNS VBD DT NN IN JJ NNS , RB IN VBG RB JJ IN DT NN IN DT JJ NN CC IN VBN .
IN DT JJ NN NN IN NNP CC NNP NNP , NNP NNP CC NNP NNP MD VB DT NN NN NN , DT NN NN TO DT NN VBD .
NNS IN DT NN NN MD VB VBN IN DT NN IN NNP POS JJ NN IN NNP NNP CC NN IN DT NN NN .

JJ NN , NNP POS JJS NN , NNP NNP NNP , VBD PRP VBD VBN JJ IN CD CC JJ JJ NNS VBN IN DT JJ NN .
CC JJ NNS , JJ JJ NN IN NNP POS JJ NN VBD CD NN NN , VBD PRP VBD VBN TO VB DT NN NN IN DT NN , CC VBD NNS IN NNP NNP .
NNP NNP VBD PRP MD RB VB DT JJ NN .





DT JJ NN NN IN NNP VBD VBG IN DT JJ JJ JJ NN RB TO VB RP DT NN RB RB IN DT NN MD VB DT JJ .
DT NN NNP NNP IN NN NNS VBD DT NN IN DT JJ JJ NN , NNP NNP , WP VBD NNP CC VB DT NN IN PRP$ NN IN NNP CD .
NNP NNP , JJ JJ NN IN DT JJ NN NN NNP NNP NNP , VBZ DT NN IN DT JJ JJ NN , CC MD VB VBN RB IN NNP NNP POS JJ JJ NN .
NNS IN DT NN IN NNP NNP VBZ VBN VBN TO VB DT NN IN DT NN IN DT NN , DT JJ NN , `` DT VBZ RB DT NN NN VBZ VBN VBN RP .





NNP IN NNP NNP NNP NNP NNP , IN RB RB IN NNP NNP NNP NNP NNP , RB VBD PRP VBD DT NN .
NNP IN NNP NNP NNP , DT JJ NN NN WDT VBZ VBN PRP$ NN , VBD NN .
NNP NNP VBD VBD DT NNP VBD VBN TO VB DT DT NN NN CC NN , CC DT NN IN CD NNS RB , VBD IN PRP .
JJ NN : .
JJ NN .
NNP POS NNP NNP NNP VBD PRP$ $ CD CD TO $ CD CD NN TO DT NNP NNP NN IN NNP NNP POS JJ NN .
DT NN VBD RB VBN IN NNP , NNP CC NNP NNP NNP , DT NNP NNP NN .
JJ NN .
NNP NNP NNP NNP VBZ VBN PRP$ NNS IN DT NNP NN IN NNP , NNP , NNP , NNP .
DT NN VBD VBN RB $ CD CD IN CD , VBG TO VB NNP NNP .
JJ NN .

DT NN VBZ VBN IN PRP VB JJ NNS TO VB DT NNP NNP NNP NN NN IN NN .

JJ NN .
DT NNP NNP CC NNP NNP VBD TO VB DT JJ JJ NN NN IN NNP NNP .

NNP RB VBZ CD NNP NNP NNP , DT NN POS JJS NN .
NNP NNP NNP NNP NNP CC NNP NNP IN NNP NNS IN NNS IN JJ NNS .
VBG DT NN IN DT NN CC JJ NNS IN JJ JJ NNS , NNP NNP VBD NNS CC NN VBD IN PRP$ JJ NN VBN NNP CD .
DT NN IN JJ NNS VBD JJ NN VBD TO $ CD CD , CC CD NNS DT NN , IN JJ NN IN $ CD CD , CC CD NNS DT NN .
NN VBD TO $ CD CD IN $ CD CD .
NNP VBD PRP$ NNS VBD JJR IN $ CD CD IN NNS VBD IN DT NN , IN DT JJ NN IN NNS WDT RB VBZ RB VBG TO VB VBN .
NNS VBD VBN IN VBG DT NN MD VB DT JJ NN IN JJ NNS CC NN .

RB , VBG NNS IN JJ NNS IN NNS IN NN NNS IN JJ JJ NNS CC NN NNS .
IN DT JJ JJ NN , JJ VBD $ CD CD , CC CD NNS DT NN , RB IN DT JJ $ CD CD , CC CD NNS DT NN .
NN VBD TO $ CD CD IN $ CD CD .
NNP NNP NNP , CD NNS JJ , VBD VBG DT NN IN DT NN IN VBN NN NNS CC NNS , VBG DT NN TO CD NNS .




NNP VBD PRP VBZ TO VB PRP$ NN TO VB JJ NNS RB RB IN PRP$ NN VBZ VBN .
NNP NNP , NNP NNS JJ , VBD VBN NN IN DT NN IN NNP NNP , NNP NNP NNP NNP NNP , NNP , WP VBD JJ NN .

NNP NNP VBZ JJ NN NN CC JJ JJ NN IN NNS CC MD VB IN DT NN .
RB RB VBN JJ JJ NNS , CD , JJ NN NN IN NN , IN DT NN , VBG DT NN NN IN NNP NNP .
JJ NNS CC NNS VBP VBN IN NNP , WDT VBZ DT JJ NN NN IN NN .

NNP , VBN IN NNP , NNP , VBD VBN IN DT NN IN NN IN NNP POS JJ NN NN NN IN DT JJ NN .
DT NN VBZ VBN TO VB NN , DT JJ NN VBN IN NN NNS .
IN PRP$ NN , NNP VBZ VBG JJ NNS CC DT JJ NN TO VB VBN IN VBG DT JJ NNS .
DT NNP NN VBD DT NNS VBN IN DT JJ IN NNP POS NNS CC CD NN TO CD NN IN PRP$ NNS .
IN DT NN VBN NNP CD , CD , JJ VBD $ CD CD , CC CD NNS DT NN , IN NNS IN $ CD CD .




JJ NNS VBP VBG JJ JJ NNS , VBN IN JJ JJ NNS CC NNS IN NN CC VBG NN NN , RB IN DT NN .
VBG TO VB IN DT NN , VBG JJ NN NN NN IN NNS VBP VBN RB IN NNS IN JJ CC JJ NNS IN DT JJ NN .
IN NNP NNP , DT NNP NNP CC NNP NNP CC NNP NN NNS VBP VBN IN NNS IN NNS IN CD CD IN DT JJ NN NN , IN DT NNP NNP CC NNP , NNP NNP CC NNP NNP NNP NNP NNS VBP IN NN .


DT NNS VBP JJ , NNS VB , IN IN DT JJ NN IN DT JJ NNS .
`` JJ NN NNS NN NN VBD NN IN CD , CC DT NN POS NNS VBP VBN DT NN IN NN VBD PRP RB VBN , '' VBD NNP NNP NNP , NN NN IN NNP NNP NNP .

IN NN , NNP NNP VBD DT CD NN NN IN JJ NN , IN JJ NN NNS VBD IN CD CD , CC VBG NN VBD IN IN DT JJR JJ NN NN CC VBN NNS .


IN NNP NNP , NN NNS VBD VBN IN DT NN , RB CD NN IN DT CD NN , WDT VBD VBN IN VBN NN NN IN DT JJ NN .
IN NNP NNP POS NN VBD NN NNS IN DT NN TO NN VBD RB , DT NN IN CD NN IN JJ NN , DT NN POS NN NN VBD CD NN IN DT NN CC CD NN IN DT CD NNS .
IN DT CD NNS , NNP POS NN VBD CD NN TO $ CD CD , CC $ CD DT NN , IN $ CD CD , CC $ CD DT NN .
NN VBD CD NN TO $ CD CD IN $ CD CD .
IN NNP NNP CC NNP , JJ JJ NN VBD CD NN IN DT JJ NN .
JJ VBD TO $ CD CD , CC CD NNS DT NN , IN $ CD CD , CC CD NNS DT NN .
DT JJ NN VBD DT JJ NN IN $ CD CD , CC CD NNS DT NN .
NN VBD CD NN TO $ CD CD IN $ CD CD .
DT NN IN NN VBD , IN NN , VBD NNS IN JJ NN IN DT NNP NNP NNP CC NNP POS NN .
JJ NNS IN DT NN VBD CD NN IN DT JJ NN .
NNP NNP NNP VBD DT JJ JJ NN JJ NN .
DT NN IN DT NNP NN VBD JJ IN $ CD CD , CC CD NNS DT NN , VBN IN DT NN IN $ CD CD , CC CD NNS DT NN , IN DT JJ NN IN CD .
NNP NNP NNP , DT NN POS NN CC JJ JJ NN , VBD NNS VBN TO VB VBN IN NNS IN NN NN IN DT NNP NN .

IN DT NN NN VBD NNS TO VB CD NN IN CD TO $ CD DT NN NN , NNS VBP VBN , IN PRP VBP RB VB DT NN NN IN DT NN IN DT NN .
NNS IN JJ NNS IN DT NN MD VB DT JJ NN NNS TO VB NN IN JJ NN NN .


NNP NNP NNP NNP VBZ VBN TO VB JJR NNS IN DT JJ NN IN IN VBN JJ NN NNS IN PRP$ NNP NNP NNP NNP CC NNP NNP IN NNS IN PRP$ NN , NNP NNP NNP .

NNP NNP NNP VBZ VBN TO VB VBN NNS , RB IN IN VBN JJ NN CC VBG NN VBD IN DT VBN JJ NN IN DT NNP NN .
VBG TO NNS , NNS VBD RB VBN IN JJ JJ NNS IN NN .
DT NN VBZ VBD JJ NN IN NNP NNP NN CC DT RB VBN NN NN NN .



NNP NNP NNP , IN DT NN IN NNS WDT VBP NN NNS IN DT NNP CC NNP , VBZ VBN IN RB JJ IN CD JJ JJ NN NNS MD RB VB DT NN IN DT JJ NN TO VB PRP$ JJ NN NN .

NNP VBZ IN JJ NN TO VB NNS WDT VBD VBN IN DT NN VBD NN POS NNP NN NN NN IN DT JJ NN .
DT NN , RB VBG RB CD NN IN PRP$ JJ JJ NN NN , VBZ IN PRP MD VB IN CD NN IN NN IN CD .
VBG DT NN RB , NNP VBD PRP MD VB DT JJ NN NN IN NNP , NNP , DT NNP NNP NNP NNP TO VB IN CD .
RB , NNP VBZ TO VB VBN RP DT NN IN PRP$ JJ NN TO VB IN NNS IN DT NN .

DT VBZ DT NNP NNP NNP NN NNS VBP RB PRP VBP VBG VBN NNS IN DT JJ NNP NNP JJ NN WDT MD VB VBN JJ NN .
JJ NNS VBP TO VB PRP$ NN TO VB NN CC DT NN NN IN NN IN DT NNS VBP .

NNP IN NNP , NNP NNP NNP NNP NNP NNP , WP RB VBD NN IN DT NN POS JJ NN , VBN DT NN NNP NNP NNP POS `` JJ NN '' IN NN NNS .

JJ NNS VBD NNS JJ JJ NN IN DT VBG NNS : CD IN JJ NNS MD VB VBN IN DT JJ NN IN NNP , NNP .

DT NN MD VB RB VBN JJ JJ NNS CC RB CD NNS IN NNP .
NNP NNP , NNP NNP NNP NN NN , VBD DT JJ JJ NN TO VB DT JJ JJ NN NN CC PRP$ NN , NNP NNP NNP NNP .
CC JJ JJ NNS MD VB IN DT JJ NN NN WDT VBZ CD NNP NN NNS CC CD IN NN .

NNP VBZ VBG IN PRP MD VB DT JJ NN NN IN DT NN IN NNP NNP , NNP , NN CC NN NNS VBD .
DT NN VBD NN NNS IN NNP NNP CC NNP NNP JJ IN PRP$ NNS .
DT NNP NNP NN , WDT VBZ RB CD NNS , VBZ RB VB DT NN TO VB IN NN .


PRP VBD PRP VBZ , VBZ NNS TO VB NN NNS VBN IN DT NN .

DT NNP NN VBD VBN IN DT NN IN JJ NN IN NNS IN JJ NNS IN DT RB VBN DT NN TO VB DT JJ JJ NN .
NNP NNS VBP VBN DT JJ NN IN DT NN .
JJ JJ NNS VBP VBN DT JJ NN IN DT NN IN NNP NNP POS NN .


JJ NN NNS VBP IN JJ JJ NNS VB IN JJ .

DT NNP CC NNP VBP JJ NN CC JJ NN NNS .
DT NN POS NN VBD JJ .
NNP NNP , JJ NN NN IN NNP NNP , WDT VBZ JJ NN , VBD PRP VBD DT JJ NN IN PRP$ JJ NN IN DT NN VBZ VBN DT JJ NN NN IN DT NN IN DT RB VBN NN .
PRP VBD PRP VBZ VBN DT JJ NN IN DT NN TO VB RB VBN NNS , CC VBZ VBN DT NN TO VB .
`` DT VBZ RB DT NN IN NN NN : DT NN VBZ VBN VBN IN , '' VBD NNP NNP , NN NN IN NNP NNP , NNP POS NN IN NN , NNP CC NNP .


NNP NNP VBD TO VB IN DT NN IN DT NN NN .



DT NNP VBZ VBG TO VB DT NN IN NNS IN JJ NNS , VBG NNS IN DT NN IN NN WDT MD VB VBN IN NNP .
DT NN VBZ VBG DT JJ NN VBN IN NNP .
IN JJ NN MD VB PRP$ NN , NNP NNP VBZ PRP TO VB JJR JJ NNS IN NN CC JJ NN NNS IN NNP IN NNS VBN TO NNP NNP .

NNS IN DT CD NNS , WDT VBP VBG IN CD DT NN IN NN , MD RB VB VBN IN NN .
JJ NNP NNP NNP VBZ CD NN IN NN .
NNP NNP NNP VBD PRP VBD NNS IN DT JJ NNS CC MD VB VBN IN NNS IN DT NN , CC VBD IN PRP VBZ TO VB NN IN CD CD JJ NNS .

DT NN NN VBD RB VBN .
NNP VBD NN NNS VBD TO DT NN IN DT VBN NN .




NNP MD VB VBN TO VB CC VB NN NN .
NNP RB VBZ RB CD CD JJ NNS JJ .

IN DT JJ NN NN , RB , JJS IN DT NNS POS NNS VBD VBN IN NNP NNP NNP IN DT NN IN DT JJ NN NN .
NNS VBD IN NNP CC NNP , NNP NNP CC NNP , NNP NNP CC DT NNP NNP NN IN NNP NNP NNP DT NN IN JJ NNS IN RB JJ , RB RB IN VB DT NN NNS .



NNS VBD NN IN DT NN CC IN JJ JJ NNS , IN DT NN , VBZ VBN TO VB VBD IN CD NN CC CD NN .

NNP VBZ VBN IN NNP POS NN IN DT NN VBD IN RB CD NN , VBN IN NNS IN PRP$ NN IN NNP NNP NNP , VBG PRP$ JJ NNS , CD : DT JJ JJ NN NN , NNP : NNP , DT NN , CC NNP , DT JJ NN .

IN DT JJ NN IN CD , NNP VBD $ CD CD , CC CD NNS DT NN .


DT NN , VBD JJ NN , VBZ VBN TO VB NNS IN RB $ CD CD DT NN .
`` PRP VBZ VBG RP TO VB DT JJ NN , '' NNP NNP VBD .
IN JJ NN POS JJ NN , NNP VBD $ CD CD , CC $ CD DT NN .
IN NNP , NNP VBD NN .
JJ NNS VBD PRP VBD NNP POS NN RB TO VB IN JJR IN CD NN IN $ CD CD , CC $ CD DT NN , PRP VBD IN DT JJ NN JJ NN .


JJ NNS VBP VBN TO VB RB $ CD CD DT NN , RB IN $ CD CD IN CD .

NNP POS NN , VBN IN NNS TO VB RB CD NN IN DT $ CD CD , CC $ CD DT NN , PRP VBD IN DT JJ NN IN CD , VBD DT NN IN RB JJ NNS IN PRP$ JJ NN IN JJ JJ NN NN CC JJ JJ NN .
DT NN VBD PRP VBD IN NNP NNP RB DT NN .
NNS VBD TO VB .

NNP VBD $ CD CD , CC CD NNS DT NN , IN CD VBD $ CD CD , CC CD NNS DT NN , IN DT JJ NN DT NN RB .
IN NNP , NNP , DT NN IN NNP VBD DT NN VBZ `` DT NNS '' IN DT JJ NN IN DT NNS IN JJ NNS IN NN VBD IN RB CD NN , TO $ CD .
DT NN VBZ TO VB DT CD NN NN IN JJ NNS IN NN , IN PRP VBG IN DT NN , DT NN VBD .
RB , NNS VBD NNP POS JJ NN IN NNP NNP NNP VBD , IN NNS IN DT NN VBD VBN TO VB IN RB CD NN .
NNS IN NNP POS JJ NN , VBN IN NNP CD , CC NNP , DT JJ NN , VBP VBG IN IN VBN NN .

IN DT JJ NN JJ NN , NNP VBD $ CD CD , CC $ CD DT NN .
IN NNP NNP , DT NN VBD NN .
NNP VBD PRP VBD NNP POS NN TO VB NN CC NN IN RB RB CD NN TO CD NN IN VBN IN $ CD CD , CC CD NNS DT NN , PRP VBD DT NN RB .
NNP POS JJ NNS VBP VBN , DT NN , CC NNP , DT NN .
NNS IN DT NNS VBP VBN VBN IN JJ NN NNS VBD DT NN IN JJ NNS JJ CC JJ NNS IN DT JJ NN IN DT NN .

IN NNP , NNP , NNP VBD NN .

DT JJ NN NN VBD PRP VBZ DT $ CD CD JJ NN IN DT JJ JJ NN VBN NNP CD .
PRP VBD NNS VBD VBN VBG DT JJ NN IN DT NN .
NN VBZ VBN TO VB `` RB JJ '' IN DT $ CD CD VBD DT NN RB .
NNP NNP VBD JJ NN IN $ CD CD , CC CD NNS DT NN , IN DT JJ NN .
`` IN PRP$ JJ NNS VBD JJ NN , PRP$ JJ NN VBD RB IN NNS , '' VBD NNP NNP , NN CC JJ JJ NN .
DT NN VBD DT NN POS JJ NN VBZ VBN JJ , CC NN NNS IN NN VBP VBN VBG NNS .

DT NN VBD NNP NNP POS NN VBD RB VBN TO DT NNS JJ .
NNP NNP VBD JJ IN NNP CD IN $ CD DT NN .

PRP$ NN IN DT JJ NN VBD $ CD DT NN .
IN DT JJ NN , DT NN VBD $ CD CD , CC CD NNS DT NN , IN NNS IN $ CD CD .


CC NNP NNP POS NN , PRP$ JJ NN IN DT NN , VBZ VBN RB JJ .

NNP NNP , DT NNP CC NNP , VBZ DT JJ CC JJ JJ NN IN NN .



NNP CC NNP CC RB JJ , PRP VBZ DT NN DT NN IN JJ NNS , IN PRP MD VBN NN CC NN CC JJR NN .
NNP NNP , IN NNP NNP VBZ VBN IN DT NN , NNS VBD RB JJ .
PRP VBD VBN , IN DT JJ CD NNS , IN PRP$ NN , NNP , VBD PRP VBD IN DT NNP NNP , WP VBP NN TO VB WRB DT NNP NN VBD RB VBN IN PRP .



`` JJ NN NN IN NNS CC NNS , PRP VBD IN DT , '' PRP VBD .
PRP VBD VBN IN PRP$ JJ NN .






PRP VBD IN PRP$ JJ NN .

DT NN IN DT NN IN DT NN , WRB NNS VBP RBR VBN IN JJ NNS CC JJR IN PRP$ JJ NN NN .

DT NN RB VBZ IN NNP NNP NNP POS JJS NNS , WDT VBP RB TO DT NNP NNP IN DT NN .




`` DT JJ NN , '' VBZ NNP NNP .


CC PRP VBZ RB VB RB JJ NNS TO NN NN RP .
PRP VBZ DT NN .
NNP NNP CC NNP NNP VBD PRP VBD TO VB $ CD CD IN NN IN DT NN IN DT NNP NNP VBZ VBG DT JJ NN IN DT CD NNS DT NN NN NN IN NN .
IN CD DT NN VBN NNP NNP , WDT VBD DT NN IN DT NN , WDT PRP VBD RB JJ IN CD JJ NNS IN DT NN IN DT JJ NN NN .
DT JJ NN VBZ VBN IN JJ , JJ CC JJ NNS .
NNP NNP RB DT NN VBD DT JJ NN WDT MD VB PRP DT NN IN DT JJ NN , RB VBD PRP IN NN IN DT NN POS JJ NNS .


DT NN CC NN NNS VBP JJ TO NN NN , DT NN VBD .


DT NN POS JJ NN MD RB VB IN $ CD CD IN DT NNS VBP VBN .



RB , DT NN VBD PRP VBZ TO VB DT JJ NN IN NNS IN RB CD TO VB IN PRP$ VBN NN .
RB IN DT NN POS JJ NNS VBP NNP POS NN NN IN DT JJ NN IN NNS CC NN NNS .

`` DT VBZ DT NN TO VB NNP NNP , RB IN TO DT NN , '' VBD NNP NNP , NN IN NNP NNP , WP$ NNS VBD $ CD TO $ CD .

DT JJ IN DT NNS RB IN DT NN NN IN DT NNP NNP , DT NN WDT VBZ TO VB JJ NNS , VBD RB RB VBN TO VB PRP$ NNS .




`` PRP VBP RB VBG TO VB IN NN NN POS NN , '' VBD NNP NNP , NNP NNP NNP NN , WP VBD JJ NNS IN DT JJ NN CC NN NNS IN DT NN RB IN PRP$ NN POS NNS VBD $ CD TO VB IN $ CD .




RB , CD JJ NN WP VBD JJ NN IN NNP POS NNS VBD NNP NNP , NN IN NNP NNP , DT NN IN NNP NNP CC DT NN IN DT NN NN IN NNP NNP .



DT JJ NN NN WDT VBZ VBG RP DT NN IN NNP NNP NN NN CC NN VBZ RB VB DT NN POS JJ JJ NN NN .
IN NNP , JJ NN NNS VBD VBG CC RB JJ NN VBZ VBN VBN TO VB .
JJ JJ NN NNS VBP RB VBP NN TO NN NNS IN IN JJS IN DT JJ NN , NN IN PRP$ JJ NN CC DT NN WDT NNS VBP RB RB VBN NN .
`` EX VBZ DT JJ NN IN NN JJ , '' VBZ NNP NNP , JJ NN NN IN NNP NNP NNP NNP NNP .
RB VBP RB VBN NNS IN CD , RB IN DT JJR JJ NN IN NNS TO VB .


VBZ DT DT JJ NN TO VB DT NN .

IN NN , NNP NNP VBZ , PRP RB MD VB TO VB NNS WDT VBP RB VBG RBR IN NNP POS JJ NN NN .


CC IN JJ , JJ JJ NNS VB VBN CD NN TO CD NN IN DT JJ CD NNS RB , NNS VB .
DT VBZ DT JJR JJ NN IN DT JJ CD NNS , IN JJ NNS VBD VBN RP NNS IN CD .


PRP VBZ JJ NNS VBP JJ , JJ CC JJ NNS : JJ NNS IN DT JJ JJ NN : VB JJ NNS DT NN .


NNS IN DT NN NN , WDT VBZ VBG JJ NN NN , VBG DT NN IN NN .

NNP NNP , NN IN NNP NNP CC NNP NNP NNP , VBZ VBN IN NNP NNP CC NNP NNP VBZ IN NN IN PRP$ NN , NNP NNP .


NNP , DT JJ NN IN NNS VBZ RB JJ NN VBZ JJ .
NNP NNP JJ NN RB VBN RB IN DT VBG NN IN JJ NNP NNS .



CC NNS IN NNP NNP POS CD NNS RB VBP RB VB RB $ CD DT NN NN .
DT NNP NNP NNP NNP VBD CD NNS MD VB VBG DT NN .
NNP NNP NNP , NNP , NNP , MD VB NN IN DT JJ NN .

NNP NNP IN NNP NNP NNP , DT NN , NNP , JJ NNS NN , NN NN NNP NNP NNS , LS JJ NNS , IN DT JJ NN .
PRP MD VB TO VB IN DT NNP NNP NNP , NNP .
DT NNP NNP NNP NN NNS IN CD NNS .


NNP NNP NNP , NNP , VBD NN IN DT JJ NN .

DT NNP NNP NNP IN DT NNP JJ NN NN NNS IN CD NN .
NNP NNP NNP NNP , DT JJ NN NNS NN , VBD NNS IN DT JJ NN .
WRB NNP NNP VBZ NNS DT NN IN PRP$ JJ NN IN DT NNP NNP NN , DT NN MD VB RB IN JJ NNS IN PRP$ NNS .
IN DT JJ NN , DT NNP NNP VBD PRP$ NN RB RB IN CD , RB IN IN DT NN IN DT JJ NN POS NN .
DT JJ NN VBZ JJ , RB RB , IN PRP$ CD NN CC JJ NN , NNP NNP NNP , NNP NNP CC NNP NNP .



DT CD NN VBP DT NN TO CD , RB CD NNS IN DT JJ NN TO VB DT NN POS JJ NN .

RB , RB , IN DT NN POS JJ NN NN NN VBZ TO VB , NNS IN DT NNS VBP JJ .

IN DT CD CD NNP NNS IN DT NN IN NNS IN DT NN IN NNP , DT NN IN DT NNP NNP POS NN , NNP NNP VBD RB CD NN NN IN JJ NNS VBN IN DT NN .

CC NNP NNP VBD PRP$ JJ NN , RB VBD DT NN IN NNS IN DT CD NN .
`` JJ NN DT NN IN DT NN , DT NN MD VB VBN IN DT NN TO VB DT JJ NN CC TO VB DT NN , '' PRP VBD .



`` PRP MD VB PRP IN DT NN CC VB PRP , CC PRP VBP RB VBG TO VB PRP , '' PRP VBD IN DT JJ JJ NN .






NNP CC NNP WP VBD JJ NNS IN DT NN VBD PRP VBD DT RBR JJ IN DT NN IN IN JJ NNS .
CC PRP$ NN VBN IN NNP NNP NNP IN NNP .
CC PRP$ NN IN NNS VBD IN DT JJ , JJ NN TO DT NN IN NN IN NN IN NNP .


IN DT NNS DT CD NN VBP VBN VBZ DT JJ CD IN NNP NNP NNP NN , PRP RB VBZ IN DT JJ NN IN JJ NN , NN NNS VBP .
`` DT NN IN DT NNP NNP VBD RB VB DT JJ NN IN PRP VBZ , '' VBZ NNP NNP NNP NNP IN DT NNP IN NNP NNP NNP , `` RB DT CD NN VBP VBG DT NN IN PRP VBD .
DT NN VBD DT NNS IN CD JJ NNS , IN PRP$ JJ NN IN NNS IN JJ , JJ NNS , CC JJ NNS VBD DT NN IN DT NN .
DT CD NNS VBD VBN TO JJ NNS , RB VBD DT NN IN JJS IN DT CD JJ NNS VBN IN DT NNP NNP NNP IN PRP VBD VBN IN DT NNP NN NN CD NNS RB .
CD IN DT CD JJ NNS VBD VBN TO NNP NNP , NNP , NNP , WDT VBZ RB VBG PRP$ NNS , RB IN NNP CC NNP .
DT JJ NN VBD DT NN , IN DT JJ NNP NN IN DT JJ NN .
IN DT NNS , DT NNP VBZ RB DT NNS CC DT JJ NNS .
DT `` JJ '' NNS VBP DT NN IN JJ NNS , VBG JJ NN , IN DT NN , TO VB VBN RB .



IN DT , DT NNS MD VB DT NNS VBN IN DT JJ NNS .
CC PRP VBZ JJ IN DT NNS MD VB DT NNS .
NNP , IN NN , VBZ VBN NN IN DT JJS NN NNS IN DT NNP NN , CC IN NNP , NNS VBP RB JJ IN NN NNS .

`` DT NNS VBP JJ NNS , '' VBD NNP NNP , DT NN NN VBN IN NNP , NNP .

NNP VBD PRP$ NN IN DT NNP CC NNP NNS .
NNP MD VB NNP NNP NNP NNP , NNP , WDT VBD NNS IN $ CD CD .


NNP RB VBD NNP NNP CC NNP NNP , NNP , NNP , WDT VBD JJ NNS IN $ CD CD .

NNP MD RB VB $ CD CD IN NNP POS NNS IN DT NNP , WDT MD VB $ CD CD IN NN .
NNP NNP NNP , NNP , NNP , MD VB NNP NNP NNP NNP , NNP NNP , NNP , WDT VBD $ CD CD IN NNS .
NNP MD VB DT NN IN $ CD CD TO RB $ CD CD IN NNS .
PRP MD RB VB $ CD CD IN DT NN POS NNS , IN $ CD CD IN NNP NNP .
IN DT JJ NNP NN IN DT JJ NN , NNP NNP NNP , NNP , MD VB NNP NNP NNP , NNP NNP , NNP , WDT VBD $ CD CD IN NNS .



NNP NNP NNP , NN IN JJ JJ NNS , NNP NNP NNP NNP NNP .

NNP NNP NNP NNP NNP NNP NNP , JJ NN IN CD CD JJ NNS , NNP NNP . NNP CC NNP NNP , NNP NNP CC NNP , NNP NNP NNP , CC NNP NNP , NNP NNP .
NNP NNP NNP NNP , VBN NN IN CD CD JJ NNS , IN WDT DT NNS MD VB VBN IN JJ CC JJ NNS IN NNP NNP NNP . -LRB- NNP NNP NN NN -RRB- , NNP NNP , NNP CC NNP NNP , NNP , NNP CC NNP CC NNP NNP NNP NNP .
NNP NNP , NN IN CD CD JJ NNS IN JJ NN CC NN NNS IN NNS , NNP NNP NNP NNP NNP CC NNP NNP CC NNP .
NNP NNP NNP NNP , NN IN $ CD CD JJ NNS , NNP NNP NNP .
JJ NN , IN DT NN TO VB DT NNS IN JJ JJ NN , VBZ VBG PRP$ JJ NN TO VB IN DT JJ NN NN , VBG PRP$ JJ NNS CC NNS RB IN NN NNS .

IN DT VBN NN , DT NN , IN DT JJ NN IN DT NN , VBD PRP MD RB VB PRP$ NN NNS IN CD : DT JJ , JJ NN IN DT NN VBZ IN $ CD .
RB , IN DT JJ NN NN VBZ VBG NNS , NN NNS MD VB RB CD NN JJR IN CD , VBG TO NNP NNP , NNP NNP NN .
NNP VBZ VBG DT NN IN DT JJ NN NNS IN IN JJ NNS VBP VBG DT VBG NN IN JJ JJ NN , CC JJ , PRP VBZ DT NN TO VB VBN .

JJ NN IN NNS CC NNS IN JJ JJ NNS CC NNS VBP VBN , VBZ IN JJ JJ NN IN DT JJ NN IN NN NNS .
CC NNS , IN NN IN DT JJR NNP NNP NNP , VBG TO VB PRP RB IN JJ NNS .
NNP , WP$ NNS VBP VBG DT NN NN IN DT JJ NN VBZ JJ .
`` PRP RB VB NNS DT JJ NN , '' VBD NNP NNP .


`` WP PRP VBP VBN VBZ DT IN DT NNS WP VBP RB RB VBN TO DT NN CC VBP RB VBP VBG PRP , '' VBD NNP NNP .


CC NNP POS VBN NN , VBG TO VB NNP IN NNP , VBD CD NN TO VB IN DT CD NNS VBN NNP CD , CD .


`` DT JJ NN IN NNS VBP IN DT NN .




DT NNS VBP VBN TO VB PRP$ NN NNS CC NN NNS IN CD IN DT NN .
WRB DT NN VBD IN DT JJ NN IN NNP CD NNS RB , NNP NNP NNP VBD DT NNP NNP IN DT NN .



PRP$ NN IN DT `` NN IN NN '' IN JJ NNS VBP VBN VBG RP DT NN .

IN CD NN WRB JJ NN NN , PRP VBD IN NNS IN NN .
NNP NNS VBD IN DT NN POS JJ CC JJ NN NN MD VB VBG NNS CC MD RB VB NNS VBG RB IN DT JJ NN IN NN CC NN IN NN .








CC PRP VBZ JJ IN DT JJ NN TO VB JJ NNS IN DT JJ NN NN .


RB , IN JJ NN NNS , VB NNS IN NN '' NNS WDT VBP RB VBN TO VB .
PRP RB JJ NN IN NNP VBZ VBN VBN TO VB TO VB NNS CC NN NNS IN NN MD VB IN NNS TO VB .




NNP NNP TO VB PRP$ NN POS NN .



NNP POS JJ NNS VBP VBN RB IN PRP$ NNS .
PRP$ NN IN DT NN VBZ VBN TO VB IN DT NN NN NN .


RB , DT NN VBZ IN IN JJ NNS .
`` PRP$ NN VBZ TO VB JJR NNS IN DT JJ NN , '' VBZ NNP NNP , NNP JJ NN NN IN NN .



IN RB , NNP VBZ VBG PRP$ NNP NNP VBP IN DT JJ NN NN .
CC JJ NN IN DT JJ NN IN CD NN VBP RB IN JJ NN CC CD NN , DT RB VBN , IN NNP NNS IN .
NNP NNP VBZ DT JJ NN MD RB VB CD CD NNS DT NN , IN JJS IN DT NN , IN JJS IN RB , VBG JJ TO NNP POS JJ NN .
DT IN DT NN VBP VBN .

DT NN NN VBZ RB VBN IN NNP POS NN IN PRP$ JJ NN IN JJ NNS .
IN NNP , DT NNP NNP NNP NN NNP NNP , DT JJ NN IN NN NNS IN NN .
PRP VBZ VBG DT NN IN RB CD NNS VBP WP MD VB VBN , VBG NNS , IN DT NN IN JJ JJ NN .

DT VBZ JJ DT NN IN DT NN IN JJ IN DT NN VBP NNP NNP MD VB IN IN PRP$ JJ NN , RB IN PRP VBD DT NN IN VBG RB JJ .
`` PRP VBP RB VB DT NN TO VB NN IN NN , '' VBZ NNP NNP , DT JJ NN IN NNP NNP , WP VBZ DT NNP VBZ VBN TO PRP$ NN .
DT NN POS NNS VBP RB VBN RB IN NN NNS , VBG IN DT JJ NN NN .



IN DT NN , WP$ NNS VBP NN TO VB DT NN IN NNP POS NN .

`` PRP MD RB VB VBN IN DT NN IN NNS VBG IN JJR NN , VBG NNS , '' VBZ NNP NNP , JJ NN NN , RB , IN NNP NNP NNP , WDT VBZ DT CD NN NN IN JJ NNS .


IN DT NNP NNP , DT NN VBD NNP CC NNP NNP NNP TO VB NN : IN VBN JJ PRP VBD RB VBD DT NN TO VB VBN .
NNP , DT NN IN DT NN VBZ DT JJ .
CC DT NN IN DT JJ NN RB RB VBN IN DT NN .
CC DT NN , IN VBN IN DT JJ NN IN DT CD NN , VBD JJ .
WRB PRP VBP VBN , PRP VBD DT NN IN NN CC VB DT NN IN NN .
NNP NNP .



DT NN , VBN IN NNP , VBD RB $ CD CD IN NNS IN DT CD NN IN NNP POS NNP NNP NNP .
NNS VBD RB VBN , CC NNP NNP VBD VBD PRP VBD TO VB DT JJ JJ NN CC TO VB RB $ CD CD IN NN NNS RB .

NNP NNP , IN NNS IN $ CD CD , VBZ VBN IN NNP NNP .
NNP NNP , VBN IN NNP NNP , VBZ DT NN IN NNP NNP CC NNP .
IN DT JJ CD NNS IN DT NN PRP VBD DT JJ NN IN $ CD CD .

NNS IN NNS IN JJ NNS CC NN NNS VBP VBG DT JJ NN IN PRP$ NNS TO JJ NNS VBN IN NNP , NNP CC NNP .


RB , CD JJ NNS NN VBZ VBD PRP VBZ VBG TO VB DT NN , CC DT NNS VBP VBG PRP$ NN IN NNP CC CD JJ NNS WRB DT NN VBZ VBN IN NN NN .
DT NN IN DT JJ NN MD VB DT JJ NN IN NN NN NN IN NNP CC VB DT NN POS JJ JJ NNS , WDT VBZ $ CD CD JJ NN .
DT NNP NN VBD VBN JJ NN IN DT NN VBG IN CD NNS VBN IN NNP NNP NNP CC NNP NNP IN NNP IN DT NN IN DT NNP NNP , JJS NNS IN DT JJ NN IN DT NNP NNP NNP NN .
JJ NNS IN DT NN .


CC DT NN VBD PRP VBD RB JJ NN IN NNP CC DT NNS CC VB DT JJ NN TO JJ NN NN IN NNP .

`` DT NN VBZ RB CD NN , '' VBZ NNP NNP , DT NN IN DT NNP NN IN NNP CC NNP , DT JJ NN NN .

NNP NNP NNP IN NNP VBZ DT NN IN NN MD VB VBN IN NNS JJ IN DT JJ NN , VBG DT NN IN NNP POS NN IN NNP NNP .

`` PRP MD VB DT NNP NNP JJ CC JJ IN DT JJ NN .
NNP NNP NNP , WP VBD VBN NN IN DT NN VBG NN IN NNP , NNP , VBG RB JJ .

DT JJ NN VBD RB VBN .
NNP NNP VBD DT NN POS NN CC CD JJ JJ NN .
NNS IN JJ , JJ JJ NN IN DT NNP NNP NNP NNP , VBD DT CD NNS DT NN NN IN PRP$ NN TO JJ NNS IN DT NN .

DT NNP NNP , JJ TO NN IN NNS IN IN JJ NNS VBP VBN IN NNS TO VB DT NN , VBD NNS IN NNS IN NNP NNP VBD IN NN .
DT NN , VBD JJ NN IN NNP NNP NNP , VBD NNS IN NNP POS JJ NN IN DT NN .
NNP , VBN DT RBS JJ NN IN DT NN , VBZ IN NN .
CC PRP$ NN IN DT JJ JJ NNS VBZ RB VBN .
DT NNP NNP VBD DT NN IN NNS IN NNS VBN TO VB JJ NNS IN DT NN VBD VBN RP IN NNP CC NNP NNP , CC NN NNS VBD VBN RB IN DT NN IN NNS CC NN TO VB DT NN .



DT NN , IN DT NN NN NNP , RB VBD DT NN IN DT NN IN NNP POS NN .
DT NNP NNP VBD RB VB RB DT NN TO VB IN DT NN IN PRP$ NNS .
DT NN POS NN VBD VBN IN DT JJ JJ NN DT NNP NNP TO VB NNS JJ VBD TO VB VBN .
NNS IN DT NN POS NN , NNP , VBN IN DT NN TO VB NNS TO VB VBN .
DT NNP NNP VBD IN DT NN VBZ VBN VBG DT NN TO NNP NNP VBD JJ IN DT NN IN JJ NNS .
NNP IN NNP NNP NNP NNP IN DT JJ NN MD RB VB VBN IN DT NNP NN IN JJ NNS IN JJ NNS .

DT NN VBD VBN .
DT NN POS CD NNS VBP TO VB DT NNP NN NN IN DT JJ NN TO VB .
NNP NNP POS NNP NNP VBD TO DT NNP IN DT JJ NN WDT VBZ VBN TO VB IN NNS IN NNP CC NNP .

NNP POS JJ NN VBD TO VB DT NN IN `` JJ CC NNP NNP '' CC VBD JJ NNS , VBD PRP VBD JJ .
DT NN , VBN IN DT NN VBN NNP CD , VBN IN DT NN VBN IN NNP NNP NNP IN NNP VBZ JJ .

RBR IN CD NNS VBG TO NNP NNP IN VBG RP DT NN .

NNP POS NNP NNP NNP IN JJ NNP IN NNP NNP NN NNS CC DT JJ NNP NN IN DT NN TO VB DT NN TO VB NNP POS JJ NN .

JJ NN NNS VBN IN NNS IN DT NNS IN DT JJ NN MD VB VBN .
PRP VBD PRP$ NN TO DT JJ NN IN NN .

NNP NNP NNS CD TO CD CD IN NNS IN JJ JJ NN IN DT JJ NN IN DT NN IN NNP POS NNS IN NN .
DT NN RB IN NN VBZ RB CD NNS TO VB RB TO CD CD , VBG IN DT NN NN POS NN VBZ JJ NN IN NN .
NNP NNP NNP TO VB IN DT JJS NN IN DT NN TO VB DT JJ NN .
NNS IN NNS IN JJ NNS VBD VBN TO VB IN DT NN VBN RB IN DT NN IN NNS IN CD JJ NNS .

DT NN VBZ DT JJS NN IN DT JJ NN IN DT NNP CC NNP NNP WDT VBD IN NNP .
IN DT NN , DT NN VBD NNP NNP NNP , NN IN CD IN NNP POS JJS NN , VBD JJR IN $ CD CD TO VB NNP POS NNP , WDT VBZ NN IN NNP NNP .
NNP VBZ DT VBG NN NN IN NNP NNP .
CD NN RBR , NNP NNP NNP , NN CC JJ JJ NN IN NNP NNP , VBD NNS IN DT NN IN NNP NNP .



DT NN VBD PRP MD VB , IN JJ NNS , LS JJ NNS CC VB DT JJ NN VBG NN NN IN DT NN .
IN NNP , NNP NNP , DT JJ NN NN IN NNP , NNP : `` PRP VBP RB VB DT NN CC NN MD VB DT JJ NN CC NN NNS IN JJ JJ NNS IN PRP$ JJ NN NN .
NNP POS JJ NN IN NN NNS VBZ DT NN RB VBD , CC DT NN IN NN NNS VBN IN DT JJ NN NNS VBD TO DT NN NN POS NN NNP .


NNP NNP VBD DT NN NN , DT JJ NN NN IN NNS , IN NN IN DT NNP NNP VBD VBN TO VB NN NNS TO VB IN JJ NNS VBD JJ .


`` PRP VBP DT NNP NN , VBN IN DT NNS IN DT NN , VBD DT NN WDT RB VBD VBG TO VB DT JJ NN IN JJ NN , '' VBD NNP NNP , JJ NN IN NNP NNP NNP IN NNP .
CC NNS VBD VBN IN DT NN IN DT NN VBD VBN IN DT JJ NNS .





NNP NNP VBZ VBN RB IN PRP$ RB VBN JJ NN , WRB DT JJ NN IN NN NN NNS VBD DT NN NN IN JJ JJ NNS .
NNP NNS RB VBD IN DT NN , VBG DT NN TO VB IN CD JJ NNS .

IN RB JJR NN IN DT NN IN DT NN IN DT NN , WDT VBZ RB DT JJ NN IN DT JJ NN NN IN DT IN CD .
RB , DT NN POS JJ NN NN MD VB VBN JJ NN , WRB NN NNS VBP RP CD NN IN JJ JJ NN IN NNP .
DT NNS VBP NN NNS TO VB RB JJ IN DT NNS RB , VBG DT JJ NN IN NN JJ .


PRP VBD DT NN NN JJ JJ NN , VBG DT NN NNS VBP RB RB JJ .

`` IN PRP VBD DT JJ NN , DT NN VBZ VBN IN NN CC JJ JJ NNS , RB IN VBG DT JJ NN IN DT NNS IN NN CC JJ NNS , '' PRP VBD .
NNP NNP NNS VBD CD NN IN NNP , IN VBG JJ NN IN NNP CC VBG IN DT JJ NN CC NN .

IN DT DT NN NN VBD VBN IN JJ JJ NNS , NNS NNS VBD IN DT JJ NN NN .
NNS IN NN NN VBD DT JJ NN NN IN NNP , IN NNS IN NN JJ NN VBD CD NN .
JJ NNS VBD CD NN , IN VBG JJ NN IN NNP .

CC IN JJS NN IN DT NN MD VB VBN IN JJR NNS , NNS VBD .
NNS IN JJ NN NNS VBD CD NN IN VBG JJ NN IN NNP , IN NNS IN NN NNS VBD CD NN IN VBG CD NN .
JJ NNS IN JJ NNS VBD CD NN IN NNP , IN NN IN CD JJ NNS .
NNS IN JJ NNS , DT NN IN JJ NNS , VBD CD NN IN VBG JJ NN IN NNP CC VB RP JJ NN IN NNP .


IN DT JJ NN , NNP VBD JJ NN IN $ CD , CC DT JJ NNS .
NNP POS NN CC JJ JJ NN , NNP NNP , VBD DT NN NN IN JJ NNS .
PRP VBD JJ NNS VBD TO RB JJ IN $ CD CD IN $ CD CD IN NNP CC NNP .
RB CD NN IN DT JJ NN IN JJ JJ JJ NN NNS .
RB , VBD VBN IN PRP MD VB IN $ CD CD CC $ CD CD IN NN NNS IN DT JJ NN .
NNP VBD DT JJ JJ JJ NNS MD VB VBN IN JJ NNS IN NN IN DT JJ JJ NN IN NNP NNP NNP NNP , NNP POS JJ NN , VBN IN NNP , NNP .
NNP NNP NNP NNP NN NN IN NNP NNP CC NNP .







NNS RB VBG NNP TO VB NN NN DT JJ NN .

PRP VBD DT NN MD VB TO VB NNS TO VB DT NN .
DT NN IN DT JJ NN NN VBZ DT JJ NN IN NN WDT NNS VBP JJ NNS IN DT NN POS NN .


IN DT CD NNS VBN NNP CD , NNP VBD DT JJ NN IN $ CD CD , VBN IN JJ JJ NN IN $ CD CD .
NNP , WDT VBZ NNP POS JJS NN , VBZ CD IN DT JJS NN NNS IN DT NN IN DT NN .

NNP NNP VBD RB RB $ CD CD IN DT JJ NNS VBP JJ NNS VBN IN DT NNP CC NNP NNP .

NNP CC NNS VBP VBN IN DT NN IN NN NNS IN DT NN NNS .
DT NN IN NNP NNP VBZ VBN NNP NNP TO VB JJ NN NNS IN PRP$ NNS , CC NNP VBZ VBD PRP MD RB VB JJ JJ NNS IN IN DT JJ NN IN DT NNS CC NNS IN DT JJ NN .
NNS VBP VBN RB JJ IN NNP NNP CC JJ NNS POS NN NNS IN NNS IN DT JJ JJ NN NN NN CC DT JJ NN NN IN DT NN NN .
DT NN NN NNS TO VB PRP IN NN NNS IN DT JJ , JJ JJ NN .
IN NNP NNP NNP NN NN NNP , NNP JJ NNS VBD IN $ CD , RB CD NNS .

PRP RB VBD JJ NNS VBP VBN VBN RB IN JJ NNS IN DT NN NNS .

NNP NNP VBD DT NNS MD RB VB RB IN NNP NNP POS NN TO VB CD IN PRP$ JJ NNS TO JJ NNP NNP , DT NN IN JJ NNP NNP NNP VBN IN NNP NNP , NNP .
DT NN NN VBZ DT NN IN NNP POS NN TO VB PRP IN DT JJ NNP IN DT JJ NN IN VBG RB IN NNS VBG IN NNS , VBG TO NNP NNP .
JJ NNS CC NN NNS VBD VBN DT NN IN DT VBN NN , WDT VBD VBN IN NNP , JJ IN RB .
JJ NN DT NN IN DT NN WDT NNS VBP VBN IN DT NN .
NNS CC NNS MD VB VBN IN DT NN IN DT JJ JJ NNS VB IN DT NN .

PRP VBD DT NN MD VB PRP JJ DT NN IN $ CD CD , CC RB CD NN IN NNS , IN DT JJ $ CD CD IN IN NNP CD , RB VBG NNP NN TO JJ NNS .
NNP VBD DT NN NN MD RB VB DT NN POS JJ NN IN JJ NN IN RB $ CD CD .


DT NN VBZ RB VBG TO VB PRP$ NN NN IN VBG TO VB RP DT NNS , CC PRP VBZ TO VB VB DT IN DT IN DT JJ NN , IN NN IN DT JJ NN NN .
IN DT JJ NNP NN , IN DT NN IN NNP NNP POS RBS JJ NNS VBP , DT NN IN DT NN IN PRP MD VB DT IN CD JJ NN IN RB CD NN , IN NN .
DT RB VBN DT NN .



DT RBS JJ NN TO JJ NN NN VBZ VBN IN JJ NN CC NN NNS , WP VBP NN CD NNS IN DT JJ CD NN IN NNP POS NN VBZ VB NN IN NNP .




CD IN NNP POS RBS JJ NNP NN NNS VBZ RB VBG RP PRP$ JJ NN IN JJ NNS .



DT NNP NNP , NNP NNP TO NNP NNP NNP NNP , RB VBN DT NN WDT NNP MD VB RP $ CD NN IN NNS IN DT JJ NN .







DT JJ NN IN DT NN `` RB JJ NN '' VBD JJ .
IN DT JJS NN , WP VBZ VBN RB VBN RB , CC IN JJ NN .
DT NN IN DT JJ NN , DT JJ NNS WDT VBP VBN IN NNP JJ NN IN `` JJ NN , '' VBP RB DT RB JJ NN IN JJ NN NN .
NNP NNP RB VBZ JJR IN DT VBN NN .

RB VBG TO DT NNP VBP NNS IN JJ NNS , RB JJR NNS IN NNP NNP NNP CC RB JJ NNS IN JJ NNS .
NNP NNP VBZ VBN RBR , IN RB JJ , CD .
DT RBS JJ JJ NNS VB IN JJ JJ NNS .




NNP POS JJS NNS VBD DT NN VBD `` VB , '' DT NN IN DT JJ NN .
`` DT NN VBZ RB RB VBN RB IN JJ NNS VBP DT JJS NN , IN JJ NNS JJ , '' VBZ NNP NNP , DT JJ NN IN NNS IN DT NNP NNP NNP .

CC PRP RB VBZ RB JJ NN .
RB , NNP VBZ VBN DT JJ NN TO VB JJR NNS VBZ IN PRP$ JJ , NNS IN JJR NNS .
`` PRP VBP NN VBD TO VB IN NNS , TO CD CD CC JJR TO VB NNS IN JJ NNS MD VB TO VB , '' VBD NNP NNP , NN IN NNP POS NNP NNP NNP NNP .

IN RB , JJ NN IN NNP VBD JJS IN DT NN NN CC VBN RB CC DT NN .
IN NN NNS VBD RB , PRP VBD RB NN IN DT NN MD RB VB VBN VBN CC VB IN NN , IN JJS JJ NNS VBP .



DT NN VBZ DT JJ CC JJ NN IN NN .


DT RB JJ NN NNS NNS VBD VBN JJ NN IN PRP$ NN POS JJ NN .

NNP NNP IN NNP , NNP NNP IN NNP , NNP NNP IN NNP CC NNP NNP IN NNP VBD TO DT NN .


IN CD NNS IN NNS , VBZ IN DT NNS VBP RB VBN IN DT NNS TO VB JJ CC JJ NN NN .
DT NNS VBP IN DT JJ NN IN NN .

IN JJ NNS , DT NN IN NNP NNP CC NNP NNS VBP VBG DT JJ NN IN JJ JJ NN .
JJ , JJ JJ CC JJ JJ NN NN IN DT JJ NN NN CC IN DT JJ NN NN NN .
JJ JJ NN PRP VBD PRP MD VB DT JJ NN TO VB NNP NNP NNP NNP , DT JJR JJ NN NN NN IN JJ NN NN IN DT NNP NN .

NNP NNP IN NNP NNP NNP NNP MD VB PRP$ JJ JJ NNS , VBG NNP NNP IN NNP CC NNP POS NNP NNP NNP NNP .
CC JJ JJ NN NN : JJ TO NNP , NNP NNP NNP NNP : VBP VBG RB IN IN PRP$ NNS CD NNS .




RB , DT JJ NN MD VB VBN IN JJ NN NNS : NN VBZ NNP POS JJ NN IN JJ JJ JJ NNS , CC PRP$ NN IN NN MD VB NNP NNP NNP VBD RB VBN IN DT NN POS NN NN .
DT JJ NN , RB , MD VB NNP POS JJ NN IN NNS CC MD VB VBN CD NNS .
DT JJ NN NNS VBD VBN IN DT NN IN DT NN IN NN IN NNP : `` NNP VBZ DT NN IN DT NN , '' PRP VBD .



IN DT JJ CC JJ NNS , NNS IN PRP$ NN NNS VBP VBN IN NN IN RB CD NN NN : CC CD NNS NNS , DT JJ NN IN DT NNS POS NNS , VBP VBN VBN IN CD NNS IN JJ NN NNS .
DT NN POS NN IN NN VBZ JJ .
NNP VBD DT NN IN PRP$ NN NN NN IN NN NNS IN JJ NNS .


TO VB JJ NNS IN DT VBN NN , NNP MD VB DT NN JJ TO JJ NNS .

NNP NNP POS JJ NN NNS VBP PRP$ NN NN IN NNP NNP NNP .
JJ JJ NNS , IN IN JJ JJ NN POS JJ NN , VB DT JJ JJ NN NN .
NNP NNP NNP NNP VBD PRP MD VB DT VBN NN , RB CD NNS -LRB- $ CD CD -RRB- NN IN PRP$ NN IN NNP POS NN IN JJ NN VBZ JJ .
NNP , NNP POS JJS NN VBG NN CC DT JJ NN IN NN TO DT NNP , VBD VBN NN NN NN IN JJ NN NN MD VB RB RB CD NNS DT NN IN CD , CD NN RBR IN DT JJ NN .
JJ NN NN VBD RB CD CD NNS DT NN IN CD VBZ RB JJ , RB CD NN IN DT CD NN .

NNP NNP VBD NN IN NNP POS NN VBZ RB RB CD NN IN NNP CC VBZ VBN TO VB RBR , VBG NN NN IN RB DT NN .

RB IN NNP POS NN CC NN NNS VBP DT NN IN JJ NN VBZ RBR IN PRP VBZ IN NN , CC VB RP PRP$ JJ CC JJ JJ NN .


NNS VBD RB CD NN IN DT JJ NN IN NNP NNP , CC RB CD NN IN NNP POS JJ NN NN IN JJ NN .

NNP POS JJ NN NNS TO DT NNP NN IN CD NNS DT NN , CC RB CD NN IN JJ NNP NN NN , VBD NNP NNP , NN IN DT NNP JJ NNP NNP NNP NNP .
DT NNP NNP IN DT JJ NN IN JJ NN , IN NNP NNP , NNP CC NNP .
NNP NNP VBD NNP POS VBG NN NN , VBN IN DT JJ NN IN NNP NN , MD VB NNP NNP NN IN NN IN JJ , RB DT JJ NNS .

CC WRB NN VBZ VBG , PRP VBD TO VB IN PRP , '' PRP VBD .

IN NNS IN PRP$ VBN NN NN , WDT MD VB VBN JJ NN , VBG NNP TO VB CD NNS DT NN IN JJ NN TO PRP$ NN , VBG IN DT JJ NN IN NN .
DT NN RB VBZ DT NN IN CD CD NNS DT NN .


DT NN VBD JJ NN NNS CC VBN NNS VBN IN JJ NN NNS VBD VBN IN CD NNS IN DT JJS NN , VBN IN DT JJ NN .
IN DT JJ NN , DT NNP NN VBD VBN IN VBN NNS IN NNS NNS CC NN CC NN NNS , RB RB IN JJR NN NNS IN PRP$ JJ NN .
DT NNP NN VBD VBN IN VBN NNS CC NN NNS VBN IN PRP$ NNP NNP NNP CC NNP NN .
DT NN VBD PRP VBZ VBG TO VB DT JJ NNS IN DT DT JJ CC JJ NNS , WDT MD VB IN VBN NNS IN DT JJ NN .
NNP VBD PRP$ JJ NNS MD VB VBN RBR DT NN .
IN DT JJ JJ NN , WRB DT NN VBD IN DT NN IN DT NN , DT NN VBD JJ IN $ CD CD , CC $ CD DT NN , IN NNS IN $ CD CD .
VBG DT JJ NNS IN NN NNS VBZ VBN DT JJ NN NN .
NNP NNP NNP , DT JJS NN IN JJ NN NN CC RB VBD DT NN NN .


CC DT VBD DT IN CD NNS RB .
JJ NN , NNP VBD PRP VBZ NN IN PRP$ JJ NN VBN NNP CD TO VB CD NN .
DT NN VBD DT NN POS NN TO VB $ CD TO VB IN $ CD DT NN .
NNP POS JJ NN VBZ CD NN IN DT JJ JJ NNS VBG IN NNS IN DT JJ NN IN DT NN NNS .




NNP NNP NNP NNP RB VBZ VBN TO VB JJ NNS .
NNP NNP NNP , NNP , VBZ VBN TO VB VBN NNS IN DT NN VBD JJ .
DT JJ NN VBZ IN NNP NNP , DT NN NN .

DT NN , RB , VBG JJ NNS IN NNS IN PRP$ JJ NN VBN NNP CD VBD RB CD NNS .
DT NN VBD PRP VBZ NNS IN CD TO CD NNS DT NN , RB IN CD NNS DT NN IN DT JJ NN .
IN DT NNS NNS VBD , NNS VBP DT JJ NNS VBN TO VB DT NN IN DT VBG NN VBP VBN .


IN RB , NNP VBD DT NN IN DT NN IN JJ NN , CC JJ NN NN , NNP POS JJS NN , CC CD NNS .
RB DT CD NNS VBP VBN IN DT NN TO NNP POS NN , CC NNS VBP PRP VBP JJ TO NNP NNP , DT JJS NN IN JJ NNS , IN IN PRP .
DT JJ NN IN NNP POS NN , RB , VBZ JJ .
DT NN VBZ VBG TO VB DT JJ NN NN WDT VBZ VBG NNS IN DT NN IN NNS IN JJ NNS VBN IN NNP .
DT NN VBZ VBN IN VBG DT NN IN JJ NNS .
NNP NNP , NNP POS JJ NN NN , VBD DT JJ NN , NNP , NN VBZ VBN RB CD NNS DT NN IN DT NN IN PRP VBD VBN IN DT NN VBG NN JJ NNS RB .

`` PRP VBD RB CC RB CD IN NNS , '' VBD NNP NNP , DT NN IN NNP NNP NNP .

PRP VBZ VBG TO VB NNS IN CD NNS DT NN IN NN IN $ CD CD IN PRP$ JJ NN , VBN IN NNS IN CD NNS DT NN IN NN IN CD CD IN DT JJ NN .
JJ NNS MD RB VB VBN IN NN .
IN DT JJ NN , DT NN IN DT NN VBZ VBN TO VB RB JJ .
DT NN VBZ DT JJ NN IN DT NN .
NNP VBZ RB CD NN IN NNS VBD RB , IN DT CD JJ JJ NN NNS , VBG NNS CC NNP NNP NNP , VB NNS DT NN .
`` PRP VBP RB VB IN DT NN , '' VBD NNP NNP , DT NN IN NNP , NNP CC NNP .

DT NN IN NNS CC NNS MD VB .

IN DT JJ NN , NN NNS MD VB TO RB VB .
DT NNP NNS RB MD VB DT JJ NN NN NN .
NNP NNP , IN NN , VBZ VBN DT NN TO VB PRP$ VBN NN .
`` NNP VBZ VBN RB IN DT JJ NN , CC PRP VBP RB VBN NNS IN NN , '' VBD NNP NNP , DT NN IN NNP NNP .

JJ NNS MD VB TO VB RP IN DT NN IN JJR JJ NN NNS .

`` DT NNS WDT VBP JJ NNS VBP VBN VBG NNS IN JJ NNS , '' VBD NNP NNP .

CC PRP MD VB TO VB RB .


NNP NNP NNP IN NNP .
NNP NNP VBD DT NN .
RB VBP NN , NNP CC NNP .

DT NNS , TO VB NN , VBP RB JJ .

RB , RB IN JJ NN VBZ JJ NN IN DT NN WDT VBD RB VBN IN DT IN NNP .

NNS IN DT CD JJ NNS VBP VBN VBG RB IN NN : NNP , NNP , NNP , NNP , NNP NNP CC NNP .

NNS IN CD NNS VBP VBG DT NN IN NN , VBG NNP NNP , WDT VBD CD NN IN PRP$ NNS IN DT NN .
CC IN NNS CC NNS VBD CD NNS RBR IN DT NN , PRP VBP VBG RB .

JJ NNS WDT VBD IN DT JJ NNS VBP RB VBG NN : NNP NNP , NNP , NNP , NNP , NNP , NNP CC NNP .

CC DT NN NN IN DT JJ NN CC JJ NN VBZ RB VBN NN .
JJR NNS VBG JJ .

CC RB IN VBG DT JJ , RBR IN DT NNS VBP VBG JJ .
DT JJ NNP NNP NNP IN DT NNP NNP VBZ DT CD NN IN NNS VBD CD TO CD VBD VBN IN DT NN IN CD , RB IN CD NN IN NN .



IN CD , CD NN IN DT NNP CD TO CD CD IN RB JJ IN CD , RB IN CD NN IN NN .

CC RB IN DT JJ CD CC NNP , DT NN NN IN DT NN VBD RB , TO CD NN IN CD IN JJ NN IN NN .

RB CD NN IN DT JJ CD CC JJ NN IN RB JJ IN CD IN CD , RB IN CD NN IN NN .


NNP NNP NNP IN DT .
NNP NNP NNS VB JJ NNS CC NN IN NN .

NNP IN NNP VBD PRP RB VBD DT NN TO VB VBN IN PRP$ NNS , IN JJR IN NN VBD PRP RB VBD DT NN TO VB JJR NN IN PRP$ NNS .

DT JJS NN IN DT JJ NN , DT NN IN DT NN .
NNP NNP NN IN DT NN VBD $ CD , CC JJ JJ NNS VBD VBN IN $ CD .
DT NN VBD TO VB RB CD IN NN POS JJ NN NNS , DT JJ NN .







NNP NNP NNP NNP NNS RB : IN DT JJ NN , CD NN VBP IN IN NN CD NN VBZ TO NN NN POS NN .
NNP CC .

DT NNP NNP NNP VBZ DT NNS VBP RP CD NN IN NNS CC NNS IN DT JJ CD NNS , RB IN CD NN IN NN .
DT NN IN NNS IN DT NNS VBZ VBG TO CD NN IN CD NN : .

DT NN IN NN VBD RP IN DT NN , NNP CC NNP VBD $ CD IN CD , RB CD NN IN $ CD IN CD .
NNP NNP NNP NN NN IN $ CD IN NN TO $ CD IN NN : .
RB VBP NN CD NNS IN VBG DT NN , RB CD NN IN CD , DT NNP NNP IN CD JJ NNS .

DT JJ NNP NNP POS VBD JJ .
NNS IN DT NN NN CC DT NN IN NNP CC DT NN IN NN .
RBR IN CD NNS RB , NNP NNP NNP , DT JJ NN IN NNP NNP VBZ `` DT JJ NN , '' VBZ DT NN IN NNP NNP , NNP , IN DT NN .
RB CD NN IN NNP POS VBG NN VBP VBG DT NN POS JJ NN , DT JJ NN , IN CD CD JJ NNS VBN IN PRP$ JJ NN .
NNP NNP NNP CC CD NNS IN DT NN VBD PRP VBD RB RB VB DT NN WDT MD VB VBN VBN IN NNP POS JJ NN .


`` WRB PRP VBP RB IN NN IN WP VBZ VBG RB , '' VBZ NNP NNP , NN NN IN DT NNP NNP NNP NNP .


JJ , JJ NN VBZ VBN IN DT JJ NN , WRB DT NN $ CD DT NN CC DT JJ NN MD VB IN $ CD DT NN .
IN DT NN , NN NNS RB MD RB VB VBN IN NNS , NNP CC NNP NNP .
CC DT NN IN DT JJ NN VBD RB VB DT NN .



IN PRP$ JJ NN NN VBD JJ NN , DT NN VBD IN JJ NNS VBP VBN IN PRP$ JJ NNS , VBD JJ NNS TO VB NNS CC NNS IN DT NN POS NN IN JJ CC JJ .
DT JJ JJ JJ NNS , IN PRP VBG IN DT NNS VBD RB RB VBN IN DT NNS VBD .
RB VBZ DT JJ NN .




NNP NNP NNP IN DT `` JJ NN , '' NN IN DT JJ NN CC VB RP PRP$ JJ NN .



NNP .
IN DT DT JJ NN IN NNP , WDT VBZ DT JJS NNS RB RB .
DT JJ NN MD VB DT NN IN NN CC NN IN NNP NNP NNP .



NNP NNP VBD DT JJ JJ NNS VBP VBN IN NNP , IN PRP VB JJ JJ NN .
PRP VBD DT JJ JJ NNS VBP VBN RB CD NN , IN PRP , RB , VB JJ JJ NN .

IN NN , NNP NNP VBD RB VB JJ NN .
IN DT NN IN JJ NNS IN DT JJ NNS IN DT JJ NN , JJ NN CC DT JJ NN , NNP NNP NNP VBD IN DT NN .








IN DT NNS IN DT NN IN NNP NNP , DT JJ NN MD VB DT DT NNS CC DT NN TO VB .
CC JJS IN DT NN IN JJ NNS , PRP VBZ DT JJ NN IN NN .
WRB RB .
IN IN DT DT NNS VBP RB VBG CC NNS RB RB , PRP VBP JJ IN CD NN : DT MD VB IN NNS IN VBG NNS CC VB DT NN IN NNS IN NN .
DT VBZ WRB PRP VBZ JJ TO VB VBN VBN JJ , IN JJ NNS CC NNS , VBG DT JJ NN IN NN NNS .


NNP RB VBP DT NN NN , IN DT NN TO VB DT NN IN , IN PRP$ NNS VBP TO VB NN CC NN NNS , VBZ NNS JJR IN PRP VBZ JJ .



PRP POS NN NN IN DT JJ NNS VBP JJ .


CC DT JJ CD : NN IN DT NN IN NN VBD IN DT JJ NN CC DT NN IN DT NN IN NN .




NNS IN DT NN VBZ DT NN IN DT NN , RB IN DT JJ NNS IN NNP CD , TO VB IN JJ NNS .
TO DT NN , DT JJ CD NNS DT VBP VBN TO VB PRP RB VBZ VBG IN IN PRP .
IN NN , NNP NNP VBD RB IN PRP VBZ DT JJ NN NN , CC RB PRP VBD PRP$ JJ NN IN DT NN IN NN TO VB DT JJ NN .
RB JJ NN VBZ DT NN IN NNP NNP CC NNP NNP POS JJ NN .

CC RB RB , DT JJ NN NN IN DT NN , IN DT NN , VBZ VBN IN NNP NNP NNP POS NN IN NN NNS VBD JJ .

DT NN , IN JJ NN IN NNP NNP NNP , MD VB TO VB RB , RB CD RB , IN PRP MD VB .

IN PRP$ NN , UH , PRP VBD TO VB IN PRP MD RB VB VBN IN VBG RP DT NN .
DT NN NNP NNP NN TO DT NN IN NN NNS VBZ DT JJ NN IN NN , RB RB IN NNP .


NNP NNP .


VBN IN RB .

NNP NNP , CD NNS JJ , VBD JJ NN CC JJ JJ NN IN DT NN IN NNP NNP NNP IN NNP NNP .


DT JJ NN CC JJ NN , NNP NNP NNP , NN IN NNP .
DT NNP POS NN TO VB DT JJ NN NN IN DT JJ NN VBD RB RB VB DT NN IN VBG DT NNS NN NN DT NN .
JJ NNP NN , DT NNP VBD VBN TO VB DT VBN $ CD CD NN WDT VBD VBN VBN IN NNS IN NNS WDT MD VB VBN , RB IN NNP , DT JJ NN NN .
NNP NNP VBD DT NN TO VB VBN IN PRP VBD VBN IN JJ NN NN CC NN NNS .


IN NN , DT JJ NN NN RB VBN IN DT NNP VBZ DT JJ NN .




`` PRP VBP RB VB DT IN DT NN TO VB NN NNS , '' PRP VBD .

DT NNP POS NN VBD DT NN IN NNP NNP CC MD VB NN IN DT JJ NN VBD RBR JJ DT NN .



CD JJ NN TO VB DT JJ NN VBD , CC RB JJ NN NNS VBN IN DT JJ NN , VBZ DT NN TO VB DT JJ NN NN .
JJ NN MD VB VBN IN DT NN IN DT NN .
DT NNP NN VBD VBN RB IN DT NN TO VB VBN IN NNP .
IN DT NN VBZ RB VBN VBN , NNP NNP VBZ IN CD CD TO CD CD NN CD NNS IN DT JJ NN NN .
NNS VBP IN DT NN TO VB DT NN MD VB DT NNP TO VB TO DT JJ NN .
DT NNP VBZ VBN TO VB DT NN .



PRP VBZ VBN VBG DT JJ NN IN DT JJ NN IN PRP$ JJ NN VBD .
CC NNP NNP VBD DT NN TO VB DT JJ NN CC VB DT CD NNS VBN TO VB DT JJ NN IN DT NN , IN PRP VBD RB IN DT JJ NN .

DT VBP DT NN NN CC NN IN JJ NN NN IN NN NN CC NN NNS .
RB NN IN DT NNP NN VBZ DT NNP POS NN IN DT NN , VBD NNP NNP , WDT VBZ NNS TO VB JJ NNS JJ NN NNS TO NN VBD NNS .

NNP NNP VBD PRP VBZ DT NNP MD VB DT NN RB .


RB WRB NNS VBD VBG RP IN RB , NNP NNP NNP NNP NNP , DT JJ NN IN DT NNP NNP NNP , VBD , `` PRP VBP VBG IN NNS .

NNP NNP VBD IN DT NN VBD VBN IN DT NN .
PRP VBD , NNS VBD , RB RB VBD DT NN : DT NNP NNS VBD JJ .



PRP RB VBZ DT NN WDT MD VB JJ NNS TO VB JJ JJ NNS TO VB NN NNS IN JJ NNS .
RB NN VBD DT JJ NN IN DT NN NN NNP CC NNP NNP NNP , WDT MD VB VBN $ CD CD IN JJ CD .
DT NN WDT MD VB VBN DT NNP NNP NNP DT JJ NN VBD JJ .
DT NN IN DT NNP NN VBD RB VBN IN NNP NNP , WP VBD VBN DT NN .

DT NN NN NN VBD $ CD CD IN NN NNS IN JJ CD , CC $ CD CD IN CD NNS .




DT NN IN DT CD NN CD NNS TO NNS IN DT NN IN NNS VBN TO VB NNS IN DT NN , IN DT NN VBZ RBR IN CD NN IN DT NN POS NN .


: NNP NNP DT NN IN DT JJ NN IN JJ NNS , JJ NNP CD .





DT NN RB VBZ NN NNS CC NNS IN JJ NNS .


DT NN MD VB DT JJ NN IN JJ NNS JJ NN .

DT JJ NN VBZ IN DT NNP NN .




NNP NNP NNP VBD TO DT NN .






VB PRP RP .

JJ NN VBZ DT JJ NN NN .
NNP .
NNP , NNP .
NNP NNP NNP NNP NNP VBZ DT NNP NN NN IN NNP NNP NNP NNP .
IN NNP POS NN , DT NN IN DT NN VBD JJ .
NNP POS NNP NNP VBD PRP VBD PRP$ NN IN $ CD CD IN VBN NN IN DT NNP NNP , NNP , NN , VBG NN IN DT NN IN JJ , JJ NNS .
DT NN VBD PRP VBD PRP$ NN IN DT NN POS VBN NN TO VB IN NNS CC MD VB DT NN IN NN IN JJ JJ NN .
NNP NNP VBZ DT JJ NN IN JJ NN NNS .
NNP JJ NN NN IN DT NNS VBG PRP IN JJ JJ NNS IN DT NN IN NNS .
NNP NNP NNS VBD RB JJ IN NN IN DT NN .




`` PRP VBP PRP VBD DT JJ NN IN PRP$ NN .
`` WRB PRP VBD JJ TO VB RB IN NNS , NNP NNP VBD DT JJ NN IN NN .
VBG DT NN DT NNP NNP VBZ VBG .
NNP VBZ DT DT JJ NN NN , RB IN NNP CD , CD , RB VBD RP TO VB .

NNP NNP .


`` VB , IN DT NNS PRP VBZ JJ , CC VBD PRP VBZ RB DT JJ .
IN PRP VBP DT NN , PRP VBD DT NN .
VBP RB PRP VBP VBG PRP TO VB DT NN RB CC VB RP .
PRP VBP DT JJ NN IN NN .



NNP NNP .
DT JJ NN IN NNP NNP NNP NNP , NNP NNP VBD CD NNS TO VB PRP$ NN RP IN DT NN IN DT CD NN .

DT VBD DT NNP NNP '' IN DT DT NN IN JJ CC JJ .
RB , IN IN DT CD NNS , PRP$ NN NN NNS VBP JJ .
IN PRP VBD DT NN MD VB VBN CC VBN .






NNP NNP .



`` NN NN VBD IN DT NN NN .
EX VBD JJ JJ NN IN NN JJ NNS .


IN CD , JJ NN VBD TO DT JJ NN .



`` PRP MD RB VB DT NN NN , CC RB VB RB RB .

PRP VBZ DT NN TO VB DT NNP NNP NNP NNP IN TO IN JJ JJ JJ NN .


NNP NNP NNP .
`` PRP VBP RB VB DT NN VBZ VBG IN DT NNP NN .
PRP VBP RB VBP IN PRP DT NN IN DT , '' VBZ NNP NNP , DT NN IN NNP , NNP CC NNP CC NN IN NNP NNP NNP NNP .



NNP CD , NN NNS VBP VBN VBG DT NN .

CC JJ CD , DT NN VBZ RB VB TO VB IN DT NN IN NN .


RB , PRP VBZ , `` DT VBZ RB DT JJ NN TO VB RB JJ '' IN NNS .
`` IN PRP VBD VBN IN NNP IN NN CC IN RB JJ NN IN DT NNS , PRP MD RB VB DT NN .


NNP NNP NNP .
`` DT VBZ DT JJS NN IN DT NN IN DT JJ NN IN JJ NNS , '' VBZ NNP NNP , DT NN .

`` DT NN IN NN NNS CC NN VBZ VBN DT NN IN JJ NNS IN DT NNS IN NNS CC VB DT NNS WDT VBP DT NN IN JJ CC JJ NNS IN JJ NNS IN NN RB IN NN .

RB , PRP VBZ DT NN VBZ RB VB JJ .


NNP NNP .
NNP NNP NN NN NNP NNP , DT NN IN JJ NN NN , VBZ IN NNS VBP RB VB VBN .






NNP NNP .







NNP NNP .
JJ NNS RB NN TO VB IN DT CD NN .




NNP NNP NNP .




VBG DT NNP CD NN TO DT NN IN NNP NNP NNP , NN IN DT NNP NNP IN NNP CC NNP , NN .

PRP VBD PRP$ NN VBD JJ NNS CC NN NNS .

RB , PRP VBD .


PRP VBD RB CD NNS IN DT NN POS JJ NNS .
RB , IN PRP$ JJ NN , PRP VBD JJR IN JJ NNS VBP VBN IN DT NN IN VBG DT NN .
PRP VBD PRP$ NN IN JJ NNS IN JJ NNS IN JJ NNS .




NNP NNP .
IN DT `` JJ NN '' NN , NNP NNP CC PRP$ NNS VBP DT CD NN IN NNS JJ CC JJ .
NNP , PRP$ NN VBZ RB .
VBP RB PRP VBP VBG VBN .

NNP VBD DT RB JJ TO WRB PRP VBD IN NN .
NNP , NNP , NNP VBD DT JJ NN .
IN NN , NNP NNP NNP VBD IN PRP$ NN RB VBN NN IN JJ NN .
DT NN WDT VBZ RB JJ .
NNP IN NNP NNP VBZ IN PRP$ NN VBZ RB JJ .
PRP POS NN IN PRP$ NN VBZ IN WRB PRP VBZ TO VB NN IN JJ NNP NNS .









DT NN VBZ DT NN , RB DT JJ NN .
NNP MD RB VB PRP$ NNS VB .

PRP VBP RB IN DT VBZ NN NNP NN .


NNP .
NNP , NNP .
PRP VBD IN DT NN IN NNP NNP IN PRP MD RB VB DT JJ NN IN JJ NNP NNS WP VBP PRP$ NN JJ NN IN NNS IN JJ NNS .

DT NN IN CD NNS DT NN IN DT JJ NN IN DT JJ NN WP VBZ RB TO VB .

DT NN , RB , VBZ VBN VBN IN NNS IN PRP$ JJ NN TO VB DT NN IN CD NNS RB .





VBG DT NN IN JJ NNS , DT NN MD VB DT NN TO VB .
RB , WRB NNP NNP VBD DT NN IN DT JJ NN , RB IN CD NN CD NNS IN JJ NNS , PRP MD VB IN PRP VBD DT NN , VBG NNS IN PRP$ NNS MD VB VBN IN PRP IN DT JJ NN NN .
DT NN , NNP CC DT JJ NN VBP DT NN TO VB DT JJ NN CC TO VB IN NNP NNP POS JJ NN IN PRP$ NNS MD VB VB PRP IN DT NN .
VBG DT JJ NN IN DT JJ JJ NN VBZ RB VBG DT JJ NN NN IN NN .
NNP NNP NNP NNP .
NNP NNP , NNP .

VBG DT NN .



CC PRP$ NNS , WDT VBZ DT JJ NN , VBZ IN VBN NN TO VB VBN IN DT JJ NN IN NN .

CC DT NN VBZ TO VB DT JJ , RB DT NN , IN NNS , VBG TO NNP NNP , DT NN IN NN NN NN .


NNP NNP VBZ DT JJ NN , NNP NNP DT NN , NNP NNP , VBD NNP NNP .
IN DT JJ NN , PRP VBZ IN DT NN IN DT CD NN CC NNP POS JJ NN MD VB VBD DT NN , RB , IN NNP POS NN NN .

`` PRP MD RB VB NNS TO VB PRP$ NNS , '' VBD NNP NNP , JJ NN NN IN NNP NN IN NNP NNP IN NNP .

NNP NNP NN VBZ VBD DT NN CC RB , NNP NNS VBD RB RBR IN DT IN DT NNP NNP CC NNP NNS .

JJ NNS IN DT NN NN IN DT JJ CD NNS IN NN .
IN NNP , DT NNP NNP NNP NNP NNP VBD CD NN NNP CC DT NNP NNP NNP NNP VBD CD NN .
IN NNP CD , CD , DT NNP NN VBD JJ NNS , CC CD NN , VBN IN PRP$ JJ NN , CC CD NN NN , CD NNS RB .
NNP NN NNP VBD RB CD NNS , WDT VBD RB DT JJ NN NN IN RB DT NN .
DT JJ NN IN CD CD NNS VBD VBN IN NNP CD .

NNS IN DT NNS IN JJ NN NNS VBD IN JJ NNS RB IN JJ NNS .



EX VBD RB JJ NN NNS CC RB JJ NNS VBG TO VB NN NNS TO VB IN NNS IN NN .

NNP NNP , NN IN NNP NN IN NN CC NN IN NNP NNP , VBD , `` PRP VBD RB IN CD NNS RB .

NNP NNP , DT NNP NN NN IN NNP NNP NNP IN NNP NNP , VBD NNS IN PRP$ NN IN DT NN PRP VBD IN DT NN IN NN .

NNP NNS VBP NNS IN NN IN NNS TO VB JJ NN WRB NNS VBP .

WRB NN VBZ RB VB , NNS VB JJ CC JJ .
CD NNS RB , VBD IN DT NN IN JJ NNS IN DT NNS IN PRP$ NNS , NN NNS PRP VBD JJ NNS , VBG DT NN IN NNP NN NNS .
IN NNP , DT NN NNS VBD VBG RB , NNS VBD .


`` PRP VBD RB CD RB NNP NN , '' PRP VBD .


PRP VBP RB VB IN NN IN JJ NNS RB , '' VBD NNP NNP IN NNP .
NNP NNP , NN IN NN NN IN NNP , NNP CC NNP IN NNP , VBD DT JJ NN NNS VBD NN IN NNP .


`` DT NN IN NN VBD JJ , '' PRP VBD .

NNP , DT NN IN DT JJ NN IN NN NNS NN MD VB JJ NNS POS NN .
IN DT NN , DT NNP NN NN IN DT NN NN IN JJ NNS .
IN NNP POS NN NN VBZ RB VBD TO CD NNS , NNS CC NNP NN NNS VBP DT NN MD RB VB JJ .
CC PRP VBP JJ .
`` PRP VBD RB VBG TO VB DT NN POS NN RB , '' VBD NNP NNP IN NNP NNP .

NNP NNP IN NNP NNP VBZ DT NN IN NN NN NNS MD VB NN NNS .


CC JJ NNS VBD DT NN NNS RB VBN IN JJ NNS TO JJ NNS , VBN IN NNS IN JJ NNS CC JJ CD NNS RB .

JJ NNS , WDT VBD VBN VBG NN IN JJ NN TO VB IN JJ NNS VBN IN DT JJ NN , VBD JJ .
`` PRP VBD DT JJ NN IN NN IN NNS , CC RB IN JJ NN , '' NNP NNP VBD .



NNP POS JJS NNS VBD JJ .

DT NNP NNP NNP IN NN NN CC NN NNS VBD CD NN , CC NNS , TO VB .
DT NNP NN VBZ RB DT NN IN JJ NNS .
CC PRP VBD RB .
NNP NNP NNP , IN NN , VBZ VBN TO VB NNP NNS RB RB IN NNP POS NNP NNP NNP NNP NN NNS , CC IN DT JJ NN , VB JJ NNP NNS TO JJ NNS .

NNP NNP , VBD CD CD , CC CD NN , TO CD CD .
DT NN IN DT NNS VBD RB JJ .

NNP NNP VBD CD TO CD .

IN DT NNP NN , NNP NNP , DT JJ NN IN DT JJ , JJ NNS , VBD CD TO CD CD .

NNP , NNP CD , .



DT NN NN IN JJ NNS IN JJ NNP NN NN JJ NNS .
NNP NN .
CD JJ NN NN , CD CD NN JJ , CD CD NN IN VBG NN , CD CD NN VBN .
NNS VBN IN JJ NNS IN JJ NN IN NNS IN $ CD CD CC JJ .
NN : NNP NNP -LRB- NNP . -RRB- NNP .

CD NN .
DT NN IN NNS TO JJ NNS IN DT NNP NNP NNP NNP NNP .
NN NN .

DT NN IN NNS TO NNS IN NN NN NN .

CD NN CD TO CD NNS : CD NN CD TO CD NNS : CD NN CD TO CD NNS : CD NN CD TO CD NNS : CD NN CD TO CD NNS : CD NN CD TO CD NNS : CD NN CD TO CD NNS : CD NN CD TO CD NNS .
JJ NN .

CD NN CD NNS : CD NN CD NNS : CD NN CD NNS .
NNP NNP NN .
CD NN CD NN : CD NN CD NNS : CD NN CD NNS : CD NN CD NNS : CD NN CD NN .
NNP IN JJ NNS VBN IN JJ NNP NNP NNS IN JJ JJ NNS IN JJ NNS , RB IN NNS IN $ CD CD CC JJ .
DT JJ NN VBZ $ CD .
JJ NNS IN DT JJ NN .
CD NN CD NN : CD NN CD NNS : CD NN CD NNS .
JJ NN .
CD NN CD NNS : CD NN CD NNS : CD NN CD NNS : CD NN CD NNS : CD NN CD NNS : CD NN CD NNS .
JJ , JJ NN NN VBD VBN VBG DT JJ NN .
NNP NNP NN .
CD JJ NN TO CD CD NN CD NN : CD CD NN TO CD CD NN CD NNS : CD CD NN TO CD CD NN CD NNS : CD CD NN TO CD CD NN CD NNS : CD CD NN TO CD CD NN CD NNS : CD CD NN TO CD CD NN CD NNS .


DT NN IN JJ VBN NNS IN NN NNS IN DT NNP NN VBN IN NNS IN CD JJ NNS .

NNP NNP NN : NNP CD NN : NNP CD NN : NNP CD NN : NNP CD NN .
DT NN NNS VBP RB RB JJ : NN NNS VBP RB IN NN .
JJ NN .

CD NN CD NNS : CD NN CD NNS .

VBN NNS IN JJ NN NNS IN NN IN CD NNS .
JJ NN , JJ JJ NN NNS : CD NN , CD NN NN VBN JJ JJ NN NNS .
NN : NNP NNP NNP .

VBN NNS IN CD NN NN NNS IN NN IN CD NNS -LRB- VBN IN NN .
JJ NN , JJ JJ NN NNS : CD NN , JJ NN VBN JJ JJ NN NNS .
NN : NNP NNP NNP .
NNP NNP NNP NNP NN .
JJ NN .
JJ NN NN IN NN IN NNS IN DT JJ CD NNS : RB DT NN IN JJ NNS .
JJ NNS , JJ CC JJ NNS IN DT JJ NN VBD PRP VBD VBN RP NNS IN NNP POS NN NN .
CC PRP VBP TO VB RBR RB .






PRP VBZ TO VB DT NN IN DT NN VBZ JJ .

`` PRP VBP TO VB WRB DT DT NN VBZ VBN VBN IN , '' PRP VBD .
RB PRP VBD IN DT NN .

JJ NN NNS RB VBD PRP$ NN .




`` IN PRP VBD IN DT NN , PRP VBD RB RB RB IN DT NN , '' VBD NNP NNP NNP , JJ NN NN IN JJ NNP NNP NNP NNP .





`` PRP MD VB RB CD NNS CC RB VB DT JJ NN IN DT NN , '' VBD NNP NNP NNP , NN IN NNP JJ NNP NNP NNP .
NNP NNP , RB , NNS IN DT NN `` MD VB RB JJ CC JJ NNS IN DT JJ JJ NNS .

PRP VBD PRP VBD JJ NNS IN CD , VBG DT NN IN NN NNS CC DT NN IN VBN NN NN .

JJ JJ NNS VBP VBG DT NN NN NNP NNP , WDT VBZ RB VBN TO VB IN DT CD NN .

IN PRP$ JJ NN , DT $ CD CD IN NN NN IN NN IN DT CD NN VBD RB VB , IN NN NNS NN CC NN CC NNS NNS VBD JJ .
RB IN NN NN , NN NNS VBD NNP NNP , NN NNS VBD .


NNP NNP VBZ NNS MD VB TO VB IN DT JJ JJ NNS IN VBG RB , CD JJR NNS .
`` PRP VBP PRP MD VB DT JJ NN NN , '' PRP VBD .


DT CD NN CD NNS , VBG TO VB IN VBN PRP RB IN DT JJR NN .


`` PRP VBP RB IN DT NN RB IN NNP , '' VBD DT NN POS JJ NN .
`` PRP VBP RB VBG DT NN , CC PRP VBD DT JJ NN .

NNP NNP VBD DT IN DT NNP NNP , NNP , NN POS NNS CC NNS VBP VBN VBN IN DT NN .


CC IN RB DT NN VBZ RB VBN IN DT NN , DT NN VBD .



NNP VBZ VBG IN PRP VBD DT JJ NN IN PRP$ JJ IN JJ NN .



MD DT NNP VBZ DT NN IN DT NN IN NN , NNP MD RB VB DT NN TO VB JJ DT NN VBD RB VBN IN NNP NNP NNP .

NNS IN PRP$ NNP NNP , WDT RB VBD PRP VBZ DT CD NN NN IN NN .
PRP VBD RB VBN RB VBN DT JJ NN NN WDT VBD VBN IN NNP .
DT NN IN NNP VBD PRP$ NN VBZ JJ IN PRP$ JJ NN CC DT NN IN DT JJ NN .
PRP VBD NNP POS JJ NNS IN `` JJ '' TO JJ NNS IN JJ NNS .




DT JJ NNS RB , DT NN NN VBD JJ NNS .
NNP NNP TO VB DT JJ IN DT NN , IN JJ NNS NN IN NNP VBD RB JJ IN NNP NNP POS NN .



DT NNS VBP VBN IN NNP CC DT NN VBP VBN TO VB NN IN DT JJ NN .





JJ NN , NNP NNP VBD RB VBN NNP NNP TO VB DT NN VBN IN NNP NNP NNP NNP .
CC PRP VBZ IN NN IN NN IN DT NNP CC DT NNP NNP IN DT NN .


IN JJ NNS , DT NN TO NNP POS NN NN VBZ RB JJ TO DT IN NNP CD NNP NN NN .

DT NNP VBD VBN IN DT NN IN JJ JJ NN , IN IN DT NN PRP VBD IN JJ JJ NNS RB IN DT NNP NNP .





`` NNP VBD PRP VBD VBG IN DT NN IN CD , IN PRP VBD VBG IN DT NN , '' NNP NNP VBD NN IN DT NN .



IN DT NN , RB MD VB VBN IN NNS TO VB RP .

RB , PRP RB MD VB JJ IN NNP POS JJ NN TO VB DT JJ NNS WDT VBP VBN IN NNS CC NNP NNP NNP NNP NNP NNP IN DT JJ NN .


JJ JJ NN POS NN IN DT JJ NN CC DT JJ NN , RB VBD NNS IN NNP NNP CC DT NN VBD IN NN .
IN DT RB VBN IN NNP NNP VBD VBN DT NN TO VB NN NNS IN DT JJ NN , NNP NNP NN NN NN VBD VBN IN PRP VBD DT NN POS NN TO VB PRP .
WRB DT NN VBD VBN TO VB NN NNS IN DT NN , NNP NNP NNP NNP , DT JJ NN NN IN DT NNP NNP NNP NNP , VBZ PRP .

NNP POS NN NN MD VB NN IN VBG DT NNP CC NNP NNP IN DT JJ NN , DT NN WDT VBZ RB VBN TO VB IN NN IN DT NN .


DT NNP NNP NNP IN NNP CC NNP , WP$ CD NNS IN DT JJ NNS VBP VBN , VBN IN DT JJ NN NN MD VB DT JJ CD NN IN $ CD CD , RB JJ IN DT NNP NNP NNP POS NN IN $ CD CD .

DT NN IN NNP VBD VBN TO VB DT NN IN NNP NNP POS NN IN DT NN NN .
CC DT NNS VBD JJ TO VB DT NN .
VBG DT NN VBD VBN IN NNP , NNP NNP , DT JJ JJ NN IN DT NNP NNP IN NNP , VBN DT NN IN DT NN IN NN NNS TO DT NNP NN TO VB NN IN NN NNS .
`` NNP , WP VBD VBN VBG NNS IN NNS IN DT JJR JJ NN TO VB , VBD JJ , '' PRP VBD .



JJ NNS , VBG RB $ CD CD IN JJ NN .


RB CD NNS IN $ CD JJ , JJ JJ NN .

IN CD JJ NNS , NNP NNP NNP NNP .

CD JJ JJ NNP NNS , NNP NNP NNP NNP NNP CC NNP .



CD JJ JJ NNS , NNP NNP , NNP CC NNP .



CD JJ JJ NNS , NNP NNP NNP .

CD JJ JJ NNS , NNP NNP NNP .

CD JJ JJ NNS , NNP NNP NNP NNP NNP .

JJ JJ NNS , NNP NNP NNP .

CD JJ JJ NNS , NNP NNP NNP .
NN .

NNP , NN .







NN .




RB CD IN NN NNS , NNP NNP NNP NNP .









`` PRP VBP RB VBG NN IN DT NN , '' VBD NNP NNP NNP NNP IN PRP VBD DT NN NN IN DT JJ NN IN NNS IN DT NN NN .
CC PRP VBZ RB RB VBN RB RB RB .


PRP VBP VBG TO VB IN .

DT VBZ DT NN WDT VBD VBN IN WRB PRP VBD RB VB DT NN IN CD .
`` VB , PRP VBD PRP MD VB RB CD NNS IN NNP , '' VBD NNP NNP , DT NNP NNP NNP IN NNP , NNP .

IN DT JJ NN IN DT NNP NNP IN NNP NNP IN DT JJ NN NN IN NNP , DT NN VBD JJ .
DT CD NNS DT NN VBD IN IN DT NNP VBD VBN WRB DT NN VBD TO NN NNP .
CC NNP NNP , DT NN IN DT NN , VBD DT JJ NN CC NN NNS IN DT NNS POS NNS VBP VBN .

`` PRP VBP TO VB VBN IN PRP , '' VBD NNP NNP , DT NN IN DT NNP NNP NNS POS NN .
PRP VBZ CD NNS IN NNS TO VB IN DT NNS NN TO DT NN PRP VBP .
RB , VBZ VBG RB JJ , RB , CC JJ NNS IN DT JJ NN IN WP VBZ RB VBN IN DT NN IN NNP POS NN , VBN IN NNS TO VB NN IN DT NN IN NNP NNP , NN IN NNP NNP .
NNP NNP , DT NN , NNP , NN NNS , VBD DT NN NN VBZ NN IN `` DT JJ NN IN NNS IN DT VBN NN NN VBZ VBG .
EX VBZ DT NN IN EX VBZ DT JJ NN IN NN IN NN .





NN VBD WRB JJ JJ IN DT NN DT JJ NN MD VB .

`` PRP VBD DT JJ NN PRP MD RB VB RB IN DT NN , VBN IN RB .




WRB DT JJ NN NNP NNP , DT JJ NN VBN NNP .

JJ NNS VBP VBN RB IN DT NN VBG NNP NNP , CC CD IN JJ NNS .




CC PRP VBZ RB RB DT NN NN WDT VBZ DT JJ NNS JJ .

`` DT JJ NN VBD DT JJ NN NN , '' PRP VBD IN PRP$ NNS , WDT VBZ IN DT JJ NN IN DT JJ NN NNS IN DT IN NNP POS JJ NN .


`` PRP VBD RP IN CD .
RB , '' VBD NNP NNP , DT NN , NNP , NNP NNP WP VBD NNP NNP CC VBD IN NNP NNP POS NNP NNP NN .

NNP NNP VBD RB VB RB RB .
`` WRB PRP VBP .


NNP NNP NNP POS JJ NN NN IN DT JJ NN VBZ VBN TO VB JJ NNS IN NNS IN DT NN , RB VBG NNP NNP , DT JJ NN NN , CC IN DT NN IN JJ NNS .
NNP POS NN IN CD NNS DT NN IN NNS IN DT JJ NN NN .


NNP POS NN , IN NN , MD VB DT JJ IN PRP$ NNS VBP RB TO VB IN NNS VBN IN JJ JJ NN .

DT IN DT VBZ RB DT NN WDT VBZ RB CD NNS CC NN NNS IN JJS NNS .

CD NN , VBD DT JJS JJ NNS VBP RB CD NN CD , RB VBG TO DT NN .



IN CD CD NN , PRP MD VB RB RB VBN , CC PRP VBZ VBG RP DT NN IN NN NNS WDT VBP NNS RB .









VB DT NN IN NNP , WDT RB VBZ CD NN IN DT JJ NN NNS .

VBG TO DT NN , RB , VBZ VBN TO DT NN IN NN .


NNP CC NNP VBD RB VB JJ NN NN .
DT JJ NN MD VB RB VBN IN NNS .
DT JJ NN , IN NN , VBG DT JJ NN IN PRP VBD CD NN IN DT NN VBZ RB CD .


IN DT JJ , JJ NN DT NN IN DT NN TO JJ NNS WDT VBP RB VB VBN .
VBG DT NN , NNS VBP DT JJ NN MD VB NN IN JJ NNS IN NNP , NNP CC RB JJ .

CC DT JJ NN VBZ VBN IN JJ CC NNS JJ IN NNP NNP .
NNP POS NN RB RB VBN IN NNP , WDT JJ NN VBD CD NN IN DT NNP NNP NN CC RB VBD TO VB PRP$ NN NN TO VB NNP NNP NNP , DT JJ JJ NN NN .
JJ NNS MD VB IN NNP IN DT VBN $ CD CD NN , DT NN WDT MD VB IN PRP VBZ JJ TO NNP POS NN CC NNS .
NNP VBZ RB VBG NN IN NNP POS NN NN .



NNS VBP RB VB PRP IN NN .



NNP POS NNS VBP DT CD NN CD NN NN , DT JJ NN WDT VBZ RB CD NNS CC DT JJ NN NN IN DT NN : IN JJ NNS , RB DT DT NN IN DT JJ NN NN .





NNP NNP CC NNP NNP NNP NNP VBD NNP NNP NNS TO VB JJ NNS IN NN IN NN .
NNP POS NN VBD $ CD CD , CC NNP POS $ CD CD .
NNP NNP VBD DT $ CD CD NNP JJ NN IN NN CD NNS IN DT JJ NN .
NNP NNP NNP VBD DT $ CD CD NNP JJ NN IN NNP NNP NNP .
NNP NNP VBD DT $ CD CD NN NN TO VB NNS VB .
NNP NNP VBD DT $ CD CD NN NN IN JJ NNS .

DT JJ NN VBZ DT JJS NN IN DT JJ CD NNS .
DT NN , WDT VBZ VBN IN DT NN IN NNP , VBZ DT NN IN CD NN IN NN CC VBZ RB CD NN .
NNS VBP JJ JJ NN IN DT JJ CD NNS IN DT NN , WRB DT DT JJ CD NN NN NN VBN IN DT NN IN NNP NNP NNP NNP NNP CC DT JJ , VBN NN IN CD NN .
NNP POS JJ NNS IN NNP VBD CD NN IN DT NN RB CC VBD RB CD NN IN DT JJ NN , DT NNP IN NNP VBN NNP .
DT JJ NN NN NN IN NN , VBN IN DT CD NN IN CD .


NNP NNP NNP NNP NNP NNS VBD CD NN IN NNP POS NN , IN DT NNP NNP NNP NNP POS JJ NN .
NNS IN NNS VBD RB RB RBR IN JJ NN NNS IN DT NN .
CC IN DT NNS VBG JJ NNS VBD NNP NNP NNP CC NNP NNP NNP NNP .
JJ JJ NNS VBD VBG VBD NNP NNP CC NNP NNP , NNP NNP NNP , NNP NNP CC NNP NNP , DT JJ NN .


NNP VBD IN $ CD , RB $ CD .

RB , CD CD NN CD NNS DT NN NN IN PRP$ JJ NN IN JJ JJ NN NNP .

NNP NNP NNP VBD PRP VBD CD NN IN DT NNS IN NNP NNP .

DT NNP NNP NNP NNP NNP NNP JJ NN IN PRP MD RB VB DT NN TO DT NN IN RB JJ IN CD NN IN NNP NNS .
DT JJ CD NN NN VBD JJ NN IN PRP VBP TO VB RB RB IN CD NN IN DT JJ NN NN , DT NN VBN IN JJ NNP NNP NN NNS .
NNP NNP NNP VBD PRP VBD VBN DT NN IN DT JJ NN IN NNP IN NNP VBD VBG NNS .
NNP VBD PRP RB VBZ JJ IN NNP IN VBG DT JJ NN .

DT NNP IN PRP$ NNS MD VB PRP TO VB DT NNS CC VBP RB JJR NN TO VB DT NN VB PRP$ NNS .
IN NNP CD , DT NN VBZ VBD VBD TO VB VBN TO DT JJ NN IN DT NN NN .
NNP , DT NN NN VBD WRB DT NN IN DT NN NNS IN CD NN IN PRP$ JJ NN .
IN DT NN VBZ RB VBD RP DT JJ NN TO VB DT NN , DT NN NN MD VB VBN DT NNS .



NNP NNP , JJ NN NN IN NNP NNP NNP , DT NNP NNP NN NN NN , VBD PRP VBD RB VB DT JJ NNS IN NN NNS IN JJ NNS .


NNP NNP , VBG NNP NNP NNP POS NN , VBD PRP VBZ VBG RP IN NN NNS IN CD NNS .
DT NNP NNP , NNP , NNP NN VBD PRP MD RB VB NNS IN NNP NNP POS NNP NNP NN , NNP NNP NNP POS NNP NNP NNP NNP NN CC NNP NNP IN DT NN IN DT NN .
CC PRP VBZ VBG IN NNS IN NNP NNP POS NNP NNP NN CC NNP NNP NNP .
JJ NNS VBP NNP POS JJ NN IN DT CD NNS NN IN $ CD CD CC $ CD CD .
DT NN IN NNP MD RB VB DT NNS CC VBD DT CD NNS VBG VBN NN IN `` RB JJR IN NN '' IN DT NN .






IN DT NN , NNP VBD PRP$ JJ NNS TO DT NNS VBD TO $ CD CD CC IN DT NN IN NNP NNP VBD $ CD CD .



DT NN VBZ VBN JJ IN DT NNP CC NNP , VBD NNP NNP , JJ NN NN IN NNP . NNP CC NNP .


NNP VBD DT NN VBD RB DT NN IN DT NN , WDT VBZ DT NN POS JJ NN IN DT JJ NNS VBP VBN IN NNP .





NNP VBD DT JJ NN VBZ DT NN IN DT `` JJ NN NN , '' NN IN NNP NNP NNP .
NNP NNP NNP , VBG TO VB IN NNP NNP NNP NNP IN DT NN IN DT JJ NN , VBD PRP VBZ TO VB JJR NN CC NNS IN PRP$ JJ JJ NN VBN NNP CD .


IN DT JJ NN , NNP VBD JJ NN IN $ CD CD , CC CD NNS DT NN , IN NN IN $ CD CD .
NNP VBZ TO VB DT JJ NNS IN DT NN JJ NN .



NNP VBZ `` NN '' NNS : CD IN CD CD NNS : IN VBN NN NNS , VBN IN NNP NNP CC JJ JJ NN NNS .

NNP POS JJ NN NN VBZ VBN VBN .

NNS VBP DT JJ NN TO VB DT JJ NN IN NN RB IN NNP , DT JJ NN IN NN .
`` PRP VBP PRP MD VB RB CD TO CD CD NNS IN NNP '' IN DT JJ JJ NNS , VBD NNP NNP , DT NN IN DT JJ NN .
DT MD VB NNP POS NN .
`` PRP MD VB VBN IN DT NN VBD IN JJR IN CD NN JJ NN , '' VBD NNP NNP , DT NN IN NNP , NNP CC NNP .

`` NNP NNP MD VB VBN VBN TO VB VBN , '' VBD NNP NNP .
CC NNP NNP NNP IN DT NN VB RB TO VB NNP POS JJ NN IN VBG RP DT IN DT NN IN JJ NNS RB VBN IN NNP NNP POS NN .
`` DT NN VBZ RB VB NN , CC JJ NNS , '' PRP VBD .


`` PRP VBP IN DT JJ NN NN , '' PRP VBD .
NNP RB VB RB .
DT NN NN POS NNS MD VB RB TO VB JJ NN IN DT NN .

PRP VBZ VBG DT NNP NNP TO VB PRP$ NN IN NN CC PRP VBD DT VBG RP IN DT RB JJ NN .

DT MD VB RB JJ .

WRB PRP VBD RB , IN DT NN , DT NN VBD .

DT CD NN VBD `` DT NNS VBP RB PRP VBP PRP , '' VBZ NNP IN NNP NN VBD JJ .
DT NN VBZ RB VBN IN DT NN IN DT NN .





DT NNP NN VBD VBN IN DT CD NN .

NNP VBZ JJ .
NNS VBP JJ .
JJ NNS VBP JJ .


JJ NNS MD VB IN DT VBZ RB VBN JJ DT JJ NN IN PRP$ JJ NN .
CC DT NN IN DT CD NN IN DT NN VBZ JJ TO VB RP JJ NN NNS IN PRP$ NN TO VB NNS .
VBG DT NN POS NN , NN NNS VBD DT JJ NN NN NN IN DT NNP NN NN TO VB NN JJ NNP , RB IN CD NN DT NN RB .

DT NN RB VBD TO VB NNP IN DT NN NN POS NN VBD DT NNS TO VB PRP$ NN TO VB IN DT NNP .
NNP NNS VBP VBN RB IN NNS IN DT NN POS NN VBD RP IN NN IN JJ NNS , VBG TO VB DT NN NN WDT VBZ VBN VBN IN JJ NNS .
DT NN NN VBZ RB RB VB JJ NNS IN DT NNP VBD RB RB DT JJ NN .



IN DT JJ NN IN CD , DT NN NN IN DT JJ JJ NN IN JJ NN .
DT NN IN NNS VBZ IN PRP VBD DT RB JJR : CD NN IN DT JJ NN IN CD , WDT VBD CD NNS RB .
DT NN IN NN VBZ `` VBZ RB IN DT NN WRB DT NN VBZ RB VBD RB , '' VBZ NN JJ NN IN NNP NNP , DT NNP NNP , NNP , JJ NN .





WP VBZ JJR , DT JJ NN NN VBZ RB VBN IN DT JJ CD NNS .





RB IN NNP POS NNS , NNP NNP NN NN NN VBD VBN IN DT NNS MD RB VB JJ TO VB IN TO PRP$ JJ NNS IN JJ NN IN IN PRP$ NN TO VB JJ JJ NNS , NNS CC RB VBN NNS .

IN DT NN , DT CD NN VBD , DT NN VBZ RB VB IN NNS IN NN NNS .

DT NN IN NNP NNP VBZ RB CD NN NN .
NNP VBD DT NN NN VBD JJ IN NNP .

IN DT NN IN NNS VBN NNP IN NNP NNP , NNP , IN DT NNP NNP NNP VBP JJ , NN NNS VBD RB CD NN IN NNP POS NN .


CD NNS RB , IN DT JJ NN IN NNP VBD DT CD NN CC DT JJ NN .
DT NN VBD DT JJ NN .
DT NN WDT VBD NNP NNP VBD DT RBR JJ NN NN .

IN NNP NNP NNP -LRB- NNP , NNP -RRB- NNP NN , `` DT VBZ RB DT JJ JJ NN .
PRP VBP JJ IN DT NN .
DT JJ NN VBZ VBN TO VB IN NNS VBN IN DT JJ NN IN IN JJ NNS IN DT JJ NN IN DT NN .
NNS IN JJ NNS , DT JJ NNS VBN IN JJ NNS IN JJ NNS , VBP VBN JJ JJ NN IN NNS .
VBG DT JJ NN IN DT NN VBZ RB CD NN , DT NNS RB MD VB VBG IN JJ JJ NN IN DT CD JJ NN .



IN NNP VBZ VBN VBN IN NN NNS CC NNS , DT NN RB VBZ DT JJ NN IN NNP , WDT VBZ VBN IN JJ CC JJ .

DT NNP NNP VBD TO VB IN DT NNS .
IN DT NN NN IN NNP NNP , NNP NNP CC NNP , DT NNP NNP VBZ VBN VBG RB JJ NN IN CD NNS NN IN DT JJ NN IN CD NN TO CD NN .



RB , DT NN NNS VBP VBN TO VB VBG NNS , RB IN RB JJ IN PRP$ NN VBZ IN JJ NNS .
NNP NNP NNP VBZ VBN TO VB VBD RB VB NN IN JJ NNS , JJ CC JJ .

NNS VBP VBN RP IN NNP NNP MD VB RB IN DT NN IN DT JJS NN IN PRP$ NNP NNP NN NN .
DT NNS IN JJ JJ NN IN $ CD TO $ CD DT NN .
IN DT CD JJ NN , DT NN VBD $ CD CD , CC $ CD DT NN , IN NNS IN $ CD CD .
NNP NNP VBD TO VB .

DT JJ NN NN VBZ VBN TO VB RB IN NNS IN PRP$ NNP NNP CC NNP NN NN VBP VBN .
NNS VBD TO VB IN DT NN IN DT JJ NN IN DT NN , CC PRP VBZ VBD PRP VBZ VBG TO VB DT NN IN DT IN CD .
JJ NNS IN JJ NN IN $ CD CC $ CD DT NN .
DT NN RB , DT NN VBD JJ NN IN $ CD CD , CC $ CD DT NN , IN NNS IN $ CD CD .
NNS VBD TO VB .
CC DT JJ NNS VBP VBN IN DT NN IN DT JJ NN .
IN DT NNS IN NNP NNP CC IN DT NN , DT JJ NNS VBP IN DT NN , WDT MD VB JJ NN .
CC NNS VBP VBG NN NN MD VB NN IN NNS IN DT JJ NN .
IN DT JJS NN , IN JJS , NN VBZ VBN TO VB RB .

DT NNS VBP IN DT NN IN CD NNS DT NN TO CD NNS , VBN IN DT JJ $ CD DT NN DT NN RB , WRB NN VBD $ CD CD IN NNS IN $ CD CD .

DT NN , VBN IN NNP , NNP , VBZ VBN IN NNP NNP . NNP , NNP , WDT VBZ DT NN JJ IN DT JJ NNS PRP VBZ RB RB JJ .

DT NNS IN PRP$ NNS IN NN , IN PRP VBZ RB VB WRB DT NN MD VB JJ JJ NNS .
CC DT NNS NN IN CD TO CD NNS DT NN .
IN DT CD JJ NN , NNP VBD $ CD CD , CC $ CD DT NN , IN NNS IN $ CD CD .





DT NN , WDT VBZ VBN RB TO DT NN IN NN IN NNP CD , RB , VBD VBN IN DT NN IN CD NN NNS IN DT NNP POS JJ NN .
NNP NNP IN NNP POS NNP NNP NNP CC NNP IN NNP CC NNP POS NNP , DT JJ NN MD VB VBN IN NNS VBN IN NNP NNP NNP NNP .


DT JJ NN , WDT MD VB VBD RB TO DT NN IN NNP , VBD VBN IN CD NN NNS IN DT NNP POS JJ NN .
NNP NNP IN NNP NNP CC NNP IN NNP , DT NN MD VB VBN IN NNS VBN IN NNP NNP CC NNP .



IN NNS IN WDT NNS VBD JJ , NNS VBD IN JJ NN , CC CD NN NNS IN NNP NNP NNS , TO CD NN , CC CD NN NNS IN JJ NNS .



JJ NNS VBD RB RB JJ .


DT NN POS JJ NN NN , VBN IN NNP NNP CD NN NNS VBN IN DT JJ NN VBD DT NNP , MD VB VBN IN JJ CC JJ NNS .
DT NN VBZ VBG VBN IN DT NN NN .
DT JJ NNS MD VB VBN IN NNP NNP IN DT NNP NNP NNP , NNP CD , WDT MD VB CD NNS .
DT JJ NNS MD VB VBN VBN IN NNP NNP .
DT JJ NNS VB DT JJ IN DT NNP NNP NNP CD NN NNS , IN DT JJ NNS VB JJ NN .
NNP NNP VBD DT JJ NNS VBD VBN IN CD CD TO VB JJ NN , VBG DT JJ NN IN CD NNS CC DT NN IN JJ NN IN DT JJ NN .
DT JJ NNS VBD VBN IN CD CD TO VB JJ NN .
EX VBD DT JJ NN CC JJ NN NN IN NNP NNP .
