An .
Am Nc .
Np Hf Cp Af Nc .
Am Nc R Nc Punct Nc Cp Nc .
Np .
Nc R Nc .
Nc R Nc .



Vni Nc Punct Pr Vxi Vpi Tx Vpp .
Vni Nc Punct Pr Vxi Vpi Tx Vpp .
Dd Am Am Nc Punct R Pr Tn Vpi Tx Vpp Pn .
Cs Vpp Nc Dl Punct Vpi Np Hf .
Cs Vpp Nc Dl Punct Vpi Np Hf .

An Dd Pf R Pp .
Pi .
Pc Nc Vni Nc .
Pd Vxi Nc R Nc Punct Pp Vxi Am Nc Cp Vni Tx Vpp Nc R Ps Nc .
Vpp Pp R Nc Punct Np Punct Np Cp Np Hf .
Am Nc Vxi Nc .

Nc Vni Tx Vyp Vpp Punct Tx Vyp Af .
Dq Vpi R A Nc Cp Vpi Nc R Nc .
Vni Nc Cp Vni Nc Punct R Pr Tx Vpi Nc Ps .
Pn Punct R Pf Af Nc R Nc .
Cp Mc Nc Punct Pc Nc Vni Nc .
Nc Vpp Dm Cp Vpp Nc R Af Nc .
Am Nc Punct Np Punct Np Punct Nc Punct Nc Cp Nc R Nc .
Nc Tn Vxi Vpp Nc .
Am Nc Punct Cp Vpi Dt Tx Vpp R Np Cp Np .
Vni Tx Vpp Nc Nc Punct Tx Vpp Pc A A Nc .
Cp Cs Pp Vpp Punct Tx Pp Vpi R Dq Nc A Punct R Dq Nc A .
Af Ps Af Nc .
Tx Vpp Cp Vpp Nc R Af Nc Punct Tx Vpp Pc Ps Nc Punct Cc Tx Vni Tx Pp Vpi Dt Cp Dt .
Tx Vpp Nc R Nc Punct Cs Vpp Nc Ps .
Cp Tx Vpi A A Nc R Nc An .
Tx Pp Vpp R Af Nc Cp Tx Pp Vpp R An Nc .
Dq Pd Nc Pp Tx Vni Tx Pp Vpp R Np Cp Np .
Cc Cs Nc Vni Tx Vpp R Am Ps Nc .
Nc Vxi .
Nc Vni Tx Vpp .
Vpp Dl Punct Pp Vpp Nc R Nc Cp Vpp .
Punct Ta Vyp Nc .
Cp A Nc .
Mc Nc Tx Vpp Np R Nc Mo Nc Punct Pr Nc Tx Vyp Am .
Pd Vpi Nc R A Nc Punct Vpp R Nc Dt .
Af Af Nc Te Tx Vpp Nc R Nc Cp Nc .
Am Nc Vpi Tx Vpi Cp Nc .
Nc Vpi Nc R .
R Nc R Nc Cp Np Pp Vpi Tx Vpi R Nc R Nc R Nc R A A Nc .
R Nc Nc R Nc R Punct Nc Punct Vpi Nc .
Pp Dd Vni Nc Tx Vpi R A Ps Nc Cp R Pd Pp Vpi Np .

Cp Nc Punct Cp Nc Tx Vpi Nc R A Nc Vpi Am Am Nc Dt .
Nc Vpi R Mc Punct Mc Nc R .
Vpp Pp Am Nc Vpp R Mc Punct Mc Nc R Np R Nc Ps Vpp Nc .
Am Nc Np Punct Np Punct Np Cp Np .
R Nc Tn Vxi Dq R A Nc R Af Nc .
Nc Vxi R Nc Punct Pr Vpi Am Nc Cp Vpi Tx Vpp Pc Nc Punct Pr Vxi Vpp Punct Vpp R Punct Np Punct Vpp R Nc Np .
Punct Vpi Pf Nc R Nc R Nc .
Np Pp Vpp R Nc R .
Am Nc Np Vpp Am R Nc R Nc R Nc Punct Vpp R Mc Punct Mc R Ps .
Punct Vpi Nc Punct .
Punct R Nc Vpi Af Nc R Cs Pp Vpi R Pc Nc Tx Vpp Dd R Mc .
Nc Vxi R Nc R Punct Np Punct Af Np Cp Hm .
R Nc Ps Vpi Nc Punct Cs Tn Vxi Vpp R Punct Np Punct .
Vpi Punct Cs Pp Vpp Punct Cs Pp Vpp R Nc .
Vpi Punct Cs Nc R Nc R Nc R A Nc Cp .
Punct Vpp Np .
Nc Punct Pr Vpp Mo Ps Nc R Np Punct Vxi Vpp .
Nc Vxi R Nc Punct Cc Tn Vpi Dm Punct Cs Vxi Am .
R Pp Vpi Nc Pi Pp Vpi R Nc .
An Vxi Ta Vpi Punct Pd An Nc .

Dm Np Pp Vpp R Pf Nc R Af Nc R Np Cp Dt Vxi A .
Hm Vpi R Np Nc R .
Np Tx Vpp R Am Nc Tx Vpp R Af Nc R An Nc R Nc Ps .
Nc Vxi Tx Tn Pp Vpp Nc Ps R A Punct A R Pp Am Nc .
Pd Vpp Nc Hm R Am Nc R Mo Nc R Nc R Af Nc R Af Nc Punct Np Punct Punct Pr Pp Vpp R Np Dt .
Np Vpi Cp R Nc R Am Nc Punct Vpp R Nc R Np R Np .
R Pp Pc Nc Nc Pp Vpi Nc Dd Ps Nc Punct Vpp Dq Hm .

Nc R Np Vpp Nc Mc R .
Nc R Nc R Np Vpp R Mc Nc Dt Punct Cs Vpp Nc R Nc Mc R Nc Punct Vpp Nc Punct Punct Vpp Np .
Vpi Pp Nc R Nc R A Nc Tx Vpp R Nc Cp R Pp Punct Vpi Ps Nc .
Nc R Nc Vxi Vpp R Nc R A Nc R Af Af Nc Punct Pr Vpi Punct Cs Nc R Nc R Np Vxi Vpp R Am Nc .

Nc R Nc R Np Np Vpp Dt Punct Cs Vni Nc R Nc R Nc Cp Cs R Nc Vxi Vpp Md A Nc .
R Pp A Nc R R Nc Nc R Nc Vxi Dq A Cp Np Vxi Vpp Pp Tx Vpp R Am Nc .
Tn Vxi Af Nc Cp Tn Vpi A Nc Punct Vpp Nc Np Hm R Am Ps Nc R Nc R Np .

Nc R Nc Vxi Af R Pd Tx Vxi A Punct Nc Cp Nc R A Nc R Nc Ps Tx Vpi A Nc .
R Tx Vpi R Np Punct Hm Pp Vpp Cp R Np Punct Am Nc Cp Np .
Am Nc Vni Tx Vpp Am Nc R Nc .
R Pd Nc Pp Vpi Np Punct Nc Cp Nc Hm .
Nc Dd Vxi Vpp R Nc .
Nc Dd Vpi Nc R Nc Punct Pr Vni Nc R Nc Punct Vpp Dq Hm .

Nc R Nc Pp Vpi Punct Cs Vxi .
I Punct Pi Vxi Vxi Nc R Af Af Nc Punct Vpp R Nc Dt .
Pd Vpp Nc R Nc R Nc Np Tx Vpp Nc Nc R An Nc .

Pd Vxi Np Punct Np Punct Vpp Np Punct Np Cp Np .
Nc R Hm Cp Nc R Nc R Np Vxi Vpp R Am Am Nc Np R Mo Nc R Nc R Nc R Nc .
Pd Nc R Af Af Nc R Nc R Vpp Nc Punct Pr Nc Tn Vxi Vpp .
Pd Nc R Hm Dm Vpp .
Np Pp Vpp R Nc Tx Vpp Nc R Hm R An Nc Cp Nc .
R Nc R Np Hm Vpp Nc R Nc .
Np Vpi Nc .
Vpp Pp Punct Cs Mc Nc R Np Punct Vpi Punct R Nc Punct Pr Pp Vpp R Np Hm .


Nc Vpp Nc R Hm Punct Pr Vpi Nc R Nc Punct Vxi Vpp R A Nc Punct Cp Nc Ps R Nc R Nc R Nc Vxi A .
R Nc R Nc Np Pp Vpp Punct Cs Mc Nc R Nc Vpi A Nc Cp Vpi Tx Pp Vpi Pi Pi Vxi Vpi .
Am Nc R .
Nc R Nc R Punct Np Punct Np Vxi Vpp R Nc R Nc R Np Punct Vpp Am Nc Np Dt .
Am Nc Vxi Vpp A Nc R Am Nc .
Nc Dd Tn Vpi Tx Pp Vpp Punct Cs Nc R Nc Vxi R Nc Punct Cs Pp Vpi Nc R Nc R Nc .
Vpp Nc Am Nc Vpp Nc Ps R Nc Punct Cs Vxi Vpp Af Nc .
Dt Dd Vpi Nc Vpp Nc R Np .
R Pf Nc Punct Np Punct Vpp Mc Nc A Nc R Af Nc .
Np Pp Vpp R .

R Nc Nc Punct Vpp R Am Nc Punct Pp Vpi R Nc .
Nc Vpp R Nc Cp Nc R Np .
Pd Dd Vxi Vpi Tx Vpp Mc Nc Punct Pr Vpi Nc R Af Nc .
Mc Nc Cp Nc Vxi R An Nc Cp A Nc .
R Nc Vxi Vpp Am Nc Vpi R Nc .
Vpp Pp Nc Dd R Nc .
Hm Tx Tn Pp Vpi R Nc R .
Am Nc Np R Np Vnp Dm Dt .

Cs Nc R A Nc Vxi Vpp Nc R A Ps Nc Punct Dt Vxi Af Nc .

Dq Dm Vxi Dd Punct Pr Nc Pp Vpi R Nc Punct Cs Tn Vpi Pn Nc .

Dt Punct Dd Vxi Vpi Tx Vpp Nc R Nc Ps Punct Vpp Am Nc .

Pd Nc Tn Vxi Vpp R Hm .


Am .
An Ps Nc Punct Vpi Ti Nc .
Np Punct Mc Nc Punct Punct Nc Punct Np .
Punct Vpi Pp Tx Pp Vpi Dq Dm Cp Tx Tn Pp Vpi Md R Nc Ps .
Np Hf Punct Mc Nc Punct Punct Np Punct Np .
Punct Np .

Pd Dt Vpi R Nc R Pc .
Np Punct Mc Nc Punct Punct Nc Punct Np .
Punct Vpi Pp Dd R Nc R Af Nc .
Vpp Pp R Mc Nc Tx Vpp Punct Cs Pp Vpp Punct Cp R Pd Nc A Nc .
Np Punct Mc Nc Punct Punct Nc Punct Np .
Cc Cs Vpp Nc Punct Vxi Am .
Vpi Punct Cs Pd Nc Tx Pp Vpp Tx Pp Vpp Pi Tx Vpp Nc .
Np Hf Punct Mc Nc Punct Punct Nc Punct Np .
Punct Ta Punct Nc .
Cc Nc Punct Cs Vpp Nc R Nc Punct Vxi Md Am Punct Cs Pd Vpi Nc R Ps Nc .
Np Punct Mc Nc Punct Punct Nc Punct Np .
Punct Tn .
Cc Cs Vpp Pd Nc Punct Vxi Am .
Cs Pp Vpi Dd R A Nc Punct Vxi Vpp Tx Vpp Dt .
Np Punct Mc Nc Punct Punct Nc Punct Np .
Punct Vpi Pp Punct Cc R Nc R Mo Nc Tn Vpi Md .
Vpi Pp Dd Tx Vni Nc R Pd R A Nc .
Np Punct Mc Nc Punct Punct Nc Punct Np .
Punct Ta Punct Nc .
Vpi Tx Tn Vpi Md Nc Punct Cs Tn Vpi Md .
Np Hf Punct Mc Nc Punct Punct Nc Punct Np .
Punct Vpi Pp .

Np Punct Mc Nc Punct Punct Nc Punct Np .
Punct R Nc Tn Vpi Md Nc .
R An Nc Tn Vxi Vpp Punct Cc Tn Vxi Vpp R Pd Pf .
.
Nc R Am Nc .
R Af Nc Vpi Nc Punct An Cp An Nc R Nc .
Pd Pp Vpi R A Nc R Am Nc R Nc R Mo Nc Punct Vpp R Np .
R Nc Af Nc Vpp Nc R Mc Nc Punct R Pr Pp Vpi Nc R Nc R Af Nc R Nc Punct Pr Vni Tx Vpp R Nc R Mo Nc .
Af Nc R Pd Nc Vpi Dd R Nc Punct Vpi Nc R Np .
Hm Vpp R Mc Nc R .
Nc Np Vpi R Nc R Nc Np R Mc Nc R Nc Np .
Pd Vpp Am Nc Vpi R Nc R An An Nc R An Nc R Nc R Nc Np Hf .
Nc Vpp Nc R Mc Nc R Nc Dt R Mc Nc Punct Pr Vpi R A Nc R Nc Punct Tx Vpp Pi Tn Vxi Vpp A Nc Punct Pr Vpp R Nc R Nc .
Vpi Tx Vpp Af Nc Pi Nc Cp Nc Vxi Vpp Pd Nc Tx Vpp Punct Cs Tx Vpp Nc R Nc R Nc R .
Punct Vpp Am Nc .
Am Nc R Np Tx Vyp A R Nc Cp R Nc Punct Vpp R Nc .
Nc R Pp Vpi R Mc Nc R Nc R Nc .
Nc Vpp Punct Np Punct Punct Np Punct R Nc R Punct Hm .
Np Punct Punct Np Punct Vxi Vpp Nc R Nc R Nc R Nc R Np Punct Vpp Np Punct Punct Vnp Dm R A Nc .
Mo Nc Vxi Am Nc Punct Mc Nc Punct R Af Nc .
Nc Vxi Vpp Pd Nc Vpi Nc R Punct Np Punct .

Nc R Np Cp Np Hm Vpp R Nc R Punct Hm Punct Np Punct Np Punct Punct Np Punct .
Np Dq Ti Vni Tx Pp .
Punct Tn Vpp An Ps Nc .
Punct An Vxi Tx Tn Pp Vpp Nc R Nc Punct Pr Vpp R Nc R Punct Np Punct .
Dq Dt R Pd Nc R Nc Vni Mc .
Punct Vpp Pp .
Am .
Punct Vpp Vxi Mc Nc R Np Np Hm .
Punct Vpi Tx Pp Vpp A Nc .
R Am Nc Vxi Am Nc R Punct Np Punct Np Punct Pr Vpp R Nc R Af Nc Punct Np Punct .
R Nc Pp Vpp R Nc R Nc .
Punct Nc Hm Punct Am Ti Vxi R Nc .

Vpi Pc Nc Punct Cs R A Nc R Np .
Punct Vpp Nc Vxi Np Punct Punct Np Punct .
Pi R Mc Nc Vxi Vpp R Pp .
Punct Np Punct Vxi Nc R Punct Np Punct .
Punct Vpp R Nc Pp Vpi R Af Nc R Nc R Pp .
Punct Pp Tx Pp Vxi Nc .
Punct Dt Pp Vpp Punct Cs R Nc Tx Vpi Am Nc R Np .
Punct Vni Tx Vni Nc Punct Pr Dt Pp Vpi R Nc .
Punct Nc R Nc Hm Vpp Ps Nc R Np .
Pd Vpi Ti Punct Cs Tx Vpp Cp Vpp Nc R Np .
Dt Vxi Vpp Punct Cs Nc Vni Tx Vxi Vpp R A Nc Punct Tx Vpi .
Pd Vni Pn An R Nc Punct Pr Vpi Np .
Punct Pi Tx Vpp Nc Pd Nc .
Punct Nc Vxi Tx Vpi Punct Tn Dd R A Nc Punct Cp Cp R Af Nc .
Mc Nc R Np Vpi .
Mc Nc R Am Nc R Np R Nc Tx Vpp Nc Ps Vpp Nc R Nc R Nc Cp Nc .
Dd Nc R Np Np Hf Cp Np Tx Vpp R Nc .
Pd Nc Pp Vpi Cp Nc R Punct Np Punct Punct Pr R Nc Vpp Nc Ps R Punct Np Punct Punct Np Punct R Nc Punct Np Punct R Mc Punct Mc .
Nc .
Vpp Pp .
Vpp Pp Tx Vpp A A Nc Cp Tx Pp Vpi R Nc Cp Nc Ps .
R Nc Pp Vpp R Af Punct Np Punct Np Cp Np Punct Cs Pp Vpp Tx Vpp Am Ps Nc R Np .
Tn Pp Vpi Punct Cs Nc Pp Vpi R Nc Punct Dm Pp Vpp Cp Dd Vpi Af Ps Nc .
Cs Nc R Pp Vxi Vpp Cp Nc R Nc Cp Nc Punct Pp Tx Vpp Nc R Nc Punct Vpp Pp Nc Cp Nc Dt Tx Pp Vpp R Nc Punct Af Cp Af Nc .
Dd Tx Vpp Punct Cs Vxi Dm Punct Cc Vni Tx Vni Nc Tx Vpi Nc Ps R Ps Nc .
R Mc Nc Nc Dd Vni Tx Vyp R Nc Ps Punct Cp R Pd Nc Vpi Cp Vpi Pp Dt Tx Vxi Pp Vpp R Am Nc Punct Vpp An Ps Nc Cp Nc Punct Cp Te Cp R Pp Pp Tx Vpi Ps A Nc R Nc R Pp Am Nc .
Vpp Nc Ps R Pp Punct Cs Pp Vpp Cp R A Ps Nc R Nc Cp A Nc R Nc Punct Cp R A Ps Nc Punct Cs Pp Vpp Tx Pp Vpp R Nc Cp An Ps Nc .
Cs Pp Vpi A Punct Dm Tx Pp Vpp R Am Ps Nc Cp R Vpp Nc Ps Np .
Nc Dd Tx Pp Vpp Punct Cs Pd An Nc Pp Vpi R Am Am Nc Punct Cs Vpp Nc R Pp Am Nc .
R Nc R Nc Tn Vxi Vpp Tx Vpi An Nc R Nc R Nc Cp Nc R Vpi R Am Nc .
R Nc R Af Af Nc Cp R Nc R Nc Tx Vpp An An Nc R Nc R R Mc Nc R Np Punct Np Punct .
Dm Vxi Tx Pp Vpi Cp Vpi Nc R Nc R Nc R Nc Punct R Pr Vxi Vpp Am Nc Cp Nc R Nc .
Nc Vxi Af Punct Cs Am Nc R Nc Ps Vni Dt Nc Mc Nc .
Am Nc Vxi Vpp R Nc Ps Np Hf Cp Np Punct Vpi A Nc R Nc R Nc Pp Vpi R Am Nc Np .
Nc Punct Pr Vxi Vpp R Mc Nc Nc Punct Cp Af Ps Nc Vni Tx Pp Vpp R Mc Nc .
Nc R Nc Vxi Vpp R Am Nc R Af Nc Punct Cs Vpp Nc Punct Nc R Nc R Mo Ps Nc Np Punct Dt Vpi Mc Nc Nc R Nc .
Nc Tn Vpi Tx Pp Vpp Punct Cs Ps Nc Vni Tx Vxi An Nc .
R Af Nc Vxi Vpp R Nc R Np .
Punct Vpp Nc R Nc .
Punct Vpp Nc R Af Nc .
Am Nc R Nc R .
Nc Vpi Nc Tx Pp Vpp Dd Nc R Nc R Np Punct Np .
Vpi Tx Pp Vpi R Nc Ps R A Nc Punct Vpp R Nc .
Nc R Nc Punct Pr Vpi Cp R Nc R Nc Punct Vpi Tx Vpp Nc Punct Np Punct Punct Vpi Nc Punct Np Punct .
R Mc Nc Nc Pp Vpp R Nc Ps R Np Cp Np .
Np Vni Vpp A A .
Am Am Nc Punct Pr An Nc Vpp R Mo Nc Punct Vpi A A A Nc Punct Vpp Np .
Pc R Nc R Nc Vxi R An Nc Cp Vxi Vpp R Am Nc R Np .
R Pc Ps Nc Pp Pp Vpi R Nc Cp Nc R Af Nc R Af Nc R Af Nc .
Dt Nc R Af Nc Vxi Vpp R Nc Ps R Nc R Nc R Af Nc .
Am Nc Vpi Nc R Am .
Nc R Nc R Af Nc R Nc R Mo Nc Vpi Punct Cs R Nc R Am Nc Pp Vpi Dm Punct Cs Nc Vpi Nc R Nc .
Nc R Nc Nc .
Nc Nc A Cp A Punct Pr Tn Vxi Vpi A Nc R Md Nc Punct Tx Vpp Nc Ps Punct Vpp Np Dt .
Dq Tn Vxi Vpp A Nc R R Mc Nc Cp A Nc R Nc R Nc Np Hm Punct Vpp Dq R Np .
Nc Vxi Punct Cs An Nc Pp Vpi R Nc R Af Nc Punct Pr Tx Vpp Nc R Nc .
Am Nc Vpi R A Nc R .
Am Nc R Nc Mo Nc Nc Vpi R A Nc R Af Nc R Nc Punct Vpi Nc .
Nc Vpp Dt Nc R Np R Mo Nc .
Nc R Nc Vxi Nc R Nc Cp R A Nc Vpi Tx Pp Vpp Mc A A Nc Punct Vpp R Nc .

Am Nc Punct Np Punct R A Nc Punct Nc R Punct Np Punct Punct Vpp Nc R Dt Punct Vpp Am Nc R Nc Np Dt .

Nc R Nc Vxi R Nc R Nc Np Punct R Nc Np .
Am Nc Vpi Nc R Nc .
Am Nc R Nc R Af Nc R Nc R Af Np Vni Vpp Nc R Nc .
R Nc Vpi Cp Am Nc Np Punct Np Punct Np .

Pd Vpp Nc R Nc R A Nc Punct Np Punct R Pp Nc R Nc Np Hm R Nc Ps Dt .

Pd Tx Vpp R Nc R Af Nc R Nc Ps Cp Tx Vyp Am Nc R Nc Punct Vpp Nc .
Np Punct Np Punct R Np Punct Np Punct Vni Pn An R A Nc R Af Nc Punct Np Punct .
Pd Vpp Dt Nc R Punct Am Am Nc Punct Np Punct R Pr Nc Pp Vpi A A Nc R Pp .
Nc Vxi Vpp Nc R Punct Np Punct R Punct Np Punct Punct Cs R Nc Ps Tn Vxi Vpp A Nc Punct Vpp R Am Nc R Af Nc .
Am Punct Np Punct Vpi Dd Nc R Np Punct Vpp Np .
Punct Np Punct Vpp R Am Nc Np Hm Punct R Pr Vpi Punct Np Punct R Np .
Am Nc Vpp A Nc Cp Dq Vpp Tx .
Af Nc Vpp Punct Cs R Af Nc R Mo Nc Nc Vxi Vxi Dq Am Nc .
R Mo Nc Pp Tn Vpi Dd Nc Punct R Cs Vxi Af R Nc R Nc R Nc .
Nc Np Te Vpi Punct Cs Pd Nc R Nc Vxi Vni Tx Vxi An R Nc R Nc .
Cs Vpp Nc R Nc Vxi R Nc R Np .
R Mo Nc Pp Vpi Dm Nc Punct Vpi Md Nc R Nc Punct Nc Ps Vpp A Nc Cp Vpi Md R Nc .
Pd Dd Vxi Dd R .
Mc Nc Nc R Pp Vxi Vpp R Dq An Nc R Nc Cp Nc R Np .
Vpp Pp Cp Nc Punct Cp Nc Punct Cp Nc Tn Vpi Pn R Nc R An An Nc .

.
R A A Nc R Af Nc Vpi Nc R Nc .
Nc Pp Vpi Cp R Nc Punct Pr Vxi Vpp R Nc .
Cp Cs R Nc R Nc Mc Nc Pp Vpi Md R Mc Nc Punct R Nc R Mo Nc Pp Dt Pp Vpi R A Nc Punct Cs R Nc Vni Nc Cp R A Nc .
Md Nc Cp Nc Punct Pr Vpi Punct Pp Vpi R Nc Punct Pd Nc R A Nc Pp Vpp Dm R Nc R Np .
Am .
Am Nc Np Hm Vpp Nc R Mc Nc Dl .
R A Nc Nc Pp Vpp R Am Nc R Nc Punct Vpp Np Punct Punct Pr Vpi Cp R Nc R Af Nc R Pp .
Nc R Mc Nc Vxi R R Mc Nc .
Nc Punct Nc Punct .
R Af Nc R Nc R Nc R Nc R Nc R Af Af Nc Punct Af Nc Cp A Nc Punct R An Nc Tn Pp Vpp .
Am Nc Vxi Vpp Punct Nc Pp Vpi Punct Cc Cp R Am Nc Nc Vni .
R Nc R Nc Vpp Cp Nc R Nc R Nc Cp Nc R Af Nc .
R Cp R Md Punct Vpi Nc Punct Te Cp Pd Nc R Nc Af Nc Vpi Dm Dl .
Nc Vpp Nc R Nc R Nc Ps .
Nc R Nc Dm Pp Vpp Cp Nc R Pc Nc Cp A Nc .
Nc R Pf Nc Vpp Punct Cs Vpi Tx Vpp Nc R Nc Punct Cc Pd Tn Pp Vpp .

Np Hf Cp Np Hm Vpp Nc Ps R Am Ps Nc .
Af Nc Vpi Tx Tn Vxi Vpp Vxi Dm Vpp Nc R Nc Punct Np Punct Np Punct Nc Cp Nc .
Nc R An Vpp Dl Mc Nc R Nc Punct R Am Nc Vpi Nc R Nc R Nc R Nc R Nc R R Mc Nc Dt .
R Am Ps Mo Nc Nc Vxi Vpp Tx Vpp Cp Nc R Nc Punct Nc Punct Vpp R Nc Punct Nc Punct Vpp Nc Punct Np .
Cp Pd Vxi Dm Punct Cs Af Nc Vxi Dq R Mo Nc .
Nc Pp Vpi R Am .
Am Am Nc Vpi R Am Am Nc R A Nc Cp Af Np Punct Dd Cp R Np .
R A Mc Nc Nc R Nc R A Cp A Nc Pp Vxi Vpp R Am Nc .
Nc Vpp A A Nc Punct Np Punct Punct Nc R Nc Np .
Nc R Nc Vxi R An Nc Punct Vpp R Nc Punct .
R Nc R Nc Pp Vpi Punct Cs Vpi Nc R Nc .
Am Nc Vpi Nc Dd Vpi R Nc Vpi R Pc Vpp Nc R Nc Nc Np .
Nc Vxi Vpp Punct R Pr Vpi Md A Nc .
Dq Vpi Nc R Nc Mc Nc Nc Vpi Punct Cs Np Vxi Nc R Pp .
R Mc Nc Nc Vpi R Nc R Nc .
Af Nc Te Vpi Punct Cs Nc Vxi Pd Punct Pr Vpi Nc .
Dd Am Nc Vxi Pd Punct Pr Vpi Punct Cs Nc Vxi Am Nc .
Dq Mc Nc Vpi Punct Cs Vpp Nc R Nc .
R Nc R Nc Am Nc Tn Vxi Vpi Te Nc Tx Pp Vpp R Am Ps Nc .
R Af Nc An Nc Punct Pr Vni Tx Vpi Nc Punct Vxi Tx Tn Vpi R A Ps Nc .
Am Nc R Nc R Nc Ps R .
Am Nc R Mo .
Am Cp Am Nc R Np Np Hm Vxi Vpp R Nc Np R Nc Nc Punct Vpp Np .
Am Nc Cp Nc R Af Nc Vxi Vpp R Mc Nc R Nc Ps R Nc Punct Np Punct .
Pp Vxi Vpp R Mc Nc R Nc Punct Np Punct .
Mc R Pp Vxi Vpp R Nc .
Am Nc R Nc .
Am Nc Pp Pp Vxi Vpp R Np Punct R Pd Vpi R Np .
R A Nc Dm Vpp Md Am Nc .
Pp Vpp Nc R Af Af Np .
Vni Pp Punct Cs Vni Nc R Af Nc R Np Cp Np .
Np Punct Np Punct Vxi Nc R Af Nc Punct Np Punct .
Vni Pp Punct Cs Nc R Nc Vni Tx Vxi Am Nc R Nc .
R Np R Np Dd Vpp Am Nc R Nc .
Nc Vpi A Nc Punct Nc R Np Punct Cp A Nc Punct Nc R Np .
Nc Pp Vpi R Nc R Np .
Nc Vpi A Nc Cp .
Nc Vpi A Nc Cp Nc R Np Dt Punct Vpp Np .
Nc Vpp R Nc R Nc Mc R Nc Punct Vpp Np Punct R A Nc .
Nc Cp Nc Vpi .
Nc Vxi Vpp R Nc R Af Af Nc R Nc Punct Np Punct Cp A Nc Punct Np Punct .
Nc R An An Nc Vxi Vpp Nc .
R Mc Nc Pp Vpp R Nc Nc R Pp R Nc R Np .
Tn Vxi Vpi .
Punct Vpp Nc R Punct Np Punct .
Am Nc R Nc R .
Pc Nc R Nc R Nc R Nc Tx Vyp Vpp R Nc R Am Am Nc Punct Vpp Nc Ps Np .
Nc Vxi Nc R Np Punct Cs Dm Vxi Vxi Vpp R Nc Np .
Nc Vxi Vpp Tx Pp Vpp Pi Pp Vpi Nc R Af Nc Punct Np .
Pd Vxi R Nc Punct Cs Vpp Am Nc Vpp R Am Nc R Np .
Cs Tn Pp Vpi Np R Nc Punct Vpi Nc R Am .
R Af Nc Vpi Ps Nc Vpi R Af Af Nc .
Np Punct Pf Vpi Tx Vxi Pp Vpp .
Md A Nc Dd Np Cp Af Nc R Nc R Nc Cp Nc R Af Nc R Af Nc .
A Nc Vni Tx Vpp R Nc .
Cs R An Ps Nc Nc Vpi Dm Cp R A Nc .
Pd Cp Pd R Mc Nc Dt Punct Pr Vpi An Nc Pp Vpi Punct Cs Vxi Am Tx Pp Vpp .

Cp Nc Ps R Pp Vxi Af Nc R Af Nc Punct Vpp Nc Punct Vpp Nc Cp Nc R Nc R Pf Nc .

Pf Tx Vpi R A Nc R Np Np Hm Punct Nc R Nc Punct Np Hm Punct Vpp Hm Punct Vpp Pp R Am Ps Nc Punct R Pr Vpi Punct Nc R Np Punct Punct Punct Np Hf Punct Np Hf Punct Np Punct Np Hf Punct Np Hf Punct Mc Nc .
Am Nc R Pd Nc Vxi Am Punct Np Punct Punct Np Hf Punct Np Punct Punct Np Punct Np Punct Punct Np Punct Np Punct .
R Af Nc R Nc Ps R Nc Pp Vpp Cp Nc Punct Pr Te Vxi Vpp R Af Nc Vpi Nc Nc Np Hm Punct Am Nc Np Hm Punct Nc Am Nc Np Punct Np .
Pf Vpi A Cp A Nc Dq Dt Pp Vpi .

Nc Dd Vpi Af Nc R Nc Nc R Af Nc Punct Vpp R Am Nc Punct Cs Tn Pp Vpi Punct Vni Tx Vpp Punct Vpp Pp Punct .
R Nc Pp Vpp Cp Nc .

Nc Punct Vpp R Nc Vpi A Nc Punct Pp Vpi Nc R Nc R Np .
Cc R Nc Dd Vpi Af Nc Punct Cs Dq Dt Pd Dm Pp Vpp Punct Cs Vpp Nc R Vpi Pp Nc Punct Cs Pp Vpp Cp Nc .
Mc Nc Nc Vpi Nc R Np Punct Vpp R Af Af Nc Punct Vpp R Nc Cp Nc R Nc R Af Nc R Nc R Nc R Nc Te Vpp R An Nc R Af Ps Nc .
R Nc R Am Nc Pp Vpp An Ps Nc R Af Nc .
Nc R Nc Nc R A A Nc Nc R Np Vpp Pd .
Nc R Nc Punct Pr Vpi Nc Punct R Nc Punct Np Punct Punct Vxi Dq An Punct Cp Pd Nc Vpi .
Vpi Pp A Nc .
Vni Cp A Nc .
Cp Pp Vxi Pd Punct Pr Vpi Nc Dt .
Pd Pf Punct I Punct Pp Vpp R Nc Cp Nc Ps Np .
Pp Pp Vpi Punct Vpi Pp R Nc Cp Vpp Tx Pp Vpp .
Cs Pp Vpp Nc Punct Tx Pp Vpp .
Punct Vpp Pd Am Nc .
Am Nc Dd Vxi Vpp R Am Nc R Np Np Hm R Np Punct Pr Vpi Tx Vpi An Nc .
Dd R Nc Np Punct R Pr Pp Vpi R Punct Np Punct .
Pd Dd Am Tn Pp Vpi R A Nc Punct Pr Vpi Nc Ps Pp R Nc Punct Te R An Nc Punct Cs Nc Vpi Tx Vpp Am Nc Np .


