NAMEper NAMEper .
NAMEper NAMEper .
NAMEper PNsf Ntmp ADV NN ADJifin PVfin PSE ADV NAMEloc Pgen VN Pgen NF P VN VADJi NF PVfin .
.
ADJ_n PVfin .

CDdate PVfin .
CDdate Pfoc Ntmp Pfoc NN Pnom Vfin PSE PQ Vfin .
NN Pgen Ntmp Pfoc ADJifin PVfin .
.
ADVdem Vfin PSSa CDdate Pgen NT Nsf Pcnj Pfoc ADVwh PVfin .
NT PVfin .
.
NN P CDdate PVfin PSSa Nwh Nsf Vte VAUXfin NF P Vfin PSE .

.
CDdate Pgen NT Pfoc CDtime P VN Pnom Vte ADV ADV ADVdgr ADJifin NN NN P Vte VAUXfin PSSa ADJifin NF PVfin .
ADVdem Vfin PSSa CDdate Pgen NT Pfoc ADVwh PVfin .
.
ADJ_n .
ADJ_n PVfin .
.

Ndem Pfoc ADJ_n PVfin .
.
ADJ_n .
CDdate Pgen NT Nsf P CDdate Pgen NT NAMEloc VN P Vfin .

ADJ_n .
ADVdem PVfin .



NAMEorg PVfin PSSa ADV ADVdgr NN Pnom ADJiku Vte CDtime CDtime NAMEloc Nsf NAMEloc Nsf CDtime CDtime P Vfin PSSb NN Pgen NF Pfoc Nwh Pnom NN ADJifin PVfin .
ADVdem PVfin PSE ADV ADV VADJi .
ADJifin NN Pgen CDtime CDtime Nsf PVfin PSE Ndem Pgen NF P Vte VAUXfin PVfin .

CNJ VN NN NF PVfin PSSb CDU NN Pfoc CDdate Pgen NT PVfin PSSb NN Pacc Vfin NF Pfoc CDdate Pgen NT P .

CNJ Ndem NN NAMEloc P Vfin NF Pnom ADJifin PVfin .
.
NN P ADV NN Pgen NN Pfoc Vfin .
VN PQ Vfin NF P Vfin .
ADVdem PVfin .

Nwh Pnom ADJifin PVfin .
Vfin NN Pfoc ADJ NF PVfin PSE .

CNJ NAMEloc Nsf CDtime CDtime CNJ NAMEloc Nsf .
CNJ ADV CD UNIT Pgen NF Pnom NAMEloc Nsf CDtime CDtime NAMEloc Nsf CDtime P .
Nwh Pnom ADJifin PVfin .
ADVdem PVfin PSE NAMEloc P Pfoc VN Pcnj Vfin .
ADVdem PVfin .
Ndem Pgen NF Pnom NN Pfoc ADVdgr NN P Vfin .

.
VN .
.
CNJ VN NN Pfoc Ndem Pgen NF P VN VSte .
NN Pgen NF Pacc VADJi Pfoc Vfin PSE .
ADVdem PVfin .
NN NF PVfin .

ADJifin PVfin .
NN P Vfin NF PVcnd ADV NN ADJ_n ADJsf NF Pnom Vfin NF PVfin PSE .
ADVdem PVfin PSE CDU ADJ_n ADJsf NF P Pfoc ADJifin NF PVfin PSSb NN P ADJifin NF Pfoc Vte ADV NN Pgen NN Pnom ADJifin PSE PQ Vfin .
ADV VN Pgen NN Pfoc NN P ADJifin PSSa ADJ_n PVfin PSE .
PRON Pfoc Ndem P ADVdgr NN ADJifin .
ADVdem PVfin .

NN Pgen NF P NN Pnom ADJifin NF PVcnd PRON Pfoc NN Pgen NF Pnom ADJifin PVfin .
CNJ NN P Vfin .
ADVdem PVfin .

ADVdem PVfin PSE .

PRON ADV NN Pgen NN PQ Vfin NF Pacc Vte VADJi NF PVfin .
ADJifin PVfin .
PRON Pfoc Vte VADJi .

ADVdem PVfin .

.

.
.
VN .
VN .
NAMEper NAMEper .
NAMEper NAMEper .
.
NAMEper .
.
NAMEper .

ADVdem PVfin .

ADJ_n .
ADJ_n .
CNJ ADV NN P VN .
.
Ntmp P NN NF PVfin .

NAMEper PNsf Pgen NF Pgen NN Pfoc ADVwh PVfin .
PRON Pgen NF Pfoc CD CDdate Pgen NF P Pfoc VADJi NF PVfin .
.
NAMEper PNsf Pgen NF Pnom CDdate Pnom ADJifin PQ Vfin NF PVcnd PRON Pgen NF Pfoc CDdate P Pfoc Vfin .
CDdate P VN .
ADVdem Vte VAUXfin PSSa ADJifin .
PRON Pgen NF Pnom CD CD -- VN Pnom Vte VAUXfin .

ADVdem PVfin PSE CDdate P PQ Vfin NF Pnom PRON Pfoc ADJifin PQ Vfin NF PVfin PSSb Vte VAUXfin PVfin .
.
Vte .
ADJ_n .
CNJ ADVdem PVfin PSE CNJ CDdate VN PQ Vfin NF P ADV ADJifin PVfin PSE .
Ndem Pnom ADJifin PQ .

CNJ CDdate P VN .
CNJ CDdate P VN PQ Vfin PSSa NT P Ndem P Vte VAUXfin NF P Vfin PSSb ADJ_n PVfin .
.
ADV .
CNJ CDdate P ADV VN PQ Vfin NF .
CNJ CDdate CDdate P Ndem P VN VSfin NF P .



PRON NN P Vfin NF ADJ_n .
.

ADVdem PVfin PSE CNJ NN Pgen Ntmp P ADV VN .
ADJiku Vte VAUXfin NF .
.
.
ADJifin PVfin .
CNJ ADJifin NF P NAMEorg P .
NN Pnom NAMEloc CDtime Nsf .
CNJ NN Pgen NAMEloc Pgen NAMEloc Pgen NF P CDtime CDtime P .
CNJ Ndem Pgen ADJifin NF P .


ADVdem PVfin PSE NAMEloc P ADVdgr Pfoc ADJiku VADJi PQ Vfin .
ADVdem PVfin PSE .
ADJifin NF Pgen NN .
ADVdem PVfin .
.

Ndem Pgen NF P ADJifin PVfin PSE .
Ndem P .
ADVdem PVfin .

Ndem P VADJi PQ .
ITJ ADVtmp Ndem P VN Pgen NF Vte VAUXfin .
NN Pgen NN Pgen NF VN .
.
.
CNJ ADV Vfin PQ Vfin PSSa NN P VADJi PQ Vfin NF PVfin .
.

.
.
.
ADVtmp NN Pcnj NN Nwh P Vfin .
ADJifin VN P NN Pgen NF P ADV -- VN VSfin NF P Pfoc ADJifin .

ADVdem PVfin .
PRON Pfoc Ndem Pnom ADJifin PQ .
Ndem PVfin PSSa ADJifin NF PVfin .
.
CNJ NAMEloc PQ Vfin NN P Pfoc NN Pnom Vte NAMEloc PQ Vfin NN P Pfoc NN Pnom Vfin PADJ NF PVfin PSSb PRON ADJteki P Pfoc CDdate P ADV ADJ_n P Pfoc ADJifin PSE PQ Vfin NN Pfoc Vfin PSSa NAMEloc PQ Vfin NN P ADV VADJi PSE PQ Vfin NF PVfin PSSb ADVwh PVfin .
ADVdem PVfin .
NN Pgen NN PQ Vfin NF Pfoc ADV NN Pgen NF NN Pcnj ADV ADVdgr ADJifin NF .
ADV Ndem P .
CNJ CNJ NAMEloc PQ Vfin NN P VN PQ Vfin NF .
.
VN .

ADVdem PVfin PSE NN Pgen NN PVfin PSSa CD CD UNIT .
.
.
PRON Pgen NF P VN Pfoc VSte .
CNJ VN .
CNJ CNJ VN Pacc NN NN PVfin PSSb Vfin PSSa Vfin NF PVfin .

ADV Ndem P Vte VAUXfin .
ADV ITJ VN .

ADVdem PVfin .
CNJ VN VSte VADJi PQ .
CNJ Ntmp Pfoc Vfin NF .
CNJ .
.
ADJiku .
NAMEper NAMEper .
NAMEper NAMEper .
NAMEper PNsf Ntmp Pgen VN Pgen NF NF PVfin PSSb NN PRON Pgen NF P CDdate CDdate CDdate P ADV ADV Vte Pfoc VAUXfin NF PVfin PSSb CDdate Pgen CDdate P VN .
.
CNJ CDdate Pgen CDdate P VN VSfin PQ Vfin NN P ADVwh PVfin .
Vte VAUXfin .
CDdate Pgen CDdate P Pfoc CDdate P VN VSfin CDdate P Pgen NT .
.
PQ Vfin NF Pfoc ADVwh PVfin .
Ndem P Pfoc VADJi PSSa VN .

NT P Vte VAUXfin PSSa CDdate Pgen CDdate P VN .
.
CNJ NN NN Pgen NN NF PVfin PSSb NT PVfin PSSa CDU NN Pnom Vte NAMEorg CD CD UNIT PQ Vfin NF Pnom NAMEloc CDtime CDtime P Vte NAMEloc Pgen NF P CDtime CDtime P .
.
NAMEorg CD CD UNIT PQ Vfin NF Pfoc NAMEloc Pacc CDtime CDtime P Vte NAMEloc Pgen NF P ADV CDtime CDtime P Vfin NF PVfin .
.
VN VSfin NN Pfoc CDtime Nsf P VADJi .

ADV NAMEorg Pgen NF P VADJi PQ Vfin NF PVfin .
NAMEper PNsf ADVwh PVfin .

.
.
CNJ NAMEloc Pacc CDtime CDtime P VN VSfin NAMEorg P NN P .
.
NAMEloc Pgen NF P Pfoc CDtime CDtime P .

.
CNJ NN Pgen NF Pgen NN Pgen NF .
.
Vte VADJi PQ Vfin NF PVfin .
.

CD UNIT Pgen NF P NAMEloc Pacc CDtime CDtime P Vfin PQ Vfin NF P VADJi PQ Pfoc Vfin NF PVfin PSSb ADVwh PVfin .

Ndem P .
.
CNJ NAMEloc Pacc CDtime CDtime P VN NT P CDtime CDtime P VN VSte Vte VAUXfin NF Pfoc Ntmp NN Pnom Vfin PSSa Ntmp Pgen CDtime PVfin PSE .
.
CDtime PVfin .
.
-- NAMEloc P Vte .
.
VN NF PVfin .
.
CDtime CDtime P Vfin PQ Vfin NF NF PVfin PSSb CDtime CDtime PVfin PSSa Ntmp ADJifin PVfin PSE .
.
.
.
.
ADVdem Vfin PSSa NN Pgen NF NF PVfin .
NN P ADJifin NF Pnom VN VADJi PQ Vfin .
.
.
.
.
ADVdem PVfin .
NN P ADJifin NN Pfoc CDU .
.
.
CNJ CDU Nsf ADVdgr NN Pnom ADJifin NF PVfin .
.
.

.
.
Ndem Nsf P NN Pnom ADJifin NF PVfin .
.
Nwh Pgen NF Pnom NN PVfin PSE .
ADVdem PVfin PSE PRON Pfoc ADV NN ADJ_n .
.
NN Pnom Vte VAUXfin NF Pnom ADJifin PSE PQ Vfin .
PRON Pfoc NN Pgen NF Pnom ADJifin PQ Vte VAUXfin .
.
CNJ NN Pgen Vfin NAMEloc PQ Vfin NN P VN VSte .
VN .
NN Pgen NF .
NN Pgen NF NF PVfin .
NN Pnom CD CD UNIT NN Pnom CD CD .
NN Pgen NF Pnom ADJifin PVfin .
ADVdem PVfin PSE ADV ADV PQ Vfin NN P VADJi PQ Vfin .
NN Pgen NF P .
.
CNJ NN Pgen NF P VN Pacc Vte .
.
CNJ CDU Nsf Pfoc VN VSfin PQ Vfin PSSa ADV NAMEloc PQ Vcnd NN Pnom ADJifin PQ Vfin PSSa ADV -- -- -- ADV ADV ADV Vbas PADV NN Pfoc VADJi PSE PQ Vfin PSSa NN Pgen ADJifin NN Pacc ADV NN Pgen NN P Vte VAUXfin .
Ndem Pgen NF P .
ADV VN .
.
CNJ NN P Vte VAUXfin .
ADV ADJdem Ntmp Pfoc ADJiku VN .
.
.
ADJiku VN .
.
.
.
NAMEper NAMEper .
NAMEper NAMEper .
NAMEper PNsf .
.

.
.
.
VN Pfoc NAMEloc Pgen NAMEloc PQ Vfin NF .
.
ADVdem PVfin .
.
NN Pgen NF P VADJi PQ Vfin .
.
.
PRON CDdate Pgen PVfin PSE CDdate .
.
.
.
.
CDdate P PVfin PSE NN Pnom ADJifin PQ .
CNJ ADVwh PVfin .
.
ADVdem .
.
PRON Pfoc CDdate Pgen CDdate P Vte VAUXfin .
ADVdem PVfin .
.
CDdate Pgen CDdate PVfin PSSa CDdate Pgen CDdate P Vte VAUXfin NF Pnom PVfin PSE NT P .
.
CDdate PVfin .
ADVdem PVfin .
.

ADJ_n .
CDU Nsf P Vfin NF .
CNJ NN Pgen NF VADJi PQ Vfin .
.
.
.

.
.
.
.
.
CNJ NAMEloc Nsf NAMEorg P NAMEorg Pnom CDtime Nsf Pcnj CNJ NAMEorg Pnom CDtime CDtime Nsf NF PVfin .
.
.
PRON Pfoc ADV Ntmp Pfoc ADJ_n PSSa ADV ADJifin NF Pnom ADJifin NF PVfin .
.
ADVdem PVfin .
.

Ndem P Vfin .
.
.
VN .
Vfin NF Pfoc CDtime CDtime PQ Vfin NF .
ADJiku VN .
.
.
VN .
CNJ NN Pgen NN Pfoc ADV P Vte VADJi PQ .
.
NT CDdate P Vfin NF P CD UNIT .
.
.

.
.
.
.
.

ADVdem PVfin .
PRON Pfoc ADVdgr Pfoc ADJiku Pfoc ADJifin PSE PQ Vfin .
NAMEloc Pacc VN VSfin NF Pnom Ntmp Pgen Ntmp Pgen NT PQ Vfin NF .
NT Pgen CDtime CDtime P VN PQ Vfin NF .
ADJifin PVfin .
.
.
.
.
.
ADVdem .
.
ITJ NN Pgen NF Pfoc ADVwh .
NN Pfoc PVfin PSE VN VSfin NF Pnom CDtime CDtime PQ Vfin NF .
ADJifin PSSa NN P ADJifin NF Pnom ADJifin NF P Pfoc ADJifin PVfin .
.
ADVdem PVfin .
ITJ Ndem P ADV Vfin NF PVfin .
NN NN P ADVdgr ADJifin PQ Vfin PSSa NAMEloc Pnom ADJifin PSE PQ Vfin .
.
.
ITJ NN Pgen NF Pfoc -- NN PVfin PSSa CD CD UNIT P ADV ADJ_n PSE PQ Vfin .
ADVdem PVfin .
.
CNJ Ndem P .
.
CNJ NN Pgen NF Pfoc NN Pcnj NN Nwh P Vfin .
.
NN P ADJifin .
.
CNJ NAMEloc Pgen NN P CNJ VN VSte VAUXfin .
.
.
VN .
VN .

.
.
ADVdem PVfin .
CNJ NN Pfoc ADJ_n PQ Vfin PVfin PSSa Vfin .
VN Pgen NF Pfoc PVfin PSE Ntmp ADJifin NN P Pfoc NN Pacc Vte Vte VAUXcnd Vte Vte VAUXfin NF P Pfoc ADJifin NF PVfin PSE .
.
.
.
.
.
ADVdem PVfin .
ADJifin NN Nsf Pfoc VADJi PVfin PSE .
ADVdem PVfin .

.
.
CNJ ADJiku VN .
VN .

.
.
ADJiku .
NN P VN .
.
NAMEper NAMEper .
NAMEper NAMEper .
NAMEper PNsf ADV NN ADJifin PVfin .
.

ADVdem PVfin .
Vte .
.
ADVtmp NN Pgen NF NF PVfin PSSb ADVwh Vfin .
PRON Pgen NF Pfoc CDdate Pgen CDdate P Vte VAUXfin .
PRON Pfoc Ndem Pnom NN Pnom ADJifin .
ADVdem PVfin .
.

.
ITJ CDdate -- VN PVfin PSSa CDdate Pgen NT P NAMEloc P Vte VAUXfin NF P Vfin .
.
.
ADJifin PVfin .
ADJ_n .
.
CNJ NN NN Pgen NF NF PVfin PSSb ITJ ADVdgr Ndem Pgen NF P Vte VAUXfin NF PVfin .
.
PQ CDdate Pgen NT PVfin PSSa CD UNIT .
.
NAMEloc Pacc CDtime Nsf Pgen NF Pcnj CDtime CDtime Nsf Pgen NF Pnom Vfin PSSb Nwh Pnom ADJifin PVfin PSE .

ITJ PVfin PSE ADVdgr NN Vfin NF Pnom CDtime VN Pgen NF P NAMEorg Pcnj NAMEorg Pgen NN P Vfin .
CNJ Ndem P VN .
.

CNJ NAMEorg P VN .
.
CNJ NAMEorg P CDtime Nsf P NAMEloc Nsf Pnom CDtime CDtime P ADJifin PVfin .
.
.
CNJ Ndem Pgen NF P VN Vte .
VN .
CNJ NN Pgen NN Pgen NF Pfoc Vte VAUXfin .
ADVdem PVfin .
.

.
ITJ Ndem Pfoc NAMEloc Pacc CDtime VN Pgen NF Pcnj CDtime Pgen NF Pcnj CDtime Pgen NF Vfin .
CNJ NN P VN VSte NN VN VSfin .
ADVdem PVfin .
CNJ ADVdgr ADJifin NF P ADJifin PVfin PSE .
.
CNJ NAMEloc Pacc CDtime CDtime VN P Vfin .
Ndem P ADJifin PVfin .
.
CNJ Ndem Pfoc NAMEorg Pgen CD UNIT P .
.
CNJ NAMEloc P Vfin NF Pnom CDtime P NT CDtime P Vfin .
.
.

.
.
.
CNJ Ndem Pgen NF VN Vte VAUXfin .
VN .
CNJ NN Pgen NF PRON Pnom NN NN VN VSte VAUXfin NF Pnom Vfin NF PVfin .
ADJiku .
CDU Pfoc NN Pnom Vfin NN P CDU Pfoc NN Pgen NN NN Pgen CDU Pfoc NN Pgen NN Pnom Vfin NF PVfin PSSb NN P ADJifin NF Pnom ADJifin PVfin .
.
.
NN P ADJifin NF P VN .
CNJ NN P NN P NN Pnom Vfin NN P Vfin .
ADJifin PVfin .
VN .
CNJ NN Pcnj NN Nwh P Vfin .
ITJ NN Pgen NF Pnom NN Pnom Vte ADJifin PVfin PSE .
ADVdem PVfin .
CNJ CD CD UNIT P CNJ NN Pgen NF P VN Pacc VSte .
.
.
.
Nwh PQ Vfin NN Pgen NN PVfin .
.
NAMEloc .
.
.
VN .

VN Pfoc ADVwh Vfin .
ADV PRON Pfoc ADJifin NN Nsf Pacc VADJi PSSa ADV Pfoc ADJifin NN Nsf P VADJi PVfin .
ADVdem PVfin .
CNJ NN Pgen NN Pacc Vfin NN P ADVdem Vfin NN Pfoc Vte .
.
VN .
CNJ ADV NN P Vte Pfoc Ntmp VN .
.
.
ADVdem PVfin .
CNJ VN .
.
CNJ .
.
NAMEper NAMEper .
NAMEper NAMEper .
NAMEper PNsf Ntmp Pgen NAMEloc P Pgen VN Pgen NF P Ntmp NN ADV ADJifin PVfin .
.
Ntmp PVfin PSSa ADV ADJifin .

ADVdem PVfin .
NN Pgen NF ADV Ntmp P Vte VADJi NF PVfin .
.
PRON P Vte Pfoc CDdate Pgen NT Nsf Pnom ADJifin NF PVfin .

CDdate Pgen NT PVfin .
.
PRON Pgen NF Pnom CD UNIT PQ Vte VAUXfin .

.
.
CNJ CDdate P Pfoc Nwh Nsf Pnom ADJ_n PVfin .
CDdate PVfin .
.
CDdate PVfin PSSa NT PVfin PSSa ADVdgr ADJifin NF PVfin .

CNJ PRON Pgen NF Pnom ADJ_n .
.
CNJ CDdate P .
ADVdem PVfin .
Nwh Nsf Pnom ADJ_n PVfin .
CDdate Pfoc ADV Vte .

ADVdem PVfin PSE .
CDdate Nsf Vfin PSSb CDdate Nsf PVcnd ADJ_n PVfin .
CNJ CDdate Nsf P .
.
CNJ CDdate VN P ADJifin PVfin .
.
ADJifin PVfin .
.
CNJ CDdate VN PVcnd CDdate P NAMEloc P VN PVfin PSE .
CDdate PVfin .
.
CNJ NN Pgen NF Vte .
.
CNJ CDdate Pgen NT PVfin PSSa NAMEloc Nsf Pfoc CDU P Vfin .
CDtime CDtime P NAMEloc Nsf .
.

.
NN P NN Pfoc Nwh Pgen NN PVfin .
NAMEorg P .
ADVdem PVfin .
.
.
CNJ NN Pfoc Vte .
.
CNJ CDdate NT Pgen NN Pfoc CD UNIT Vfin NF PVfin .

ADVdem PVfin .
.
ADVdem PVfin PSE .
.
CNJ CDdate Pgen NT Pgen NN Vfin .
.
VN .

.
ADVdem PVfin .
PRON ADV CDU Vfin PQ Vte VAUXfin .
NAMEloc P ADJiku Vte VN VADJi PQ Vte VAUXfin NF PVfin .
CNJ NAMEloc P ADJiku Vfin NF Pgen NAMEloc Pacc CDtime Nsf P NAMEloc P CDtime CDtime P Nsf Pgen P .
.
.
Ndem P VN .
.

ADVdem PVfin .

.

.
ITJ NAMEloc PQ Vfin NN Pnom ADVdgr ADJifin NN Pnom Vte NN Pfoc ADV NN Pgen NN Pcnj NN ADJifin NF PVfin .
NN NN Pgen NF Pfoc Vfin .
ADV ADJifin PSSa CNJ Ndem P ADJifin PVfin .
CNJ ADJdem NN Pnom ADV P ADJifin NN P ADJifin NN PVfin .
Ndem Pgen NN VN VSte VAUXfin .
VN .
.
ADVdem PVfin PSE CNJ NAMEloc P NAMEloc P CDtime Nsf P Vfin .
.
NN ADJdem NN P VN VSfin .
ADVdem PVfin .
ADVdem .
ADV VN .
NN Pgen NF ADV NN Pcnj NN P .

ADJifin NF PQ Vcnd Vfin PQ Vfin PSSq NN P PSSa Nwh Pnom ADJifin PVfin .
CNJ NN P NN .
ADVdem PVfin PSE .
ADV ADJiku VADJi .
CNJ NN Pgen NF P Vte VAUXfin .
ADVdem .
.
.
VN .
.

.
NN Vfin NF Nsf NN Pacc VN VSfin .
ADVdem PVfin .

Ndem VN VSte VAUXfin .
ADVdem PVfin .
CNJ Ndem Pgen NF Vte .
ADJiku VN .
ITJ CNJ CNJ .
ADV ADJiku VN .
ADJiku VN .
.
VN .
NAMEper NAMEper .
NAMEper NAMEper .
NAMEper PNsf .
.
ADV ADV VN VSfin .

.
ADJifin PVfin .
CNJ ADV VN .
ADV ADVdgr ADJ_n ADJsf NN NF PVfin PSSb Nwh Nsf PVfin PSSa ADVdgr NN Pnom ADJifin PVfin .
PRON CDdate Pgen NN Nsf Pnom Vte VAUXfin NF Pnom ADJifin NF PVfin PSSb Vte VAUXfin Ntmp Pnom ADJifin NF PVfin .
ADVdem PVfin .
.


.
CDdate Nsf PVfin PSSa ADV VN Pnom Vte VAUXfin .
PRON Pfoc CDdate Nsf Pnom ADJifin NF PVfin .

ADVdem PVfin .

.

ADVdem PVfin .
ADV CNJ ADV VN VSte VAUXfin PADJ PVfin .
.
ADVdem PVfin .
CNJ PRON Ntmp NN Vfin PSSa CDdate Pgen CDdate Nsf P PVfin PSSa CDU Nsf ADVdgr Vte .
.
ADV ADV PQ Vte VAUXfin NF PVfin .
CNJ CDdate Pgen NT P P Pfoc ADVwh .
ADVdgr ADJ_n PVfin PSSa CNJ CDdate VN PQ Vfin NF P ADJifin PVfin .
.

.
CNJ CDdate VN P CDdate VN PQ Vfin NF .
VN .
ADVdem PVfin .
.
CNJ PRON ADV NAMEloc NAMEloc CDU Pgen NN NN Pacc Vte VAUXfin PSSa Ntmp ADV Vte VADJi PQ Vfin NF PVfin .
ADJifin PVfin .
.
VN .

ADVdem PVfin .
ADJifin PVfin PSE .
ADVdem PVfin .
NAMEloc Pgen NN PNsf Pgen NF Pnom Vfin .
ADVdem PVfin .
.
Ndem PVfin PSSa ADJifin NF PVfin .

CNJ VN NF PVfin PSSb NT P VN NF PVfin PSSb NT P NAMEloc Pacc Vfin NF PVfin PSSb CD UNIT Vte NT P NAMEloc Pacc VN VSfin NF P NT Pgen CDtime NN P VN VSfin NN PQ Vfin NF PVfin .

NN NN Vte VAUXfin Ntmp Pfoc ADVdgr NN Pgen NF Pnom ADJifin Pcnj NN Vfin PVfin .
.
.
.

.
ADV ADJiku NAMEloc Pgen NF P Vcnd ADJifin PSE .
ADVdem PVfin .
.
CNJ .

Ndem P -- VN .
