RB , PRP VBD RB JJ NNP .
CC IN DT NNP NNP NNP NNP VBD RB VB RP NNP IN DT NNP NNP JJ NN VBD CD NNS : JJS IN PRP IN DT JJ NN : PRP RB VBD TO VB DT NN IN NN .
DT `` NN NNS '' VBN IN DT NNP CD NN VBD PRP$ JJ NN , NNS VBP , JJ TO VB DT VBG NN IN DT NNS CC NNS .
DT CD NN JJ NNS IN DT NNP NNP NN : DT NNS CC NNS IN JJ NN WP VBD VBN IN DT CD NN : RB RB MD RB VB DT VBG NN .
JJ NN NNS VBD TO VB RP TO DT NN TO VB DT JJ NN NNS IN VBG JJ NNS IN NN , NNS VBP .
JJ NN IN NNP CC NNP POS JJ NN NNS IN NNP RB VBD NNS RB .
CD NNP NNP NNS : NNP , NNP , NNP , NNP NNP , NNP NNP , NNP NNP CC NNP NNP NNP : VBD VBG CC RB VBN .
DT NN VBZ RB VBN .
`` DT NN NN VBD PRP .
RB RB -LRB- DT NNS -RRB- VBD RB JJ TO VB DT NNS IN DT NN IN DT NNP NNP NNP NNP , '' VBD NNP NNP , JJ NN NN IN NNP NNPS NNP .
NNP NNP NNP , NN IN NNS NNP NNPS NNP : `` PRP VBZ JJ TO VB DT NN VBZ RB VBG PRP$ NN .
WRB DT NN VBZ IN DT NN , RB JJ NNS MD RB VB PRP .
PRP VBP VBG IN DT NN IN NN WDT VBZ RB RB IN DT NN . .
JJ NN NNS CC DT NNS VBD RB VBN PRP$ NNS JJ NNP NN IN DT JJ NN NN : IN DT NN NN VBD RB VB .
RB IN DT NN NN , DT NNP NNP VBZ IN RB DT NN VBN IN DT NN IN PRP$ NNS DT NN , NN IN DT JJ , CC CD NN , NN IN DT NN IN JJ NN NN .
NN NN VBN TO VB CD NNS , DT NN IN DT NNP NNP .
IN DT NN IN DT NN , NN CD NNS VBD JJ .
NNP NNP NNP VBZ VBN IN NN .
NNP NNP POS NN VBD JJ IN JJ NNS RB TO DT JJ NNP NNP NN WDT VBD NNP CD , CD .
IN NN NNS , RB , DT NNP POS NN VBD DT NN RB CC DT JJS IN DT NN VBD PRP , CC CD NN , DT NN IN NNP NNP .
NNP NNP VBD CD NN IN NNP NNP .
NNS IN NNP , DT NN IN NNP NNPS , VBD RB JJ DT NN NNP , VBG TO NN CC NNS IN DT JJ $ CD CD NN IN DT NN IN DT NN NN .
NNP NNP POS JJ NNS , CC `` NN NNS , '' VBD VBN RB JJ NNS IN DT NN MD VB CC NNP NN MD VB .
IN CD RB NNP , VBD DT NN NN : NNP NNP NNP VBD JJ NN IN NNP , `` JJ NN . .
IN DT NN NN , `` RB RB IN NNP VBD NN , VBP VBN IN DT NN , '' VBD CD NN NN NN .
JJ NNS MD VB VBN VBG PRP$ NNS WRB DT NN VBN .
IN NNS , DT NN VBD VBN JJ IN NNS , IN NNP NNP POS NN NN VBD NN IN DT NNS IN NN RB VBN NNS .
CC CD NNS IN DT NNP NN NN VBD NN IN DT NNP NN MD RB VB NN IN PRP$ NN .
IN DT NN , DT NNP VBD RP IN CD NNS .
DT NN VBN .
NNS MD RB VB PRP$ NNP NN : IN PRP VB PRP RP RB DT `` NN '' NN PRP VBD .
IN NN , PRP$ NN VBD VBG PRP TO VB VBN IN NNP NNP , WDT VBD RB CD CD TO CD CD , NNP NNP NNPS , WDT VBD CD CD TO CD CD , CC NNP NNPS , WDT VBD CD TO CD CD .
DT NNS RB VBN .
CC RB VB VBN , NNS VBD TO VB JJ NNS JJ IN NNP NNP CC NNP NNP NNPS TO VB PRP$ NNS .
WRB NN VBD VBN IN NNP NNP , DT NN VBD VBG IN CD , RB CD CD , IN NNP VBD CD CD JJR IN CD .
VBG VBD IN IN NNS IN JJ `` NN '' NNS , WDT VBP VBN IN NN WRB NNS VBP TO JJ NNS .
JJS IN DT NN VBG NN VBD IN NNP NNP NNS , VBG JJ NN NNS .
NNS VBD JJS IN PRP$ JJ JJ NNS , IN DT JJ NN , VBD JJ .
RB , IN CD , CD IN DT NN POS JJ `` NNS '' VBD NN IN DT NNP CD NNS NN VBD VBN CD NNS , JJ TO IN DT NN NN IN DT NNP NNS .
IN DT NN VBN IN DT NNP NNP CC DT NNP NNP NNP , NN VBD RB VBN IN NNP .
IN DT NN NN IN DT NNP CD NN IN NNP , NNS IN VBG VBN TO NN VBZ PRP IN DT NNP NNP , CC NNS VBD TO NN NNS RB .
IN DT NN , DT NN IN DT NNS CC NN NNS VBD RB .
IN DT NN IN JJ NNS : DT NN IN WRB NNS VBP DT JJ NN NN VBZ VBN : JJ NNS VBD JJ TO VB NN NNS VBN IN DT NNP NNP .
DT NNS NN VBD RB VBD IN NNP NNP NN NNS .
`` PRP VBP NNS RB , '' VBD CD JJ NN .
DT NN RB VBD CD NN IN NN NN , NN NN NN , WDT RB VBZ DT NNS CC NN NNS , CC VBZ VBN VBN IN DT IN DT NN POS JJ NNS .
-LRB- IN DT JJ NN NN NN , NNS VBP CC VBP JJ NNS IN NNS CC VBP DT NN IN NNS TO VB IN DT NN NN . .
`` WRB DT NN NN VBD IN , PRP VBD DT NN PRP VBD IN DT NN , '' VBD DT VBG NN IN CD IN DT JJS NN NNS .
`` PRP VBD RB RB VB DT NN TO VB DT NNS VBP VBN TO VB . .
CC NNS VBD VBG .
NNP NNP NNS VBD RB CD NNS IN CD NN IN DT NN NN .
IN NN RB , IN DT NN IN DT `` VBG RB '' NN , DT NN VBD RB CD NNS .
RB , IN DT DT NNP NN NN , NNP NNS VBP NNS VBD VBG RP , IN NNS IN NNP NNP VBD VBG RB .
NNP NNP NNP NNP NNP NN VBD RB DT NN NN `` VBD RB JJ .
PRP RB VBP PRP VBZ NN IN DT NN TO VB IN DT NN IN NN NN MD VB VBN CC VBN NNS . .

PRP VBD RP IN DT JJ NN NN IN DT NN IN DT NNP NNP , WRB PRP MD VB NNS IN NNS CC JJ NN NNS .
IN IN CD RB NNP , NNP NNS VBD VBG , CC IN DT JJ NN DT NNS CC NN NNS VBN TO VB RB IN NN .
NNS VBD IN TO DT NNS NN .
CC DT NN IN NNP NNS VBP NNS VBN IN DT NN , CC DT NN IN NNS VBD TO NN RB .
IN IN NN , DT NNP NN NN TO JJ DT NN , IN CD NNS RB , CC NN VBD VBN RB .
NNS NNS VBP DT NN VBD VBG IN DT NNP MD VB RB RB IN CD NNS .
IN DT NN , JJ NNS VBD VBG PRP$ NNS , VBG IN DT NN VBD VBN .
IN NNP NNPS NNP , WDT VBZ VBG TO VB TO JJ NNS , DT NN NNS VBD DT MD VB DT JJ NN .
DT VBZ WRB NNP NNP NNP , NN IN DT NNP NN NNP IN NNP NN , VBD TO DT JJ NN NN TO VB IN DT NN VBD RB `` JJ . .
`` PRP VBP DT NN IN DT JJ NN NN VBZ NN `` RBR JJ IN JJS . .
PRP MD VB PRP$ NN TO VB NNS RB TO VB , TO VB IN DT NN TO VB , '' NNP NNP VBD DT NNS .
IN NNP NNP CC NNP , DT NN POS JJS NN NN , DT NN NN VBD JJ NN `` NNP NNP NNS IN NN NN . .

RB , NNP NNP NNP , NN IN NNP NNP NNP NNP , VBD IN NNP POS NN VBZ `` VBG TO VB RB '' NNS IN NNS , `` IN PRP VBZ DT NN IN NN .
CC PRP VBP DT NN IN NNS MD VB IN NN NN .
PRP VBZ VBG TO VB DT NN RB RB TO DT NN . .
IN DT NNP NN NN TO PRP$ JJ CD NN NNP , DT NNP NN VBD VBN IN PRP$ NN NN NN .
NNP NNP IN NN NN NN NNP NNP VBD CD NNP NNS VBD IN NN IN DT NN , DT NN IN $ CD CD IN NN .
CC EX VBD DT NNS .
IN NNP POS NN VBD RB JJ NNS RB IN NNS , PRP VBD DT NN JJ TO JJ VBG DT NN , NNS VBD .
NN NNS VBZ VBN IN RB JJR NNS IN NNS IN DT NN NN PRP .
IN DT NNS , NNS VBP VBN RP TO VB VBN IN NN NNS , WP VBP IN NNS IN VBG NNS WRB NNS NNS VBP , CC RB VBP RP NNS .
CC NN VBZ IN WP VBP DT NNS CC NNS MD VB NN .
DT NN IN DT NN CC NNS NNS NNP MD RB VB JJ NN IN IN NNP NNP VBZ RB VBN IN DT JJ NN .
NNP NNP NNP POS NNP NN VBD , `` NNP NNP NN VBD JJ . .
CC DT NN MD `` VB IN DT NN IN DT NNS IN DT NNS .
RB PRP MD VB DT JJ NN IN DT NN IN WDT PRP VBP DT NN NNS VBD RB VBN , '' PRP VBD .
-LRB- VB JJ NN : `` NNP JJ TO VB JJ NNS '' : NNP NNP CD , CD .
CC NNS VBP RB IN RB RB IN DT CD NN , DT `` NN '' NNS : JJ NN NNS WDT VBP DT NN IN VBG JJ NNS IN NN : VBN IN DT NNS IN NNP POS NN .

VBG PRP$ NNP CD NN NN IN NNP NNP CC DT NN : PRP VBZ DT JJ CD NNS IN NNP VBZ VBN DT NN .

RB VBD PRP MD VB TO VB .
NNP .
NN IN NNP NNP VBD NNS TO VB PRP$ JJ CD NNS TO NNS WDT VBD RB VBN .
DT NNS VBP TO DT NN IN CD DT NN IN NNS DT NN NN VBZ VBN DT NN IN NN IN DT NN .
DT NN VBD DT NN IN DT $ CD CD VBN IN DT NNS MD VB VBN TO VB PRP$ NN NN CC JJ NNS VBG IN DT RB JJ NN NNS .
RBR DT NN VBD PRP MD VB PRP$ VBG NN IN NNP NNP NN RB IN VBG NN NNS .
DT NN IN JJ NNS VBG IN NNP NNP NNP VBD PRP VBZ VBN DT $ CD CD NN VBN IN JJS IN NNP NNP NNP POS NN CC NN NNS .
DT $ CD CD NN VBZ DT NN IN DT JJ $ CD CD IN JJ NNS IN DT NNS , VBG TO DT NN DT NN .
DT NN VBZ VBN IN NNP NNP , NN NN NN IN NNP NNP NNP IN NNP , CC NNP NNP NNP , NN NN IN DT JJ NNP NNP NNP .
NNP NNP POS NN VBZ IN NN JJ NN CC NNS TO VB $ CD CD IN NNS : NNP NNP VBZ DT NN CC DT JJ JJ NN IN NNP NNP .

NNP POS NN VBD TO VB CC VB .
PRP VBP TO VB CC VB . .
NNP NNP , VBN IN NNP , VBZ VBG IN NN IN PRP$ NNS IN NNP CD IN DT NNP NNP NNP .
PRP$ NN NN , NNP NNP IN NNP , NNP , VBZ RB VBG VBN IN DT JJ JJ NN .
NNP NNP , NN NN IN NNP NNP , VBD NN IN DT NN IN PRP VBZ RB RB VBN DT NN IN WDT PRP MD VB PRP CC VB PRP TO DT NN IN DT NNS NN .
DT $ CD CD NN VBZ VBN IN NNP NNP IN VBG CD NN IN DT NN IN DT NNP JJ NNS IN DT NNP .
RB VBD IN DT NN VBP NNP NNP CC NNP NNP CC NNP , NNP NNP POS JJ NNS .
DT NN VBZ DT JJ CD NN NN NN NN IN NNP , DT CD NN NN NNP NNP IN NNP , NNP , CC DT CD NN NN NNP NNP NN IN NN , NNP .
DT NN NN VBD NNP CD IN DT NN POS NN IN PRP$ NN : DT NNP NN VBZ VBN TO VB NNP CD .
JJ NNP NNS VBN VBP DT JJ NN NN IN NN NNP , VBD TO VB VBN IN NNP : JJ NN NNS IN NNP CC NNP : NNP NNP NNP , DT NN JJ NN NN WDT RB VBD NN IN NNP NNP NNP NNP NNP , CC JJ NN NNS .
DT NN VBD VBN RB IN NN NN , DT JJ NN NN NN WDT VBZ DT NN IN NNP NNP NNP .
`` PRP VBP RB VB DT NNS IN VBG DT NN IN DT NN , '' VBD NNP NNP , DT NN IN NNS CC NNS IN NN NN , IN DT NN .
NN NN VBZ VBG IN DT NN POS NN NNS .
VBG TO NNS JJ IN DT NN , DT NN VBD CD NN NN , DT NN TO DT NN `` NN '' IN WDT DT NN VBD IN NN NNP NNP VBZ VBN IN DT NN NN IN DT NN NN VBN NNP NN .
NNP NNP VBD DT JJ NN NN VBN IN NNP IN CD WRB NNP NNP VBD VBN TO VB PRP IN NN NN .
DT NN VBD RB IN CD , WRB DT NN NN IN NNP NNP VBD VBN IN NNP NN NNP CD , RB NNP POS NN .
NNP NNP VBD TO VB DT JJ , IN NN , $ CD CD NN NN WDT VBD NNP NNP CC NNP NNP CC NNP , RB RB IN NN NNS IN NNP NNPS , DT NNP NN : NNP NNP , DT JJ NN , CC NNP NNP , DT JJ JJ NN .
RB NNP NNP CC NNP NNP VBD DT VBG RP IN DT NN IN DT NN , CC NNP NNP VBD PRP VBD IN CD .
IN RB , NNP NNP VBZ VBN PRP$ NN IN DT NN NN RB TO NN POS NN CC VBZ RB VBG TO VB DT NNP NNP CC NNP NN .
NNP NN , NNP NNP , NN NN IN DT NN NN , VBZ VBG NNS TO VB RP DT NNP NN IN PRP$ NN .
NNP NNP NN VBZ RB VBG VBN IN NN IN JJ NNP NNP .
NN IN NNP , NNP NNP VBD IN PRP VBZ DT JJ NNP NNS MD VB JJ IN JJ NN .
`` DT VBP RB JJ NNS , CC PRP VBP DT NN TO VB RB , '' VBD NNP NNP .
`` PRP RB , CC IN DT JJ NN , DT MD VB JJ NN NNS .
JJ NN NN VBD CD JJ NNS IN DT NN VBD NNP CD , RB CD NN IN DT VBG NN POS NN IN NN NNS , NNP NNP , DT JJ NN , VBD .
DT NN POS NN VBD RB CD NN IN CD NNS DT NN RBR .
DT JJ NN VBD CD NNS , RB CD NN IN CD NNS DT NN RBR .

DT NNS MD VB VBN NNP CD CC MD VB NNP CD , CD .
PRP MD VB JJ IN JJ NNS IN $ CD .
NNS MD VB VBN IN CD RB NNP NNP IN DT NNP CC IN JJ NNP NNS CC NNS .
IN JJ NNS VBG PRP$ JJ NNS IN NN NNS IN DT NN , JJ NN NNS VBD PRP VBP DT JJ NN IN DT NN IN NNS : NN .
IN DT NN IN NNP NNP , DT NNS VBD RB VBN IN JJ NN NNS .
CC JJ NN NNS VBP VBN RP NN NNS CC VB PRP MD VB VBG NN DT NN .
IN NNP NNPS , DT NN POS JJS NN NN , NN NN VBD RB RB , CC PRP VBD RB IN RB PDT DT NN IN DT NN VBG NNP NNP IN CD .
NNP NNP NN VBD NN NNS VBD VBG IN JJR IN RB DT NN CD NNS RB .
IN IN NN NN , DT NNS VBD JJR IN CD NN IN DT JJ NN NN IN IN $ CD CD IN NNP POS NN NNS .
`` CD NNS IN EX VBD JJ NN NNS IN DT NN CC DT NN IN NN RB , '' VBD NNP NNP NNP , WP VBZ NNP NNP : $ CD CD NN NN .
`` DT VBZ JJR IN DT NN NN .
NNPS VBP RB JJ . .
DT NN MD VB NN .
NNP POS NN NN NNS VBD RB JJ IN JJ NNS TO NN .
DT NNS VBP VBN RP IN NN IN DT NN NNS VBN IN NNP POS NN MD VB NN IN NN POS NN NNS .
NNP NN NNS IN DT CD NN VBD RB VB TO VB IN IN DT NN VBD IN NNP NNP .
CC NN NNS VBP PRP VBP JJ .
JJ VBP VBN NN NNS , WDT NN IN DT NN IN JJ NN NNS .
NNP NNP , IN NN , VBZ NN NNS RB IN CD NN IN JJ IN PRP$ NNS .
NNP NNP POS NNP NNP CC NNP NNPS POS NNP NNP VBD PRP VBD VBN PRP$ NN NNS TO JJR IN CD NN CC CD NN , RB , DT NN .
RB NNP NNP , NN IN NNP POS $ CD CD NN NN , DT NN POS JJS NN NN , VBN IN NN TO CD NN CC $ CD CD .
NN NN VBZ IN IN CD NNS IN JJ JJ NNS , DT NN VBD JJ NNS IN NN IN NNS IN NNP CC NNP .
`` PRP VBP VB DT NN VBN RP , '' NNP NNP VBN , WP VBD IN PRP VBZ VBN NN VBG NNS PRP VBZ .
RB DT NNS VBP VBN NN NNS , IN NN .
IN DT NN , NN NNS VBD CD NN IN NNS IN NN RB IN NNP , DT JJS NNS JJ IN DT NNP NNP NNP .
DT VBD RB JJR IN DT CD NN CC CD NN NNS IN NNP CC NNP IN CD .
RB , JJ NNS MD VB DT NN NNS TO VB NNS TO VB NN .
CC DT JJ NN IN NN NNS VBZ RB RBR JJ DT NN RB , NN NNS VBD .
DT JJ NN VBZ IN NNS RB VBP RB VBN RP PRP$ NNS IN NN NNS IN NNP NNP .
NN NNS VBP VBN IN JJ NNS , CC JJ JJ NNS VBP RB VBG IN JJR IN RB CD NNS .
`` EX VBZ RB RB IN JJ NN , '' VBD NNP NNP , NN IN NNP NNP NNP , DT JJ NNP NN , NNP , NN NN .
JJ NN NNS VBP IN RB VBZ DT NN TO VB .
NNP NNP , NN IN DT $ CD CD NNP NNP , VBD TO PRP$ NNS IN NNP NNP , NNP CC NNP CC NNP NNP .

NNP POS NNP NNP , IN PRP$ NN , VBN IN NNP NNP NNS NNP IN DT NN VBD VBN .
IN DT NN VBZ JJ NN , PRP VBD PRP MD VB VBG JJ NNS JJ IN NNP CC NNP .

NNP NN NNS VBD NN NNS VBD VBG IN RB DT JJ NN NN NN .
CC JJS NNS VBD VBG NN NNS CC JJ NN .
NN NN VBD RB RB JJR IN JJ .
RB , NN NNS VBP RB VBG DT NNS .
PRP VBP TO VB DT VBN NN NNS CC JJ NNS IN VBG DT NN NNS IN NNP CD .
NNP IN NNP VBD PRP$ CD NN NN VBZ IN DT NN .
DT NNS RB VBP VBN IN DT NN .
NNP NN , NNP NNP NNS MD VB IN CD NNP NN NN , RB IN DT JJ CD .
NNP NNP NNP NNPS NNP VBD PRP$ NN IN NN NNS TO VB NN NNS .
DT NN NN VBD IN DT NNS VBD NN IN NN NNS TO NN NNS .
CC JJS NNS VBD TO VB `` IN DT NN NN RB RBR IN DT NN NN , '' VBD NNP NNP , DT NN NN .
CC NNP , IN JJ NNS , VBD PRP VBD VBG JJR NN NNS NN TO VB NNS VB RB .
IN DT JJ NN , JJ NNS VBD TO VB NNS IN NNS IN PRP$ JJ NN NNS .
`` PRP VBP -LRB- NNP POS -RRB- NN NN IN VBG PRP DT VBG NN IN JJ NNS , '' DT NN IN NNP CC NNP NNS VBD IN DT NN .
NNP NNP NNP VBD DT JJ NN IN NNS .
JJ NN NNS VBP DT JJ NN DT NN IN NNS VB .
DT JJ NN VBZ JJ TO VB IN NNS CC NN NNS WP VBP TO VB IN DT NN POS JJ NNS .
NN NNS VBP VBN DT JJ NN IN CD NN IN NNP , VBG TO NNP NNP NNPS NNP .
NNP NNP , WP VBZ NNP NNP NNP NNP POS $ CD CD NN NNP NNP , VBZ DT NN MD VB RP IN JJS CD NNS IN JJ NNS CC `` DT NN NN . .
CC PRP VBZ NNS TO VB RB CC VBZ JJ NNS PRP VBZ DT NN NN MD RB VB JJR IN CD NN TO CD NN IN JJ NNS .
`` DT VBZ RB DT JJ NN , '' PRP VBD .
RB , NNP NNP VBD PRP VBD VBN IN NN NNS IN DT NN IN JJ NNS .
`` NN IN PRP VBP RB RB CC VBP TO VB , '' PRP VBD , `` CC PRP VBP VBG TO VB PRP RP IN PRP . .
PRP VBD , `` IN PRP RB VBD JJ , PRP MD RB VB JJ . .
DT NN TO NNP POS NN VBD RB JJ IN DT IN DT NNP CD NN , NN NNS VBP .
CD NNS RB , IN NN , DT NN VBD JJ , NN NNS VBD NN CC DT NN VBD RB VBN , PRP VBP .
`` IN DT NNS POS NN , NNS CC NNS VBD DT JJ NN : IN VBG IN DT NNS '' IN NNP NNP , VBD NNP NNP , NN IN DT $ CD CD NNP NNP NNP NNP CC NNP NNP .
DT NN , `` PRP VBP RB VB PRP MD VB DT NN NN .
NNP NNP VBD PRP VBZ TO VB NN NNS IN IN CD NNS CC CD NNS DT NN , RB IN NNS POS NNS IN CD NNS TO CD NNS .
DT NN IN JJ NNS CC NN NNS VBD NNS VBD IN NNS IN JJ NNS .
DT NN VBN IN NNS IN DT JJ NN MD RB VB DT NN NN POS NN , WRB NNP VBD JJ NN IN $ CD CD , CC CD NNS DT NN , IN $ CD CD IN NNS .
NN IN DT NN IN CD NNP NN NNS IN NNP NNP VBD NN NNS NNP IN NNP NNP NNS VBD PRP MD VB PRP$ JJ NN IN IN NNP IN IN NNS IN VBG NNS IN DT NN NN NN .
NNP NNP , NN NN IN VBG IN DT NNP , NNP , NN , VBD IN DT NN IN DT NN NN IN NNP , RB VBG PRP$ JJ NN , `` VBZ VBN DT NN IN PRP$ NN '' CC IN JJR IN CD NNS WP VBD VBN TO VB RP IN NNP IN NNP NNP MD RB VB VBN IN JJ NNS .
NNP NNP VBD NNP VBD NNP NNP IN DT CD PRP VBD VBN TO VB DT NNP MD RB VB VBN IN NNP CD : DT NN IN DT NN VBD VBN VBG TO VB NN IN NNP IN CD JJ NNS , VBG CD NN TO NNP CC CD JJ TO NNP NNP .
RB , DT NNS VBP RB VBN TO VB IN NNP .
NNP VBZ RB VBN TO VB TO NNP NNP DT CD JJ NNS RB RB IN DT CD IN NN POS NN .
DT , RB , VBP RB JJ TO VB JJ .
IN DT NN , DT JJ NNP JJ NNS : VBG PRP$ JJ NN IN NNP NNP , NNP : NNP , NNP : CC NNP , NNP : VBP VBN VBN IN DT NNS IN NNP NNS .
RB , DT NN POS NN VBZ DT NN NN IN DT JJ NN JJ IN NNP MD VB IN JJ NNS IN DT NN .
PRP RB VBZ JJ TO VB DT NNS VBD VBN NN IN DT NN .
`` PRP RB VBP RB VB IN DT NN MD RB VB CC MD VB DT JJ NN , '' NNP NNP , NN IN NNP POS NN NN , VBD IN DT NN NN .
`` PRP VBP RB VB PRP$ NNS MD VB PRP RB RB . .
NNP NNP , RB , VBZ DT JJR NN CC RB RBR JJ IN DT JJ NN IN DT JJ NN RBR JJ IN PRP$ NNS MD VB .
`` NN NN IN NNP CC NNP RB VB PDT DT JJ NN VBG PDT DT NNS IN PRP$ NNS , PRP MD RB VB NN IN DT , '' NNP NNP VBD .
RB , DT JJ NN NNP VBD RB VB TO VB IN DT NN VBD VBG RB IN DT NN IN JJ NN NNS .
JJ NNS VBZ DT NNP NN VBD IN NN IN DT NN IN DT NN CC VBZ TO VB DT NN IN NN .
`` PRP VBZ RB VB TO NN , NNP POS VBD PRP RB MD RB VB DT NN , '' VBD DT JJ NN .
DT NN IN NNP NNP VBD NNP VBZ VBN JJ NNS PRP MD VB DT CD IN NN RBR DT NN .
NNP VBZ VBG TO VB NN IN DT CD IN JJ NNP CC CD JJR JJ NN CC VBZ RB VBG DT NNS IN DT NN .
NNP NNP , DT NNP NN VBD IN DT NN VBZ VBN IN JJ NN IN DT IN PRP$ NNS CC IN PRP VBD JJ TO VB WP JJ NNS MD VB VBN IN DT NN .
RB , NNS CC NN NNS VBP VBN VBG TO VB DT CD NNS : RB CD CC CD JJ NNS IN DT NN POS NNP , NNP , NN : WDT VBD DT RB VBN IN DT NN .
IN IN NNP , CD VBD VBN VBN CC DT JJ NN , DT NNP , VBD VBN TO VB VBN RP IN DT NN TO NNP NNP .
DT NN VBZ RB VBN VBN TO VB RB TO DT NN NN .
`` PRP VBP TO VB JJ PRP VBP WP PRP VBP IN PRP VBP RB , '' VBD NNP NNP , DT JJ NN WP VBZ VBN IN NN IN DT NNS IN DT NN VBD .
DT NN NN , IN CD , VBZ VBN VBG DT JJ NN .
IN NNP POS NN NN VBD VBN RP IN DT NN IN DT NN NNP , PRP RB VBZ VBN IN DT JJ CD NNS IN DT NN IN JJ NNS .
`` DT NN VBZ VBN CD NNS : IN DT NN NN MD VB VBN IN DT JJ NN CC DT NNS VBP RB JJ IN NNP IN DT JJ NN , '' VBD NNP NNP , DT NN IN NNP NNP NNP NNP .
NNP POS NNS VBD $ CD NNP TO VB IN $ CD IN JJ NN IN DT NNP NNP NNP NNP .
CC NNP NNP VBD PRP VBZ DT JJS DT NN MD VB VBN MD VB DT NN IN DT NN , NN IN DT NN CC NN MD VB NNS RB RB IN DT NN .
RB , PRP VBD , PRP VBZ JJ IN DT NN MD VB RB RB .
`` PRP MD RB VB DT JJ NN TO NN . .

CC NNP NNP VBD DT NN : CC DT NN POS NN IN DT CD NN NN NN IN DT NN IN DT NN , CC NNS : `` RB JJ . .
PRP VBD IN DT NN VBD DT NN POS NN CC DT NNS POS NN IN VBG VBN TO VB JJ NNS RB .
IN JJ NNS : : `` VBP VBN RP IN NNS NNS IN NNP NNP CC DT NNP , NNP , NN NN .
DT NN VBZ VBG TO VB IN PRP$ VBN NN , RB .
PRP VBD VBN DT NN NN IN JJ NNP , IN WDT VBZ VBN VBN RB RB .
: NNP NNP NNPS JJ NN , WDT VBZ CD NNS IN NNP POS NN NN IN NNP NNP , NNP , VBD PRP VBD TO VB PRP$ NN IN DT NN NN , IN DT NN NN TO VB , IN PRP VBZ NN .
DT NN VBD NN .

DT NNS , JJ NN NNS IN DT NN NN , MD VB VBN IN NNP CC NNP NN NNS .
NNP CC NNP VBZ DT NN IN NNP NNPS NNP .
NNP NNP VBZ VBN IN NNP .
NNP NNP NN VBD DT NN NN IN DT NNS VBZ RB VBG VBN RP `` IN DT NN IN NNS , CC RB RB IN DT NN . .
PRP VBP VBN TO DT NN .
NNP NNP VBD PRP$ NNS NN VBZ VBG VBG JJ JJ NN NNS , DT VBN IN JJR IN CD CD JJ NNS -LRB- $ CD CD -RRB- , IN NNP NNP CC RB .
NNP NNP , NNP POS JJ NN NN , NN , VBD PRP$ NN JJ NNP NNP NN VBZ VBG NN NNS IN JJ NNP , CC JJ JJ NN NN NNS RB , VBG NNP , WRB DT JJ NN VBZ TO VB JJ NN IN JJ NN IN JJ NNS IN NN IN PRP$ NN NN .
`` DT NNS VBP JJ .
PRP MD VB $ CD CD NN , '' NNP NNP VBD .
`` CC PRP MD RB VB IN PRP RB , '' CC JJ NNS POS NN NN MD VB JJ , PRP VBD .
`` NN , PRP MD VB TO VB DT NN -LRB- IN DT NN -RRB- CC DT JJ NN NN .
NNP JJ NN VBZ PRP$ JJ NN TO VB '' NN NNS , PRP VBD .
NNP NNP MD RB VB NNS VBG NNP POS JJ JJ NN , CC PRP VBD PRP MD VB IN NNS IN CD JJ JJ NN NN NNS WDT MD VB VBN IN DT NN POS NN TO VB PRP$ JJ NN CC JJ NNS .
NNP POS NN VBZ TO VB IN # CD CD -LRB- $ CD CD -RRB- IN DT NN IN JJS IN PRP$ JJ NN CC JJ NNS , VBG JJ NN .

IN NNS IN DT NN , JJ NNS MD VB JJ TO VB IN CD NN IN NNS IN CD , CC IN DT CD NN IN CD CC CD .
JJ NNS VBD CD NN IN $ CD CD , RB IN PRP$ JJ NN CC JJ NN NNS IN NNP , WRB DT NN VBZ RB CD NNS .
`` EX VBZ TO VB DT NN IN DT NN TO VB DT NN IN NN , '' NNP NNP VBD , CC JJ NNS VBZ TO VB IN PRP .
`` DT VBZ DT JJ NN IN PRP$ NN NN , '' PRP VBD , VBG IN JJ NNS VBZ RB VBG NNS IN NN NNS , IN PRP MD VB JJ .
JJ NNS VBZ RB RB IN VBG NN NN NNS IN NNP , IN NN IN DT NN NN .
`` PRP VBP RB VBG IN DT NN NN NNS IN NNP , '' VBD NNP NNP , NN NN , JJ NN CC JJ NN , IN NNP NNP , NNP , DT JJ NN NN NN CC NN NN .
NNP NNP VBD NNP VBZ VBG VBG JJ NN NNS IN DT NNP JJ IN VBG IN CD NNS IN NN IN DT NN IN IN $ CD CD TO $ CD CD .
NNP NNP VBD PRP VBZ TO VB JJ NNS IN $ CD CD TO $ CD CD , CC CD NNS TO CD NNS DT NN .
IN DT JJ NN , DT NN CC NN IN NN CC NN NN NN NNS VBD JJ NN IN $ CD , CC CD NNS DT NN , IN NN IN IN $ CD CD .
DT NN VBD DT NN VBZ VBN TO JJ NN NNS WDT VBP VBN VBN IN NN .
CD JJ NNS VBP $ CD TO NNP CC $ CD TO NNP .
IN DT NNP NN NN NNP CD , DT NNS VBD JJ .
NNP NNP NNP NNP VBD PRP VBD VBN NN JJ NNP .
NNP RB VBD IN DT NN IN CD CD JJ NNS IN NN DT NN IN DT CD NN NN IN NN IN NN CC NN NNS .
NNP NNP VBZ DT NN , IN DT CD NN NN IN DT NN .
NNP NNP NNP POS NN VBD CD NNS NNP TO VB IN $ CD IN NNP NNP NNP NNP JJ NN .
NNP CC NNP NNP NNP VBD PRP VBD DT $ CD CD JJ NN NN TO VB NN IN NNP JJ IN JJ NN .
DT NN , NNP CC NNP NNP NNP NNP NNP NNP , VBZ DT JJ JJ NN IN DT NN VBD IN JJ NNS IN NNP NNP NNP , DT NN IN NNP NNP NNP , DT JJ NN NN , NN CC NN NN IN NNS IN NNP CC NNP NNP , NNP .
NNP CC NNP , DT NN NN NN , VBN TO VB DT JJ NNS .
DT NN TO VB VBN IN DT JJ NN VBZ RB RB VBD VBG CC JJ NNS VBN IN NN , CC NN IN NNP CC NNP POS NN MD VB TO VB JJ NNS .
DT NN VBZ DT NN IN PRP MD RB VB DT NNS IN NN , CC IN NN , PRP MD VB NN IN JJ RB RBR JJ NNS , WDT MD VB IN JJ NNS , VBD NNP NNP , NN CC NN NN NN IN NNP CC NNP .
`` EX VBP RB RB JJ NNS WDT VBP JJ NN TO VB NNS IN DT JJ NN IN NN .
RB , NNS NN NN , CC RB IN PRP VBP DT JJ NNS , PRP VBP PRP , '' VBD NNP NNP , VBG IN PRP VBZ DT JJ NN VBZ DT NN IN PRP$ NN .
`` PRP RB VBP IN DT JJ NN . .
IN VBG RP DT JJ NN , NNP CC NNP MD VB DT RBR JJ NN IN VBG JJ NN , IN VBG DT JJ NN TO PRP$ JJ NN NN , NNP NNP VBD .
DT NN VBZ VBG RP RB CD NN IN DT NN , IN PRP VBZ JJ IN VBG NN , VBG CC VBG NNS TO DT JJ NN .
`` DT VBZ CD IN DT JJS NNS TO VB DT NN IN NN TO VB PRP$ NN IN DT JJ NN TO PRP$ NN , '' NNP NNP VBD .
WRB DT NN IN NNS VBD RP IN CD , NNP NNP NNP VBD RP IN DT NN .
DT NN IN NNP POS JJ NN NN , NNP NNP NNP , VBD TO VB NN CC RBR JJ , IN PRP VBD RB VB NNP POS NN IN NNS .
DT NN VBD RB IN DT JJ NN IN JJ NN VBD NN IN CD NNS .
NNP NNP VBD IN DT NN , `` PRP VBZ VBG TO VB DT NN RB RB IN NN VBZ . .
CC RB NNS VBP PRP CC NNP POS NN VBZ VBG .
DT NNS NNS VBP VBG IN DT RB RBR JJ NNS IN DT NN IN DT JJ NN , VBN IN JJ NN IN $ CD CD , CC $ CD DT NN , IN NNS IN $ CD CD .
DT NN , VBG VBN RB DT NN IN PRP$ NN IN NNP CD , VBD IN $ CD NN , RB $ CD , IN NNP NNP NNP NNP JJ NN NNP .
TO DT NN , NNP VBZ DT JJ NNS WDT VBP VBN IN NNS IN DT JJ NN NNS IN JJ JJ NN .
VBG RB VBN IN CD IN DT JJS JJ NNS IN PRP$ NN , DT NNS RB VBP PRP$ NNS VBG .
NN NNS , TO VB JJ , VBP NN JJ IN NNS NNS .
CC DT JJ NN IN DT VBZ JJ RB IN NN IN DT JJ NN WDT VBZ RB IN PRP .
`` PRP VBD DT JJ NNS JJ NN , '' VBZ DT NN IN CD IN NNP POS NNS .
`` RB PRP VBP IN DT NN IN DT NN . .
IN NNP , WDT VBZ VBN IN NNP NNP , DT NN VBZ VBN IN DT NN POS JJ NN IN NNS .
RB VBN IN NNP NNP CC NNP NNP , DT NN NN DT NN CC NNS NN CC VBN JJR IN PRP$ NNS IN NNS IN NNP NNP VBD DT JJ NN POS NN IN CD .
NNP NNP , CD NNS JJ , VBD TO VB VBN IN DT NN , CC PRP VBZ RB VBN IN IN DT JJ NN : IN PDT DT NNS CC DT NN IN DT NNS NN : NNP MD VB IN PRP$ JJ NN .
NNP POS NN VBZ RB VBN TO NN NN , VBD TO VB NN NNS , NN NN , NNS , NNS CC NN NN , IN JJ NNS .
IN DT NNP NN NN , NNP VBZ VBN DT JJS NN , RB CD NN .
CC PRP$ NNS : VBG NNP NNP NNP , NNP NNP NNP CC JJ NN NNS : VBP RB JJR NN NNS CC RB VBP JJR NN IN NN NNS .
WRB DT NN IN NN VBZ DT JJ NN DT NN , NNP POS JJ NN NN IN RB CD NNS DT NN , VBD DT JJ NNS VBP VBG .
IN JJ NNS DT NN IN NN , RB JJR IN DT IN JJ NN NNS , VBZ VBN DT NN .
NN NNS , WDT RB VBD IN RB JJ IN CD NNS DT NN JJ NN , VBN VBD TO IN CD NNS CC CD NNS .
RB , DT NN IN NN , DT JJ NN NN IN NN , VBZ RB VBD RB RB JJ .
DT NN VBZ NNP RB , IN PRP$ JJ NNS VB RB IN NN IN PRP$ NN VBZ .
IN JJ NNS , DT JJ NN IN DT NN NN IN DT NN VBD IN DT NN IN DT NN .
NNP , WDT VBD VBN VBG IN JJ NNS IN NN , RB VBD PRP .
NN IN NN NN MD RB VB PRP IN DT NN , JJ NNS IN NN IN NNS VBD JJ CC RB VBD TO VB RP NNS RB RBR VB JJ NN .
NNP NNP , NN IN NNP POS NN NN , VBZ NNS VBD VBN TO VB WRB JJ NNS VBD VBN IN DT NN NN IN NNS VBG RP .
`` NNS VBD RB CD NNS , '' PRP VBZ .
NNP NNS VBP NNS VBP NN NN .
PRP RB VBD NNS IN DT JJ NNS DT NN TO VB NN IN DT JJ JJ NNS .
DT NN VBZ , RB , IN DT JJ VBN NNS MD VB IN NNS CC NNS VBP TO VB .
PRP RB VBZ NNP NNP , DT NN NN IN NNP CC NNP CC DT NN IN NNS NNS .
VBG NNS POS NNS IN WRB NN NNS MD VB VBN , PRP VBZ , `` DT NN NNP .
DT NN NNP .
PRP VBP CD . .
PRP VBZ IN NNS TO NN IN NNS MD VB VBN IN NNS POS NNS TO VB NN NN .
DT JJ NN VBZ JJ TO NNP IN PRP$ NN NNS VBP JJ .
DT NN VBZ VBG TO VB RP DT JJ , $ CD CD NN NN VBD DT NN .
IN DT JJ NN , PRP$ JJ NNS IN JJ NN MD RBR IN VB IN DT NN RB TO IN $ CD CD , RB RB IN NN VBN IN TO VB DT $ CD JJ NN RBR DT NN .
NNP VBD DT NN IN DT NN IN DT NN IN PRP TO VB DT NN IN PRP$ NNS , IN PRP$ NN NN VBD RB VBG DT JJ NN NNS .
DT NNS VBD DT NN IN DT NN RB TO VB NN NN .
IN DT NN NN MD RB VB DT NN TO VB PRP$ JJ NN , VBD CD NN TO CD NNS DT NN RB DT NN RB , VBZ VBN DT NN IN JJ NN IN NNP NNP IN NNP NNP NN NN NNS IN DT NNP CD NN IN NNS .
DT VBD PRP$ NN : IN NN NNS VBP DT NN RB : RB NN JJR IN DT JJ NN IN NNS .
CC NNS VBD RB VBG PRP VBD VBN NN CC IN PRP$ JJ NN NN .
RBR DT NN , IN DT NN IN DT NN , NNP POS NNS VBD $ CD TO $ CD IN NNP NNP NN .
IN NN IN NN RB , NNP VBZ DT NN IN PRP$ NN IN NNP , NNP .

RB DT JJ NN VBN .
CD NNS VBD CC CD VBP IN DT NN .
DT JJ NN VBZ DT RBS JJ NN RB TO DT JJ NN IN NNP POS NNS .
IN DT NN , DT NN VBD VBN RB VBG PRP$ NN NN CC VBG RP JJ NN NNS .
DT JJ NN NN IN DT NN MD VB DT NN IN NNP POS JJ NN .
WRB DT NN VBZ RB VBN VBG RB RB TO VB NN , VBG JJ NN CC RB NNS IN NN NN VBZ JJ .
CC DT NNS VBD PRP : CC JJ TO VB IN NN CC NN : WRB NN VBZ VBG .
`` PRP VBP PRP MD VB VBN NN NN IN DT NN CC NN NN IN DT , '' VBZ NNP NNP , DT NN IN NNP NNP NNP WP VBD IN DT NN IN PRP$ JJ NN IN DT JJ NN .
`` CC IN PRP RB VBP TO VB . .
NNP VBZ DT NNP NN , WRB JJ NN VBD IN RB JJ NN , MD VB JJ NN IN NN POS NN .
DT NN RB VBZ IN CD NN TO CD NN IN NNP POS NN NN CC CD NN IN PRP$ NN NN .
RB NN VBZ JJ IN NNP .
DT NN NN MD VB DT NN POS NN IN DT NN NN , WRB NN NN VBZ RB VBN IN NN NN .
IN VBG NN NN , DT NN MD RB VB DT NN POS JJ NN NNS .
NNP VBZ RB VBG PRP$ NN IN PRP$ CD JJ NN IN NNS , NN NN .
IN DT NN IN PRP$ NN NN , JJ NNP NNP , NNP VBD IN NNP DT NN IN NNP NNP IN DT NN VBD IN $ CD CD .
NNP VBZ DT JJ NN NN IN DT NNP .
DT JJS , JJ NN , VBD RB VBN IN NNP .
RB , NNP VBZ DT NN TO VB JJ RB RB .
DT NNS VBP DT VBG NN MD RB VB DT NN .
DT NN NN IN NNS VBZ NNP NNP NNP , WDT VBZ VBG TO VB PRP$ NN NN IN DT NNP .
VBN IN DT NN IN NNP , DT NNP NN VBZ , `` PRP RB RB VB DT NN IN RB VBG IN NNS , CC NN NN WDT VBZ IN DT NN .
NNP NNP NNP VBZ VBG PRP$ NN JJ IN VBG NN NN NN , RB DT NN IN VBG CD IN DT NN POS CD NNS TO NNP NNP IN NNP .
DT NN IN DT JJ JJ NN CC NN NN , VBN RB RBR DT NN IN DT $ CD CD JJ NN IN NNP NNP NNP CC NNP , VBD IN PRP VBZ VBG RP DT NNP NNP NNP NN , CC VBG PRP$ CD NNS , IN DT NN TO VB NN .
DT NN VBD NNP VBZ VBG PRP$ NN VBZ IN PRP$ CD JJ NN NNS , NNP NNP CC NNP NNP .
`` PRP VBD IN DT NN IN PRP$ NN NNS IN DT NN NN MD VB RB RB JJ DT NN IN RB JJR NN , '' VBD DT NN , WP VBD TO VB WRB RB NNP VBZ IN NN NN NN .
DT NN RB TO DT NN VBD NNP VBZ VBG IN $ CD CD IN NN NN NN DT NN , RB IN RB $ CD CD JJ NN .
DT NN VBD DT NN NN MD VB VBN NNP CD , CC DT NN MD RB VB NNP POS NN , NN CC NN VBG NNS .
DT NN NN VBD VBN VBN IN NNP NNP IN DT NN RB , WRB NNP POS JJ NN VBD PRP TO NNP , DT NN POS NN IN DT NN .
NN NN IN DT NN VBD NNP VBD CD NNS IN DT NN RB TO NNP NNP IN NNP IN `` EX VBD VBN TO VB DT NN . .
PRP VBD DT NN VBD CD JJR NNS IN DT NN IN DT JJ CD NNS , VBG PRP IN NNS IN NN NNS .
NNP NNP NN VBD DT NN VBD DT CD NNS TO NNP NNP JJ NN IN DT NN VBD RB VBN IN DT NN IN VBG NN NN IN DT NNS POS NN NN .
`` DT NNS -LRB- IN VBG DT NN -RRB- MD RB VB VBN IN RB , '' PRP VBD .
DT NN POS NN , NNP NNP , VBD RB IN PRP$ NN NNP NN TO NN .
NNP NNP , WDT VBZ VBN PRP$ NN NNS , VBZ PRP DT JJR NN IN PRP$ NN NN TO VBG CC RB VBN NNS WDT VBP RB JJ NN NNS .
RB , DT NNP VBZ VBN DT JJ NN IN NNP POS NN NN , CC VBD RB DT JJ NN TO DT NN NN IN DT JJ NN .
NNP , JJ TO NNP CC NNP NNP , VBZ VBN TO VB DT RB JJR NN IN DT NNP NN IN PRP VBD IN DT JJ JJ NN NNS , WDT VBD NNP CD .
NNP CC NNP VBP DT JJ CD NNS WDT VBP RB VBN NN NNS IN DT NNP IN DT NN VBG NNP CD , CD .
IN JJ NNS , NNP NNS VBP VBN IN CD NN IN DT CD CD NNS IN NN VBD RB IN DT NN .
IN DT JJ CD NN VBN , DT NN NNS VBP IN CD NN TO JJ NNS , IN DT NN VBD RB IN NNP : WDT VBZ RB VBD IN DT NN NN .
JJ NNS WDT VBP RB VB JJ NN NNS IN DT NNP , JJ IN NNP , NNP CC NNP , RB VBP VBN NN .
DT IN DT NNS VBP IN JJ NNS VBD JJ NNS IN DT NNP WDT VBP JJ TO NNS .
NNP NNP NN RBR DT NN VBD PRP MD VB NN NNS , VBN IN JJ NN NNS , IN NNP CD , CD .
PRP RB VBD PRP MD VB DT NN NN NN TO VB IN DT JJ NN IN VBG RP DT JJ NN NN , WDT VBZ VBN RB VBN , VBN CC VBN IN NNS .
NNP NNP VBD PRP$ NN , DT `` NN NN NN , '' IN DT NN IN PRP VBZ RB DT NN .
NNP , WDT VBD CD IN DT JJ NNS TO VB PRP$ NN NNS IN DT NNP , RB VBD PRP$ NN TO CD NN IN DT NNP NN NN IN NN NN IN DT JJ NNS .
NNP NNP , WDT VBD CD NN IN DT JJ NNS , VBZ VBN TO VB DT JJ NN TO IN CD NN .
DT NN VBZ TO RB JJR IN CD NN IN DT NNP NN IN DT JJ NN NN NN VBZ VBN .
RB , NNP VBZ VBN TO VB PRP$ NN IN DT CD NN NN PRP VBZ VBN IN JJ NNS .
NNP NNP CC NNP : DT NNP POS JJS NN NNS : VBP RB VBN VBG PRP$ NNS TO DT JJ NN .
NNP NNP NN NN , WDT VBZ VBN VBG IN JJ JJ NN , VBZ VBN VBG IN CD NN IN DT NNP NN VBN IN JJ NNS IN RB CD NN .
NNP VBZ VBN VBG NN TO VB IN CD NN IN DT NNP NN VBN IN DT NN IN CD NN .
IN DT JJ NNS , DT NNP VBD PRP$ NN VBD IN CD NNS , TO CD NN IN DT NNP NN IN CD NN IN CD .
CC PRP$ NN VBZ VBN RB JJ IN CD NN IN CD .
NNP , RB , VBZ VBD TO VB PRP$ NN TO IN CD NN IN CD NN RB .
NNP , DT NNP , NNP , NNP CC NNP NNP VB IN CD NN IN DT NN VBN TO DT NNP IN DT NN NN .
DT NN VBZ VBN IN DT NN IN JJR NNS , JJ IN NNP CC NNP .
NNP NNP VBD IN DT JJ , NN IN DT JJ NN NN TO VB TO JJ NNS IN PRP$ NN NNS .
DT VBD RB VBN RP IN DT CD NN NN IN DT JJ NN NN CC CD NN IN VBG NNP POS NN .
NN IN DT JJ NN NN NN MD VB DT NN NNS JJ NN WRB PRP MD VB DT CD NN IN DT NNP NN NN TO VB .
DT JJ NN NNS TO DT NN NN NN VBP VBN IN DT NNP NN POS NN NN TO VB PRP$ NNS NN IN JJ NN NNS TO VB TO VB PRP TO VB NNS CC NN IN PRP$ JJ NN NNS .
NNP NNP VBZ IN JJ NNS TO VB CD NNS , CC VBZ DT JJ JJ NNS MD VB TO DT `` RB JJR '' NN IN PRP$ JJ NN .
RB , DT NN NN , VBD JJ NN IN $ CD , CC CD NNS DT NN , IN PRP$ JJ JJ NN , VBD NNP CD .
NN VBD $ CD CD .
NNP NNP , NN CC NN NN NN , VBD IN DT NN IN NNS IN DT RBS JJ NN MD VB IN CD NNS DT NN IN NN IN RB IN $ CD CD .
DT JJR NNS , NNP NNP VBD , VBP DT JJ NN IN NN NNS IN RB JJ NN NNS , NNP POS JJ NN .
IN NNP NNP VBZ DT NN IN NN TO VB IN DT JJ NN , PRP VBD PRP MD RB VB IN VBG IN JJ NNS .
NN IN DT VBZ DT NN POS NN IN DT JJ NN NN , NNP NNP VBD .
IN DT JJ NN , PRP VBZ TO VB CD NN NNS , VBN IN NN IN NNP , IN NNS , JJ NNS , NN CC JJ JJ NN IN DT NN .
PRP MD VB DT NN NN IN DT NNS TO VB , NN CC JJ NN NNS .
NNP NNP VBD PRP MD VB DT NN IN $ CD IN VBG JJ NNS IN DT NN DT NN .
PRP VBZ RB VBN DT JJ NN NN WDT MD VB JJ NN IN DT NN POS NN IN NN CC NN NN NNS CC VBP NNS .
NNP NN NNS MD VB DT NN IN RB DT NN , NNP NNP VBD , RB JJ NNS VBD IN PRP .
DT NN MD RB VB VBG DT JJ NN IN NN NNS , WDT VBP RB VB NNS , IN NN IN NN NN , NN NN , NN NN CC JJ NN .
NNP NNP VBD IN DT NNS CC NN NNS MD VB IN $ CD IN VBG JJ NNS IN DT NN DT NN .
NNP POS JJ NN NN VBD CD NN IN NNP IN NNP CC VBD RP CD NN IN DT NN , DT NNP NNP NNP VBD .
NNP NNP NNP VBD PRP VBD DT NNS POS NNS NN IN WDT NNS TO VB NNS IN JJ NN MD VB VBN IN DT NN TO NNS IN NN RB IN NNP CD .
DT NN VBD DT NN VBD RB VBN IN NN TO DT JJ NNS IN NN , DT NN CC NN IN NN NNS .
DT NNS VBP NNS TO VB NN NN IN DT NN IN DT NN CC NN VBZ JJR IN CD NN IN DT NN POS JJ NN CC VBZ DT NN NN .
NN NNS MD RB VB VBN IN NN IN DT NN NN .
NNP CC NNP NNP VBZ TO VB VBG JJ NN DT NN NN WDT MD VB RB DT JJ NN IN NN .
DT NN VBZ IN NNS VBN IN NNP WRB JJ NNS VBP VBN JJ NN IN JJ NN .
PRP RB VBZ NNP POS VBG NN IN PRP$ JJ NNS , JJ IN NNP NNP , MD VB PRP$ NN TO DT NNP .
NNP NNP JJ NN VBD VBN CD NNS RB IN NNP WRB PRP VBD DT JJ NN , VBD NN , WDT RB VBD DT CD NN NN IN DT JJ NNS .
`` PRP VBP RB VB TO VB VBN RB , '' VBZ CD NN NN .
NNS IN NNP , NNP , VBP NNP POS JJ NN NN : TO VB VBN NN IN NNP NNP : MD VB IN NNS IN DT NN IN JJ NNP .
NNP NNP NN VBD IN NNS TO NNP VBD JJ JJ NN .
PRP VBD DT NN MD VB NNS IN DT NN IN VBG TO NNS .
PRP VBP RB RB JJ IN NNP .
DT NN VBD DT NN NN NN IN NNP IN VBG DT NN IN NN .
WRB PRP VBD DT NNS IN CD , NNP POS NN IN DT JJ NN VBD TO IN CD NN IN JJR IN CD NN .
IN DT NN IN NN NN , NNP POS NN VBZ RB JJ TO VB CD NN .
IN DT NNS VBP VBN DT JJ NN CC NN IN JJ NNS , DT JJ NN IN NNP MD VB IN DT $ CD CD NNP NN NN , WRB NN VBZ JJ CC PRP VBP VBD NN IN NN .
DT NN MD VB VBN TO VB DT NN IN DT NN NN IN PRP VBZ RB VBN PRP$ NN NNP IN CD JJ NN , VBG DT NN POS JJ NN , NNP IN NNP .
IN NN , RB , PRP VBZ RB RB JJ TO VB NNS WDT RB VBZ JJ : JJ NNS VBP TO VB RB JJ NN IN DT NN NN , VBG IN PRP VBZ DT NN IN NN TO RB VB DT NN .
IN DT JJ CD , NNP VBD TO VB RB DT JJ NN IN DT NN NN NN IN PRP VBZ IN NNP .
CC DT NN , WDT VBD RB RB VBN IN DT JJ NN , VBN IN DT NN NN IN NNP CC VBD VBN .
NNP CC NNS RB VBP VBN RB TO NN NNS IN NN CC NN NN NN IN NN , CC PRP VBP RB VBN RB , IN DT NN .
CC NNP VBZ DT JJ NN VBZ DT JJ NN WDT RB VBZ DT NN WDT VBZ NNS IN NN .
CC NNS VBP VBN TO VB DT NN , IN NN IN PRP MD VB RP JJR NN NN .

CC IN RB JJ NNS NN IN NN , WDT VBZ RB RB DT NN .
IN DT JJ NN VBZ RB , DT NN IN JJR NN VBZ JJ TO VB IN NNS VBP IN PRP$ JJ NN .

NN VBZ VBN TO VB JJR IN PRP VBZ DT NN IN NN IN DT NNP .
TO VB JJ , PRP MD RB VB DT JJ NN VBG NNP NN NN RB IN DT JJ NNP , WDT VBZ IN CD NN IN DT NN .
NN NNS RB VBP VBD PRP VBP JJ IN VBG NNS IN DT NNP , CC RB RB DT NN VBZ JJ IN NNS , JJ IN JJ NN POS NN IN NNP NNP NNP , DT NNP NN NN .
PRP RB VBZ DT NN NN IN NNP .
DT VBP NNP POS NN IN DT NN NN VBZ IN DT NN IN DT NNPS .
`` DT VBZ NN NNP MD VB IN CC IN PRP , '' VBZ NNP NNP .
IN JJ NN IN DT NNP CC NNP VBG , JJ NNS VBD VBN JJ NN POS NN IN NNP NNP NNP NNP NNP .
PRP VBD DT JJ NN IN NNS IN NNP VBP NN RB TO VB PRP$ NN NN IN DT NNP .
RB , PRP VBD DT NN IN DT NN IN DT NNP CC NNP TO VB RB CC IN DT NN IN DT JJ NN .
NNP NNP POS JJ NN TO NNP IN NNP POS JJ NN NN VBD DT RB JJ NN IN JJ NN POS NN IN NNP NNP NNP NNP NNP .
NNP NNP VBD IN JJ NNS IN JJ NN IN NNS IN JJ JJ NN NNS WDT RB VBP JJ NN .
PRP VBD JJ NNS MD VB `` NN IN NNS CC NNS '' IN VBG DT NNP NN NN IN NNP .
CC NNP NNP , NN IN DT NN VBG IN DT NNP NNP IN NNP IN NNP IN NNP , VBN IN DT NN `` VBZ RB TO VB JJ NN IN NN CC NN , PRP VBZ RB TO VB DT NN IN NN . .
PRP VBD IN PRP VBD `` RB TO VB DT JJ NN : DT JJ NN TO VB DT JJ NNS CC DT JJ NNS IN PRP VBP VBG IN NN . .
WRB JJ NNS VB IN NN MD RB VB JJ IN NNS .
NNP CC JJ NNS VBD JJ NNS IN DT NN IN NN NN NNP NNP CC NNP NNP .
DT VBD PRP RB DT NN IN NNS .
CC DT VBD PRP IN DT JJ NN NN .
NNS VBD DT NNP NN MD VB DT NN IN DT NNS VBZ VBG RP IN NN .
CC DT VBD PRP VBD DT VBG NN IN NNP IN VBG JJ NN IN NNP CC DT NN IN VBN NN .
VBN TO VB PRP$ NN TO NNP NNP POS , NNP NNP VBD : `` PRP VBD RB VB DT NN PRP VBD , CC IN DT JJ NN , PRP VBP PRP VBP DT RB JJ NN NN IN DT NNP NN . .
RB JJR IN CD JJ NN WP VBD IN IN PRP IN CD NNS IN NNS IN JJ NNS VBD PRP$ NN RB VBD RB `` JJ . .
`` PRP VBP PRP$ NN VBZ VBN RB JJ , '' NNP NNP VBD IN DT NN NN NNP NN .
`` PRP VBP VBN RB IN NN , RB IN PRP VBP DT NN NN IN NNS TO VB .
PRP VBP RB VB RB JJ .
PRP VBP RB VB RB JJ CC JJ .
PRP VBP VBN TO DT NN IN JJ NNS CC VBG NN . .
WRB PRP VBD DT JJ NN IN DT JJ NN IN NNP , NNP NNP RB VBD DT NN IN NN IN VBG NNS TO VB IN NN NNS , NNS CC NNS , CD NNS VBN IN DT NNP CD NN IN DT CD NN NN .
PRP VBD JJ NN NNS IN DT NNP NN VBZ VBN .
CC PRP$ JJ NN VBD TO VB DT NN IN JJ JJ NN CC JJ NN .
PRP VBD DT NN NN VBD RB JJ TO JJ NNS CC MD RB VB PRP IN VBG JJ NNS .
IN PRP$ NN NN IN JJ NNS , CD NN NN VBD RP DT JJ NN IN NN .
`` PRP$ NN VBD IN PRP MD VB DT JJ JJ NN , '' PRP VBD , VBG DT JJ JJ NN IN PRP$ NNS .
`` CC PRP VBP VBN TO VB IN PRP VBP JJ CC JJ CC JJ CC DT NN IN NN . .

NNP NNP NN IN DT JJ NN VBZ VBN VBN IN CD NN IN NNS .
JJ NNPS VBP VBN DT CD NN IN NNP NNP NNS DT CD NN NN IN CD , CC DT NNPS VBP VBN VBG DT JJ NN .
IN CD IN PRP$ NN NNS , NNP NNP VBD , `` PRP VBP PRP MD VB RB JJR IN CD NN . .
CC PRP VBD , `` PRP VBP IN VBN NN .
PRP MD RB VB IN DT NN IN NN TO DT NN IN DT NN .
JJ NNP NNP VBD PRP VBZ TO VB DT JJ NN IN DT JJ NN WDT VBD NNP CD CC VBZ VBG JJ NN .
DT NN IN JJ NNS CC NNS VBD PRP VBZ VBG DT NN IN NN NNS , VBG VBG NNS IN PRP$ NN NNS .
JJ VBD TO VB DT NN IN DT NN CC MD RB VB IN PRP VBZ TO VB DT NN IN DT NN .
RBR DT NN VBD NNP CD , CD , JJ JJ JJ NN IN $ CD CD , CC $ CD DT NN .
DT NN VBD RB VB RP PRP$ JJ NNS .
IN DT JJS CD NNS JJ NN VBD $ CD CD , CC $ CD DT NN , IN NN IN $ CD CD .
RB , DT NN VBD PRP MD VB DT JJ NN NN IN DT NNPS CC NNP NNP `` IN RB CD NNS . .
PRP VBD DT NN VBD IN NNS IN VBG PRP$ NN IN DT NN IN DT JJ NNP NNP .
IN DT NN VBD IN JJ NN IN NNP TO VB NNP NNS TO DT JJ JJ NNS , JJ VBD PRP MD VB DT $ CD NN NN TO VB NNS TO JJ NNS .
NNP NNP NNP VBD PRP VBD VBN IN DT NN IN PRP$ JJ NN NN , VBG IN DT NN VBD TO VB NNS IN DT NN .
DT NN IN NNP NNP VBD DT NN IN CD NNS IN NNP NNPS NNP VBZ NN IN DT NN VBZ IN $ CD CD NN NN CC NN IN DT NN VBP VBN IN DT NNP NNS TO NNP NNP IN JJ NN TO VB NNS .
NNP NNP VBD PRP VBZ IN DT NNS , VBN IN JJ NN IN NNP , VBP IN NN .
RB VBN NNP NNPS VBZ VBN IN NN , NNP .
DT NNS WDT VBD DT NN VBP NN NNS NNP CC NNP NNP NNP .
NNP NNP VBD DT NN IN PRP$ JJ NN CC NN NN , DT NNS POS NN NN , TO NNP NNPS .
NNS VBD RB VBN .
IN NNP POS `` JJ NN IN NN NN VBZ , DT JJ NN WDT VBZ NN JJ VBZ DT JJ NN , '' VBD NNP NNP , NN IN DT NN , IN DT NN .
DT NN VBD PRP VBZ DT NN IN CD NNS IN DT NNP CC JJ .
PRP VBZ CD NN NN NNS IN DT NNP .
DT NN NN POS NN NNS MD VB IN DT NN IN DT NN .
NNP NN NNS IN DT JJ JJ NNS VBP VBN TO VB RB RBR JJ NNS IN PRP VBD IN DT JJ NN DT NN RB , RB VBG JJ NN NNS CC NN NN .
DT NN NN MD VB DT NN , CC NNS VBP JJ TO VB JJ , NN NNS CC NNS VBP , VBG NNS IN NNS MD VB PRP$ JJ NN .
DT NN VBZ `` VBG DT NN RB IN NN CC RB IN NN IN NNS , '' NNP NNP , NN IN NNP NNP NNP , VBD IN DT NN .
`` DT NN MD RB VB JJ CC JJ NN NNS '' IN DT NN IN NN , PRP VBD .
PRP VBD RB VBN NNP POS NNS .
CC NNS NNS VBP NNP MD VB IN DT NNS JJ IN JJ NN NNS CC MD RB VB DT NN IN JJ NNS .
RB , RB , JJ NNS VBP , NN NNP NNP , NNP NNP CC NNP NNP .
JJ NNS WP VBD TO DT NN IN NN , DT JJ NN NN VBD IN JJ NNS IN JJ NN NNS .
PRP VBZ VBN CD NN IN NNP TO RB CD NNS DT NN .
DT NN IN NN VBN IN CD NNS , NN IN RB CD NNS JJ NNP .
DT JJ NN IN DT JJ NN NN VBZ JJ .
VBG IN NN , NNS VBD VBG IN DT VBG NNP NN CC DT JJ NN VBD NN .
NNS VBD NN NN .
RB , RB VBN NNS VBP IN DT NN , IN DT NN VBZ JJR , CC JJ JJ NN VBZ JJR .
JJ NNS IN NN VBD JJR .
`` NN NNS VBD RB JJ IN DT JJ NN IN JJ NN CC RB RB RB JJ DT NN , '' VBD NNP NNP , DT NNS NN IN JJ NNP NNP .
NN NN NNS VBD JJ RB TO VB IN DT JJ NN NN NN IN NNP CC NNP WDT VBD RB VB .
DT NN NN VBD NN NNS RB IN DT NN .
NNP NN , JJ NN NNS VBD RP DT IN DT NN RBR , RB VBG NN .
PRP VBP NNS VBN RP IN NNP , CC JJ NN NNS VBP NN NNS MD VB DT NN , IN RB RB TO DT NN IN CD POS JJ NN .
IN DT CD JJ NN , JJ NNS VBD NN NN CC NN NNS .
JJ NN NN MD VB RP TO VB DT RBS JJ NN IN NNS POS NNS DT NN .
NNS : VBG RB $ CD DT NN JJR IN DT JJ NN IN DT NN RB : VBP VBN RB IN JJS NNS POS NNS .
NN VBZ VBN RB RBR IN VBN , CC PRP RB VBZ IN DT JJ NN .
`` PRP MD VB JJR NN NNS DT NN , '' VBD NNP NNP , DT NN IN NNP NNP .
DT MD VB IN RB JJR NN NNS , RB VBN IN JJ NN WRB NN NNS RB VBD TO RB $ CD DT NN IN DT JJ NN .
IN NN NNS VBP VBN RB RBR JJ , JJ NN NNS VBP VBN JJR .
IN DT JJ NN , PRP VBD RB CD NN JJR IN PRP VBD IN CD .
DT JJ NN NNS NN .
JJ NN VBD JJ IN DT NN NN CC NN WDT VBD NNS TO VB RBR JJ NN TO VB VBN JJ NN IN NN NN NN .
DT NN , IN DT JJ NN , VBD PRP VB RBR JJ .
`` PRP VBP VBN RB JJ IN DT NN IN JJ NN NNS , '' VBD NNP NNP , NNP POS NN .
`` DT JJ NN NN VBZ RB VBG TO VB JJ NN NN IN JJ VBD VBN . .
VBG IN DT JJ NN , JJ NN NNS VBP RB IN CD NN TO CD NN JJR IN DT NN RBR .
IN NN , NN NN RB VBD IN DT NNP NNP VBZ VBG IN DT NN NN IN RB $ CD DT CD JJ NNS , RB CD NN IN $ CD DT CD JJ NNS DT NN RB .
NNP NNP NN , VBG TO VB VBG NNS IN NNP NNP IN DT NN IN NNS IN NNS TO DT JJ NN , VBZ VBG IN NNP POS NNP . NNP NNP CC NNP VBD JJ JJ NN TO DT NNPS .
JJS IN DT JJ JJ NNS IN NNP NNP IN NNP NNP NNP , DT JJ NN IN WDT DT NNP CC PRP$ NNS VB PRP$ NN NNS , VBP VBN TO VB IN JJR JJ NN NNS IN DT NN TO VB VBN IN NNP NNP CD CC CD .
PRP VBP TO VB RB IN DT NN IN NNS VBG NNS IN NN NNS , NNS CC JJ NN NNS .
CC DT NNP NN VBZ PRP VBZ TO VB NN IN DT NNP NNS VBP VBG RB IN VBG NN NNS IN PRP MD VB JJ NN .
TO VB PRP$ NN , PRP VBZ VBG DT JJ NN TO VB NNS IN NNP MD VB VBN DT JJ NN IN JJ JJ NNS WDT MD VB VBN TO VB NNS IN NN NNS .
NNP NNP NNP NNPS , WDT RB VBD DT NNP NNS , VBD DT NNP NN NN IN DT NN IN DT NNS IN NNP VBD $ CD CD IN `` JJ , JJ , JJ NN NNS TO DT JJ NN NN . .
NNP RB VBD VBG DT NNS IN CD .
NNP NNP NNP NN VBD IN DT NNP VBZ VBG DT NNS IN DT JJ NN CC NNP , CC VBD TO VB DT NNS .
NNP NNP VBD PRP VBD DT JJ NN IN IN NNP VBD NNP NNS .
NNP NNP VBD PRP$ NN TO DT NN IN DT JJ NN POS NN RB JJ NN .
NNP VBZ VBN IN PRP VBD NNP NNS , VBG IN DT JJ NNS VBD RB VBN IN DT JJ NNS .
IN DT NN IN DT NNS VBZ RB DT JJ NN , DT NN MD RB VB JJR VBD TO VB DT NN IN NN NN IN DT NNP CC DT NN NN .
`` PRP VBZ TO PRP IN DT NN IN DT NNS RB IN DT JJ NNP NN , '' VBD DT NNP NN IN DT NN IN NNP NN NNS .
NNP NNP NN VBZ VBN JJ NNS IN PRP$ NN NNS , VBG NN NNS IN JJ VBG NNS .
JJ NN , NNP NNP VBD DT NN IN DT NN IN JJ NN WRB PRP VBD DT NNP NNP NNP NNP VBG IN PRP MD VB DT NNS TO DT NNP NN IN JJ NNS .
CC RBR RB , DT NNP CC DT NNP NNP RB VBD IN DT NN TO WDT NNP MD VB NNS IN JJ NNS TO DT NN .
RB , DT NNS RB VBP IN DT NNP MD VB JJ IN DT JJ NN .

NNP NNPS NNP NNP , DT JJ NN IN NNP NNP , VBD PRP MD VB NNS IN NNS IN NNP NNP NNPS NNP .
DT NN RB VBZ DT JJ NN IN NN IN NNS IN NNS IN NNP CC NNP NNP NNP .
IN DT JJS NN , $ CD CD -LRB- $ CD CD -RRB- IN JJ NNS MD VB VBN IN NNP , DT VBG NNS VBP JJ TO VB CD NNP NNP NNPS NN IN DT NN TO VB VBN NNP .
DT CD CD NNS MD VB VBN IN $ CD DT NNP VBP VBN TO VB DT NN TO DT NN NN IN RB CD NN .
NNP NN IN DT NNP NNP IN NNP NNP , DT NNS VBD NNP IN $ CD DT .
IN DT NN , DT NNS MD VB TO VB IN $ CD IN NNS TO NNP POS NN TO RB VB PRP$ NNS .
IN NNP NNP NNS VBP IN DT JJ JJ NNS IN PRP$ JJ NNS , NNP POS NNS VBP DT NN RB TO VB VBN IN DT JJ NN .
NNP MD `` VB '' DT NNS IN VBG JJ NNS , CC NNS TO NN NNS , TO VB PRP$ JJ NN .
NNS VBD NNS IN NNP NNP NNS VBP JJ IN PRP VBP JJ NNS , JJ IN NN IN DT NN POS NN NN , DT NN TO VB NNS IN VBG RB RB DT NN .
NNP NNP NNP NNP NNS MD VB JJ TO NNS IN NNP , DT NNS VBD , IN DT NN VBZ CD IN DT NN IN JJ NNS IN DT NNP NNP NN WDT VBZ JJ NN .

RBR DT NN VBD IN JJ NN NNP , DT NN VBD IN DT `` JJ NN '' IN DT NNS PRP VBD IN CD VBN IN NN .
NNP NNP VBD DT NNS , DT NN VBD , IN NNP NNP CC NNP VBD DT NN IN NNP NNPS TO VB DT CD NN NN IN DT NN IN IN $ CD CD .
NNP NNPS VBD VBN IN NNP NNP , WP RB VBZ VBG DT NN NN IN NNS NNS .
NNS IN NNP VBD PRP VBD RB VBN DT NN CC RB MD RB VB .
NNP NN TO $ CD CD NN NNS , DT NN VBZ $ CD CD IN JJ NNS .
RB VBN IN DT NN VBZ NNP NNP NNP NNP CC NNP NNP , DT NN NN TO NNP NNPS .
NN NNS MD RB VB VBN .
NNP NNP VBD PRP VBD TO VB DT NNS IN DT NN IN NNP NNP NNP NNP VBD PRP IN NNP CD CC VBD NNP NNP MD VB PRP$ JJ NN IN VBG DT NNS .
RB IN DT NN , NNP NNP CC NNP NNP VBD VBN IN NNP NNP NNS CC VBD VBN DT NN IN NN TO VB DT CD NN NN IN DT NN .
RB , DT NN VBD VBN IN NNP CD .
NNP NNP VBD DT NNS IN IN JJS CD JJ NNS IN CD CC RB RB VBZ VBN $ CD CD IN NNS IN PRP , DT NN VBD .
NNP NNP NNPS NNP VBD PRP$ NNS VBD DT NN IN NN NN IN NNP NNP NNP NNP TO VB PRP$ NNP NNP NN NNS IN NN IN DT NN WDT MD VB NNP POS NN NNS IN CD NN IN DT JJ NN .
RB , DT NNP NNP NN NN IN JJ NN NN NNP NNP NNP , RB VBD VBG PRP$ CD NN NN IN NNP NNP NNP NNP CC PRP$ CD NN NN IN NNP NNP NNP IN PRP$ CD NN NN IN NN .
CC PRP VBZ RB NN MD VB VBN NNP POS JJ NNS IN CD NN IN DT JJ NN .
NNP POS NNS VBD IN NN , IN PRP VBD PRP VBD DT NN NN .
IN DT NN , PRP MD VB NN NN IN DT JJ NN .
NNP POS JJ NNS MD VB IN NN NN IN DT JJ NN .
DT NN VBZ JJ TO DT JJ NN CC NN IN NN NNS .
PRP VBD PRP VBZ TO VB DT NN RB JJ NN .
IN NN CC NN NNS VBP VBN RB IN PRP$ NN NNS IN CD , NN NNS VBP RB JJ .
CC PRP VBP RB TO VB DT NN IN NNS TO VB , NNS VBP .
IN CD NN , RB IN JJ NNS VBG JJR NN NN DT NN RBR JJ , JJ NN NNS VBP JJ TO VB NNS RB IN CD , DT NNS VBP .
CC IN NN VBZ RB VB RB RB JJ IN DT NNP NNP POS NN NNS , VBZ IN DT NN RB VBG VBN MD VB VBN , RB VBG NNS .
RB VBG NNS VBP NNS IN DT JJ NN MD VB JJ VBG NNS IN DT JJ JJ NNS .
IN JJ NNP CD , NNS IN NNP NN TO VB VBN RP IN DT JJ NN : IN DT NN NN RB VBG VBN NNS VBN : VBP VBN TO VB TO VB CD NNS .
DT MD VB DT JJS NN IN DT JJ NNS .
NNS VBD CD CD NNS IN NNP CD IN DT NN .
NNP NN TO VB JJ NNS , NNP NNP NNP NNP JJ NN VBD DT NNP NN MD RB VB DT NN IN NNS NNS MD VB IN NN IN JJ NN CC RB VB IN JJ NN NNS .
DT NN NNS IN DT JJ NN MD VB NN JJ NN IN IN CD CD NNS .
PRP RB VBZ NN IN JJ NN IN RB IN CD CD NNS , VBN IN DT NN POS JJ CD CD CC DT JJ CD CD IN CD .
CC DT JJ NN IN NNS IN DT NN NN JJ NN VBD MD RB VB VBN IN DT JJ NN IN JJ NN .
IN RB , JJ NNS VBP JJ TO VB NNS IN DT $ CD NN , NNS VBP .
IN DT NNP NNP IN NNP NNP , NN IN NNP NN VBD IN $ CD DT NN , JJ .
NNP NN IN JJS , JJ NNS JJ NN MD VB DT NN NNS VBP JJ TO DT JJ NN , VBD NNP NNP , DT NNS NN IN NNP NNP IN NNP .
PDT DT NN MD VB NN , RB VBD VBN IN DT NN IN JJ IN NN NNS VBG DT NN IN DT NNP NNP IN NNP .

DT NN VBD PRP VBD IN DT NNS MD RB VB JJ TO VB JJ NNS TO VB CC MD VB TO NN IN PRP$ JJ NN TO DT JJ NN , WDT VBD VBN NNS TO VB PRP$ NNS .
NNP VBZ VBD PRP VBD VBG TO VB DT NN NNS NN .
NNS JJ , JJ NN IN JJ NNS IN DT NNP NNP CC IN JJ NNS IN NNP CC NNP VBZ VBG TO VB DT NN IN DT NN POS NN NN NN , VBD NNP NNP , DT NNS NN CC NN IN NNP NNP IN NNP .
IN NN , IN DT NNP NNP , CD NN CC JJR IN DT NN VBZ JJ IN PRP .
DT NN VBZ TO IN CD NN IN NN NNS IN NNP , PRP VBD .
NNP NNP NNP VBZ RB VBN DT JJ NN IN PRP$ NN NN NNS , CC JJ NNS VBP NNP TO VB JJ NNS IN NNP NN IN DT JJ JJ NNS , RB VBG NNS .
`` NN NNS MD RB VB RP IN JJ NN '' IN VBG NNS , VBD NNP NNP , NN NN , NN , IN NNP NNP IN NNP .
VBG RB TO JJ NN VBZ DT NN .
NNP NNP NNS MD VB VBG TO VB WRB JJ CC WRB RB DT NN NN WDT VBD NNP MD VB .
NNP NNP , IN DT NN IN NN , DT NN VBD WP MD RB VB VBN DT JJ NNP NNP IN NNP NN IN DT NNP NNP NN NN .
PRP VBD IN DT JJ NN IN NNS , IN CD CD NN NNS , VBN IN NN CD NNS JJ NN .
RB , RB VBN , NNP VBD IN DT NN NN TO VB RB CC RB VBD DT NN NN IN PRP$ NN VB TO IN $ CD DT NN IN RB $ CD .
NNP POS JJ NN IN NNS NNS VBD WDT JJ NN DT NNP NN MD VB VBN CC VBN DT NNP NN NN NN RB RB JJ IN CD NNS DT NN IN CD NN .
PRP VBD IN DT NN IN NN NNS IN $ CD DT NN .
JJ NN , IN DT NN VBD IN NN IN DT NN IN PRP$ NN NN , VBZ VBG TO VB IN DT NNP IN JJ NNS .
NNP VBZ TO VB NN IN PRP$ NN , WDT VBZ VBG TO VB IN JJ NN .
DT NN NN , CD NN VBD , VBD TO VB VBN RB RBR IN NNP , WRB NN IN JJ NN VBZ JJ .
PRP VBZ DT NN NN , CC DT JJ NN VBZ VBN PRP RBR JJ IN NNP , DT NN VBD .
NNP NNP NNS NNS VBP VBN RB IN JJR IN $ CD DT NN IN NN .
VBG DT JJ JJ CC JJ NN NNS IN DT VBG NNS , JJ NN IN NNS VBZ JJ TO VB IN NNP , WRB NN CC VBG RP NN IN NNP VB PRP$ NN , DT NN VBD .
.
IN DT NNS VBP IN NNS IN DT NN IN NNP POS NN IN JJ NN NNS , JJ NN POS NN VBZ RB VBN TO VB DT NN .
`` PRP MD VB TO VB IN DT JJ JJ NN , IN JJS IN NNS '' NN , VBD NNP NNP , DT NN NNS NN IN NNP CC NNP .
NNP VBD DT NN IN RB VBG JJ NN NNS IN DT NNS CC NN NNS .
IN DT NNP NNP NNP NNP , NNP NNP NNP NN IN NNP NN VBD IN $ CD DT NN , RB CD NNS IN DT NN .
IN JJ NNS , RB , NN NNS IN NNP NNP NNS VBD RP CD TO CD NNS DT NN .
`` DT NN RB VBZ TO VB JJR , '' VBD NNP NNP , DT JJ NN NN IN NNP NNP NNP NNP .
PRP VBD IN DT NNP NN MD VB $ CD DT NN CC JJR IN DT NNP NNP NNP NNP .
EX VBZ VBN JJ NN TO VB IN JJ NN IN DT NN NNS .
NNS RB VBP DT NN IN JJ NNS RB RB IN NNS IN DT JJ NN IN NNS IN DT NNS CC NNS .
EX RB VBP VBG NNS IN DT JJ NN VBZ VBG NNS IN PRP$ NN NNS CC IN PRP VBZ RB VBN PRP$ NN NN CC MD RB VB RB RB IN PRP MD VB .
JJ NNS VBP DT NN IN JJ NNS , RB IN JJ NNS JJ IN DT VBD IN DT NNP NNP CC IN PRP .
IN DT JJ NN VBZ IN NNP CC NNP NNP , NNP NNP CC NNP NNP MD VB DT NN NN NN , DT JJ NN TO DT NN VBD .
NN IN DT NN NN MD VB JJ IN DT NN IN NNP POS NN NN IN NNP NNP CC NN IN DT JJ NN .
CC DT JJ JJ NN CC JJ NN , WDT JJ NN VBD DT JJ NN NN NN TO VB NNP NNP , VBZ VBN DT NN IN JJ NN NN IN NNS .
JJ NN , NNP POS JJS NN , NNP NNP NNP , VBD PRP VBD VBN VBN IN CD CC JJR JJ NNS JJ IN DT JJ NN .
CC NNP NNP , NN NN NN IN NNP POS JJ NNP NNP NNP NN NN , VBD PRP VBD VBN TO VB DT NN NN IN DT NN , CC VBD VBN IN NNP NNP .
NNP NNP VBD PRP MD RB VB DT JJ NN .
DT NN RB TO NNP CC NNP VBD IN `` IN DT NN VBD RP IN DT JJ JJ NN , DT JJ NN WDT NNP VBD PRP MD RB VB , PRP MD VB DT NN CC TO VB PRP TO NNS .


NNP NNP VBZ RB NN IN DT NN , CC VBP DT IN DT JJ NNS IN NNP POS JJ NN NN NNS .
DT NN VBD RB NN DT NN , CC NNS NNS VBP VBD NNP MD VB RB IN $ CD CD .
DT NN VBD NN IN NNP VBD VBG IN DT JJ NN NN NN RB TO VB RP DT NN RB RB IN DT NNS MD VB DT NN .
DT NN NN NNP IN NN NNS VBD DT NN IN DT JJ NN NN , NNP NNP , WP VBZ NNP CC VBZ DT NN IN PRP$ NN IN NNP CD .
NNP NNP , RB JJ NN IN DT JJ NN NN NNP NNP NNP , VBZ DT NN IN DT JJ JJ NN , CC MD VB VBN RB IN VBG NNP POS JJ JJ NN .
VBN IN DT NN IN NNP NNP VBZ VBN VBN TO VB DT NN IN DT NN IN DT NNS , DT NN VBD , `` DT VBZ RB DT NN NNP VBZ VBN VBN IN .
PRP VBD VBN RP TO VB IN DT NN . .
RB , JJ NNP NN NNS VBD PRP VBP DT NN POS NN NN MD VB RB VB IN PRP .

NNP NNP , NN IN NN IN NNP NNP , DT NNP CC NNP NN NN , VBD : `` PRP VBP DT NN IN DT NN , IN PRP VBP RB VB WP NN PRP VBZ VBG TO VB RB .
PRP VBP RB VBG TO VB NNS IN IN DT NN IN NNP . .
NNS IN NNP NNP NN NNP NNP , RB RB RB IN NNP NN NNP NNP NNP , RB VBD PRP VBD DT NN .
NNS IN NNP NNPS NNP , DT NNP NNP NN WDT VBZ VBG PRP$ NN , VBN NN .
NNP NNP VBD VBD IN NNP VBD VBN TO VB RB DT NN NN CC NN , CC DT NN IN NNP NNP RB , VBD IN PRP .
NN NNS : .
JJ NN .
NNP POS NNP NNP NNP VBD PRP$ $ CD CD TO $ CD CD NN TO DT NNP NNP NN IN NNP NNP POS NNP NN .
DT NN VBD RB VBN IN NNP , NNP CC NNP NNP NNP , DT NNP NNP NN .
NN NN .
NNP NNP NNP NNP VBZ VBN PRP$ NN IN DT NNP NN IN NNP , NNP , NNP , NNP .
DT NN VBD VBN IN $ CD CD IN CD , VBG TO VBG JJ NNS .
NN NN .
IN VBN , NNP CC NNP NNP RB IN CD JJ NNS CC DT JJ NN , VBD RB JJ IN JJ NN IN NNP NNP , NNP , TO NN CC NN NNS .
DT NN VBZ VBN IN PRP VBD JJ NNS TO VB DT NNP NNP NNP NN NN IN CD .
DT NN IN DT NNP NNP POS NN VBD NN NNS VBP `` RB VBG '' IN DT JJ CD NNS IN DT NN , NNP NNP NNP , JJ JJ NN NN , CC JJ NN NNP NNP NNP .
NN NN .
NNP NNP NNP CC NNP NNP VBD TO VB DT JJ NN NN NN IN NNP NNP .
NNP NNP NNP , IN DT JJ NN MD VB VBN , MD VB VBN IN NNP CC VBZ CD NN VBN IN NNP CC CD NN VBN IN NNP .
NNP RB VBZ NNP NNP NNP NNP , DT NN POS JJS NN .
NNP VBZ NNP NNP NNP CC NNP NNP IN NNP NNS IN NNS IN JJ NNS .
VBG DT NN IN DT NN CC JJ NNS IN JJ JJ NNS , NNP NNP VBD NNS CC NN VBD IN PRP$ JJ NN VBD NNP CD .
DT NN IN NN NNS VBD JJ NN VBD TO $ CD CD , CC CD NNS DT NN , IN JJ NN IN $ CD CD , CC CD NNS DT NN .
NN VBD TO $ CD CD IN $ CD CD .
PRP VBD PRP$ NNS VBD VBN IN $ CD CD IN NNS VBD IN DT NN , IN DT JJ NN IN NNS IN PRP VBZ RB VBG TO VB RB .
PRP VBD NNS IN VBG DT NN MD VB DT JJ NN IN JJ NNS CC NN .
DT NN MD RB VB , CC DT NN VBD DT VBN NN VBZ RB VBN DT JJ NN IN NN CC NN .
RB , PRP VBD IN JJ NNS IN NNS WDT VBP NNS IN JJ JJ NNS CC NN NNS .
IN DT JJ JJ NN , NN VBD $ CD CD , CC CD NNS DT NN , RB IN DT JJ $ CD CD , CC CD NNS DT NN .
NN VBD TO $ CD CD IN $ CD CD .
NNP NNP NNP , CD NNS JJ , VBD VBN DT NN IN DT NN IN JJ NN NNS CC NNS , VBG DT NN TO CD NNS .
PRP VBD RB JJ NN NN , NN CC NN , CC JJ JJ NN IN DT NN NNP CD .
NNP NNP VBD IN PRP VBD NN IN PRP$ NN NN IN DT NNPS CC NNP NNP , CC IN DT NN VBZ RB VB PRP$ JJ JJ NNS CC JJ NN .
DT JJ NN CC NN NN , VBG IN NN NNS , VBD PRP VBD DT NNP PRP MD RB VB JJ NNS IN DT NN IN PRP$ JJ NN `` IN JJ NN CC NN . .
DT NN VBD IN DT NN NN NNP CD , WRB DT JJ NNS VBD JJ .
NNP VBD PRP VBZ TO VB PRP$ NN TO VB JJ NNS RB RB IN PRP$ NN VBZ VBN .
NNP NNP , CD NNS JJ , VBD VBN NN IN DT NN IN NN NNS , VBG NNP NNP NNP NNP , CD , WP VBD JJ NN .
NNP NNP RB VBD VBN NN IN NNP NNP , VBG DT NN IN DT NN IN DT NN IN JJ NN .
NNP NNP VBZ JJ NN NN CC JJ JJ NN IN NN CC MD VB IN DT NNS .
PRP RB VBD NNP NNP NNP , CD , JJ NN NN IN NN , IN DT NN , VBG DT NN VBN IN NNP NNP .
NNP NNPS CC NNPS VBP NNS IN NN , WDT VBZ DT CD NN NN IN NN .
NNP NNPS NNP VBD DT NNP NNP NNP IN NNP VBD IN DT NN IN NN TO DT NN IN DT NNP NN VBD IN NNP NNP VBD `` IN NN . .
NN , VBN IN NN , NNP , VBD VBN IN DT NN IN NN IN NNP POS NN NN NN VBZ IN DT NN NN .
DT NN VBZ VBN TO NN NN , DT NN VB VBN IN NN NN .
IN PRP$ NN , PRP VBZ VBG JJ NNS CC DT JJ NN TO VB PRP IN VBG DT NN NNS .
NNP NNP NN VBD DT NNS VB IN DT NN IN NNP POS NNS CC CD NN TO CD NN IN PRP$ NNS .
RBR DT NN VBD NNP CD , CD , PRP VBD $ CD CD , CC CD NNS DT NN , IN NNS IN $ CD CD .
PRP VBD DT NN POS NN VBD VBN IN NN IN DT `` NN NN '' IN DT NN NNS CC VBZ RB CD IN PRP$ NNS IN DT NN .
PRP VBD PRP VBZ VBG `` DT IN PRP$ NNS IN NN IN DT NN , VBG DT JJ NN . .
DT NN NN VBD IN PRP VBZ TO `` VB PRP$ JJ NNS '' IN NNP POS NN , VBG DT NN IN PRP VBZ RB VBN IN NNP POS NN .
PRP VBD IN DT NN VBD DT NN IN JJ NNP : TO VB DT NN IN NNS IN NN POS NN IN DT JJ NN .
NNP NNS VBP VBG JJ JJ NNS , VBN IN JJ NN NNS CC VBN IN JJ CC JJ NN NN , RB IN DT NN .
VBG TO VB IN DT NN , JJ JJ NN NN NNS IN NNS VBP VBN VBN IN NNS IN NN CC JJ NN IN DT JJ NN .
NNP NNP NNP , DT NNP NNP CC NNP NNP CC NNP NN NNS VBP VBN IN NN IN NNS IN NNP CD IN DT JJ NN NNP , IN DT NNP NNP CC NNP , NNP POS CC NNP NNP NNP NN NNS VBP IN NN .
JJ NNS IN DT NN VBP RB VBN IN DT NN IN NN NN , DT JJ NN IN NNS IN JJ NNS .
IN RB , NN NNS VBD NNS IN JJ NN NN VBD VBN RB CC MD RB NN NN IN DT NN POS JJ CC JJ NNS .
DT NNS VBP RP , NNS VBP , RB IN DT VBG NN IN DT JJ NNS .
`` NN NN NNS MD VB VBN NN IN NN , CC DT NNS POS NNS VBP VBN DT NN IN NN NN PRP RB VBP , '' VBD NNP NNP NNP , NN NN IN NNP NNPS NNP .
`` NNS VBP RB IN NN . .
IN NN , NNP NNP VBD DT CD NN NN IN JJ NN , IN JJ NN NNS VBD IN NNP NNP , CC NN NN VBD RB IN DT JJR NN NN NN CC JJ NNS .
NNP POS CD RB CC CD NN NNS VBD DT CD NN NN IN NN CC NN NN .

IN NNP NNP , NN NNS VBD CD IN DT NN , RB CD NN IN DT CD NN , WDT VBD VBN IN JJ NN NN IN DT NNPS NNPS .
IN NNP NNP POS JJ VBN NN NNS IN DT NN TO VB VBN NN , DT NN IN CD NN IN JJ NN , DT NN POS NN NN VBD CD NN IN DT NN CC CD NN IN DT CD NNS .
IN DT CD NNS , NNP POS NN VBD CD NN TO $ CD CD , CC $ CD DT NN , IN $ CD CD , CC $ CD DT NN .
NN VBD CD NN TO $ CD CD IN $ CD CD .
IN NNP NNP CC NNP , JJ JJ NN VBD CD NN IN DT JJ NN .
NN VBD TO $ CD CD , CC CD NNS DT NN , IN $ CD CD , CC CD NNS DT NN .
DT JJ NN VBD DT JJ NN IN $ CD CD , CC CD NNS DT NN .
NN VBD CD NN TO $ CD CD IN $ CD CD .
DT NN IN NN VBD , IN NN , VBD NN IN JJ NN IN NNP NNP NNP NNP CC NNP POS NN .
NN NN IN DT NN VBD CD NN IN DT JJ NN .
VBN NNP NNP VBD DT JJ JJ NN NN NN .
DT NN IN DT NNP NNP VBD JJ IN $ CD CD , CC CD NNS DT NN , VBN IN DT NN IN $ CD CD , CC CD NNS DT NN , IN DT JJ NN IN CD .
NNP NNP NNP , DT NN POS NN CC NN NN NN , VBD NNS VBD TO VB VBN IN NN IN NN NN IN DT NNP NN .
JJ NN NNS IN JJ NNS VBP VBG RB VBN IN DT NN IN NN , WDT IN DT JJ CD NNS VBZ VBN JJ NN NNS .
IN DT NN NN VBD NNS TO VB CD NN IN CD TO $ CD DT NN NN , NNS VBP VBN , IN PRP VBP RB VB DT NN NN IN DT NN IN DT NN .
NNS IN JJ NNS IN DT NNP MD VB DT JJ NN NNS TO VB NN IN JJ NN NN .
NNP NNP IN NNP NNPS VBD PRP VBZ IN NNP NNP NNP POS NNS VBD RP IN DT JJ NN , RB IN JJ NN NNS IN PRP$ JJ NNP NNP CC NNP NN NNS .
NN IN DT NNP NNP VBD RB VB IN JJ NN NN IN DT NNP NNP NNPS , WDT DT NN RB VBD DT NN .
NNP NNP NNPS NNP VBZ VBN TO VB JJR NNS IN DT JJ NN IN IN JJ JJ NN NNS IN PRP$ NN NNP NNP NNPS CC RB VBG RP NN IN PRP$ NN , NNP NNPS NNP .
`` NNP NNP POS JJ JJ NNS VBP VBG RP RB , CC EX VBZ JJ NN IN NNS MD VB IN DT NNP NNP NN , '' VBD NNP NNP , DT NN IN NNP NNP NNP .
NNP NNP NNP VBZ VBN TO VB JJ NNS , RB RB IN JJ NN NN CC NN NN VBD IN DT JJ JJ NN IN DT NNP NN .
VBG TO NNS , NNS VBD RB VBN IN JJ NN NNS IN NN .
DT NN VBZ VBN VBN NN IN JJ NNP NN CC DT RB JJ NN NN NN .
NNP NNP VBZ VBN IN JJ NN IN DT JJ JJ NN NN IN PRP$ NNP NNP NNP CC NNP POS NNP NN , CC VBZ VBN NNS IN NNS VBD RP IN DT JJ NN .
RB , NNS VBP TO JJ NN NN IN JJ IN PRP$ JJ JJ NNS , JJ IN DT NNP NNP CC NNP NNP NNP NN .

NNP NNPS NNP , IN DT NN IN NNS IN VBN NN NNS IN DT NNP CC NNP , VBZ VBN IN RB JJ IN CD NNP NNP NN NNS MD RB VB DT NNS IN DT NN VBZ TO VB PRP$ JJ NN NN .
NNP NNS TO NNS JJ JJ NN , NNP RB VBD NN NNS IN CD JJ NN NN NNS , CC NN JJ NN IN DT NNS IN CD NNP NN NNS .
NNP VBZ IN JJ NN TO VB NNS WDT VBD JJ IN DT JJ NN NN POS NNP NN NN VBD IN DT JJ NN .
DT NN , RB VBG IN CD NN IN PRP$ NNP NNP NN NN , VBZ VBD PRP MD VB IN CD NN IN NN IN CD .
RB DT NN RB , NNP VBD PRP MD VB DT VBG NN NN IN NN , NNP , DT JJ NNP NN NN TO VB IN CD .
RB , NNP VBZ TO VB VBG RP DT NN IN PRP$ NN NN TO VB IN NN IN DT NNS .
NN NN VBZ VBG NN IN JJ JJ NN NNS IN DT NNP WDT VBP VBG IN JJR IN CD CD NNS DT NN IN NNS JJR IN NNP MD VB .
DT VBZ DT JJ NN NNS NN NNS VBP VBN PRP VBP JJR NN NNS IN DT JJ NNP CD JJ NN WDT MD VB JJ JJ NN .
NNP NNS VBP TO VB PRP$ NN TO VB NN CC DT VBP NN IN NN IN DT NNS VBP .
DT NN , RB , VBZ IN NNP POS NNS VBP VBG IN DT NN WRB NNP NNS VBP VBG TO NN NNS WP VBP DT NN VBZ RB JJ IN DT NN IN NNP NNS .
IN DT NN , NNP NNP NNP NNP NNP NNP , WP RB VBD NN IN DT NN POS NNP NN , VBD DT NN NNP NNP NNP POS `` FW FW '' IN NN NNS .
DT NN NN POS NN TO VB NN IN DT JJS NNS CC NN NN VB RP IN JJ NN TO DT JJ NNS VBD `` NN '' CC DT `` NN CC NN TO VB JJ NN , '' NNP NNP VBD .
NNP NNS VBD NNS RB JJ NN IN DT JJ NNS : NN IN JJ NNS MD VB VBN IN DT JJ NN IN NNP , NNP .
DT VBZ CD NNS : CD IN NN , NNP , CC DT JJ IN NN , NNP : RB MD VB VBN RP IN DT NN IN CD .
DT NNS MD VB IN CD JJ NN NNS CC IN CD NNS IN NNP .
NNP NNP , JJ NN NNS NN NN , VBD DT JJ NN NN TO VB DT JJ JJ NN NN CC PRP$ NN , NNP NNP NNP NNP .
CC JJ NN NNS MD VB IN DT JJ NNP NN WDT VBZ CD NNP NN NNS CC NN IN NNP .
NNS IN NNS IN NNP NNP , NNP , NNP NNP CC NNP , NNP , VBD VBN PRP$ NNS VBP RB RB VBG VBN TO VB DT JJ NN IN DT NNP NN CC NN NN NN NNS .
NNP VBZ VBG IN PRP MD VB DT JJ NN RB IN DT NN IN NNP NNP , NNP , NN CC NN NNS VBD .
DT NN VBD NN NNS IN NNP NNP CC NNP NN JJ IN PRP$ NNS .
NNP NNP NNP NN , WDT VBZ IN CD NNS , VBZ RB VB DT NN TO VB IN CD .
NNP NNP , NNP JJ NN , VBD DT NN VBD VBN TO VB RP NNS TO VB VBG IN DT `` NN NN , '' WDT MD VB JJ JJ NNS IN NNS IN JJ NN TO VB NN .

PRP VBD PRP VBZ NNP VBZ NNS TO VB VBG NN NNS IN DT NNS .
IN NNP , RB , DT NN NN NNS TO NNP NNP VBZ IN NNP MD VB DT JJ NN NN IN RB VBN DT NN , NNP NNP NN NN .
DT NN NN VBD VBN IN DT NN IN NN NN IN NNP IN JJ NNS IN DT NN VBD DT NN TO VB DT NN JJ NN .
NNP NNS VBP VBN DT NN RB IN DT NN .
NNP NNP NNS VBP VBN DT NN NN IN DT NN IN JJ NN POS NN .
NNP NNP NNP IN NNP VBD DT JJ NN VBD DT NN TO PRP$ JJ NN IN NNP NNP NNP IN CD CD JJ NNS -LRB- $ CD CD -RRB- .
NNP VBD DT NN POS NN IN NN , NN CC NN VBD PRP IN PRP VBD RB VBN IN DT NN VBZ JJ TO VB RP `` JJ NN '' TO NNP .
JJ NN NNS VBP IN JJ JJ NNS VBP RB JJ .
DT JJ NN VBD DT NN VBD PRP CD NNS IN WDT TO VB NN TO RBR VB PRP$ NN NN .
DT NNP CC NNP VBP NN NN CC NN NN NNS .
DT NN POS NN VBD JJ .
NNP NNP , NN NN NN IN NNP NNP , WDT VBZ JJ NNS , VBD PRP VBD DT JJ NN IN PRP$ JJ NN IN DT NN VBZ VBN DT JJ NN NN IN DT NN IN DT RB JJ NN .
PRP VBD PRP VBZ VBN DT JJ NNS IN DT NNS TO VB RB VBN NNS , CC RB VB DT NNS TO VB .
`` DT VBZ RB DT NN IN NN NN : DT NN VBZ VBN VBN RP , '' VBD NNP NNP , NN NN IN NN NN , NNP POS NN IN NN , NN CC NN .
NNP NNP VBD DT NN VBN IN DT NN IN NNP NNP .
NNS IN NNP CC NNP VBD PRP VBD RB VBN VBN IN JJ NNS IN NN IN RB DT NN CC NNP NNP , CC VBD PRP VBP TO VB JJR NN RB DT NN .
NNP NNP VBD TO VB IN DT NNS IN DT NN NN .
NNP NNP , DT NN IN NNP CC NNP , DT JJ JJ JJ NN NN NN , VBD DT NN POS NN VBD RB JJ .
`` DT VBZ VBN DT JJ NN NN , VBG NNP POS RB JJ , JJ NN CC JJ NN , '' NNP NNP VBD .
NNP NNP VBD DT NN WDT MD VB DT NN TO VB RB RB VBN MD VB DT NN NN IN NNP POS NN IN DT NN IN NNP .
NNP NNP VBZ VBG TO VB DT NN IN NNP IN JJ NNS , VBG NNS IN DT NN IN NN WDT MD VB VBN IN NNP .
DT NN VBZ VBG DT NN NN VBN IN NNP .
IN DT NN MD VB PRP$ NNS , NNP NNP VBZ PRP TO VB RBR JJ NNS IN NN CC NN NN NNS IN NNP IN NNP VBD TO NNP NNP .
DT NNS , JJ IN NNP NNP IN NNP NNP NNP NNP , VBP DT NN NN VBZ DT NN RB IN JJ NNS , JJ IN NNP POS NNP CC NNP NNP IN NNP , NNP .
NNS IN DT CD NNS , WDT VBP VBG $ CD DT NN IN NNP , MD RB VB VBN IN NN .
JJ JJ NNP NNP VBZ CD NN IN NNP .
NNP NNP NNP VBD PRP VBD NNS IN DT JJ NN CC MD VB NN IN NNS IN DT NN , CC VBD IN PRP VBZ TO RB VB IN CD CD JJ NNS .
DT NN VBD PRP VBN TO VB DT JJ NN IN JJ NNS IN NN IN DT NN NNS IN PRP$ JJ NN JJ .
DT NN NN VBD RB JJ .
PRP VBD NN NNS VBD TO DT NN IN DT VBN NN .
DT NN NN VBD , RB , IN IN NNP CD , PRP MD VB NNS IN NNS IN DT JJ NN .
PRP VBD PRP$ NN NN IN NNP CD CC VBD PRP VBZ RB DT NNS TO VB RP IN NNS IN NNS IN $ CD CD , CC MD VB RB DT NN IN DT NN .
RB , DT NN VBD PRP VBD IN DT NNPS CC NNP NNP IN DT JJ NN IN CD CD NNS IN JJ NN , VBD TO VB VBN IN NNP .
DT NN VBD NNP NNPS NNP CC NNP , NNP , NNP , NNP NNP , NNS IN DT NN , VBD VBN DT NN TO VB RB RB IN DT JJ CD CD NNS TO VB PRP .
NNS MD VB VBN TO VB CC VB NN NN .
PRP RB VBZ RB CD CD JJ NNS JJ .
NNS IN JJS IN DT NN POS JJ JJ NNS VBP VBN TO VB VBN RB JJ IN DT JJ NN , IN NNS IN JJR , JJ NN NNS VBD RB RB .
IN DT JJ JJ NN , RB , JJS IN DT NNS POS NNS VBD VBN IN JJ NN NNS IN DT NN IN DT JJ NN RB .
NNS VBD IN NNP CC NNP , NNP NNP CC NNP , NNP NNP CC DT NNP NNP NN IN NNP NNP NNP RB VBD IN JJ NNS IN RB JJ , JJ NNS WDT VBP JJ NN NNS .
RBR JJ NNS IN NNP NNP CC NNP NNP VBD VBN TO DT NNS POS JJR NNS , JJ IN WDT VBP NN NN IN JJ NNS CC JJ NNS .
NNP NNP , DT NN IN NNP , NNP CC NNP , VBD IN IN DT JJ JJ NNS RB NN NNS VBP VBN PRP$ JJ NNS CC VBN JJ NN NNS , JJ IN VBG NN NNS CC JJ NNS .
IN DT NN , `` JJ JJ NNS VBP VBG JJ NN , RB IN DT NN IN RB JJ NNS , '' NNP NNP VBD .
NNS VBD NN IN DT NN CC RB JJ NN NNS , IN DT NN , VBZ VBN TO VB VBN IN CD NN CC CD NN .
IN DT VBZ RB JJ , NNP NNP , DT NN IN NNP NNP , VBD IN DT NN IN NN MD `` VB RB JJ RB VBN TO JJ NNS IN DT NN VBZ JJ . .
NNP NNP VBD DT NN POS NN IN DT NN VBD IN IN CD NN , VBN IN NNS IN PRP$ NN IN JJ NN NNS , VBG PRP$ NN NN , NNP : DT JJ NN NN NN , CD : NN , DT JJ , CC NNP , DT NN NN .
NN VBD RB IN NN POS NNS VBD VBN IN `` CD TO CD NN NNS '' IN DT NN IN DT JJ NN , NNP NNP VBD .
IN DT JJ NN IN CD , NN VBD $ CD CD , CC CD NNS DT NN .
NNP NNP , NNP , DT NN NN VBD DT NN VBZ RB VB NNS NNS .
NNP NNP VBD PRP VBD IN NNP POS NNS IN DT NN VBD RB CD NN , RB RB IN DT NN IN PRP$ JJ NN NN .
DT NN , VBD JJ NN , VBZ VBN TO VB NNS IN IN $ CD CD DT NN .
`` PRP VBZ VBG RP TO VB DT JJ NN , '' NNP NNP VBD .
NNP JJ NN POS JJ NN , NNP VBD $ CD CD , CC $ CD DT NN .
NNP NNP , RB VBN NN .
JJ NNS VBD PRP VBD NNP POS NN RB TO VB IN JJR IN CD NN IN $ CD CD , CC $ CD DT NN , PRP VBD IN DT JJ NN JJ NN .
DT NN VBZ VBN IN NNS IN RB VBG PRP$ NNS IN JJ NNS CC VBG JJ NNS IN JJ NN NNS .
DT NN POS JJ NN , NNS VBD , VB NN NNS IN PRP$ NN NN , NN , TO NN NNS JJ .
NN NNS VBP VBN TO VB IN $ CD CD DT NN , RB IN $ CD CD IN CD .
NNP NNP NNP , NNP , DT NN IN DT NN VBD DT NNS POS NNS VBP `` IN DT NN . .
NNP POS NN , VBD IN NNS TO VB IN CD NN IN DT $ CD CD , CC $ CD DT NN , PRP VBD IN DT JJ NN IN CD , VBD DT NN IN RB JJ NNS IN PRP$ NN NN IN VBG JJ NN NN CC JJ NN NN .
DT NN VBD RB VBN IN NNP NNP RBR DT NN .
NNP VBD TO VB .
NNP NNP IN NNP NNPS VBD IN NNP NNP POS JJ NN NN IN RB CD NN TO CD NN , CC NNP POS JJ NN NN IN RB CD NN VBP RB IN `` DT NNS VBP RB VBN RB . .
PRP VBD $ CD CD , CC CD NNS DT NN , IN NNP VBD $ CD CD , CC CD NNS DT NN , IN DT JJ NN DT NN RBR .
NNP NNP , NNP , DT NN IN NNP VBD DT NN VBZ `` DT NNS '' IN DT NN NN IN DT NNS IN JJ NNS IN NN VBD IN IN CD NN , TO $ CD .
DT NN VBZ TO VB DT CD NN NN IN JJ NNS IN NN , IN PRP VBD IN DT NN , DT NN VBD .
RB , NNS VBD NNP POS JJ NN IN JJ JJ NNS VBD , IN NNS IN DT NN VBD VBN TO VB IN IN CD NN .
NNS IN NNP POS JJ NNS , NN IN VBG NN , CC NNP , DT NN NN , VB PRP IN IN JJ NN .
`` DT -LRB- JJ -RRB- NN VBN NNP DT NN , RB , '' NNP NNP VBD .
IN DT JJ NN JJ NN , NNP VBD $ CD CD , CC $ CD DT NN .
NNP NNP NNP , DT NN VBD NN .
NNS VBD PRP VBD NNP POS NN TO VB RB CC VB RP RB RB , NN TO CD NN RB VBD IN $ CD CD , CC CD NNS DT NN , PRP VBD DT NN RB .
NNP POS NN NNS VBP NN , DT NN , CC NNP , DT NN .
NNS IN DT NNS VBP VBN VBN IN JJ NN NNS VBG DT NNS IN JJ NN NNS CC JJ NN IN DT JJ NN IN DT NNS .
RB , DT NN POS NN NN , NNP , VBZ VBG RB : IN IN $ CD CD IN DT NN , CC DT NN POS NN IN DT NN VBZ VBN VBN IN NNP POS JJ NN CC NN NNS IN NN , NNS VBD .
NNP NNP , NNP , NNP VBD NN .
IN DT NN IN VBG NNS , NNP NNP NNP POS NN VBD RB JJ NNP , VBG CD NN IN PRP$ NNS VBD VBN IN NN IN DT JJ NN IN PRP$ JJ JJ NN .
DT NN NN NN VBD PRP VBZ DT $ CD CD JJ NN IN DT JJ JJ NN VBD NNP CD .
PRP VBD NNS VBD VBN VBG DT JJ NN IN DT NN .
NN VBZ VBN TO VB `` RB RB '' IN DT $ CD CD VBD DT NN RB .
NNP NNP VBD JJ NN IN $ CD CD , CC CD NNS DT NN , IN DT JJ NN .
`` IN PRP$ JJ NNS VBD JJ NN , PRP$ JJ NN VBD RB IN NNS , '' VBD NNP NNP , NN CC NN NN NN .
DT NN VBD DT NN POS JJ NN VBZ RB JJ , CC NN NNS IN NN VBP VBG JJR NNS .

DT NN VBD NNP NNP POS NN VBD RB VBN TO DT JJ NN .
NNP NNP VBD JJ IN NNP CD IN $ CD DT NN .
PRP VBD $ CD DT NN NNP , TO $ CD , DT JJ NN , IN JJ NN .
PRP$ NN IN DT JJ NN VBD $ CD DT NN .
IN DT JJ NN , DT NN VBD $ CD CD , CC CD NNS DT NN , IN NNS IN $ CD CD .
NNP NNP VBZ DT JJ NN NN , DT JJ NN , PRP$ JJ JJ NNP NNP -LRB- IN NNP NNP -RRB- NNP , IN NN , DT NN .
RB , JJS NNS , VBG VBN VBN TO NN NN IN DT VBN NNP NNP , VBP IN DT NN DT NN NNP NNP POS NNP NNP VBD IN `` NNP IN DT NNP '' : IN DT JJ NN IN NN .
CC NNP NNP POS NNP , PRP$ NN NNP IN DT NN , VBZ NN RB RB .
IN DT JJ , JJ NN , `` PRP VBP '' -LRB- NNP , NN NNS , $ CD -RRB- , PRP VBZ DT JJ NN , PRP RB IN JJ NN CC DT JJ JJ -LRB- JJ NN IN PRP$ NN NN , DT NNP NNP , NN CD -RRB- .
NNP NNP , DT NN CC NN , VBZ DT JJ CC RB CD NN IN NN .
PRP VBZ PRP `` NNP IN DT NNS , DT NN WRB DT NN IN PRP VBP RB VBN IN JJ NN IN NN '' IN DT `` NNP NNP , '' DT NN VBG IN NN CC NN CC NN .

IN NNP NNP DT JJ NN VBD DT NN PRP VBD NN IN DT NNP NNP IN DT JJ NN : `` : CC JJ , JJ NN , VBG DT NN TO NN NNS . .
NN CC JJ CC RB VB , PRP VBZ DT NN DT NN IN NN NN , IN PRP MD VBN JJ CC JJ CC RBR JJ .
JJ NN , IN NNP NNP VBZ PRP IN DT NN , RB VBD RB JJ .
PRP VBD VBN , IN DT JJ CD NNS , IN PRP$ NN , NNP , WP PRP VBZ RB DT NN NN , WP VBZ NN TO VB WRB NNP POS NN VBD RB JJ IN PRP .

PRP VBD JJ CC PRP VBZ VBN PRP IN DT JJ NN , WP VBD RB VB RB IN PRP$ NN POS NN IN DT NNS .

`` IN JJ NN IN NN CC NN , VBP NN IN DT , '' PRP VBZ .
PRP VBD NNS IN PRP$ VBG NNS .
PRP$ NN NNP , WP$ NNS VBD VBN PRP PRP VBD JJ , VBD IN DT JJ NN VBD IN PRP$ NNS POS NN , RB IN PRP VBD DT JJ NN .
PRP$ NN NNP POS NN VBD DT JJ NN : PRP VBD RB VB TO VB DT NN IN DT .
RB PRP VBD RB JJ IN WRB NNS VBD NNP WRB RB PRP VBP NNS VBD VBG .
WRB PRP VBD , PRP$ NN VBD RB : CC VB PRP VB DT VBG CC JJ NN NNS .
PRP VBD DT NN NN , JJ CC JJ , VBG TO PRP$ NNS .
IN NN NN PRP VBZ PRP$ NNP NN , DT NN NN CC NN NN -LRB- WP VBZ NN IN NN IN DT NN NN -RRB- : CC NNP NNP , DT JJ JJ NN WP VBD IN NNP CC VBD DT NN IN NN IN DT NNP NN , IN DT `` NN NN IN DT NN NN . .
PRP VBD IN PRP$ NN RB .
NNP POS NN , DT NN NN , VBG DT NNS IN NN NNS IN DT NN NN , CC NN IN PRP$ JJ NN , `` NN IN NNS . .
DT NN VBZ DT NN IN DT NN , WRB PRP VBZ RBR VBN IN VBG NNS CC JJR IN PRP$ JJ JJ NN .
IN DT JJS NN , RB , EX POS JJ NN IN PRP$ NN , NN NN IN DT NNS IN DT NNP NNP .
NNP NNP RB VBZ IN NNP NNP NNP POS JJS NN , WDT VBZ RB TO DT NNP NNP IN DT NN .
CC PDT DT JJ CC JJ NNS IN `` DT JJ NN '' -LRB- NNP JJ NNP , CD NNS , $ CD -RRB- NN NN 