NN NNS IN DT NNP NNPS CC NNPS NNP VBD NN IN MD VB WRB DT JJ JJ NN NN MD VB NN , VBG DT JJ NN TO DT NN POS NN IN JJ NNS .

DT NN VBZ TO VB DT NNP TO NNP NNS RB , IN DT NN VBZ JJ JJ NN .
`` JJ NN `` NNP POS NN VBZ JJ CC RB , RB RBR RB IN JJ NNP NN , '' VBD NNP NNP NNP -LRB- NNP , NNP -RRB- , DT NN POS JJ NN .
DT JJ NN NN IN DT NNP NN NN VBZ VBG $ CD CD IN NN VBN IN DT RB VBN NNP .
DT NN NN VBD VBN IN DT JJ NN IN NN TO VB DT NN NN IN VBG DT NN NN .
DT $ CD CD MD VB VBN IN NNP NNS , WDT VBP JJR NN NNS .
CC DT NNP RB VBZ `` VBG '' NN TO VB DT JJ NNS IN NNS WDT VBP VBN , IN DT NNS MD VB VBN RB .
DT NN MD VB VBN RP IN DT NNS VBP VBN , VBG DT JJ NN IN DT NN IN $ CD CD , CC $ CD CD VBG NN IN CD NNS .
`` PRP VBZ DT NN WDT RB VBZ TO VB VBN , '' VBD NNP NNP , NN NN IN DT NNP .
DT NN VBZ RB VBD RB $ CD CD VBG CD JJ NNS , CC PRP VBZ JJ TO VB CC VB CD IN DT NN DT NN VBZ .
CD JJ VBG NN , PRP VBD , DT NNP MD VB VBN TO VB JJ NN NNS IN NN MD VB VBN IN VBG DT JJ NNS .
`` PRP MD VB TO VB IN PRP VBP VBN IN DT NNS IN PRP MD VB RB , '' PRP VBD .
DT JJ NN IN DT JJ JJ NN VBZ VBN DT NN .
DT NN VBZ VB DT NNP TO VB IN DT NNP RB TO $ CD CD IN DT NN .
RB , PRP VBZ DT NNP POS JJ NNS MD RB VB $ CD CD , CC DT NN VBZ VBN IN VBG NNS CC JJ NN , CC NN IN PRP DT NN NN IN DT NNS VBP NNP VBZ .
CC NNP VBD RB VB CC VBP RBR JJ NN , VB NNS IN DT NNP POS NN NN , CC NNP NNP NNP -LRB- NNP , NNP . -RRB- VBD DT NNP NNP NNP VBZ VBN PRP IN RB VBG NNP VBD .
`` DT NN NNS TO DT NN IN DT NN IN NNPS CC NNPS , WDT VBZ TO PRP RB IN PRP , '' PRP VBD .
`` NNP NNP VBZ VBG TO VB TO VB DT NN IN JJ NN IN DT NNP IN PRP VBP DT NN IN NN . .
NNP NNPS CC NNPS NNP MD VB DT NN IN DT NN IN NNP .
PRP VBP RB TO VB IN NN NNS .
NNP IN DT NNS IN NNP POS JJ NN NN CC DT NN WDT VBZ VBN , DT JJ JJ NN NNS VBP VBG RP JJ NNS VBG DT JJ NN : VB IN NN , DT NN POS JJ NN .
PRP$ NN VBZ TO VB NNS IN VBG DT NN , IN JJ NNS VBD IN NN IN DT NN IN .
RB NNS IN DT CD NN , JJ NN NNS VBD RP NNS TO JJ NNS .
DT NN RB , PRP VBP VBG RB RBR .
NNP NNP VBN DT JJ NN NN IN CD RB NNP NN CC VBD PRP IN DT NN IN JJ NN .
NNP NNPS VBD JJ NNS IN NNS NN , CC VBD DT JJ NN VBG NN .
NNP NNP NNP NNP IN NN NN VBD RB VBN JJ NN NNS .
PRP VBD VBG PRP IN NN NN POS NNP NNPS NN CC VBD RB TO WRB JJ NN VBD NN .
JJ NN NNS , VBG NNP NNP CC NNP , VBD VBG RP JJ JJ NN NNS .
DT NN NNS VBD DT NN DT JJ NN RB , WRB JJ NNS VBD DT NN NNS CC VBD DT NN IN DT NN .
DT NN , DT NNS VBD JJ .
NNP , IN NN , JJ NNS JJ NNS RB IN NN IN DT NN NN .
WRB DT NN VBD IN PRP$ JJ NN NNP NN , DT NN NN VBD JJ NNS IN DT NNP NNS IN PDT DT NN NNS .
DT NNS VBD NNP POS VBN NN IN DT JJ NN , `` NNP VBZ JJ IN PRP$ NN . .
NNP NNP NN VBZ DT NN , WDT RB VBD VBG IN WDT JJ NNS VBD RB VB RB , VBD RB VB DT JJ NN IN NNS IN DT NN .
`` DT NN IN NN NN VBZ IN DT NN IN PRP MD VB TO PRP , '' PRP VBZ .
`` TO VB DT NN VBZ RB JJ .
PRP MD VB VBN RB JJ TO VB RB IN NNP .
PRP VBD TO VB IN PRP RB IN NN . .
NNP POS NNP NN VBZ DT NN RBR , VBG NNS TO VB IN DT NN CC RB TO VB IN IN NNP .
VBG DT NN `` NN , '' PRP VBZ , `` VBN IN DT NNS IN DT JJ NN , DT NNS VBP TO VB PRP$ NNS VBP VBN TO VB VB PRP IN DT NN POS NN . .
PRP VBZ IN TO VB DT JJ JJ NNP NNS IN NN .
NNP RB VBD JJ TO NN RP RB NNS TO DT CD NN .
RBR DT NN IN DT CD NN , DT NN NN VBD VBG NNS RB , RB VBG PRP$ NN RB RB JJ TO NN DT NN IN DT NN JJ CC VB PRP IN DT NN IN NN .
PRP RB VBD DT NN IN NNP NNP NNP IN WDT NNP MD VB TO VB PRP$ JJ NN .
DT JJ NNP NN , VBD IN NN NN NNP CC NNP NNP , VBZ NNP NNP , CD IN DT NN POS JJS JJ NN NNS , PRP RB JJ .
PRP RB IN DT NN VBD NN , PRP VBZ NNP NNP VBG , `` PRP VBP DT NN RB IN VBG IN DT RB JJ NN : .
PRP VBP TO VB IN DT NN NN VBZ RB DT NN TO VB IN JJ NN . .
DT NN VBD VBN TO VB CD NNS IN NNP JJ NN .
NNP VBD DT RB JJR NN , VBG JJ NNS .
RB , PRP VBD IN RB VBG DT NNS WP VBP PRP$ NN TO VB DT NN IN DT NN .
`` PRP VBP VBG DT JJS NN IN NN MD VB VBZ TO VB DT NN VB RB CC VB NN , WDT RB VBZ DT NNS IN JJ , '' VBZ NNP NNP , NNP POS NN IN NN .

PRP VBZ , `` DT VBZ RB CD NN . .
IN DT NN NN CC IN VBG RP RBR IN CD NNS NN , NN NNS VBD TO RB VB PRP$ NN .
IN NNP NNP , NNS VBD JJ JJ NNS NNP NN CC IN DT NN , RB VBD TO VB NN NN .

DT NN MD VB VBN IN DT NNP NNPS NN , VBG DT NN NN IN NNP POS JJ NN NN , `` NN IN NN . .
CC IN DT NN IN DT NN VBD NN , NNP NNS VBD RB TO VB RB IN DT NN NN .
`` PRP VBP RB VB IN DT JJ NN VBZ TO VB VBN .
DT NN VBZ TO VB PRP RB : PRP VBP VBG DT JJ NN , '' VBZ NNP NNP NNP , NN NN NN IN NN .
RBR DT NN , DT NN NNS VBP RB VBG RBR TO VB JJ NNS IN PRP VBD IN DT NN IN CD .
CC PRP VBZ TO VB VBN IN PRP$ NNS MD VB DT RBR JJ .
NNP CD , IN DT NN IN NNS IN JJS IN DT JJ NN NNS , NNS VBD IN DT NN IN NN .
RB DT NNS MD VB PRP$ JJS TO VB DT NN MD VB DT NN RB .
NN NNS : .
NN NN .
NNP NNP , JJ NN IN NNP NNP , NNP NNP , VBD DT NN IN NN TO VB DT NN NN IN NNP NNP , DT JJ NNP NN .
NNS VBD RB VBN .
NNP NNP , WP VBD PRP$ NNP NNP NN IN NNP , VBZ NN CC NN NN IN NNP .
NNP NNP , DT NN POS NN CC NN NN , MD VB DT NN IN NN .
RB , NNP POS NNP , NNP NNP , NNP , VBD NNP TO VB PRP$ JJ $ CD CD JJ NN NN IN DT NNP , NNP , NN .
DT NN VBD VBN VBN IN NNP NNP , NNP NNP .
NNP NNPS .
NNP NNP NN NN TO NN NN POS JJ `` JJ NN '' NN VBZ IN NN NNS TO VB PRP$ NN TO VB VB DT NN POS NN NN .
DT NN , DT JJS RB IN DT NN , VBZ NNS IN CD JJ NNS CC NN IN DT JJ NN NN NN IN NN .
DT NN MD VB CD NN IN DT JJ NNS IN DT NN IN NNS TO JJ NNS .
PRP VBP WP DT NN IN NNS VBZ , VBP RB PRP .

NN , DT NN IN DT JJ NN , VBZ DT NN NN IN DT NN , CC DT JJ NN NN VBD RP IN DT NNP NNP NNS IN DT NNP NNPS JJ NN .
DT NN WDT VBD NNS IN DT NN IN DT NNP NNP IN DT NNP NNP NNS VBD VBN TO RB CD IN CD NNS IN DT NNP NNP NNP POS , DT NN WDT VBD VBN VBN RB RB IN DT NNP NNP NNPS CC NN NN IN JJ NN POS NN .
NN , RB IN DT NN VBD VBN IN NNP VBZ WP VBD DT VBG RP TO VB .
IN NN CD , IN DT JJ NNP NN IN DT NN IN JJ NN , DT NN IN DT VBG RB VBD VBN IN DT NNP POS NN , NNP NNP .
PRP VBD DT NN NN IN NNP NN IN DT NN VBZ IN NN CD TO VB PRP$ NN POS NN IN NN TO DT JJ NN , WRB PRP VBD .
CC WP IN PRP VBD VBN RB CD NN VBZ IN CD JJ NNS , CC NN IN DT JJ NN IN DT NNP POS NN .
`` IN PRP VBP PRP$ NN , CC VB DT JJ NN , NN MD VB , '' PRP RB VBD .
IN NNP NN , PDT DT JJ IN DT NNS IN NN CC NN VBG RP NNS TO VB DT NN IN NN CC , DT NN , JJ NN .
NNP NNP , DT JJ , JJ NNP JJ NN , VBD CD NNS IN CD IN CD , CD JJR IN PRP MD VBD IN DT NN NN NN IN WDT PRP VBD VBN NN .
DT NN VBD CD CD IN CD , VBG DT `` NN IN DT NN , '' VBD CD IN PRP$ NN POS CD NNS CC VBD CD IN PRP$ NNS IN DT NN NN .
NNP NNP NNP VBD DT NNS TO CD NNS TO VB IN DT NN IN DT JJ NN IN DT NNP NN .
IN PRP VBD DT NN POS NN NN IN PRP$ NNP NNP NN IN DT NN NN , CC CD NNS IN NNP IN DT NNS , VBZ PRP MD VB DT NN IN VBG , CC IN DT NN PRP$ NN NN VBZ VBG , DT MD RB VB DT NN .
DT JJ VBZ IN NNP NNP , DT JJ WP PRP RB VBZ TO VB DT NNS IN DT NN CC CD NNS IN CD NN IN NNP POS NN .
`` DT NN PRP VBP IN EX VBD DT JJR NN IN DT NN IN , '' NNP NNP NN NNP NNP .
PRP VBZ DT NN WP VBZ CD IN DT JJ NNS IN DT NN NN , WDT VBZ IN DT NN IN PRP VBP IN DT NN NN .
DT NN IN DT NN VBZ IN DT NNP POS NN IN NNP NNP POS NNP NNP NN IN CD NNS TO NN IN DT NN NN .
VB PRP TO VB IN RB VBZ IN IN CD IN CD NNS -LRB- CD IN CD -RRB- NN VBD CD NN NNS VBD IN TO VB PRP DT .
DT VBZ RB DT NN TO VB JJ NN .

NN IN DT CD NN VBD NN IN NN IN DT NN VBZ IN NNP CD , CC IN PRP VBD PRP$ NNS CC VB DT NN , PRP VBD RB JJ , IN JJS RB RB IN NN MD VB .
DT JJ NNS RB VBD RP VBG NN VBG DT NNS CC NN IN DT NNS .
`` PRP VBP IN DT NNS NN , CC RB IN PRP VBD NN .
PRP VBP PRP DT .
DT JJ NN NN VBP PRP RB VBZ IN DT NNPS TO VB CD NNS , '' VBD NNP NNP , DT NNP NN , IN DT NN IN NNP POS NN .
NNP RB VBZ DT NN IN DT NN CC NN .
PRP VBP TO VB PRP VBZ DT NN , IN PRP RB VBP IN DT NN IN RB IN NN IN RB , VBG DT NNP POS CC NNS , VBZ RB IN RB JJ .
VB PRP TO VB IN IN DT VBD DT JJ NNP NN NN , CC CD IN DT NNP NNP CC NNP NNPS -LRB- NNP , PRP VBZ JJ -RRB- , PRP MD VB NN NNS IN DT JJ NN TO VB JJ NNS , CC RB DT NN MD VB PRP$ NN .
RB , DT NNP POS VBD PRP DT NN IN NNS TO VB IN .
IN DT JJ NN , IN NNP CC NNP , EX VBD NNP NNP , DT NN , NN NN WP VBD VBN DT NN NNS IN DT NN TO CD NN .
PRP VBD CD NN -LRB- NN IN NN CD -RRB- , VBD DT NN RB IN DT NNP POS JJ JJ NN , CC NN IN PRP$ NN POS JJ NN .
JJ VBZ PRP$ NN IN DT JJ NN NN IN WRB PRP VBD PRP$ JJ NN NN VBP JJ NN , DT NN WP VBD PRP VBD TO VB DT NN IN TO PRP IN NN IN DT NN .
RB PRP$ NN : NNP NNP POS .
DT NNP POS NN IN DT JJ NN VBD NNP NNP , WP VBD DT JJ NN IN DT NN NN .

`` WRB PRP VBP IN DT NN , PRP VBP DT NN RB , '' PRP VBZ .
DT JJ NNS IN DT NN VBD NNP NNP , NNP NNP CC NNP NNP , DT NNS POS NN NN .
PRP VBD IN CD NNS , CD NN NNS CC CD NNS JJ IN IN DT CD NNS IN DT NNP .
PRP VBD DT JJ NN RB , IN NN NN CC NN .
PRP VBZ DT JJ NN IN NNS , RB RB IN NN NN , WDT VBZ DT NNS VBP IN DT NNPS NNS TO VB .
`` PRP VBP IN DT NN IN NNS , '' VBD NNP NNP NN NN NNP NNP IN NN CD .
`` PRP MD RB VB DT JJ NN WP VBZ JJ VBN RB IN DT JJ NN IN DT JJ NN WP VBZ JJ . .
CC DT JJ NN NN RB VBD DT NN IN WRB JJ NNS MD VB TO PRP$ NN .
`` WRB PRP VBZ , PRP RB VBP WRB PRP MD VB PRP RP , '' PRP VBD .
`` DT VBZ NN .
NNP NNP VBD DT CD NN NN IN JJ JJ NN , VBG JJ NN WDT VBD PRP$ JJ NN NNS TO VB .

CC JJ NN VBD RB CD NN TO $ CD DT NN IN $ CD DT NN , IN DT NN VBD PRP$ NN JJ NN .
JJ NNS JJ VBD TO CD CD IN CD CD .
NN VBD CD NN TO $ CD CD IN $ CD CD .
DT NN NN , WDT VBZ JJR IN PDT PRP$ NNS IN DT NNP , RB VBD DT JJ NN IN DT JJR NNP NN MD `` RB VB '' PRP$ JJ NN CC `` VB PRP JJ '' TO RB CD NNS .
PRP VBD NN VBD DT IN DT NNP CC RB , VBG DT JJ NN IN DT NN NNS .
DT NN , RB , VBD NNS IN DT NNP VBD `` JJ NNS '' IN DT JJS NN .
NNS VBP DT NNS IN CD NN TO CD NN , DT JJ NN IN PRP VBG IN JJ NNS VBN IN DT JJ IN NNP POS JJ NNS .
NNP NN TO DT JJ NN IN DT NN NN , NNP , WDT VBZ VBN NN NNS CC JJ NN NN , VBZ RB VBN IN DT JJ CC JJ NNS , `` NNS IN DT NN WDT VBP RB RB VBN JJ , '' VBZ NNP NNP NNP , DT NN IN NNP NNPS NNP .
DT NNS , VBN IN DT JJ NN , MD RB VB DT JJ NN POS NNS , PRP VBD .
IN DT JJ JJ NN , PRP VBD NN IN $ CD CD , CC $ CD DT NN , IN NN IN $ CD CD .
NNP NNP VBD PRP VBD PRP$ JJ NNS IN CD TO $ CD DT NN IN $ CD DT NN .
NN NNS VBD VBN TO $ CD CD IN $ CD CD .
JJ NN , PRP VBD JJ NN IN $ CD CD , CC $ CD DT NN , IN $ CD CD IN NN .
IN DT CD NNS , DT NN POS NNS VBD CD NN TO $ CD CD , CC $ CD DT NN , IN $ CD CD , CC $ CD DT NN .
NNS VBD CD NN TO $ CD CD IN $ CD CD .
NNP NNP NNP NNP NNP JJ NN NN , NN NNS VBD CD NNS TO VB IN $ CD .
VBG PRP$ NNP CD NN `` NNP NNP NNPS NNP NNS POS NN TO NNP , '' PRP VBP JJ IN NNP NNP VBZ RB VB IN TO DT JJ , JJ NNS IN DT JJ JJ NN .
IN DT NNS VBP JJ , RB , WRB NN DT NN TO DT JJ , JJ NNS WP$ NN TO VB IN DT NN VBZ JJ IN JJS .
WRB RB VB DT JJ JJ NNS TO DT JJ NN , CC VBP NNS DT JJ NN IN JJ NN VBN IN WRB JJ NN PRP VBD IN PRP$ NNS IN DT NN .
DT MD VB DT NN IN NN , CC VB DT NN NN VBN RB IN JJ NN , JJ NN CC JJ NN .
RB , MD RB RB VB DT NN .
NNP NNP NNP NNP NNP , NNP .
NNP NNP , DT NNP NNP NNP NNP NN , VBD IN NN IN CD RB , CD CC DT JJ NNS IN DT JJ NNP NN NN NN .
IN NNP CC NNP , NNP NNP NN VBD RB VB DT NN IN NN RB , CC IN PRP VBD VBN IN JJS IN DT NN IN NN .
`` PRP VBD VBZ DT RB JJ IN DT NNPS , '' PRP VBD .
`` PRP VBD VBG RP DT NN : NNP , CD , CD , CD .
NNPS VBP VBG IN JJ NNS TO VB , CC NN VBZ TO VB PRP$ NN RB . .
IN JJ IN NNP POS NNS NNS , PRP VBD DT NN IN VBN RB IN DT JJ NNS .
IN NN , DT NN VBD IN NN NN .
CC IN DT NN VBD IN DT NNP NNP NN NN , DT NN VBD DT NN IN NN .
CC PRP VBD NN IN DT NN NNS IN NNP POS JJ NN .
RBR DT NN IN NNP NNP POS NN JJ NNP , DT NNP NN VBD VBN RB JJ .
CC IN DT NN IN VBG RB RB , DT NNS VBD IN JJ NN IN NNP IN DT NN RB TO WRB JJ DT NN MD VB .
IN DT NN NN RB VBD IN NN IN CD RB , DT NN IN NNP VBD IN .
CC PRP VBD JJ NNS IN NNP .
NNP NNS VBD RP DT JJ IN CD CD NN IN JJ NN : NNP NNP NNS VBD CD NN IN JJ NN .
IN NNP POS NN NN IN NNP NNP , DT JJ NN IN DT NN IN DT JJ NN , NN NN NNS VBD DT NNP NN POS JJ NN : DT NNP NNP NNP CD NNP NNP .
JJ NNS IN DT NNS VBD VBG NNS : JJ NNS , VBG NNS .
RB RB , DT NN VBD DT NN , CD TO CD , IN DT NN VBD IN NN , IN NN NNS , CC CD NN .
`` PRP VBP NN , CC PRP VBP RB VB DT NN , '' VBD NNP NNP , DT JJ , JJ NNP NNP NN WP VBZ DT NN NN .
NNP NNP NN , DT NN IN DT NNP JJ NN , VBD PRP VBD , VBG TO VB NN .
`` DT VBZ RB DT NN IN NN TO VB DT JJ NN IN , '' VBD NNP NNP , WP VBZ VBG IN DT JJ NNS .
`` PRP VBP TO VB DT RB JJ NN . .
NNP VBD JJS IN PRP$ NNS IN DT NN VBG TO VB NNS CC NNS , CC EX VBD RB JJ NNS .
`` PDT DT NN NNS : NNP CC NNP , NNP , NNP : VBP VBG RB RB VB DT NN , '' NNP NNP VBD .
NN RBR , DT NN `` NN '' NN IN NNP CC NNP VBD IN .
IN DT JJ NN IN CD NNS , DT NN JJ TO NNP NNP VBD DT NN NN TO VB DT NN .
IN DT NNS , RB CD NN JJ NNS VBD , CC DT NN VBD VBN DT JJ NNS CC VBD RP IN CD .
`` IN NNP VBD RB VB , VB PRP VB RP DT JJ NN , '' NNP NNP VBD .
PRP VBD CD NNS IN NNP CC VB DT NN TO VB RP IN PRP$ NN JJ NNS POS NN NNS .

CC DT NN VBD DT JJ NN IN DT NN VBN IN NN , CC DT NNS RB VBD TO CD NN .
`` WRB PRP VBP TO VB , PRP VBP IN PRP : PRP VBP VBG PRP$ NNS , '' NNP NNP VBD .
`` PRP VBZ RB JJ . .
PRP RB VBD PRP$ NN IN DT NNP NNS .
IN DT NN , PRP VBD CD NN IN NNP NNP , CC NNP NNP VBD DT NN IN DT NNP NNP NN VBG DT NN IN DT JJ NN NN , WDT VBD VBN VBG NNS IN PRP$ JJ RB IN NNP POS NNP NNP NN NN .

PRP VBP IN IN DT NN IN NN : . .
PRP VBD JJ .
IN NN , DT NNP NN VBD IN JJ NN .
`` PRP VBZ VBG IN DT NN , '' VBD NNP NNP , DT NN NN WP VBD VBG IN DT NNP NNP NNP NNPS NNP .
RB PDT DT JJ NN VBP VBN IN DT JJ NN CC NN NN NN IN NNP NNP NNP RB .
PRP VBD VBN IN JJS NN VBD DT JJS NN NNS IN NN .
IN NN RB , DT NN VBD PRP$ JJ , CD , IN NN NNS .
`` NNP VBD DT NN RB , IN IN JJS CD NN IN PRP MD VB DT NN , WDT PRP MD RB , '' NNP NNP , DT NNP NN , VBD JJ IN DT NN .
`` NNP VBZ RB CD NN CC VBD , NNP VBZ RB CD NN , NNP CD NN .
DT NN VBZ VBN RB RB JJ . .
IN PRP RB : NNP NNP POS JJ NN : NN , NNP NNS CC NNS VBD NNS IN WRB JJ DT JJ NNP NN MD VB .
RBR DT NN IN DT NN NN , NN NN NNP CD CC CD NNS VBD IN DT NNS RB RB IN DT NNP NNP NN VBD : VBG JJR IN CD NNS IN DT JJ JJ NNS .
PRP VBD DT NN VBD IN DT NN .
IN NNP NNP NNS VBD JJ JJ NNPS IN NNP NNP , NNP NN CC NN NNP NNP VBD PRP TO VB IN DT NNP .
NNS RB RB IN NNP NNP NNP CC NNP NNPS NNP TO VB IN NNP .
RB , IN IN CD NNS , DT NNP VBZ VBN .
`` NNP NNP VBZ VBN JJR , '' VBD CD NN IN IN NNP NNP NN , IN DT NNP NNP NNPS NNP NN RB VBD DT NN .
IN NNP NNP VBD , DT NNP NN NN VBD JJ .
NNS VBD IN PRP$ NNS VBD DT NN NN IN NNP NNP .
RB , CD NNS RBR , NNP NNP RB VBD TO DT NN IN DT NN .
`` NNP . NNP . NNP . '' VBD NNP NN NNP NNP , VBG JJR NNP NNS .
`` DT VBZ NN NN . .
IN DT NNP NN VBD , DT VBD IN DT NN IN VBG CC NNS VBD VBN IN PRP .
NNP NNP NN VBD IN NN , PRP$ NN IN DT NN , IN NN , CC IN CD NN .
NNP NNP NNP POS NN -LRB- NN CC NN , NNP CD -RRB- , `` IN PRP VBP DT CD NNS VBG IN PRP , DT JJ NN WDT VBZ CD NN IN DT CD IN VBG RB MD VB JJ IN JJS IN DT NN , '' VBZ DT RB JJ NN IN VBG IN NNS .
VBZ RB PRP RB RB JJ TO VB IN IN PRP VBP DT CD NNS VBG IN PRP , DT JJ NN WDT VBZ CD NN IN DT CD IN VBG RB MD VB JJ IN JJS IN DT NN .
VBP RB VB PDT DT NN , NNP NNP .
NNP .
NNP NNP NNP NNP VBD DT NN WDT MD VB DT NN NN NN TO VB CC VB JJ NNS IN JJ NNP NNS .
DT JJ NN TO VB NNP NNP , NN IN NNP NNPS , VBD JJ NN IN DT NN , VBD NNP CC VBN IN DT NN IN DT NN NN NN .
DT NN VBZ VBN TO VB VBN RP IN DT NNP NNP CC NNP NNP NN , CC DT NN NN IN JJ NN MD VB VBN .
DT NN VBD NN IN DT NNP NN CC DT NN NN IN NN NNP NNP , WP RB VBD PRP$ NN VBN IN NNP NNP , DT NN IN JJ NNS .
RBR DT NN TO NN NNP NNP NNP -LRB- NNP , NNP -RRB- , NNP NNP VBD DT NN IN DT JJ NN TO VB PRP$ NN IN NNP , CC VBD PRP VBD TO DT NN IN DT NN .
NN NN , JJ NN NN , RB VBD DT NN TO VB DT NN POS NN TO DT NN `` IN PRP$ JJ NN . .
NNP NNP VBD RP NNP NNP POS NNS IN DT `` VB IN PRP$ JJ NN VBG . .
PRP RB VBD DT NN IN DT JJ NN VBD RB VBN IN NNP NNP NNP NNP VBD EX VBZ `` NN NN '' IN DT NN POS NN .
NNP NNP CC JJ NN NNS RB VBN IN DT NN VBD RB DT NN TO DT JJ NN NN .
CC PRP VBD DT NNP CC NNP NNS IN NNS TO VB RB TO VB DT NN .
NN CC IN DT NNP CC NNP VBD DT NN IN DT NNP NN IN NNP VBZ RB JJ TO VB NNS TO VB DT NN .
`` PRP VBZ RB IN DT JJ NN CC PRP RB VBP TO VB PRP , '' VBD CD NNP NN .
DT NN VBZ VBN IN VBG DT NN IN DT NN MD VB JJ NN NNS TO VB RP DT NN VBN IN DT JJ NN .
RB , DT NN NN VBZ RB VB RB JJ NN TO VB NNS , CC MD VB DT JJ NN IN VBG DT VBG NN IN DT NN DT NN VBZ JJ .
NNS IN DT NN NN DT NN IN DT NN TO VB NN CC NN TO DT NN NN , CC TO VB DT NN CC NN IN DT NN .
NNP NN , DT NN MD VB DT NNP NNP DT JJ NN NN IN CD NN CC JJR IN DT VBG NN IN DT JJ NNP NN NN MD VB VBN .
PRP RB MD VB DT VBG NN TO VB DT NN NN CC TO VB DT NN JJ TO VBG DT NN IN DT NN .
DT NN MD VB DT NN TO VB DT NN IN JJ NN VBZ RB VBN VBN , CC IN DT NN VBZ JJ TO VB DT NN RB , NN IN DT JJ NN IN NN IN DT NN IN NN IN NNS , CC VB NN TO DT JJ NN .
IN JJR NN VBZ VBN , DT NN MD VB NN TO VB DT NN NN CD NNS .
PDT DT NNS , DT NNS CC NN NNS , VBD NN IN DT NN IN NN TO VB NN IN NN IN IN NN NNS IN DT NN IN JJ , JJ NN .
CC JJ NN NNS VBN , DT NN NNP NNP POS NN IN DT NN IN NN VBD DT NN IN DT NNP NN CC DT NN NN .
NN IN DT JJ NNS VBN IN DT NN VBD IN JJ NNS MD VB VBN IN VBG PRP IN JJR NNS CC VBG JJ NN NNS .
IN DT JJ NN TO DT NN IN NNS IN NNP NNP CC JJ NNPS NN NNS , DT JJ NN VBD NNS IN DT CD NNS MD VB IN PRP NN .
`` PRP MD VB DT JJ NN CC PRP MD VB DT JJ NN , '' VBD NNP NNP , DT NN , WP VBD DT NN TO VB DT JJ NN IN DT NN IN NNS .
`` PRP VBP VBN IN NNS VBP VBN RB IN IN DT , PRP VBP VBN DT NN IN NNS , '' DT NNP NN VBD .
NNP NNPS NN VBZ VBN DT JJ NN NN WDT MD VB VBN DT CD NN NN NN IN DT NN IN DT NN , CC DT NNS .
RB , VBP NN IN NNS VBZ $ CD DT NN , NNP VBD .
RB IN PRP$ JJ NN , DT NN VBZ VBD IN CD NNS CC VBZ VBN TO VB NN IN DT NNS .
IN DT NN NN IN IN $ CD CD , DT NN VBD VBD PRP VBD VBN IN DT JJ NN .
IN DT JJ NN IN NN , NN NNS MD VB VBG $ CD DT NN IN DT NN .
NN IN NNP VBZ IN NNS CC JJ NN NNS VBP DT NNS .
CC IN DT NN POS NNP , NNP , NN , IN CD IN DT NN NNS RB VBP VBG , NNP VBD .
IN NNP NN NNS , NNS MD RB VB NNS TO VB NN NNS .
NNP VBZ VBN TO VB WRB JJ NNS VBP VBG IN PRP$ JJ NN , NNP , NN .
NN NNS MD RB VB VBN IN NN .
NNP NNP NNP , DT JJ NN IN NNP NNP , VBD PRP VBZ TO VB DT NN NN IN DT NN NN NN POS JJ NN .
NNP , DT NN VBD IN DT NNP NNP NN NN NNP NNP , RB VBD PRP VBZ TO VB JJ NNS IN DT NNPS CC NNP NNP VBG DT NN NN TO VB NNP POS NN .
NNP VBZ DT CD NN NN IN NNPS CC VBD DT $ JJ NN IN DT NN IN NNP , CC NNPS NN VBD DT $ CD CD NN JJ .
NNP NNP NN VBD TO VB IN DT NN POS JJ NN .
NNP NNP NNP NNP JJ NN NN , NNP NNS VBD CD NNS TO VB IN $ CD .
NNPS , WDT VBD VBN VBG DT NN IN JJ NNS , VBD DT NN NN IN NNP CC VBD PRP IN DT NN NN .
DT NN POS NN VBZ NNS TO VB IN CD NNS , TO VB RP JJ NN NN NNS CC TO VB PRP$ JJ NNP NN .
IN NN IN DT NN , NNP VBD DT NN TO VB $ CD CD IN PRP$ JJ NN NNS TO VB NNP NNP , DT NN IN NNP POS NNP NNP .
NNP NNP , NNP POS NN , NN CC NN NN NN , VBD DT NN `` VBZ IN DT NN TO VB NNP POS NNS . .
PRP VBD NN POS NN `` JJ CC JJ '' CC VBD DT NN VBZ TO VB IN PRP$ NN .
NNP NNS VBD IN NNP NN IN NN TO NNP POS NNP NNP NNS , CC DT NNS VBD DT JJ NN IN NNP NNP VBD IN DT NN .
JJ NNS VBP JJ NN IN NN NN , IN DT NNP NN .
NNP NNP NNP NNP , WDT VBD IN DT NNP NNP NNS VBD , VBD DT JJS NN IN DT JJ JJ NNS , IN DT NNP NNP VBG CD NN .
NNP NNP , NNS VBD IN JJ NN CC VBD RP RB RB IN CD NN IN VBG RB JJ IN DT NNP NNP VBG TO VB RP RB CD NN .
NNP NNP NNP NNP NNP NNP VBD , `` IN PRP$ NN , DT NN NN MD VB RB RB .
EX MD VB NN CC JJ JJ CC JJ NNS , CC PRP VBP RB VBN IN NNS .
DT NN IN NNP NNP CC DT NNP -LRB- NNP NNP -RRB- VBZ RB JJ . .
NNP , WDT VBZ VBN DT NN IN NN NN IN JJ NNS , RB VBD RB VB .
NNP NNS VBD IN NNP , NNP , NNP , NNP CC NNP .
NNS IN NNP , WRB DT NN NN VBD VBG , RB VBD .
VBG VBZ DT NN IN JJ NN NN .
SYM .
NN IN DT JJS NNS VBD IN DT JJ NN IN NNP POS JJS NN .
NNP NNP NNP IN CD JJ JJ JJ NNS VBD CD NN , DT JJ NN , VBG IN DT NN POS NNS .
DT NN VBD IN NN , RB CD NNS .
IN NN , CD NNS RB IN NNP NNP , DT JJ NN MD VB VBD CD NN , VBG TO DT NN IN DT NN .
NNS MD VB VBN RB RB TO NNP POS NNP NN NN NN IN PRP VBD JJ NNS IN DT NNP NN VBZ VBG CD NN IN PRP$ NN IN DT CD NN CC PRP$ NN .
DT NN , RB , JJ JJ NNS MD VB VBN VBN IN VBG RB RB .
`` PRP RB VBD IN DT JJ NN , '' VBD NNP NNP , DT NN NN IN DT NNP IN NNP POS NNP NN .
PRP VBD PRP VBD NNS TO VB VBN JJ JJ JJ NNS IN PRP VBD IN IN CD NN .
IN DT NN VBD VBN CD NNS RB IN DT NN IN NN NNS , NNP POS JJ JJ NN NN VBD VBN CD NNS TO VB DT JJ NN .
`` DT VBG VBD JJ , '' VBD NNP NNP , DT NN IN NNP NNP .
`` PRP VBD NNS IN DT NN IN JJ NNS MD VB VBN RP TO VB DT NN IN DT NN . .
JJ NNS CC NNS , JJ IN WP VBD DT NN IN IN PRP$ NNS VBG RB JJ NNS , VBD RB JJ IN DT JJ CD NN NN IN NNP NN NNS .
`` NN VBD RB JJ , VBG RB JJ NNS .
DT VBZ WRB NN VBD DT RB JJ IN DT NN IN NN NNS IN JJ JJ NNS , '' VBD NNP NNP , DT JJ NN IN NNP NNP .
DT JJ NNS , VBG NNS , VBD VBG RP JJ NNS JJ NN , CC JJS NNS VBN TO VB WP MD VB IN NNP NNP IN VBG .
CC RB IN NNP NNP VBZ TO VB , NNS RB VBP DT JJS NN TO NN NN MD VB DT JJ NN IN DT NNP NN , WDT RB VBD NN NNS IN NN IN DT NNP VBD VBD IN DT CD NN IN NN IN NNP CD .
DT IN NNP NNP POS NN NNS VBD DT IN DT JJS NNS .
DT CD NN NN IN NNP NNP CC NNP NNP NNP POS CD NN NN VBD RB JJ IN PRP$ JJ NNS , WP$ NNS IN JJ NNS NNS IN NNP MD RB VB IN NN .
NNP NNP JJ NN VBD PRP VBD TO VB CD CD NNS -LRB- $ CD CD -RRB- IN VBG CD CD NNS IN CD VBZ DT .
CC NN POS NN NN NNP POS NN NN IN CD NNS TO CD NNS DT NN , VBG JJ NN IN NNS TO VB TO DT JJ NN IN DT NN NN RB .
NNP .
NN IN DT NN NN IN NN , DT NNP NN NN NN NNS IN PRP$ NNS IN DT NN IN NNP NNP POS JJ NN .
NNP NNP NNP NNP CD NNP NNP VBD RP NN NNS , IN NN , PRP$ NN IN DT NN , IN VBG VBN NN NNS IN NN RB .
PRP VBD JJ NNS JJ IN NNP NNP NNP NNP , NNP NNP NNP NNPS CC NNP NNP NNP NNP WDT VBD DT NN .
NN IN JJ NNS CC VBD IN NNP NNP POS NN , PRP VBD RP NNS IN DT NN .
NN VBD CD CD NNS , JJR IN JJ JJ NNS .
SYM .

NNP NNP NNP NNP VBD RB CD NN IN NN , DT NN IN CD NNS IN NNP .
`` EX VBD DT NN IN DT NN IN NN VBP RB VBN RP , '' VBD NNP NNP , DT NN IN NN JJ NNP NN .
`` WRB NNP NNP VBD RB RB IN DT NN , EX VBD NN VBG IN NNP . .
NNS VBD IN IN DT NN VBN IN NNP NNP VBD VBG RP , NNS WP VBD VBN TO VB NN NNS VBD PRP$ NN IN NN , VBG VBZ RB .
NNP VBD VBN RB IN JJ NNS CC NNS , IN JJ NNS VBG IN DT NNS IN JJ IN DT NN .
WRB NNP NNP VBD , RB , DT JJ NNS VBD DT NN , VBG IN NNS .
NNP NNP CC NNP VBD TO DT NN IN DT JJ NN , IN NNP NNP VBD JJ NN RBR IN VBN , CC NNP NNP NNP NN VBD CD NN .
NNP NNP CC NNP .
NNP NNP , RB VBN , VBD DT $ CD CD JJ NN IN DT NN , VBG DT JJ NNP NN POS NN JJ NN TO VB $ CD CD TO NNS IN NNS IN NNS TO JJ NNS .
DT JJ NN VBD DT NN IN NNP NNP NNP NNP IN DT JJ JJ NNP NNS WDT VBP VBN RB DT PRP$ NN CC JJ NNS TO JJ NNS IN NNS .
DT JJS NN POS NN VBZ $ CD DT NN .
IN DT JJ NN , NNP VBD $ CD CD , CC $ CD DT NN .
NNP NNP NNP , NN IN NNP NNPS NNP , VBD DT NNS `` RB JJ . .
VBG DT $ CD CD NN CC VBG IN DT NNS NNP VBD , NNS VBD RB CD NNS DT NN , NNP NNP VBD .
NNP NNP NNP NNP NNP JJ NN NN , NNP VBD $ CD DT NN TO $ CD .
NN NN NN VBD CD NN IN DT NN TO $ CD CD IN $ CD CD .
DT NN NN IN JJ NNS , WDT NNS VBP TO VB JJR NNS TO NNS , VBD `` RB JJR , '' NNP VBD .
NNP VBD $ CD CD IN NN NNS IN PRP$ NN CC JJ JJ NNS : VBD PRP VBN VBG NN , JJ NN NN MD VB VBN $ CD CD JJR IN DT NN , NNP VBD .
JJ NNS TO NNP RB VBP VBN IN NN , VBG DT NN $ CD CD IN NN NN IN DT JJ NN .
NN IN NNS JJ IN NN VBD CD NN TO $ CD CD , VBG JJR JJ CC JJ NNS CC NNS IN NNS IN NN NNS .
`` DT NNS VBD RB VBN IN JJR NN '' NN , DT NN VBD .
NN NNS VBD CD NN TO $ CD CD .
NNP NNP .
NNP NNP POS JJ NN RBR IN VBD IN DT NN , RB RB IN JJ JJ NN IN DT NN POS NNP NNS .
NNP NNP , NNP , NN VBD NNS VBD TO $ CD CD , CC $ CD DT NN , IN $ CD CD , CC CD NNS DT NN , DT NN RBR .
DT JJS NN VBD DT NN IN $ CD CD , CC CD NNS DT NN , VBD TO DT NN IN DT JJ CD NN IN NNP NNP NNP NNP IN DT JJ NNP NN NNP .
DT JJ NN , RB , VBN IN DT RB JJ NN IN DT NN IN NNP POS NN NNS , RB IN DT JJ .
IN DT JJ NN , JJ NNS VBD TO $ CD CD , CC CD NN IN JJ NNS CC NNS , IN $ CD CD , CC CD NN IN DT JJ NN .
PRP VBD $ CD CD , CC CD NN IN DT JJ JJ NN .
VBN IN DT NN IN DT RBS JJ NN VBZ DT $ CD CD NN , WDT NNP VBD PRP `` VBZ TO VB RB VBN , IN DT NN , RB IN DT JJ NN . .
DT NN IN NN NN VBP JJ NN NN IN CD NN IN NNP POS JJ NNS , RB RB IN DT CD NN NN IN NNS VBG IN DT JJ NN NN .
DT JJR NNS VBN IN NNS RB VBD NN NNP POS JJ NN NN IN DT JJ TO VB NN IN CD NN DT NN RBR .
NNP NNP NNP JJ NN NN , NNP VBD $ CD DT NN , TO $ CD .
NNS VBD VBN IN DT NN VBD .
NNP NNP NNP , VBN IN DT NN IN IN DT JJ JJ NN NNP IN NNP , VBD $ CD CD TO NNP POS JJ NN IN DT JJ NN .
NNP VBD PRP$ JJ NNS VBP CD NN IN NNS IN DT NNP NN IN NNP CD .
NNP VBD DT $ CD CD IN JJ NN IN DT NN TO VB DT NNP NNP NN , CC TO VB JJ JJ JJ NNS TO VB RP PRP$ JJ NN .
JJ NN , DT NN NN VBD PRP VBD DT NNP NNPS CC NNP NNP , NNP , NNP , CC NNP NNP NNPS NNP IN NNP NNP , NNP , IN $ CD CD .
IN DT JJ CD NNS , NNP POS JJ NN VBD CD NN TO $ CD CD , CC $ CD DT NN , IN $ CD CD , CC $ CD DT NN , DT NN RBR .
NNP NNP NNP .
NNP NNP POS NNS VB VBN IN DT JJ NN , CC DT NNP NNP NN NN NN VBD RB JJ TO VB DT CD NN NN IN JJ NN IN IN JJ NN IN JJ NN CC NN NNS .
NN VBD TO $ CD CD , CC $ CD DT NN , IN $ CD CD , CC $ CD DT NN , DT NN RBR .
DT NN VBD DT NN VBD RB IN DT $ CD CD NN IN JJ NN NN , VBG DT CD NN NN IN JJ NN NNS -LRB- RB JJ -RRB- , CC DT CD NN NN IN NN NNS .
DT JJ NNS IN NN VBD DT NN NNS JJ IN NN NNS , WDT VBD VBN TO VB .
IN DT NN , NNP NNP POS JJ NN NN VBD RB CD NN NNS , DT RBR JJ NN IN DT JJ NNS IN NNP , WDT VBP VBN VBG JJR JJ NNS .
NNP NNP NNS VBD IN $ CD , RB CD NNS , IN NNP NNP JJ NN .
DT NNS VBP DT JJ NN NN IN NNS IN NNP NNP , CC DT CD NN NN IN NN .
DT NN NN VBP VBG JJ NN NNS IN DT JJ NNP NN .
NNP NNP VBD DT CD NN NN IN JJ NN NNS IN DT NN , TO $ CD CD IN $ CD CD IN DT JJ NN .
JJ NNS VBD RB TO $ CD CD IN NNP CD , IN $ CD CD DT NN RB .
NNP NNP POS JJ NN VBD RB CD NN , CC $ CD CD , IN PRP VBD TO PRP$ NNS VBP DT NN RB .
NN NN VBD CD NN IN DT NN , RB RB IN DT JJ NN DT NN RBR IN DT NN IN NNP NNP NN NNS .
NN NN VBD RB CD NN IN DT NN .
IN DT CD NNS , NN VBD CD NN TO $ CD CD , CC $ CD DT NN , IN $ CD CD , CC $ CD DT NN , DT NN RBR .
NNP NNP NNP VBD PRP MD RB VB DT NN IN DT JJ NN NN IN NNP NNP NNPS NNP TO VB NNP CC VBZ VBN IN NN IN DT NN .
DT JJ NN , WDT VBZ CD NN IN DT JJ CC VBG NN , VBZ IN $ CD DT NN IN CD CD NNP NNS .
NNP POS JJ NN NN MD VB NNP TO VB DT NN NN IN NNP CD WDT MD VB RP JJ NNS IN DT JJ NN RB JJ TO WP DT JJ NN MD RB VB TO VB IN DT IN NNP .
NNP VBZ VBG NNP TO VB PRP$ NN NN , WDT VBZ DT NN IN NNP NNP CC NNP TO VB PRP$ NN NNS .
NNP VBZ VBN NNP IN PRP MD `` RB NN TO DT NNP NN IN RB JJ CC JJ DT NN RB VBZ PRP . .
NNP NNP NN VBD NNS MD VB VBD IN DT NN IN DT NNP NN IN `` NNS '' JJ NN NN IN CD NNS IN DT JJ NNS .
NNP VBZ `` DT NN TO NN CC DT NN IN JJ NN NN VBZ JJ , '' DT NNP NN VBD .

IN JJ JJ NN , NNP VBD IN $ CD , RB $ CD .
DT NN IN JJ NNS IN NNP NNP VBD IN NNP NNP CC NNP POS $ CD NN IN DT JJ JJ NN NNS NN VBZ `` RB JJ . .

DT NN VBD VBN NNP CD .
NNP JJ NN IN DT NNP NNP NNP NNP , NNP NNS VBD NN IN $ CD , RB CD NNS DT NN .
NNP NNP , NN IN NNP NNP NNP NNP , VBZ VBN DT $ CD , CC $ CD CD , NN NN TO VB DT JJ NNP NNS JJ : NNP NNP VBZ CD NN IN NNP .
NNP VBZ VBN DT NN , WDT VBZ NNP NNP .
DT NN VBZ NNP NNP CC JJ NNS VBN IN NNP : NNP NNP NNP , NNP NNP : DT NNP NNP NNP NNP NNP , NNP , NNP , CC NNP NNP NNP NNPS NNP , NNP .
IN JJ NNS , DT NN POS NN VBD PRP VBZ `` NNS RB TO IN NNP NNP POS NN VBZ DT JJ NNS IN JJ NN . .
DT NN IN NNP NNP VBD PRP VBD RB VBN DT NN POS NN , CC VBD , `` RB NNP NNP VBZ IN PRP$ NNS .
NNP NN VBZ TO VB DT CC DT NNS VBN IN $ CD DT NN .
NNP NNP NNP NNP NNP VBD DT JJ NN NN VBD RP IN DT NN `` JJ NN '' NN VBZ VBN IN NNP POS NNS IN NNS IN JJ NN CC NN VBP DT NN .
NNP NNP VBD DT NNP CC NNP VBP IN NNP CD TO VB DT NN .
IN DT NN VBZ RB VBN IN RB , PRP VBD , DT NNP MD VB DT NN TO VB DT NN NNS TO NNP NN IN NN TO DT NNS VBD IN NNP NN NNS IN NNP CC DT JJ NN .
RB , IN NNP , NNP NNP NNP NNP NNP VBD DT NN NN VBD DT `` NN IN NNP POS NN IN DT NN IN DT NN NNS TO VB CC VB DT JJ NN . .
NN IN DT NN NN IN DT NNP CC JJ NN NNS IN DT NN POS NN , DT NN IN NNP NNP VBD DT NN VBD RB VBN IN DT JJ NN NNS `` VBP JJ . .
NNP NNP NN NN VBN TO VB DT NN NN IN DT NNS VBG IN DT JJ NN NNS .
NNP RB VBD DT NN NN WDT VBD VBN IN NNS VBG IN JJ NN VBD TO VB VBN RB IN NNP NNP IN NN NNS RB TO NN .
DT NN VBD VBN IN DT JJ NN IN NN NNS .
NNP NNP VBD NN IN DT NN NN VBD DT JJ NN NN .

RB , DT JJ NN VBD RP IN DT NNS IN DT JJ NN IN NNPS CC NNP IN NNP VBD IN DT JJ JJ NN NNS VBD NNP NNS .
NNP NNP VBD DT NNP MD RB VB DT NNS IN NNP CD IN NNP NN NNS VBP IN NNS IN DT NN TO VB DT JJ NN POS NN .
PRP VBD DT JJ NNS MD VB VBN IN JJ NNS VBP VBN .
NNP .
TO VB DT NN , JJ NN , WRB NN NNS , TO VB RB VB , TO IN DT JJ NNS RB : PRP VBZ WP PRP VBP .
: NNP NNPS .
.
DT NN WP VBZ DT NN VBD PRP$ NN VBZ MD RB VB VBN IN PRP IN NN MD VB PRP$ NNS .
: NNP NNPS .
NNP NNP VBD PRP VBD DT NN NN RB VBD TO IN DT JJ NNP NN NNP , NN NNS CC JJ NN NNS .
DT NN MD VB DT NN VBG NN TO VB PRP$ NN CC NN NNS IN NNS IN NN CC NN .
NNP NNP , WDT IN CD VBD $ CD CD IN CD NN TO NNP POS NNP IN NNP , NNP , NN MD VB TO VB $ CD CD IN JJ NN IN DT NNP NN NN .
NNP NN IN DT JJ $ CD CD , DT NNP MD VB JJ NNS VBG PRP TO VB CD NN IN NNP POS JJ NN JJ , RB IN DT CD NN NN DT NNP VBD IN NNS IN DT CD NN NN .
NNP NN IN DT $ CD CD PRP VBP VBN , NN NNS MD VB CD CD NNS IN JJ JJ NN CC DT NNS IN DT JJ NNS IN CD NN NNS TO JJ NNS , DT NN NN NN VBD .
RB IN DT NN , NN NNS MD VB CD CD NNS IN JJ NN IN NN IN $ CD CD IN NNS CC NNS IN NN POS NN NN JJ NN MD VB CD NNS IN JJ NN IN DT NN IN VBG PRP VBP , DT NN VBD .
NNP NNP POS JJ NN , NNP NNP , IN DT NNP CD NN IN DT NN POS JJ NNP .
VBD PRP JJ IN DT JJ NN NN DT NN IN NN NNS , IN RB NNP MD VB DT NN IN NN POS JJ NN .
NNP NNP VBD PRP MD VB DT NN NN TO VB RP TO CD CD IN PRP$ JJ NNS CC DT IN PRP$ $ CD CD IN CD CD NN JJ NNS JJ CD IN DT NN IN JJ NN CC JJ NN NNS .
IN NNS IN DT NN , DT NN NNS NN MD VB $ CD NN NN IN CD CD NN VBN VBZ RB CD CC CD NN IN DT JJ NN .
DT NN VBZ DT NN TO VB CD NNP NN IN $ CD DT NN IN DT NN IN DT JJ CD NNS .
NNP RB VBZ CD CD JJ NNS JJ .
NNP RB VBZ VBG $ CD NN NN IN JJ NNS CC CD JJ NNS IN DT $ CD NN NN IN PRP$ JJ NN JJ .
DT NN VBD PRP MD VB DT NNS IN PRP$ NN IN $ CD DT .
DT NN VBZ RB JJ IN DT JJ NN IN NN CC NN VBG VBN .
NNP VBD PRP VBZ VBG DT NN TO VB PRP$ NN CC NN NN NN .
IN PDT DT NNS CC NNS IN CD CD JJ NNS VBP DT NN , NNP MD VB PRP$ NN IN $ CD CD , CC PRP RB MD VB DT $ CD CD NN IN VBG DT JJ NN , VBD NNP NNP NNP , NN .
`` PRP VBP JJ NN NN TO VB IN , '' PRP VBD .
DT NNS VBP VBN TO VB IN NN TO JJ NNP .
NNP NNP CC NNP POS JJ NN VBD CD NN , IN NNP NNPS NNP VBD DT CD NN NN IN NN , CC NNP NNP NNP POS NN VBD , CC MD VB VBN IN DT JJ NN DT NN RB .
IN NNP NNP , JJ NN VBD $ CD CD , CC CD NNS DT NN , RB IN $ CD CD , CC CD NNS DT NN , DT NN RB .
JJ NN VBD $ CD CD , RB CD NN IN $ CD CD .
DT NN POS NN IN NN VBD JJR NN IN NNS IN PRP$ JJ NN : DT NN IN CD NN TO $ CD CD IN JJ NN IN VBG JJ NNS .
NN NN NN VBD CD NN TO $ CD CD IN JJR NN CC JJ NN .
NNP NNP POS NN NN VBD CD NN , RB , TO $ CD CD , IN JJR NN NNS CC NN CC IN JJ NNS IN JJ NNS .
NN VBD IN NN CC NNS VBD CD NN TO $ CD CD .
NN NN NN VBD CD NN TO $ CD CD .
DT NN RB VBD DT NN IN $ CD CD IN DT VBN NNS CC NN IN PRP$ JJ NNP NNP NNP NNP JJ NN .
NNP NNPS VBD JJ IN DT JJ NN VBD NNP CD VBD $ CD CD , CC CD NNS DT NN , IN $ CD CD , CC CD NNS DT NN , IN DT JJ NN .
NNP NN VBD CD NN TO $ CD CD IN $ CD CD .
NN IN NN IN PRP$ JJ NN VBD , DT NNS NN VBD .
NN NN NN VBD CD NN , IN NN NN VBD CD NN IN DT RBR JJ NN .
NNP NNP VBZ DT VBG NN IN NNP , NNP CC NNP , DT NN NN CC NN NN .
NNP NNP NNP NNP NNP JJ NN NN , NNP NNPS NNS VBD IN $ CD , RB CD NNS .
RB , NNP VBD JJ NN IN DT JJ NN IN $ CD CD , CC CD NNS DT NN , VBG DT `` JJ NN '' IN DT NN POS JJ NNS .
JJ NN VBD , CC DT NN VBD PRP VBD RB DT `` JJ NN '' TO JJ NNS .
DT NN RB , JJ IN DT NNP NNP NN NN NN VBD $ CD CD , CC CD NNS DT NN , VBG DT JJ JJ NN IN $ CD CD IN DT NN IN DT NN POS NN IN NNP NNP NNP NNPS NNP .
NN VBD $ CD CD , VBG JJ NN , RB RB IN $ CD CD .
NNP NNP NNP JJ NN NN , NNP VBD IN $ CD , RB CD NNS .
NNP NNP VBD PRP VBD DT NN IN NN NNP NNP TO VB PRP$ NN NN , DT NNP NNP NNP , IN $ CD CD .
NN IN DT NN NN VBZ JJ TO NN IN DT JJ NN , NN IN DT NNS IN PRP CC PRP$ NN NN NNP NNP , CC NN IN NNS .
DT NN NN RB VBZ RB VBN DT NN NN : RB .

CC JJ JJ NNS VBD NN PRP VBD DT NNS IN JJ NN IN NN WDT MD VB JJ NNS .
`` PRP VBP VBG NN RP IN DT JJ , '' VBD CD NN IN DT JJ CD NN .
`` DT VBZ JJ NN , RB VBP DT NN IN DT NN . .
VBN DT NN IN DT JJ NN : `` PRP VBD PDT DT JJ NN IN DT NN VBG TO VB WP MD VB -LRB- NNP -RRB- , CC PRP VBZ VBN RB JJ .
RB , RB IN NN , NN , WP VBZ .
WP VBD NNP VBZ IN JJ NNS VBP RB RB RB VBN TO VB DT NN IN NNS .
DT NN IN NNS CC NNS MD RB VB NNS IN VBG DT NN NN IN VBG .
CC NNS MD VB IN JJR CC JJR NN .
IN DT CD NN , NNS VBD IN PRP MD VB JJ TO VB NN WRB NN NNS VBD .
NNP NNP NNP NNP NNP VBD CD JJ NN NNS : IN DT NNP NNP NN VBZ CD NNS IN DT NN , DT NN MD VB VBG IN CD NN : IN DT NN VBZ CD NNS , DT NN MD VB IN DT JJ CD NNS .
DT NN VBZ IN DT NN IN NN MD VB NNS TO VB PRP$ NNS , JJ NNS CC VB NNS TO VB DT NN IN VBN JJ NN NNS .
PRP VBZ JJ TO VB IN DT NN VBZ JJ .
DT JJ NN IN NN MD RB VB DT VBG NN IN VBG IN PRP .
CC EX VBZ RB DT NN IN VBG JJ NNS MD VB NNS CC VB DT RB RBR JJ NN IN NNS .
WP VBD NNP VBD DT JJS IN DT NNS .
DT NNS NNS VBD PRP$ JJ NN NN NNS CC VBN RP IN RB CD NN IN CD NNS , IN DT NNP CC NNP POS CD NN NN VBD VBN CD NNS , CC IN CD NNS IN DT NNP NNP NN .
NNS NNS VBD VBG IN JJ NNS .
NNP NNP NNP NNP NNP , IN PRP$ JJ NNS , VBD JJ .
IN RB JJ TO VB , NNS , CC RB NN NNS , VBD PDT PRP$ NN IN DT NNP NNP NNP NNP .
IN NN IN DT NN VBD , NNS VBD RB .
VBD DT NNS CC NNS VBZ VBN JJ , JJ NN MD VB VBN VBN CC DT NN , RBS RB , MD VB VBN RBR JJ .
IN NN , IN JJ NN NNS IN DT NN NNS CC NNP , DT NNS NNS VBN .
NNS NN , RB , VBD VBN RB IN NN , IN DT NNS NNS VBD VBD DT JJ CD NNS , WDT VBZ DT JJ NN IN NN NNS .
IN DT NN , DT NNS VBZ RB VBN RB CC RB RBR RB DT NNS TO VB VBN IN DT NNP NNP NNP NNP .
PRP VBZ NN TO VB IN DT NNP NNP NNP NNP , DT NNS NNS CC DT NNS NNS , IN RB JJ , VBP RB VB RB RB JJ RB TO VB CD NN RB .
NNS MD VB PRP$ NNS CC VB PRP$ NNS IN DT NN IN PRP .
PRP RB VBZ DT NN IN DT NN TO VB JJ NN NNS .
TO VB JJ NN CC VB NN NN , CC DT NNS MD VB JJ TO NN CC NN .
JJ NN NNS MD RB VB VBN DT NN IN NNS IN NNP , CC PRP RB MD VB VBN IN NN , CC JJ NNS .
PRP VBZ NN IN DT NNS CC DT NNPS CC NNP NNP TO VB IN JJ NNS IN JJ NN CC VBG RP .
NNP VBZ RB VB CD NN VBN RP IN CD NNS WRB DT NNP VBZ CD NNS CC DT VBN RB IN DT NN IN DT NN NN .
DT NN IN JJ JJ NN NNS IN NN NNS MD VB IN NNS VBP IN NN IN NN NN NNS IN DT NNS .
DT JJ NN NNS , IN PRP VBP TO VB VBN IN DT , MD VB IN NNS CC NNS NN VBP RB JJ IN DT NNP NNP NNP NNP VBZ JJ .
DT NNS MD VB VBN IN NN IN DT NNS IN DT JJ NNS VBG IN DT NN CC IN DT NN IN DT NN JJ NNS .
MD DT NNP CC DT NNS NNS NN NN -LRB- WDT , IN DT NNP , VBZ DT NNP NN NNS -RRB- VB JJ TO VB , DT NN MD VB TO VB VBN IN NN IN DT NNP NN .
IN JJ NNS , PRP$ JJ NNS VBP RB VBN NN TO VB DT NN IN PRP VBD CD NNS RB .
NNP NNP NNP NNP NNP RB VBZ DT NN TO VB DT NN IN RB DT CD NNS DT NN .

-LRB- IN NN , NNS POS NNS RB MD RB VB DT JJ NN IN NN NNS .
VB DT NN IN NN IN DT NNS VBD JJ NNP CC VBD JJ NNP IN IN DT NN IN NN NNS . .
CC DT NN IN VBG NN NN VBZ JJ .
NNP NNP , JJ NN NN IN DT NNP NNP NNP NNP , VBZ DT NN IN NNS IN NNP NNP POS NN NN IN NNP NNP .
DT NN NN VBZ NN NNS CC NNS IN NNP NNS .

NNP NNS VBG TO VB IN NNP VBP `` JJ NN '' IN NNS IN NNS JJ IN NNP NNP , WDT VBP DT JJ JJ NN IN NN NNS , PRP VBZ .
NNP NNP CC NNP NNP NN NNS RB MD RB VB NN NN CC JJ NN , WDT VBZ NNS .
JJ NNS VBP RB VBN JJ TO JJ NNS JJ IN NNP CC NNP , WRB NNS VBP JJ CC NNS VBP JJR : NN IN JJ NN CC NNS MD VB RB , NNP VBZ .

NNP NNP NN VBD RB DT NNP NN POS NN .
RB VBD DT JJ NN , IN DT NN VBG CD NNS IN DT JJ NN NN , NNP , NNP , DT NNP NN NN .
DT NNS VBD NN IN DT NN IN DT NNP CD , CD , NN IN DT NN NN .
IN PRP$ NN IN NN , `` PRP VBD RB VBG DT JJ NN , '' DT NN VBD .

RBR JJ IN DT NN RB , DT NNS VBD , VBD TO DT VB .
DT NN VBD PRP VBD VBN CC VBN IN CD NN CC IN DT JJ VBD PRP$ NN IN DT NN NN .
DT NN VBD DT NN POS NN IN DT NN , RB , VBG DT NN JJ IN NN NN , CC RB JJ IN DT NN WDT VBD IN DT NNS POS NN .
NN NN IN VBG IN DT NN IN NNS .
DT NNP IN NNP NNP NNPS NN VBZ VBG NNS IN NNS WDT VBP RB VB JJ NNS .
PRP RB VBZ JJR NN CC NN NNS , CC VBG NN IN NN , NN CC NNS POS VBG NN NNS .
CC PRP VBZ DT JJ JJ NN NN IN VBG DT `` JJ NN NN , '' IN `` RB JJ '' : PRP VBZ DT NN MD VB DT JJ JJ NN POS `` NN '' NN .
IN DT NN IN NN NNS VBN IN NN JJ NNPS VBP DT `` JJ NN , '' VBG PRP IN NN CC NN .
DT RB VBP VBG NNS , NN NN , NN NN CC JJ NN .
DT VBP JJ NNS .
NNP NNP NNP NNS IN NNS IN VBN NN , JJ JJ NN RB TO $ CD CC JJ CC JJ NN .
NN NN IN NN VBZ JJ IN NNS , VBZ NN NNP NNP IN NNS IN DT CD NNS .

NN CD NN IN NNS WP VBP PRP$ NNS VBP PRP IN NN , CC RB DT NN IN DT WP VBP RB VB VBN VBP PRP VBP JJ IN WRB PRP VBP .
VBG RP DT NN : RB CD NNS IN DT NNP NNP IN NNP CC NNP NNP IN CD NNS JJ NNS , VBN CC NN NNS , VBN NNS , VBD NNS CC NN , CC VBN NNS IN DT NN POS NNP NN .
DT CD NNS RB VBP MD VB DT NN $ CD .
PRP VBP PRP MD VB JJ NN RB IN CD JJ NN , DT NNP IN NNP NNPS NN IN CD NNS IN NN VBG JJ NN VBZ .
IN NN NNS , CD NN NN IN JJ NN VBZ RP IN CD NN : CC CD NN VBP PRP MD VB TO VB NNS , IN VBN , CC MD VB PRP .
NN NNS VBP JJ NN , DT NNP NNP IN NNP NNP VBZ : PRP$ NN IN JJ JJ NNS VBZ CD NN IN JJR IN DT NN NN , CC CD NN IN NN NNS .
RB CD NN VBP VBN IN DT JJ NN , IN CD NN VBD VBN TO VB IN JJ NN .
NN NN NN , CC PRP VBP RB VBN IN NNS .
CC PRP NN IN NNS TO VB DT NN .
DT NN IN NN NNS VBN IN DT NNP NNP NNP NN DT NN IN CD JJ NNS IN CD .
RB CD NN VB IN DT CC DT NNS .
IN CD , JJR NNS VBP NN NN , IN JJ JJ NNS NN , DT NN VBZ .
NNP NNP VBZ RB TO $ CD IN NNS , VBG NNS .
NNP MD RB VB NN NN , CC MD VB DT `` JJ NN '' : PRP VBZ VBN DT NNS DT JJ NN NN WRB NNS VBD IN NN IN NNS VBN IN DT NN NN .
NNP NNP , NNP NNP , NNP CC NNP NNP NNP MD VB DT NN CC VB DT NN NN TO DT JJ NN , CC RB MD RB VB DT NN .
IN CD , NNS NN NN NN NNS , TO VB NN , VBD TO CD NN IN DT DT NN VBN , IN CD NN .
NNP NNP : NNP NNP NNP IN NNP VBZ CD NN IN DT NN VBD DT $ CD NN NN : .
RB , WDT VBZ NN : NN NNS NN NN NNP NNP VBZ NNP NNP NNP NNP IN `` NN NN : CD NN NNS .

WRB PRP VBD DT JJ CC NNS VBD VBD DT JJ NN , NNP NNP NNS VBD NN IN WRB RB DT NN VBD VBN .
PRP VBD DT NN POS NN NNS , NNS , NN CC NNS IN JJ NNS MD RB VB VBN RB .
`` PRP VBD DT VBG NNS IN DT , '' NNP NNP VBD IN DT NN VBD .
`` PDT DT NNS WDT VBP VBN RP TO VB RP DT NN , TO VB NNS VB IN DT NN VBD IN DT JJ NN , VBD RB RB . .
NNS IN DT JJ CD NNS IN JJ NNS IN DT NN VBD VBN IN DT NN POS NN NN IN RB DT NN , NNS VBD .
IN VBG JJ NNS NN , DT NN VBD RB RB IN DT CD JJ NN IN DT NN VBZ VBD PRP MD VB RB IN VBG RP PRP$ NNS IN DT NNP CD NN .
DT JJ NN NNS VBN IN DT NNP NNP CC DT NNP NNP NNP TO VB JJ VBZ IN NN CC NNS NNS VBD RB JJ NN IN DT NNS VBD JJR IN JJS IN DT NN .
IN NNS POS NNS , NNP NNP VBD DT NNS IN DT NNP NNS NN VBD RB VBN IN NNP POS NN TO VB DT NN NN .
IN JJR NN , DT NNP NNP NN VBD , VBD DT `` JJ NN NN '' IN DT NN , WDT VBD DT VBG NN IN `` VBD PRP RP TO DT NN .
NNP NNP NN IN NN IN .
JJ NN NNS , VBN IN DT VBG NN NN , VBP VBG TO VB DT JJ NN NNS .
NNP NNP NNP , WDT VBZ NN NNS , VBZ NN NN IN NN NNS VBD CD NN IN DT JJ NN , IN DT JJ NN NN NN VBD RB , NN .
NNP NN VBZ RP RB RB IN JJR NN IN NN NN NN , NN NN CC JJ NN NN , VBZ DT NN IN DT NN , DT NN IN NNP NNP , DT NN NN NN IN NNP NNP , NNP .
DT NN IN JJR NNS VBZ DT JJS IN DT NN IN NNS .
NNP POS NNP NNP NNP CC NNP POS NNP NNP NNP NNP , WDT VBP VBN , VBP RB VBN IN NN NN NNS .
NNP NNS RB VBP VBG JJR NN IN NNP POS NNP , WDT VBD PRP$ NN NN DT NN CC RB VBD DT NN IN JJ NNS IN NN .
JJ NN IN NNP NNP NNP , DT NN IN NNP NNP , VBZ VBN RB IN JJ NN CC JJ NN NNS IN DT NN NN .
CC DT NN VBZ VBG NNS WDT VBP RB JJ , JJ IN `` NN '' NN , TO VB TO VB JJ NNS .
NNP NNP NNP RB VBZ VBG NN IN NN , WDT MD VB DT NN IN NN NNS .
CC DT NN NN NNS VBP NNS IN VBG NN JJ CC JJ MD VB VBN RB .
NNP NNP NNP NNP NN , RB , VBD DT NN IN DT NN NN JJ NNS IN DT NNS WRB NN VBZ VBN VBN .
PRP VBZ DT NN VBZ VBG IN NNP , NNP , NNP , CC DT JJ JJ NNS .
DT NN NN VBZ NN IN NNS IN NNP NNP NNP MD VB NNP CC NNP CC VB DT JJ NN NN .
CC DT NN VBZ TO VB .
NNP NNP , DT NNP NNP NN , VBZ NNP NNP NNP MD VB DT CD NN NN IN CD NN NN .
`` PRP VBP VBN JJ , '' PRP VBZ , `` CC PRP MD VB TO VB RBR JJ . .
NN NNS VB CD .
JJ PRP VBZ .
NNP NN NNP NNP VBZ VBG DT JJ NN TO NNS WP VBP NN CC VBP JJ NNS .
PRP$ NN : CD NN NNS WDT VBP JJ NNS .
DT JJ NN IN DT NN VBZ DT JJ NN IN DT NN IN DT NN .
DT NNS VBP DT NN NN , DT JJ NN IN NN NNS VBN IN NNP NNP CC VBN IN NN NNS IN JJ JJ NNS .
JJ NNS VBP NNP NNP NNP NNP NNPS , DT NNP , NNP , JJ NN .
PRP$ NN NN VBZ JJ NNS IN `` NN : CD NN IN NNP NNP '' CC `` VBG DT NN TO NNP . .
DT RBR VBP , VBZ NNP NNP , DT NN POS NN , MD `` VB IN DT NN . .
NNPS VBP VBN RP TO VB DT NNS TO VB PRP , CC NNP NNP NNP VBZ VBG DT NN TO VB NN NNS TO NNS .
CC JJ NNS MD VB RB JJ .
`` EX VBZ RB DT NN IN JJ NNS , '' VBZ NNP NNP , NN IN NNP NNP NNP , WDT VBD JJ NN NNS IN NNP NNP NNP .
`` PRP VBZ DT NN IN WRB JJ NN PRP VBP IN DT JJ NN IN NN . .
PRP VBP PRP RBR JJ .
PRP VBZ DT NN WDT VBZ VBG JJ IN DT NN IN RB JJ NN CC NNS .
NNP NNP NNP NNP , DT NN NN VBN IN NNP NNP , VBZ TO VB NN NNS CC VBP RB VBG NNS VBD JJ IN DT NN .
DT NNS MD VB VBN IN NN IN DT NNP NNP NNP NNP NN CC MD VB NNS IN NNP POS NNP NNP CC JJ NN NNS .
CC DT NN VBZ RB VBG DT NNS IN JJ NNS .
IN NN , PRP VBZ JJ NN NN CC VBZ NN IN PRP$ RB JJ NN .
DT VBZ RB VBG NNP CC NNP NNP , NN IN NNP NN NN .
DT NN NN VBD DT NN IN DT NN , VBG DT NN VBZ RB IN DT JJ NN NNS .
NNP NN , NNP NNP VBZ IN PRP$ NN NN VBZ VB NN NN , RB IN PRP VBZ RB VBN IN DT NN IN DT NN NN .
NNP NNP NNP , NNP NNP POS JJ NN NN , VBD DT NN VBZ RB VBG PRP$ NN NN TO VB JJ NNS .
`` PRP$ NN VBZ TO VB DT RBS JJ , '' PRP VBZ .
`` CC PRP VBZ JJ IN PRP VB JJ . .
CC IN DT NN , NNS POS NNS VBP WP MD VB .
NNP NNP VBZ RB VB IN JJ NNS , WDT VBP RB JJ .
CC NNS VB PRP .
VBZ NNP NNP , `` PRP MD RB VB VBN TO VB NNS PRP MD RB PRP VBP IN . .
NNPS CC .
PRP VBZ NN : IN JJS IN DT NN NN .
DT NN IN NNP POS NN NN NN VBZ NN NNS VBD CD NN WRB NNS VBD RB VBN IN NNS RB IN VBN IN DT NN NN : .
WDT NN PRP VBP RBS VBN .
IN DT JJ NN IN DT NN , NNS VBD NNP NNP NN CC NNP NN NN IN NN IN NNS IN NN NNS , VBG TO NNP NNP NNP , NNP NNP .
NNP NNP NNP VBD NNP NNP IN JJ NN : PRP VBD RB IN DT JJ NN .
NNP CC NNP NNP NNP NNP NNP VBZ VBN PRP FW TO VB DT JJ NN NN , NNP NN NNS VBD .
IN PRP VBZ VBN IN NNP NNP CC VBD IN DT NNP , NNP NNP MD VB NNP NNP NNP , WP JJ NNS CC NNS RB IN PRP$ JJ NNS IN DT NN IN NN NNS .
NNP NNP , DT NN IN JJ NN NNS , VBZ JJ NN IN DT NNP NNP IN NN NNP CC NNP NNP .
PRP VBZ RB VBD IN JJ NN NNS IN JJ JJ NN NN .
NNP NNP POS NN VBD PRP MD RB VB IN NNS , CC PRP VBD TO VB DT NN IN PRP .
DT NN NN CC NNP , WDT RB VBD PRP$ NN IN NNP NNP , VBD PRP VBZ CD NNS JJ CC PRP VBD IN DT NN IN NNP NNP NNP IN NNP .
DT JJ NN IN NNP NNS VBZ DT RB JJ NN IN JJ NNS .
RB , NNS JJ IN DT NNP NNP IN NNP NNPS -LRB- NNP -RRB- VBP TO VB NNP NNP IN RBR JJ NN .
NNP NNP , NN NN NN NN , VBZ IN DT NNP VBZ DT JJ NN NN : VBN NN IN NNS IN JJ NNS , JJ NN , CC JJR NN NN NNS : WDT MD VB `` RB JJ '' TO VB `` IN JJ JJ NNS . .
EX VBZ NN JJ IN NN NNS VBG IN JJR NN NN .
CC DT NN VBD VBN IN VBG RP IN DT NN WDT VBD PRP$ NN VBG DT NNP NN NN TO VB RP DT NN NN NN .
IN DT NNS DT NN VBZ VBN DT JJ NN IN DT NN POS NN , VBG IN JJ NNS IN DT NN NN .
RB IN NNS JJ TO , JJ , RB .
`` DT NNP NN VBZ VBN IN JJR IN CD NN IN CD , '' VBZ NNP NNP .
`` PRP VBP VBN JJR IN PRP$ JJ NN .
PRP MD RB VB DT NN IN JJ NNS VBD VBN DT JJ NN . .
CC PRP VBP IN NNS VBZ RB VBN TO DT JJ NN NN : IN DT NNS DT NN VBZ VBN DT NN IN JJ NNS .
PRP RB VBD IN DT JJ NN NN NN VBD IN DT JJ NN CC VBZ RB JJ NN NN NNS .
RB , VBZ CD NNP NN , DT NN VBZ JJ TO JJ NN IN NNS WDT VBP IN JJ NN .
DT NN VBZ VBG DT JJ CC JJ NN , WDT MD RB VB NN IN DT JJ NN IN JJR IN $ CD CD RB .

JJ JJ NNS IN NN NN VBP VBN RB RB IN DT NN , CC RB VBP JJ TO DT NN IN NN NNS CC NNS , RB VBN IN DT JJ NNP NN , CC NNS .
NN NNS , IN DT NNP , IN NN , VBP RB RB .
IN NNP NNP VBZ VBG NNP NN MD VB IN `` DT NN TO DT NN , '' DT JJ NN IN NNS IN JJ NNS IN DT NN CC IN JJ NNS IN NN -LRB- JJ IN NN -RRB- TO DT JJ NN NN MD VB IN DT JJ NN .
RBR JJ , NN NNS VBP IN NNP , DT NN , CC NNP VBP VBN IN JJ NN .
NNP NNP RB VBD $ CD CD IN IN CD : DT NN POS NN IN DT NN , RB PRP$ JJ NN , VBD TO IN $ CD CD .
DT JJ NN VBZ VBN TO VB IN $ CD CD IN DT NN NN NN IN CD TO VB DT NN RB CC DT NN VBD DT JJ $ CD CD IN DT JJ NN RB VBD .
NNP VBD , DT JJ NN RB VBZ JJR IN $ CD CD IN NNS .
IN PRP$ RB VBN NN `` WRB MD NNP NNP JJ . '' DT NN VBZ VB IN `` IN NN , DT JJ NN IN NN PRP MD RB VB VBN IN DT JJ NN . .
PRP VBZ TO DT NN NN IN JJ NN NN , RB VBG CC VBG NNS , WDT VBZ DT NN IN NN RB IN DT NN IN NN CC NN NNS .

DT NN , DT NN IN WP$ NN NNS VB JJR IN CD NNS DT NN , VBZ IN JJ JJ NN NN .
NNP NNP NNP IN DT NNP NNPS NNP : `` PRP VBP IN CD NNS .
DT NNS IN DT NNS , CC IN DT JJ NN PRP VBP TO VB IN NNS IN NNS IN JJ NNS , JJ IN DT NN NN . .
RB , DT NN POS NN IN NN VBZ TO VB PRP$ NN TO NN IN NN .
CD NNS RB WRB DT NN VBN IN DT $ CD CD JJ NN NN , DT NN `` RB VBD RP IN DT NNS POS NN , '' VBZ NNP NNP .
IN NNP NN IN DT NN VBZ : `` NN VBZ RB VBG TO VB DT NN : .
DT JJ NN VBZ TO VB DT NN NN CC NN NNS RB . .
RBR NN IN NNP MD VB DT NN CC VB DT NN : JJR NN TO NNS WDT VBP VBN PRP$ JJ NN NNS MD RB VB PRP IN DT JJ NNS IN PRP$ NNS .
VBZ DT WP VBP NN NNS VBP .
NNP NNP VBZ DT JJ NNP NN .

RBR DT NN TO VB JJ NN TO NNP NNP VBZ IN DT JJ NN , NNP NN NNS VBP JJ TO VB TO VB DT NN IN VBG JJ NNS IN VBG DT NNP POS NN NNP IN NNP .
VBG TO JJ NNS IN NNS , JJS NNP NNS VBP IN NNS MD VB IN DT JJ NN IN CD , CC MD VB DT NN IN DT IN DT NN NN IN NNP , NNP , IN NNP CD CC CD .
DT JJ JJ NN TO VBG DT NNP NN VBZ IN NNP NNP NNP NNP NNP , WP VBZ VBN TO VBG DT JJ NNP NN .
CC DT NN IN VBG DT NN NN VBZ RB VB PRP .
VBG DT NN TO VB NN NNS VBZ DT JJ NN IN PRP , CC MD VB VBN IN DT JJ JJ NN .
NNP NNP NNP NNP VBD TO VB DT NN IN DT NN IN DT NNP NN IN NNP JJ NNP , CC DT NN VBD VBN RB IN NN IN NNP NNP CC NNP NNP NNP NNP NNP .
NN NNS VBD NNP NNP MD RB VB TO VB DT NN IN DT NN TO VB PRP JJ IN NNP NNP VBZ RB VBN TO NNP NN .
DT JJS NN IN DT NNS NNS VBZ PRP IN DT NN NNP NNP NNP VBZ IN DT NN WP VBD VBN RP IN DT NN .

CC RB PRP VBD IN NNP NNP .
DT JJ NN IN DT NN MD VB TO VB VBN JJ NN .

DT NN VBD NNP NN WRB NN VBD IN DT NNP NN VBD VBG .
IN DT NN VBZ TO NN RP DT JJ NN , VBG RP JJR NN , DT NN TO VB NN IN JJ CC JJ NNS VBD DT VBG NN IN NNS IN DT NN IN NN NN NNS VBZ VBG .
NN IN JJ NNS VBN IN DT NN , IN NN : RB DT RB JJ NN IN NN NNS , NNP NNP NNP NN : CC DT NNP NN NNS -LRB- JJ . -RRB- NN IN VBG TO VB DT JJ NN .
IN JJ , JJ JJ NNS VBD VBN IN DT NN VBG NN IN NN NNS , IN JJS JJ NNS VBP PRP RB VBP DT NN IN NNS VBP .
WP RB VBD DT NNS IN NNP NNP , RB , VBD DT JJ NN NN , WDT DT NN , DT NN IN NN NN VBZ PRP RP .
NNP NNP VBZ DT NN RB IN DT NN NNS , RB IN DT JJ NN , IN PRP$ RB JJ NNS IN DT `` NN '' NNS VBP VBN IN DT JJ NN RB IN DT NN IN NN NN .
NNP NNS VBD DT NN RB IN PRP VBD DT JJS NNS .
NNP , WDT VBD DT NN , VBD NNP IN $ CD , RB IN CD NN IN NNP POS NN .
NNP VBD NNP IN $ CD , RB RB CD NN IN NNP POS NN .
-LRB- DT VBD JJ NNS NN . .
NNP VBD CD NN IN NNP : NNP VBD RB CD NN .
DT JJ NN VBZ IN WRB NN NN VBZ VBN VBN , DT NN POS NN NN VBD RB VBN IN NNP .
DT JJ NNS , WRB DT NN MD VB RP DT NN IN NNS PRP VBP NNS IN JJ NN , VBD WRB DT NN VBD VBN .
DT NN IN JJ NN NNS VBZ VBN VBG DT NN IN NNP POS JJ NN IN JJ NNS .
VB VBG JJ NNS IN JJ NN NNS CC NNS , JJ IN NNP NNP , NNP NNPS , CC NNP POS NN NN , VBP VBN DT NN IN DT JJ NN IN JJ NNS .
NNS VBP VBN IN VBG JJ NNS TO VB NN NNS IN NNP NNP CC IN VBG NNP TO VB RB PRP$ JJ NN NN CC NN .
IN DT NN , JJ JJ NNS VBP VBN IN DT NN CC DT JJ NNS VBG TO VB $ CD CD IN NN NNS IN JJ VBP VBG JJ NNS .

IN NN , NNP VBD RB VBN JJ IN DT NNS VBG RP TO DT NN , CC PRP$ NN TO VB IN DT NN NN VBZ DT JJ NN , CC DT JJ NNS MD RB VB PRP IN DT JJ NN NN WDT VBD IN NN IN NNP .
IN PRP VBZ JJ TO VB IN NNS IN JJ NN CC NNS VBD NNP NNP , WP VBP DT NNS IN NN NNS .
IN DT , DT NN NN POS NN TO DT NN IN DT NNP NN MD VB VBN TO VB DT NN NN IN NNS .
VBZ DT DT NN WRB JJ NNS VBP VBG IN NNP POS NN IN NNP NNP .
RB RB .
TO DT NN IN NNP POS NNS VBD DT JJ NN IN DT NNS IN NN , DT NN VBZ IN NNP NNP CC DT JJ NNS VBP RB JJ IN VBG DT JJ NNS CC NNS IN JJ NN .
DT JJ JJ NNS VBP RB RB VBD VBG DT JJ NNS IN NNS CC NNS VB DT JJ NNS IN DT NN NN IN JJ NN NNS CC JJ NNS .
DT JJ NNS IN DT JJ NNS CC DT NN IN NN NN IN JJ NNS VBZ DT NN IN VBG DT JJ NNS VBP .
IN NN NNS VBP JJ , IN NN NN VBD RB JJ , IN DT JJ NN MD VB DT NNS RBR RB CC RB RBR VB NN NNS , CC DT NNS MD VB IN NN NN TO VB JJ NNS .
UH , DT JJR NNS VBD VBN RP IN DT NN , CC PRP VBD DT NN IN DT NN .
RB RB , PRP RB NNS .
DT NNS CC NN NN VBD VBN IN NNP NNP , IN DT VBN NNS IN JJ NNS VBD PRP .
IN PRP VBP IN DT VBN NNS , PRP MD VB IN JJ CC JJ NN IN DT NNS IN DT NN NN VBZ RBR JJ TO VB IN DT NN RBR IN NNP .
IN PRP NN IN DT NNS CC NNS , PRP RB VBP JJR TO VB IN JJ NNS RBR IN NNS , IN DT NNP NNS MD RB VB VBN .
DT NN VBZ , NNP VBZ NNS JJR IN NNS .
IN DT NN NN VBZ RB RB VBN RB RB IN NNP POS NN NN IN NNP NNP VBG JJ JJ NN , JJ NN MD RB VB JJ NN .
DT JJ NN TO VB `` JJ NN '' IN `` JJ NN , '' CC TO VB DT NN IN DT JJ NN , JJ IN DT NNS , VBZ JJ TO VB DT VB IN DT JJ NN IN NN VBZ CD TO NN NNS CC JJ NN IN NN .
RB RB IN NN NNS TO VB IN DT NN IN NNS , NNP CC DT NN , RB IN PRP VBP RB VB RB TO VB .
NNP NNP , JJ NN NN IN DT NNPS CC NNP NNP , VBZ IN DT NN IN NNP POS NNP NNP NNP .
NNP NN NNS VBN NNP NN , IN DT NNP NN IN CD JJ NNS VBG NN NNS TO VB DT NN NN IN NN .
DT NN VBD PRP VBZ , CC CD NN , IN NNP .
IN DT JJ CD NNS IN NNP POS VBG DT NNP NN VBD PRP VBZ , TO VB .
IN CD RB NNP NN , DT NN VBD RP NN NNS , TO VB IN NNS VBD NNP NNP POS JJ NN .
NNP POS NN VBD IN DT RB JJ NN WDT VBD RB VB JJ NN IN JJ NNS .
NNS RB VBD RB JJR IN NNP , RB IN NNP , IN NNP CC DT JJ JJ NNS VBD DT NN IN NNS VBD TO VB IN NNP NNP .
JJ JJ CC JJ NNS VBD JJR NNS IN NNP , CC DT VBG NN VBD JJ IN VBG DT NN NN .
DT NNS VBD IN NNP IN DT NN IN PRP VBD DT RB JJ NN TO NN IN NNP POS JJ NN IN NNP NNP .
CC RB RBR VB DT NN IN JJ NNS , NNP POS JJ JJ NNS VBD TO VB IN DT NNS .
RB , IN DT JJ NN IN NN NN , NNS IN JJ NN NNS VBD PRP VBD RB VBG TO VB NNP CC JJ NNS .
`` PRP VBD RB VB JJ NN , IN PRP$ NN RB VBZ TO VB CC VB , '' VBD DT NN NN IN NN NN NN NNP .
`` PRP MD VB TO VB CC VB IN NN VBZ RB IN NNP CC NNP NNP . .
DT NNS VBD JJ IN JJ NNS MD VB IN TO VB JJ NN IN JJ , CC EX VBD JJ NN IN DT NN IN DT NNP NNP VBD VBG IN DT NNS TO VB RB IN .
CC IN DT NN IN JJ NN , PRP$ NN VBD RB VB VBN .
IN DT NN , DT NNP NN IN CD NNS VBD IN NN , RB CD NNS , CC CD NN .
DT JJR NNP NNP NNP NNP VBD PRP , CC CD NN , TO VB .
DT NN POS NN VBD RB IN NN IN NNS POS NN NNS .
VBG NNS VBD NNS , FW .
CC NN VBD RB IN NN CD NNS , VBN IN CD CD NNP .
DT NN VBD RB JJR , IN DT NNP VBP RB RB CD IN CD NNS .
DT NN NN VBD PRP RB TO VB DT NN IN IN CD IN DT NN IN DT NN NN , CC DT NN VBD IN DT NN , CC DT NN VBD IN DT NN POS NN .
DT JJR NNS IN DT NNP NN POS JJ NN RB VBD PRP$ JJS NN IN DT NN .
NNP NNP NNP NNP NN IN DT JJ NN VBD PRP , CC CD NN , TO VB .
JJ NNS , VBG TO VB DT NN POS JJ NNS , VBP VBN TO DT JJ NNS IN JJ NNS .
JJ NNS CC NNS VBD NN IN DT NNP NN VBD RB VB RBR RB .
CC PRP$ NN VBD VB DT NN TO NNS IN CD NNS RB , IN DT NNP CD JJ NN NN NN .
IN NNP CD , CD : DT NNP IN DT NNP NNP NN : DT NNP NNP NN VBD CD NN , CC NNP VBD IN NNP IN DT CD NN NN .
DT NN , NNP NNP POS NN IN CD NN NNP VBD VBN IN NN POS CD NN NN IN NNP .
CD NNS RB , NNP POS JJS NN VBD DT NN IN NNP NNP POS CD NN JJ NNP NN , WRB DT NNP NN VBD CD NN .
RB , NN NNS NN VBD VBG RB RB TO NNP NNP POS NN .
CC IN NNP NNP NN , DT NNP NNP JJ NN VBD CD TO VB IN NN IN JJ NN IN NN NNS , IN VBG NNS RB VBD VBG NNS IN DT JJ NN .
NNP NNP , DT NN IN NNP NNP NNP CC NNP NNP , VBD NN POS NN `` DT JJ NN '' IN NNP .
`` RB PRP VBP VBG IN DT NN TO VB NN NNS , '' PRP VBD .
`` IN PRP JJ NNS , DT NN IN NN VBZ VBN . .
NN NN , JJ NN IN DT NN NN NN IN NNP NNP CC NNP NNP , RB VBD JJ .
PRP VBD NNP POS NN IN DT NNP IN DT `` JJ '' NN VBG IN NN IN JJ NN CC NN NN .
`` IN EX VBZ DT NN , DT VBZ DT JJS NN TO VB , RB VBD DT NN CD NNS RB , '' PRP VBD .
`` DT NNS WDT VBD VBN NNS IN NNP NN VBD VBN IN JJ NN , CC RB RB IN JJ NNS VBP JJ , EX VBZ RB JJ NN . .
JJ NN NNS VBD RB JJ .
`` PRP VBP DT NNS TO VB PRP$ NN NN IN JJ NNS , '' VBD NNP NNP , NN NN NN IN DT NN NN NN NN IN NNP NNP CC NNP NNP .

IN JJ JJ CC JJ NNS , NNP CC NNP VBD DT JJS NNS , IN DT NNP NNP JJ NN IN NNP VBG CD NN CC NNP POS NN NNS JJ NNP IN CD NN .
NNP NNS VBD JJR IN CD NN IN NNP CC NNP NNP CC CD NN IN NNP NNP .
NNP , NNP , NNP , NNP CC NNP VBD IN RB JJR NNS .
NNS CC NN NNS VBD DT NN POS NNS VBD VBG TO NNP POS NNP NNP VBP RB IN DT NN VBD RB TO JJ NNS JJ IN JJ JJ NNS CC DT JJ NN NN .
`` PRP VBZ JJ NN , '' VBD NNP NNP NNP , DT NN NN IN NNP NNP NNP -LRB- NNP -RRB- NNP IN NNP NNP .
`` NNS IN DT NN VBP RB RB VBN TO VBN NNS , CC PRP$ NNS RB VBP IN JJ NN , CC EX VBZ DT NN IN NNP VBZ RB VBG NNP POS NN . .
JJ NNS VBD NNP CC NNP VBD DT JJS NNS IN PRP VBP RB VB TO JJ NN NNS .
NNP NNP VBZ DT NN POS JJ JJS JJ NN , CC JJ JJ NNS VBP VBN VBG RB IN PRP IN PRP VBD IN NNP IN JJ NN IN NNP .
`` NNP VBD DT NN IN WRB NNS VBP TO VB RP , PRP VBP TO VB WRB DT NN VBZ , '' VBD NNP NNP , DT JJ NN IN NNP NNPS -LRB- NNP NNP -RRB- NNP .
PRP VBD RP IN RB IN NNP POS CD NN NN , DT NNP NNPS NN VBZ RB CD NN DT NN , RB NNS WP VBD RB RB VBD RB RB .
RB , NNP NNP POS JJ NN NN VBD CD NN IN PRP$ CD RB .
NNP NNP NNP , DT NNP NNP NNP VBD PRP TO VB IN PRP .
NNP VBD JJ IN IN CD CD NNS , VBN IN CD CD NNP .
CC DT NN VBD JJ , IN NN TO DT NN POS JJ NN IN DT CD NN .
NNP NNP , DT NN IN NNP NNP NNP NNP NNP NNPS NNP , VBD DT NN RB VBZ RB VB JJ RB CC VBZ JJ .
`` IN NNP NNP VBZ RB NN , PRP VBP RB DT CD NN IN DT NN , RB VBG DT NN IN JJ NN IN IN NNP , '' PRP VBD .
NNP NNP , NNP POS NNP NN NN VBD IN NN , RB CD NN , PRP$ JJS NN IN NNP CD .
CC NN VBD RB TO CD CD NNS IN CD CD NNP .
NNP NNP , DT NN IN NN NN NN , NNP CC NNP NNP , VBD DT NN POS NN IN `` NN '' IN NNS VBD TO VB JJ NNS CC VBD JJ NNS PRP VBD RB VBG DT NN NN VBN IN DT NN .
NNP POS NNP NNP NNP JJ NN , DT RBS RB JJ NN NN , VBD IN PRP$ JJ NN IN NN , IN NN , CC CD NN .
IN PRP$ JJ , RB IN NNP NNP VBD , PRP VBD RP RBR IN CD NNS .
NNP NNP NNPS JJ NN VBD PRP VBZ JJR IN PRP .
NN RBR IN VBD TO CD CD NNS IN CD CD NNP .
NNS IN DT NNP NNP NNP VBD IN JJ NN .
DT NN IN DT JJ NN NN IN NN NNS , CC CD NN , TO NNP VBD DT NNP NN POS NN NN RB .
JJ NNS VBD NNS IN DT JJ NN , VBG DT JJ NNS RB RB JJ IN CD NN .
NNS VBD NNS IN CD NNS RB , WRB JJ JJ NNS VBD RP TO PRP$ NNS IN DT NNP NN IN DT JJ JJ NN VBD TO VB RB IN DT JJ CD NNS .
RB VBP NN NNS IN DT NN POS JJ NN NNS , RB VBN IN NNP NNP NNP NNP NNP , NNP .
TO VB PRP RB JJ , DT NN VBZ VBN IN DT NN IN CD VBG CD .
DT NN NN VBZ RB JJ .
NNP NNP NNP VBZ VBN TO VB VBN RB IN IN PRP VBP DT NN IN PRP$ NN , NN RB MD VB RP IN NNP .
PRP VBP RB VBN IN NNP NNP VBD NNP POS NN , CC RB DT NN POS JJ NNS VBP VBG TO VB DT NNS IN VBN PRP JJ NNP JJ NN .
WP RB VBZ CD TO VB RP DT NN NN NN RB JJ IN JJ JJ JJ NNS CC VBN IN DT NN POS NN NN .
IN VBN IN DT NNS , DT RB VBN NN MD VB RP JJ NNS , VB NN NN NNS IN CD NN , NN JJ JJ NN , NN NNS VBD TO VB DT NN NN , CC VBP DT JJ NN JJ NN VBN IN DT $ CD CD NN TO VB DT NN CC NN PRP VBZ VBZ VBG RB JJ .
DT NN VBZ VBN RB IN DT NN IN DT JJ NN : DT NNP NNP , DT NNP IN NN NNS , DT NNP NNPS NNP NNP , DT NNP NNP NNP CC DT NNP IN DT NNP NNP .
RB , DT JJ NN NN VBZ VBG NN TO VB IN DT NN .
RB RB NNPS CC DT NNPS MD VB IN DT NN VBD .
DT NN VBZ DT NN IN DT NNS IN NNP WDT VBP RB VB DT NN POS NNS .
NNP NN NNS CC NNP NN NNS MD VB TO VB CC VB RP DT JJ NN .
IN JJ NNS , NNP VBZ PRP TO VB NN IN DT NN POS NN NN .
IN JJ DT NN NN POS NN VBZ NN IN JJ NN .
VB DT NN NN .
DT JJ NN MD VB DT NN IN NN NN IN CD NN .
RB IN CD VBZ IN DT JJ NN NN , PRP VBZ JJ IN NNS IN DT JJ NN MD VB DT NN IN WP VBZ VBN IN DT JJ NN .
CC IN JJ NN CC NNS VBP NN TO VB IN DT JJ NN NN , WP VBZ VBG RP .
DT JJ NN TO VB IN DT NNS VBZ IN DT NNS IN WDT DT NNS PRP MD VB .
DT NN RB VBZ DT NN IN NN NNP NNP NNP NNP FW NNP .
PRP VBZ VBG IN NN .
NNP NNP FW NNP VBZ DT NN WP VBD DT NNS IN DT JJ JJ JJ NNS CC VB PRP IN DT JJ JJ NN TO VB VBN IN DT NN IN NN IN NNP CD , CD .
DT VBZ RB DT NN IN DT JJ NN .

CC PRP VBZ NNP NNP NNP NN TO VB IN NN NN NNS .
PRP MD VB DT JJ NN IN PRP$ NN : RB DT NN IN DT NNP NNP NN NN -LRB- IN WDT EX VBP DT NNS -RRB- VBZ JJ .
DT NN VBZ VBG VBN DT JJ NN , CC RB PRP MD VB VBN DT JJ NN .
-LRB- VB JJ NN , NNP NNP NNP , VBZ VBG DT NN NN NN RB , VBG PRP$ JJ NN NN . .
IN PRP VBZ JJ IN DT JJ NN NN MD VB VBN JJ , PRP VBZ IN NN NN IN IN JJ NNP PRP MD VB RB .
DT VBZ DT NN WDT RB VBD DT NNP CD NN NN .
IN DT JJ NN RB VBZ VBN NN , DT NN NN MD VB RB .
DT NN VBZ DT JJ VBG NN JJ NN TO VB NNS CC NN NNS WDT VBP NNS PRP VBZ RB VB .
DT VBZ DT NN CC JJ NNS RB RB MD VB TO VB IN JJ NN IN NN : NNS MD VB DT NN .
NNP NNP FW NNP CC PRP$ NNS MD VB VBG IN DT NN VBZ PDT DT NN CC NN NN IN JJ NNS IN NNP POS NN RB IN RB DT NN IN NN , NN NN MD VB IN PRP$ NN .
IN NN DT NN POS NNS VBP RB RB DT NN NN PRP .
NNP NNP , IN NN , MD VB IN PRP VBZ RB VB TO VB DT NN WP VBD NN IN JJ NN TO DT NN NN IN NNP .
CC DT JJ NNS IN NNP POS JJ CC NN NN MD RB VB TO VB RP IN DT NN MD VB JJ NNS IN DT NN POS JJS JJ NNS IN DT NN IN JJR NN NNS CC JJ NNS .

RB , EX VBD DT NN NN .
RB NN .
NN IN NNS IN JJ NN IN JJ NNS , DT NNP NNP JJ NN VBD NN CC VBN IN DT NN IN NNP POS JJ NN , VBG CD TO CD .
PRP VBD DT NN NN IN DT NN IN CD JJ NNS , IN JJ NNP NNP NNP NNP NN IN NN NNS : DT JJS IN DT NN IN DT CD NN .
IN DT NN VBD NNS WP VBD DT NN NN MD VB NN , PRP VBD RB DT NN NN VBN IN JJ NN IN NN NNS CC NN NNS .
DT JJ NN : VBG NNS IN DT NNP NNP VBD NNS , VBG TO CD , CC DT JJ NN WDT VBZ JJ JJR NNS VBD NNS IN NNP POS JJ NNP NNP NN .
NNP NNP NNP NN VBD RB JJ TO PRP .
RB , IN DT NN IN CD IN DT NN POS JJS JJ NNS , DT NNP NNS POS NN NN , DT JJ NNP NNP NNP NNP , VBD CD TO CD : PRP$ NNS VBP JJ TO DT NN NN IN DT CD NN .
PRP VBD IN NN NNS IN CD NN NNS , NNP CC NNP , WDT DT NN RBR IN CD NN WRB PRP VBD IN VBG NN IN VBG JJ NNP NN .
NNP , DT NN NN IN DT NN IN NNP POS JJ NN NN , VBD CD CD TO CD CD IN RB CD CD NNS .
RB , `` DT VBZ DT JJ NN IN PRP VBZ RB JJ , '' VBD NNP NNP NNP , DT JJ NNP NNP NN IN DT NNP NNP .
`` NN VBD DT RB JJ IN DT JJ NN IN DT NN CC NN IN DT NNP NN TO VB IN IN NN .
PRP VBZ RB DT JJ NN .
PRP VBP RB VB NN RB DT NN NN NN . .
DT NN VBD PRP , IN JJS IN RB , TO DT NN NN IN NNP NNP NNP NNP NNP NNP NNP IN NNP POS NN NN VBD `` DT JJ NN , CC RB DT NN . .
CC TO NNS , PRP VBD IN NN IN DT CD NN JJ NN .
NNP NNP NNP JJ NN VBD RB CD RB IN CD .
CC JJS IN DT CD JJ NNS IN DT NN , VBG NNP NNP CC NNP NNPS , MD RB VB RB IN DT JJ NN IN NN NNS VBD RP IN NNP POS NN NN .
IN NN , NNP CC NNP : CD IN DT RBS JJ NNP NN IN JJ : VBD RB , CD TO CD .
NNP NNP VBD TO DT JJ NN NN , CC TO VB NNS PRP VBD RB IN NNS VBD VBN IN RB DT JJ NN .
JJR NNS VBD IN DT VBG NN NN , IN DT CD NNP NNP JJ NNS IN NN IN VBG DT NN JJ NN TO VB VB NNS IN JJ NN NNS TO VB DT VBG NN .
RB , TO VB NNS JJR , JJ NN NNS VBD IN , NN NNS IN JJR NNS .
EX VBD JJ NN NN , IN NNS VBN JJ NNS IN NN CC VBD JJ NNS TO VB IN DT NN NNS IN DT CD NNS .
DT VBD DT NN IN NNP , WRB NNP CC NNP POS JJ NN NNS VBD VBN IN DT JJ NN TO NNS .
DT NN IN DT NN NN VBD DT NNS IN DT IN DT JJ NN NN NNS MD VB RP IN DT NN VBD .
PRP VBD RB .
NNP NNP VBD PRP$ NN , VBG CD IN DT JJ CD NNS IN NN .
IN NN NNS RB IN NN , NNS VBD RB IN DT NN CC JJ NNS VBP .
RB IN VBG DT NNP RB VBD TO VB , CC WRB PRP VBD RB PRP VBD RB RB RBR IN DT NN NN .
CC DT NN , PRP VBD RB RB DT NN NNS WP VBD JJ .
PDT DT NN VBD VBN NNS TO JJ JJ NNS IN JJ NN NNS CC JJ NN NN NNS VBD VBG NNS RB .
DT NN NNS VBD IN EX , RB , IN NN .

NNP NNP NNP , NN IN DT NNP NNP NNP IN NNP , WDT VBZ $ CD CD IN NNS , VBD DT `` JJ NN PRP VBD VBD TO VB PRP$ NNS '' NN NN .
`` IN DT NN RB IN DT , PRP MD RB VB DT $ CD CD CC VBD PRP RP '' DT NN .
NN IN NNP NNP NNP RB VBD NNS POS NNS .
VBG TO NNP NNP NNS , NNP VBD CD IN DT JJS NN NNS IN NNP : PRP VBD CD IN DT CD NNS WDT MD RB VB NN IN NN .
DT NN VBD JJ IN CD CD , RB CD CD .
CC IN PRP VBD RB CD CD IN NNP , NNP CC NNP VBD IN CC VBD , NNS VBD .
RB , NNP JJ NNP NN VBD : `` PRP MD VB VBN IN NNP VBD CD NN IN DT JJ NN . .
IN NNP NNP , NN NNS VBD VBN IN PRP MD IN JJS NN DT NN NN , IN NN TO NNP POS NN .
IN NNP , NNP CC NNP NNP , NN NN NN NNP NNP VBD : `` PRP VBP DT NN VBD JJ .
PRP VBD JJ .
PRP VBD DT NNS RB .
EX VBD RB DT NN IN NN NN , RB RB CC RB : .

RB , DT NN VBD RB RB VBN IN JJ NN , CC NNS VBD PRP .
CC IN DT JJ NN , DT NNP VBD IN CD NNS IN CD NNS , CC IN VBG DT NN VBD DT NN IN NN .
IN DT NNP NNP NN CC IN VBG NNS , NNS VBP PRP$ NN .
NNP NNP NNP , DT NN IN NNP NNP NNP NNP POS NNP NN : `` PRP VBP PRP , DT NN VBZ JJ . .
IN PRP , NNS IN NNS VBD TO VB DT NN IN NN : PRP$ NN VBD RP NNS IN NNP NN TO VB PRP RP .
IN NNP NNP NNS , DT NN VBD `` VBN PRP$ NNS '' : NN IN NNS RB VBD TO VB JJR NNS IN PRP$ NNS .
`` PRP VBD NN IN DT JJ , '' VBD CD NNP NNP NN .
CC RB NN VBD VBG NN .
DT NN IN DT NNP NNP NNPS NNP , DT NN POS JJ NNS NN , VBD JJ IN DT NN IN NNP CD NN NNS VBD VBN NNP .
JJ NN NNS IN DT NNP CD NN NNS NN VBD JJ NNS NNP , CC WRB DT NN VBD PRP VBD VBN IN JJ NNS .
IN DT NN , NN NNS VBD DT NNP NN NNS TO VB RP IN PRP$ NNS IN DT NN NNP NN .
`` PRP VBD RB VBN , NN , '' VBD CD JJ NNS NN .
DT NNS VBD IN DT RB JJ NNP NN NNP , WP$ CD NNS VBP DT NNP NNS , VBD RB VB NN POS JJ NN .
NNP NNP , DT NN IN JJ NN CC NN , VBD , `` DT NN IN NN CC CD NNS RB '' : `` NNP NNP , '' NNP CD , CD : `` NNS WDT RB VBP VBN DT NN TO VB IN DT NNP NN NN , VB $ CD CD CC VB DT NN VBP VBN .
DT NN -LRB- NNS -RRB- VBD DT NNS VBG CC VBN RB CC VBN RB .
RB WRB DT NN VBD IN DT JJ NN TO VB , PRP VBD IN IN DT NN . .
RB , VBG TO CD NN , DT NN IN NNP NN NN NNS VBG RB IN DT NN VBD JJ TO DT IN NNP NNP .
`` NNS VBD VBG DT NN NN JJR , '' VBD NNP NNP , NN IN JJ NNS NN IN NNP NNPS NNP .
IN DT NNP NNP POS JJ NNS VBN IN DT RB JJ NN NN , PRP$ NN NN VBD RB RBR IN NNP POS NN NN , VBG TO NNS CC NNS WP VBP IN PRP .
PRP VBD VBN IN PRP$ NN TO VB JJ NNS IN DT NNP NN .
CC NN , RB IN NN IN JJ JJ JJ NNS IN NN , `` VBP VBN -LRB- DT NN -RRB- CC PRP VBD RB RB JJ , '' VBD NNP POS NNP NNP , WP VBD VBN JJ IN DT NNS POS NN IN NNP .
VBG TO DT NNP NNP NN , IN JJ NNS VBD JJ , EX VBD JJ NN NN IN RB CD NNS : NNP , NN CC NN NN .
NN VBZ CD IN DT JJS JJ NNS IN DT NNP NN NN .
DT NN IN DT NN VBZ VBN VBN IN DT JJ CD NNS POS NNS .
RB IN DT NNP NNS : JJ IN NNP CD IN NNP POS NN , RB JJ NNS VBP VBN VBN IN IN JJ , NNS , JJ NNS CC NN NN NNS .
CC NN , DT NN VBG NN NN VBD NN NN NN NNS .
IN NN , PRP VBD CD CD TO CD , NNP VBD CD CD TO CD CD CC NNP NNP VBD CD CD TO CD .
IN IN DT NNP CC NNP VBZ , NNS VBD DT JJS NN IN DT NN NN .
NNP NNP VBD DT NNP NNP POS JJS JJ NN , NN , CD TO CD CD IN RB CD CD NNS .
IN JJ JJ NNS , NNP NNP VBD RP , IN CD CD IN CD CD NNS CC NNP NNP CC NNP VBD CD CD TO CD IN RB CD CD NNS .
NNS IN NNP NNP NNPS , WDT VBD NNS NN , VBD IN CD , RB CD , IN VBG IN CD IN NNP POS NN IN DT JJ NN IN CD NNS .
NNS IN CD NN NNS VBD IN PRP VBD NNS .
NNP NNP VBD CD CD TO CD , NNP VBD CD TO CD CD CC NNP NNPS VBD CD TO CD CD .
NNP NNP NNP NNP , DT RB JJ NN , VBD CD TO CD IN RB CD CD NNS .
IN DT NN NN IN DT NN IN NN NN , DT NNP NNP POS NNP NN CC JJ NN NNS VBD DT NN IN PRP$ NNS CC NNS .
NNP NNP VBD DT NN NN NNS VBD RB JJ IN VBG NNP POS NN IN DT NN IN DT NN IN DT JJ NNS IN JJ NNS .
DT CD CD IN DT JJR IN CD CD NNS VBN IN DT JJ CD NNS IN NNP POS NN , WRB DT NN IN NN NNS VBD VBN , VBD PRP , PRP VBD .
NN NNS VBP RP CD NN IN DT NN POS NN IN DT NN NN , CC IN DT NN NNP , PRP VBD `` RB RB NN PRP MD VB VBD DT NN NN , '' NNP NNP VBD .
NNP NNP VBD NN IN DT NN NN NN .
`` RB , DT NN PRP VBP DT NN IN NN , PRP VBZ VBG TO VB NN JJ , VBG PRP , '' PRP VBD .
PRP VBD IN NN NNS VBD NNS IN NNP NNP NNS IN DT NN CC IN `` PDT DT NNS VBD RB , RB RB NN . .
RB , NNP NNP , NNP POS NN IN JJ NN NN , VBD JJ NNS IN DT NNP NN , WP VBD JJ NNS IN DT NNP POS JJS NN NNS NN IN DT NN IN VBG IN JJ NNS .
`` DT NNS MD RB VB VBN IN PRP$ NN , '' NNP NNP VBD IN DT NN .
`` PRP VBD DT NN IN WP VBD IN NNP CD .
PRP VBD PRP$ NN .
PRP VBD RB VB IN DT JJ NN IN VBG DT NN .
RB , PRP VBD IN NN CC VBN IN DT NN , WDT VBD DT NN JJ .
RB PRP VBD IN NN . .
NNP NNP VBD DT NN IN NNS IN NNP POS NN VBD JJ , RB RB IN NNP NNP NNP JJ NNS VBN IN DT NN RB CD VBD VBN CC VBD RB VBN IN DT NN .
`` PRP VBD DT JJ NN , '' NNP NNP VBD RP DT NNS .
NNP NNP NNS IN NNP VBD VBN IN DT NN NNS .
NNP NNP NNP CC NNP NNP VBD TO DT NN .
NNP NNP POS NNP NNP VBD PRP$ JJ NN NNP NNP CC DT NNP NNP IN DT JJ NN TO VB DT NNP NN CC PRP$ JJ NNP NN TO NNP .
NNP NNP NNP VBD DT NNP JJ NNS NN TO VB NN VBZ VBN PRP JJ RB IN PRP TO VB DT NN NN TO `` VB '' DT JJ NN IN DT $ CD CD NN .
NNP NNP NNS NN NN VBD TO VB , IN JJ NNP NNP NNP VBD RP IN PRP$ NN TO VB DT NN VBD DT `` JJ '' NN .
IN NN PRP VBD .
NNP MD RB VB IN NNS IN DT CD NN , JJ CC JJ , IN VBG DT NN NN .
NNP NNP NN VBD DT JJ NN NN IN DT JJ NN NNS IN DT JJ NNP CC IN DT NNS IN CD NNS CC JJR TO NNP CC NNP .
DT NNS MD VB DT IN DT JJ NN IN JJ NN NN , CC VBP DT JJ NN IN DT JJ NN NN IN NNS IN CD NNS CC JJR .
DT NN VBN IN JJR NNS TO NNP CC NNP VBZ TO VB RB DT NN NN IN DT RB JJ NN NN , WDT VBZ VBN PRP RB VBD IN DT NN IN JJ NN IN JJ NNS .
IN DT NN NN , NN NNS RB VBD RB RB DT NNP NN VBG DT JJ NNS .
CC DT NN NN VBD RB VBN TO IN JJ NNS .
IN DT JJ NN , NNS IN DT NNP NNP TO NNP MD VB VBN IN PRP VBP IN DT NN NN , CC DT NN MD VB JJR NNS VBG , IN NN , IN NNP CC IN DT NNP NNP .
IN DT NNP , DT NN VBZ VBN JJ NN IN NNP NNP NNP -LRB- NNP , NNP -RRB- , WP VBZ VBN PRP$ NN IN DT NNP NNPS NN NN TO VB NNS IN DT NN .
DT NN VBZ VBN TO DT JJR IN $ CD CD IN CD NN NN IN NNP NNP POS NN , CC DT JJ NN VBZ VBN IN JJR IN $ CD CD IN NN NNS VBN IN NNS RB RB IN NNS VBN IN JJ NNS , VBG NNP .
IN DT NN , DT NN NN VBZ VBN JJ RB TO WP NN TO VB .
CC DT NN VBZ NN IN DT NN NN IN DT NN IN NN NNS , JJ IN NNP NNP .
NNP NNP NNP NNP VBZ DT JJ NN TO JJ NN NNS IN PRP$ NN IN DT NN , CC DT NNP NNP VBD PRP$ NN IN DT NN TO VB DT NN IN DT JJ NN .
IN DT NN NN VBZ VBN DT RBS JJ NN , DT JJ NN VBD DT NN IN JJ NN IN IN PRP$ NN IN NN NN CC DT RBR JJ , CC RB JJ , VBZ IN NNS .
IN DT JJ NN IN DT NN IN DT NNS NNS , DT NN RB VBD DT NN IN NNS VBN IN NNS IN NNP , NNP CC NNP WP VBD VBN IN DT NN NN IN DT NNP NN .
`` PRP MD VB IN PRP VBP , '' VBD NNP NNP NNP -LRB- NNP , NNP -RRB- , NN IN DT NN NNS .
`` CC IN PRP VBP DT NN , PRP MD VB DT NN . .
IN DT JJ NNP NNP , DT JJ NN VBZ TO VB NN IN NNS CC NN IN JJR IN CD NN IN JJ NN , CC JJ NNS MD VB TO $ CD CD : DT CD NN NN .
DT NNS NN VBZ $ CD CD IN NNP POS JJ JJ NN , CC DT NN IN DT NNS VBD VBG NNS IN JJ NNS VBG JJ NNS IN NNP CC NNP CC DT JJ NNS TO NNP , NNP CC NNP .
NN IN DT NNS : CC , 